12-Nov-2022 19:04:18.870 INFO [main] org.apache.catalina.startup.VersionLoggerListener.log Server version:        Apache Tomcat/8.5.34
12-Nov-2022 19:04:18.870 INFO [main] org.apache.catalina.startup.VersionLoggerListener.log Server built:          Sep 4 2018 22:28:22 UTC
12-Nov-2022 19:04:18.870 INFO [main] org.apache.catalina.startup.VersionLoggerListener.log Server number:         8.5.34.0
12-Nov-2022 19:04:18.870 INFO [main] org.apache.catalina.startup.VersionLoggerListener.log OS Name:               Windows 10
12-Nov-2022 19:04:18.870 INFO [main] org.apache.catalina.startup.VersionLoggerListener.log OS Version:            10.0
12-Nov-2022 19:04:18.870 INFO [main] org.apache.catalina.startup.VersionLoggerListener.log Architecture:          amd64
12-Nov-2022 19:04:18.870 INFO [main] org.apache.catalina.startup.VersionLoggerListener.log Java Home:             C:\Program Files\Java\jdk1.8.0_181\jre
12-Nov-2022 19:04:18.870 INFO [main] org.apache.catalina.startup.VersionLoggerListener.log JVM Version:           1.8.0_181-b13
12-Nov-2022 19:04:18.870 INFO [main] org.apache.catalina.startup.VersionLoggerListener.log JVM Vendor:            Oracle Corporation
12-Nov-2022 19:04:18.870 INFO [main] org.apache.catalina.startup.VersionLoggerListener.log CATALINA_BASE:         D:\apache-tomcat-8.5.34-windows-x64\apache-tomcat-8.5.34
12-Nov-2022 19:04:18.870 INFO [main] org.apache.catalina.startup.VersionLoggerListener.log CATALINA_HOME:         D:\apache-tomcat-8.5.34-windows-x64\apache-tomcat-8.5.34
12-Nov-2022 19:04:18.870 INFO [main] org.apache.catalina.startup.VersionLoggerListener.log Command line argument: -Djava.util.logging.config.file=D:\apache-tomcat-8.5.34-windows-x64\apache-tomcat-8.5.34\conf\logging.properties
12-Nov-2022 19:04:18.870 INFO [main] org.apache.catalina.startup.VersionLoggerListener.log Command line argument: -Djava.util.logging.manager=org.apache.juli.ClassLoaderLogManager
12-Nov-2022 19:04:18.870 INFO [main] org.apache.catalina.startup.VersionLoggerListener.log Command line argument: -Dhttp.nonProxyHosts=localhost|127.0.0.1|DESKTOP-UTRCQSJ
12-Nov-2022 19:04:18.870 INFO [main] org.apache.catalina.startup.VersionLoggerListener.log Command line argument: -Djdk.tls.ephemeralDHKeySize=2048
12-Nov-2022 19:04:18.870 INFO [main] org.apache.catalina.startup.VersionLoggerListener.log Command line argument: -Djava.protocol.handler.pkgs=org.apache.catalina.webresources
12-Nov-2022 19:04:18.870 INFO [main] org.apache.catalina.startup.VersionLoggerListener.log Command line argument: -Dignore.endorsed.dirs=
12-Nov-2022 19:04:18.870 INFO [main] org.apache.catalina.startup.VersionLoggerListener.log Command line argument: -Dcatalina.base=D:\apache-tomcat-8.5.34-windows-x64\apache-tomcat-8.5.34
12-Nov-2022 19:04:18.870 INFO [main] org.apache.catalina.startup.VersionLoggerListener.log Command line argument: -Dcatalina.home=D:\apache-tomcat-8.5.34-windows-x64\apache-tomcat-8.5.34
12-Nov-2022 19:04:18.870 INFO [main] org.apache.catalina.startup.VersionLoggerListener.log Command line argument: -Djava.io.tmpdir=D:\apache-tomcat-8.5.34-windows-x64\apache-tomcat-8.5.34\temp
12-Nov-2022 19:04:18.870 INFO [main] org.apache.catalina.core.AprLifecycleListener.lifecycleEvent Loaded APR based Apache Tomcat Native library [1.2.17] using APR version [1.6.3].
12-Nov-2022 19:04:18.870 INFO [main] org.apache.catalina.core.AprLifecycleListener.lifecycleEvent APR capabilities: IPv6 [true], sendfile [true], accept filters [false], random [true].
12-Nov-2022 19:04:18.870 INFO [main] org.apache.catalina.core.AprLifecycleListener.lifecycleEvent APR/OpenSSL configuration: useAprConnector [false], useOpenSSL [true]
12-Nov-2022 19:04:19.385 INFO [main] org.apache.catalina.core.AprLifecycleListener.initializeSSL OpenSSL successfully initialized [OpenSSL 1.0.2o  27 Mar 2018]
12-Nov-2022 19:04:19.547 INFO [main] org.apache.coyote.AbstractProtocol.init Initializing ProtocolHandler ["http-nio-8081"]
12-Nov-2022 19:04:19.737 INFO [main] org.apache.tomcat.util.net.NioSelectorPool.getSharedSelector Using a shared selector for servlet write/read
12-Nov-2022 19:04:19.745 INFO [main] org.apache.coyote.AbstractProtocol.init Initializing ProtocolHandler ["ajp-nio-8009"]
12-Nov-2022 19:04:19.745 INFO [main] org.apache.tomcat.util.net.NioSelectorPool.getSharedSelector Using a shared selector for servlet write/read
12-Nov-2022 19:04:19.745 INFO [main] org.apache.catalina.startup.Catalina.load Initialization processed in 2010 ms
12-Nov-2022 19:04:19.790 INFO [main] org.apache.catalina.core.StandardService.startInternal Starting service [Catalina]
12-Nov-2022 19:04:19.790 INFO [main] org.apache.catalina.core.StandardEngine.startInternal Starting Servlet Engine: Apache Tomcat/8.5.34
12-Nov-2022 19:04:19.801 INFO [localhost-startStop-1] org.apache.catalina.startup.HostConfig.deployDescriptor Deploying configuration descriptor [D:\apache-tomcat-8.5.34-windows-x64\apache-tomcat-8.5.34\conf\Catalina\localhost\cuoiki1.xml]
12-Nov-2022 19:04:20.473 INFO [localhost-startStop-1] org.apache.jasper.servlet.TldScanner.scanJars At least one JAR was scanned for TLDs yet contained no TLDs. Enable debug logging for this logger for a complete list of JARs that were scanned but no TLDs were found in them. Skipping unneeded JARs during scanning can improve startup time and JSP compilation time.
12-Nov-2022 19:04:20.542 INFO [localhost-startStop-1] org.apache.catalina.startup.HostConfig.deployDescriptor Deployment of configuration descriptor [D:\apache-tomcat-8.5.34-windows-x64\apache-tomcat-8.5.34\conf\Catalina\localhost\cuoiki1.xml] has finished in [741] ms
12-Nov-2022 19:04:20.542 INFO [localhost-startStop-1] org.apache.catalina.startup.HostConfig.deployDirectory Deploying web application directory [D:\apache-tomcat-8.5.34-windows-x64\apache-tomcat-8.5.34\webapps\docs]
12-Nov-2022 19:04:20.558 INFO [localhost-startStop-1] org.apache.catalina.startup.HostConfig.deployDirectory Deployment of web application directory [D:\apache-tomcat-8.5.34-windows-x64\apache-tomcat-8.5.34\webapps\docs] has finished in [16] ms
12-Nov-2022 19:04:20.558 INFO [localhost-startStop-1] org.apache.catalina.startup.HostConfig.deployDirectory Deploying web application directory [D:\apache-tomcat-8.5.34-windows-x64\apache-tomcat-8.5.34\webapps\examples]
12-Nov-2022 19:04:21.174 INFO [localhost-startStop-1] org.apache.catalina.startup.HostConfig.deployDirectory Deployment of web application directory [D:\apache-tomcat-8.5.34-windows-x64\apache-tomcat-8.5.34\webapps\examples] has finished in [616] ms
12-Nov-2022 19:04:21.174 INFO [localhost-startStop-1] org.apache.catalina.startup.HostConfig.deployDirectory Deploying web application directory [D:\apache-tomcat-8.5.34-windows-x64\apache-tomcat-8.5.34\webapps\host-manager]
12-Nov-2022 19:04:21.200 INFO [localhost-startStop-1] org.apache.catalina.startup.HostConfig.deployDirectory Deployment of web application directory [D:\apache-tomcat-8.5.34-windows-x64\apache-tomcat-8.5.34\webapps\host-manager] has finished in [26] ms
12-Nov-2022 19:04:21.200 INFO [localhost-startStop-1] org.apache.catalina.startup.HostConfig.deployDirectory Deploying web application directory [D:\apache-tomcat-8.5.34-windows-x64\apache-tomcat-8.5.34\webapps\manager]
12-Nov-2022 19:04:21.220 INFO [localhost-startStop-1] org.apache.catalina.startup.HostConfig.deployDirectory Deployment of web application directory [D:\apache-tomcat-8.5.34-windows-x64\apache-tomcat-8.5.34\webapps\manager] has finished in [20] ms
12-Nov-2022 19:04:21.220 INFO [localhost-startStop-1] org.apache.catalina.startup.HostConfig.deployDirectory Deploying web application directory [D:\apache-tomcat-8.5.34-windows-x64\apache-tomcat-8.5.34\webapps\ROOT]
12-Nov-2022 19:04:21.237 INFO [localhost-startStop-1] org.apache.catalina.startup.HostConfig.deployDirectory Deployment of web application directory [D:\apache-tomcat-8.5.34-windows-x64\apache-tomcat-8.5.34\webapps\ROOT] has finished in [17] ms
12-Nov-2022 19:04:21.241 INFO [main] org.apache.coyote.AbstractProtocol.start Starting ProtocolHandler ["http-nio-8081"]
12-Nov-2022 19:04:21.247 INFO [main] org.apache.coyote.AbstractProtocol.start Starting ProtocolHandler ["ajp-nio-8009"]
12-Nov-2022 19:04:21.249 INFO [main] org.apache.catalina.startup.Catalina.start Server startup in 1494 ms
12-Nov-2022 19:04:23.433 INFO [http-nio-8081-exec-9] org.apache.catalina.core.StandardContext.reload Reloading Context with name [/cuoiki1] has started
12-Nov-2022 19:04:23.690 INFO [http-nio-8081-exec-9] org.apache.jasper.servlet.TldScanner.scanJars At least one JAR was scanned for TLDs yet contained no TLDs. Enable debug logging for this logger for a complete list of JARs that were scanned but no TLDs were found in them. Skipping unneeded JARs during scanning can improve startup time and JSP compilation time.
12-Nov-2022 19:04:23.704 INFO [http-nio-8081-exec-9] org.apache.catalina.core.StandardContext.reload Reloading Context with name [/cuoiki1] is completed
12-Nov-2022 19:37:06.610 INFO [http-nio-8081-exec-13] org.apache.catalina.core.StandardContext.reload Reloading Context with name [/cuoiki1] has started
12-Nov-2022 19:37:06.655 WARNING [http-nio-8081-exec-13] org.apache.catalina.loader.WebappClassLoaderBase.clearReferencesJdbc The web application [cuoiki1] registered the JDBC driver [com.microsoft.sqlserver.jdbc.SQLServerDriver] but failed to unregister it when the web application was stopped. To prevent a memory leak, the JDBC Driver has been forcibly unregistered.
12-Nov-2022 19:37:07.168 INFO [http-nio-8081-exec-13] org.apache.jasper.servlet.TldScanner.scanJars At least one JAR was scanned for TLDs yet contained no TLDs. Enable debug logging for this logger for a complete list of JARs that were scanned but no TLDs were found in them. Skipping unneeded JARs during scanning can improve startup time and JSP compilation time.
12-Nov-2022 19:37:07.194 INFO [http-nio-8081-exec-13] org.apache.catalina.core.StandardContext.reload Reloading Context with name [/cuoiki1] is completed
12-Nov-2022 19:37:07.215 INFO [http-nio-8081-exec-20] org.apache.catalina.core.StandardContext.reload Reloading Context with name [/cuoiki1] has started
12-Nov-2022 19:37:07.440 INFO [http-nio-8081-exec-20] org.apache.jasper.servlet.TldScanner.scanJars At least one JAR was scanned for TLDs yet contained no TLDs. Enable debug logging for this logger for a complete list of JARs that were scanned but no TLDs were found in them. Skipping unneeded JARs during scanning can improve startup time and JSP compilation time.
12-Nov-2022 19:37:07.476 INFO [http-nio-8081-exec-20] org.apache.catalina.core.StandardContext.reload Reloading Context with name [/cuoiki1] is completed
12-Nov-2022 19:37:46.364 INFO [http-nio-8081-exec-12] org.apache.catalina.core.StandardContext.reload Reloading Context with name [/cuoiki1] has started
12-Nov-2022 19:37:46.556 INFO [http-nio-8081-exec-12] org.apache.jasper.servlet.TldScanner.scanJars At least one JAR was scanned for TLDs yet contained no TLDs. Enable debug logging for this logger for a complete list of JARs that were scanned but no TLDs were found in them. Skipping unneeded JARs during scanning can improve startup time and JSP compilation time.
12-Nov-2022 19:37:46.581 INFO [http-nio-8081-exec-12] org.apache.catalina.core.StandardContext.reload Reloading Context with name [/cuoiki1] is completed
12-Nov-2022 19:40:28.204 INFO [http-nio-8081-exec-11] org.apache.catalina.core.StandardContext.reload Reloading Context with name [/cuoiki1] has started
12-Nov-2022 19:40:28.397 INFO [http-nio-8081-exec-11] org.apache.jasper.servlet.TldScanner.scanJars At least one JAR was scanned for TLDs yet contained no TLDs. Enable debug logging for this logger for a complete list of JARs that were scanned but no TLDs were found in them. Skipping unneeded JARs during scanning can improve startup time and JSP compilation time.
12-Nov-2022 19:40:28.409 INFO [http-nio-8081-exec-11] org.apache.catalina.core.StandardContext.reload Reloading Context with name [/cuoiki1] is completed
12-Nov-2022 19:40:31.087 INFO [http-nio-8081-exec-25] org.apache.catalina.core.StandardContext.reload Reloading Context with name [/cuoiki1] has started
12-Nov-2022 19:40:31.287 INFO [http-nio-8081-exec-25] org.apache.jasper.servlet.TldScanner.scanJars At least one JAR was scanned for TLDs yet contained no TLDs. Enable debug logging for this logger for a complete list of JARs that were scanned but no TLDs were found in them. Skipping unneeded JARs during scanning can improve startup time and JSP compilation time.
12-Nov-2022 19:40:31.307 INFO [http-nio-8081-exec-25] org.apache.catalina.core.StandardContext.reload Reloading Context with name [/cuoiki1] is completed
12-Nov-2022 19:40:43.577 INFO [http-nio-8081-exec-15] org.apache.catalina.core.StandardContext.reload Reloading Context with name [/cuoiki1] has started
12-Nov-2022 19:40:43.766 INFO [http-nio-8081-exec-15] org.apache.jasper.servlet.TldScanner.scanJars At least one JAR was scanned for TLDs yet contained no TLDs. Enable debug logging for this logger for a complete list of JARs that were scanned but no TLDs were found in them. Skipping unneeded JARs during scanning can improve startup time and JSP compilation time.
12-Nov-2022 19:40:43.779 INFO [http-nio-8081-exec-15] org.apache.catalina.core.StandardContext.reload Reloading Context with name [/cuoiki1] is completed
12-Nov-2022 19:42:11.204 INFO [http-nio-8081-exec-20] org.apache.catalina.core.StandardContext.reload Reloading Context with name [/cuoiki1] has started
12-Nov-2022 19:42:11.404 INFO [http-nio-8081-exec-20] org.apache.jasper.servlet.TldScanner.scanJars At least one JAR was scanned for TLDs yet contained no TLDs. Enable debug logging for this logger for a complete list of JARs that were scanned but no TLDs were found in them. Skipping unneeded JARs during scanning can improve startup time and JSP compilation time.
12-Nov-2022 19:42:11.423 INFO [http-nio-8081-exec-20] org.apache.catalina.core.StandardContext.reload Reloading Context with name [/cuoiki1] is completed
12-Nov-2022 19:51:34.760 INFO [http-nio-8081-exec-38] org.apache.catalina.core.StandardContext.reload Reloading Context with name [/cuoiki1] has started
12-Nov-2022 19:51:34.764 WARNING [http-nio-8081-exec-38] org.apache.catalina.loader.WebappClassLoaderBase.clearReferencesJdbc The web application [cuoiki1] registered the JDBC driver [com.microsoft.sqlserver.jdbc.SQLServerDriver] but failed to unregister it when the web application was stopped. To prevent a memory leak, the JDBC Driver has been forcibly unregistered.
12-Nov-2022 19:51:34.920 INFO [http-nio-8081-exec-38] org.apache.jasper.servlet.TldScanner.scanJars At least one JAR was scanned for TLDs yet contained no TLDs. Enable debug logging for this logger for a complete list of JARs that were scanned but no TLDs were found in them. Skipping unneeded JARs during scanning can improve startup time and JSP compilation time.
12-Nov-2022 19:51:34.936 INFO [http-nio-8081-exec-38] org.apache.catalina.core.StandardContext.reload Reloading Context with name [/cuoiki1] is completed
12-Nov-2022 19:54:44.537 INFO [http-nio-8081-exec-42] org.apache.catalina.core.StandardContext.reload Reloading Context with name [/cuoiki1] has started
12-Nov-2022 19:54:44.540 WARNING [http-nio-8081-exec-42] org.apache.catalina.loader.WebappClassLoaderBase.clearReferencesJdbc The web application [cuoiki1] registered the JDBC driver [com.microsoft.sqlserver.jdbc.SQLServerDriver] but failed to unregister it when the web application was stopped. To prevent a memory leak, the JDBC Driver has been forcibly unregistered.
12-Nov-2022 19:54:44.824 INFO [http-nio-8081-exec-42] org.apache.jasper.servlet.TldScanner.scanJars At least one JAR was scanned for TLDs yet contained no TLDs. Enable debug logging for this logger for a complete list of JARs that were scanned but no TLDs were found in them. Skipping unneeded JARs during scanning can improve startup time and JSP compilation time.
12-Nov-2022 19:54:44.841 INFO [102] org.apache.catalina.core.StandardContext.reload Reloading Context with name [/cuoiki1] is completed
12-Nov-2022 19:55:08.617 INFO [http-nio-8081-exec-46] org.apache.catalina.core.StandardContext.reload Reloading Context with name [/cuoiki1] has started
12-Nov-2022 19:55:08.805 INFO [http-nio-8081-exec-46] org.apache.jasper.servlet.TldScanner.scanJars At least one JAR was scanned for TLDs yet contained no TLDs. Enable debug logging for this logger for a complete list of JARs that were scanned but no TLDs were found in them. Skipping unneeded JARs during scanning can improve startup time and JSP compilation time.
12-Nov-2022 19:55:08.821 INFO [http-nio-8081-exec-46] org.apache.catalina.core.StandardContext.reload Reloading Context with name [/cuoiki1] is completed
12-Nov-2022 19:55:17.988 INFO [http-nio-8081-exec-49] org.apache.catalina.core.StandardContext.reload Reloading Context with name [/cuoiki1] has started
12-Nov-2022 19:55:18.193 INFO [http-nio-8081-exec-49] org.apache.jasper.servlet.TldScanner.scanJars At least one JAR was scanned for TLDs yet contained no TLDs. Enable debug logging for this logger for a complete list of JARs that were scanned but no TLDs were found in them. Skipping unneeded JARs during scanning can improve startup time and JSP compilation time.
12-Nov-2022 19:55:18.204 INFO [http-nio-8081-exec-49] org.apache.catalina.core.StandardContext.reload Reloading Context with name [/cuoiki1] is completed
12-Nov-2022 19:57:25.927 INFO [http-nio-8081-exec-45] org.apache.catalina.core.StandardContext.reload Reloading Context with name [/cuoiki1] has started
12-Nov-2022 19:57:26.114 INFO [http-nio-8081-exec-45] org.apache.jasper.servlet.TldScanner.scanJars At least one JAR was scanned for TLDs yet contained no TLDs. Enable debug logging for this logger for a complete list of JARs that were scanned but no TLDs were found in them. Skipping unneeded JARs during scanning can improve startup time and JSP compilation time.
12-Nov-2022 19:57:26.130 INFO [http-nio-8081-exec-45] org.apache.catalina.core.StandardContext.reload Reloading Context with name [/cuoiki1] is completed
12-Nov-2022 19:57:39.956 INFO [http-nio-8081-exec-51] org.apache.catalina.core.StandardContext.reload Reloading Context with name [/cuoiki1] has started
12-Nov-2022 19:57:40.147 INFO [http-nio-8081-exec-51] org.apache.jasper.servlet.TldScanner.scanJars At least one JAR was scanned for TLDs yet contained no TLDs. Enable debug logging for this logger for a complete list of JARs that were scanned but no TLDs were found in them. Skipping unneeded JARs during scanning can improve startup time and JSP compilation time.
12-Nov-2022 19:57:40.159 INFO [http-nio-8081-exec-51] org.apache.catalina.core.StandardContext.reload Reloading Context with name [/cuoiki1] is completed
12-Nov-2022 19:58:36.116 INFO [http-nio-8081-exec-45] org.apache.catalina.core.StandardContext.reload Reloading Context with name [/cuoiki1] has started
12-Nov-2022 19:58:36.317 INFO [http-nio-8081-exec-45] org.apache.jasper.servlet.TldScanner.scanJars At least one JAR was scanned for TLDs yet contained no TLDs. Enable debug logging for this logger for a complete list of JARs that were scanned but no TLDs were found in them. Skipping unneeded JARs during scanning can improve startup time and JSP compilation time.
12-Nov-2022 19:58:36.337 INFO [http-nio-8081-exec-45] org.apache.catalina.core.StandardContext.reload Reloading Context with name [/cuoiki1] is completed
12-Nov-2022 19:58:48.256 INFO [http-nio-8081-exec-51] org.apache.catalina.core.StandardContext.reload Reloading Context with name [/cuoiki1] has started
12-Nov-2022 19:58:48.484 INFO [http-nio-8081-exec-51] org.apache.jasper.servlet.TldScanner.scanJars At least one JAR was scanned for TLDs yet contained no TLDs. Enable debug logging for this logger for a complete list of JARs that were scanned but no TLDs were found in them. Skipping unneeded JARs during scanning can improve startup time and JSP compilation time.
12-Nov-2022 19:58:48.496 INFO [http-nio-8081-exec-51] org.apache.catalina.core.StandardContext.reload Reloading Context with name [/cuoiki1] is completed
12-Nov-2022 20:00:07.523 INFO [http-nio-8081-exec-66] org.apache.catalina.core.StandardContext.reload Reloading Context with name [/cuoiki1] has started
12-Nov-2022 20:00:07.539 WARNING [http-nio-8081-exec-66] org.apache.catalina.loader.WebappClassLoaderBase.clearReferencesJdbc The web application [cuoiki1] registered the JDBC driver [com.microsoft.sqlserver.jdbc.SQLServerDriver] but failed to unregister it when the web application was stopped. To prevent a memory leak, the JDBC Driver has been forcibly unregistered.
12-Nov-2022 20:00:07.738 INFO [http-nio-8081-exec-66] org.apache.jasper.servlet.TldScanner.scanJars At least one JAR was scanned for TLDs yet contained no TLDs. Enable debug logging for this logger for a complete list of JARs that were scanned but no TLDs were found in them. Skipping unneeded JARs during scanning can improve startup time and JSP compilation time.
12-Nov-2022 20:00:07.769 INFO [http-nio-8081-exec-66] org.apache.catalina.core.StandardContext.reload Reloading Context with name [/cuoiki1] is completed
12-Nov-2022 20:00:53.499 INFO [http-nio-8081-exec-69] org.apache.catalina.core.StandardContext.reload Reloading Context with name [/cuoiki1] has started
12-Nov-2022 20:00:53.501 WARNING [http-nio-8081-exec-69] org.apache.catalina.loader.WebappClassLoaderBase.clearReferencesJdbc The web application [cuoiki1] registered the JDBC driver [com.microsoft.sqlserver.jdbc.SQLServerDriver] but failed to unregister it when the web application was stopped. To prevent a memory leak, the JDBC Driver has been forcibly unregistered.
12-Nov-2022 20:00:53.677 INFO [http-nio-8081-exec-69] org.apache.jasper.servlet.TldScanner.scanJars At least one JAR was scanned for TLDs yet contained no TLDs. Enable debug logging for this logger for a complete list of JARs that were scanned but no TLDs were found in them. Skipping unneeded JARs during scanning can improve startup time and JSP compilation time.
12-Nov-2022 20:00:53.692 INFO [http-nio-8081-exec-69] org.apache.catalina.core.StandardContext.reload Reloading Context with name [/cuoiki1] is completed
12-Nov-2022 20:01:01.006 INFO [http-nio-8081-exec-64] org.apache.catalina.core.StandardContext.reload Reloading Context with name [/cuoiki1] has started
12-Nov-2022 20:01:01.009 WARNING [http-nio-8081-exec-64] org.apache.catalina.loader.WebappClassLoaderBase.clearReferencesJdbc The web application [cuoiki1] registered the JDBC driver [com.microsoft.sqlserver.jdbc.SQLServerDriver] but failed to unregister it when the web application was stopped. To prevent a memory leak, the JDBC Driver has been forcibly unregistered.
12-Nov-2022 20:01:01.189 INFO [http-nio-8081-exec-64] org.apache.jasper.servlet.TldScanner.scanJars At least one JAR was scanned for TLDs yet contained no TLDs. Enable debug logging for this logger for a complete list of JARs that were scanned but no TLDs were found in them. Skipping unneeded JARs during scanning can improve startup time and JSP compilation time.
12-Nov-2022 20:01:01.194 INFO [http-nio-8081-exec-64] org.apache.catalina.core.StandardContext.reload Reloading Context with name [/cuoiki1] is completed
12-Nov-2022 20:02:00.128 INFO [http-nio-8081-exec-77] org.apache.catalina.core.StandardContext.reload Reloading Context with name [/cuoiki1] has started
12-Nov-2022 20:02:00.137 WARNING [http-nio-8081-exec-77] org.apache.catalina.loader.WebappClassLoaderBase.clearReferencesJdbc The web application [cuoiki1] registered the JDBC driver [com.microsoft.sqlserver.jdbc.SQLServerDriver] but failed to unregister it when the web application was stopped. To prevent a memory leak, the JDBC Driver has been forcibly unregistered.
12-Nov-2022 20:02:00.323 INFO [http-nio-8081-exec-77] org.apache.jasper.servlet.TldScanner.scanJars At least one JAR was scanned for TLDs yet contained no TLDs. Enable debug logging for this logger for a complete list of JARs that were scanned but no TLDs were found in them. Skipping unneeded JARs during scanning can improve startup time and JSP compilation time.
12-Nov-2022 20:02:00.341 INFO [http-nio-8081-exec-77] org.apache.catalina.core.StandardContext.reload Reloading Context with name [/cuoiki1] is completed
12-Nov-2022 20:02:25.916 INFO [http-nio-8081-exec-86] org.apache.catalina.core.StandardContext.reload Reloading Context with name [/cuoiki1] has started
12-Nov-2022 20:02:25.916 WARNING [http-nio-8081-exec-86] org.apache.catalina.loader.WebappClassLoaderBase.clearReferencesJdbc The web application [cuoiki1] registered the JDBC driver [com.microsoft.sqlserver.jdbc.SQLServerDriver] but failed to unregister it when the web application was stopped. To prevent a memory leak, the JDBC Driver has been forcibly unregistered.
12-Nov-2022 20:02:26.077 INFO [http-nio-8081-exec-86] org.apache.jasper.servlet.TldScanner.scanJars At least one JAR was scanned for TLDs yet contained no TLDs. Enable debug logging for this logger for a complete list of JARs that were scanned but no TLDs were found in them. Skipping unneeded JARs during scanning can improve startup time and JSP compilation time.
12-Nov-2022 20:02:26.093 INFO [http-nio-8081-exec-86] org.apache.catalina.core.StandardContext.reload Reloading Context with name [/cuoiki1] is completed
12-Nov-2022 20:19:51.390 INFO [http-nio-8081-exec-98] org.apache.catalina.core.StandardContext.reload Reloading Context with name [/cuoiki1] has started
12-Nov-2022 20:19:51.395 WARNING [http-nio-8081-exec-98] org.apache.catalina.loader.WebappClassLoaderBase.clearReferencesJdbc The web application [cuoiki1] registered the JDBC driver [com.microsoft.sqlserver.jdbc.SQLServerDriver] but failed to unregister it when the web application was stopped. To prevent a memory leak, the JDBC Driver has been forcibly unregistered.
12-Nov-2022 20:19:51.686 INFO [http-nio-8081-exec-98] org.apache.jasper.servlet.TldScanner.scanJars At least one JAR was scanned for TLDs yet contained no TLDs. Enable debug logging for this logger for a complete list of JARs that were scanned but no TLDs were found in them. Skipping unneeded JARs during scanning can improve startup time and JSP compilation time.
12-Nov-2022 20:19:51.716 INFO [http-nio-8081-exec-98] org.apache.catalina.core.StandardContext.reload Reloading Context with name [/cuoiki1] is completed
12-Nov-2022 20:20:22.901 INFO [http-nio-8081-exec-97] org.apache.catalina.core.StandardContext.reload Reloading Context with name [/cuoiki1] has started
12-Nov-2022 20:20:23.104 INFO [http-nio-8081-exec-97] org.apache.jasper.servlet.TldScanner.scanJars At least one JAR was scanned for TLDs yet contained no TLDs. Enable debug logging for this logger for a complete list of JARs that were scanned but no TLDs were found in them. Skipping unneeded JARs during scanning can improve startup time and JSP compilation time.
12-Nov-2022 20:20:23.121 INFO [http-nio-8081-exec-97] org.apache.catalina.core.StandardContext.reload Reloading Context with name [/cuoiki1] is completed
12-Nov-2022 20:20:38.886 INFO [http-nio-8081-exec-99] org.apache.catalina.core.StandardContext.reload Reloading Context with name [/cuoiki1] has started
12-Nov-2022 20:20:39.074 INFO [http-nio-8081-exec-99] org.apache.jasper.servlet.TldScanner.scanJars At least one JAR was scanned for TLDs yet contained no TLDs. Enable debug logging for this logger for a complete list of JARs that were scanned but no TLDs were found in them. Skipping unneeded JARs during scanning can improve startup time and JSP compilation time.
12-Nov-2022 20:20:39.090 INFO [http-nio-8081-exec-99] org.apache.catalina.core.StandardContext.reload Reloading Context with name [/cuoiki1] is completed
12-Nov-2022 20:21:12.849 INFO [http-nio-8081-exec-101] org.apache.catalina.core.StandardContext.reload Reloading Context with name [/cuoiki1] has started
12-Nov-2022 20:21:13.037 INFO [http-nio-8081-exec-101] org.apache.jasper.servlet.TldScanner.scanJars At least one JAR was scanned for TLDs yet contained no TLDs. Enable debug logging for this logger for a complete list of JARs that were scanned but no TLDs were found in them. Skipping unneeded JARs during scanning can improve startup time and JSP compilation time.
12-Nov-2022 20:21:13.053 INFO [http-nio-8081-exec-101] org.apache.catalina.core.StandardContext.reload Reloading Context with name [/cuoiki1] is completed
12-Nov-2022 20:21:49.464 INFO [http-nio-8081-exec-102] org.apache.catalina.core.StandardContext.reload Reloading Context with name [/cuoiki1] has started
12-Nov-2022 20:21:49.621 INFO [http-nio-8081-exec-102] org.apache.jasper.servlet.TldScanner.scanJars At least one JAR was scanned for TLDs yet contained no TLDs. Enable debug logging for this logger for a complete list of JARs that were scanned but no TLDs were found in them. Skipping unneeded JARs during scanning can improve startup time and JSP compilation time.
12-Nov-2022 20:21:49.636 INFO [http-nio-8081-exec-102] org.apache.catalina.core.StandardContext.reload Reloading Context with name [/cuoiki1] is completed
12-Nov-2022 20:22:01.973 INFO [http-nio-8081-exec-94] org.apache.catalina.core.StandardContext.reload Reloading Context with name [/cuoiki1] has started
12-Nov-2022 20:22:02.208 INFO [http-nio-8081-exec-94] org.apache.jasper.servlet.TldScanner.scanJars At least one JAR was scanned for TLDs yet contained no TLDs. Enable debug logging for this logger for a complete list of JARs that were scanned but no TLDs were found in them. Skipping unneeded JARs during scanning can improve startup time and JSP compilation time.
12-Nov-2022 20:22:02.224 INFO [http-nio-8081-exec-94] org.apache.catalina.core.StandardContext.reload Reloading Context with name [/cuoiki1] is completed
12-Nov-2022 20:23:01.577 INFO [http-nio-8081-exec-102] org.apache.catalina.core.StandardContext.reload Reloading Context with name [/cuoiki1] has started
12-Nov-2022 20:23:01.750 INFO [http-nio-8081-exec-102] org.apache.jasper.servlet.TldScanner.scanJars At least one JAR was scanned for TLDs yet contained no TLDs. Enable debug logging for this logger for a complete list of JARs that were scanned but no TLDs were found in them. Skipping unneeded JARs during scanning can improve startup time and JSP compilation time.
12-Nov-2022 20:23:01.766 INFO [http-nio-8081-exec-102] org.apache.catalina.core.StandardContext.reload Reloading Context with name [/cuoiki1] is completed
12-Nov-2022 20:23:42.646 INFO [http-nio-8081-exec-107] org.apache.catalina.core.StandardContext.reload Reloading Context with name [/cuoiki1] has started
12-Nov-2022 20:23:42.833 INFO [http-nio-8081-exec-107] org.apache.jasper.servlet.TldScanner.scanJars At least one JAR was scanned for TLDs yet contained no TLDs. Enable debug logging for this logger for a complete list of JARs that were scanned but no TLDs were found in them. Skipping unneeded JARs during scanning can improve startup time and JSP compilation time.
12-Nov-2022 20:23:42.849 INFO [http-nio-8081-exec-107] org.apache.catalina.core.StandardContext.reload Reloading Context with name [/cuoiki1] is completed
12-Nov-2022 20:30:37.703 INFO [http-nio-8081-exec-111] org.apache.catalina.core.StandardContext.reload Reloading Context with name [/cuoiki1] has started
12-Nov-2022 20:30:37.703 WARNING [http-nio-8081-exec-111] org.apache.catalina.loader.WebappClassLoaderBase.clearReferencesJdbc The web application [cuoiki1] registered the JDBC driver [com.microsoft.sqlserver.jdbc.SQLServerDriver] but failed to unregister it when the web application was stopped. To prevent a memory leak, the JDBC Driver has been forcibly unregistered.
12-Nov-2022 20:30:37.908 INFO [http-nio-8081-exec-111] org.apache.jasper.servlet.TldScanner.scanJars At least one JAR was scanned for TLDs yet contained no TLDs. Enable debug logging for this logger for a complete list of JARs that were scanned but no TLDs were found in them. Skipping unneeded JARs during scanning can improve startup time and JSP compilation time.
12-Nov-2022 20:30:37.924 INFO [http-nio-8081-exec-111] org.apache.catalina.core.StandardContext.reload Reloading Context with name [/cuoiki1] is completed
12-Nov-2022 21:39:34.667 INFO [http-nio-8081-exec-124] org.apache.catalina.core.StandardContext.reload Reloading Context with name [/cuoiki1] has started
12-Nov-2022 21:39:34.667 WARNING [http-nio-8081-exec-124] org.apache.catalina.loader.WebappClassLoaderBase.clearReferencesJdbc The web application [cuoiki1] registered the JDBC driver [com.microsoft.sqlserver.jdbc.SQLServerDriver] but failed to unregister it when the web application was stopped. To prevent a memory leak, the JDBC Driver has been forcibly unregistered.
12-Nov-2022 21:39:35.062 INFO [http-nio-8081-exec-124] org.apache.jasper.servlet.TldScanner.scanJars At least one JAR was scanned for TLDs yet contained no TLDs. Enable debug logging for this logger for a complete list of JARs that were scanned but no TLDs were found in them. Skipping unneeded JARs during scanning can improve startup time and JSP compilation time.
12-Nov-2022 21:39:35.081 INFO [http-nio-8081-exec-124] org.apache.catalina.core.StandardContext.reload Reloading Context with name [/cuoiki1] is completed
12-Nov-2022 21:40:51.993 INFO [http-nio-8081-exec-135] org.apache.catalina.core.StandardContext.reload Reloading Context with name [/cuoiki1] has started
12-Nov-2022 21:40:51.993 WARNING [http-nio-8081-exec-135] org.apache.catalina.loader.WebappClassLoaderBase.clearReferencesJdbc The web application [cuoiki1] registered the JDBC driver [com.microsoft.sqlserver.jdbc.SQLServerDriver] but failed to unregister it when the web application was stopped. To prevent a memory leak, the JDBC Driver has been forcibly unregistered.
12-Nov-2022 21:40:52.269 INFO [http-nio-8081-exec-135] org.apache.jasper.servlet.TldScanner.scanJars At least one JAR was scanned for TLDs yet contained no TLDs. Enable debug logging for this logger for a complete list of JARs that were scanned but no TLDs were found in them. Skipping unneeded JARs during scanning can improve startup time and JSP compilation time.
12-Nov-2022 21:40:52.295 INFO [http-nio-8081-exec-135] org.apache.catalina.core.StandardContext.reload Reloading Context with name [/cuoiki1] is completed
12-Nov-2022 21:41:14.278 INFO [http-nio-8081-exec-138] org.apache.catalina.core.StandardContext.reload Reloading Context with name [/cuoiki1] has started
12-Nov-2022 21:41:14.278 WARNING [http-nio-8081-exec-138] org.apache.catalina.loader.WebappClassLoaderBase.clearReferencesJdbc The web application [cuoiki1] registered the JDBC driver [com.microsoft.sqlserver.jdbc.SQLServerDriver] but failed to unregister it when the web application was stopped. To prevent a memory leak, the JDBC Driver has been forcibly unregistered.
12-Nov-2022 21:41:14.555 INFO [http-nio-8081-exec-138] org.apache.jasper.servlet.TldScanner.scanJars At least one JAR was scanned for TLDs yet contained no TLDs. Enable debug logging for this logger for a complete list of JARs that were scanned but no TLDs were found in them. Skipping unneeded JARs during scanning can improve startup time and JSP compilation time.
12-Nov-2022 21:41:14.573 INFO [http-nio-8081-exec-138] org.apache.catalina.core.StandardContext.reload Reloading Context with name [/cuoiki1] is completed
12-Nov-2022 21:42:13.330 INFO [http-nio-8081-exec-130] org.apache.catalina.core.StandardContext.reload Reloading Context with name [/cuoiki1] has started
12-Nov-2022 21:42:13.345 WARNING [http-nio-8081-exec-130] org.apache.catalina.loader.WebappClassLoaderBase.clearReferencesJdbc The web application [cuoiki1] registered the JDBC driver [com.microsoft.sqlserver.jdbc.SQLServerDriver] but failed to unregister it when the web application was stopped. To prevent a memory leak, the JDBC Driver has been forcibly unregistered.
12-Nov-2022 21:42:13.630 INFO [http-nio-8081-exec-130] org.apache.jasper.servlet.TldScanner.scanJars At least one JAR was scanned for TLDs yet contained no TLDs. Enable debug logging for this logger for a complete list of JARs that were scanned but no TLDs were found in them. Skipping unneeded JARs during scanning can improve startup time and JSP compilation time.
12-Nov-2022 21:42:13.630 INFO [http-nio-8081-exec-130] org.apache.catalina.core.StandardContext.reload Reloading Context with name [/cuoiki1] is completed
12-Nov-2022 21:42:36.819 INFO [http-nio-8081-exec-147] org.apache.catalina.core.StandardContext.reload Reloading Context with name [/cuoiki1] has started
12-Nov-2022 21:42:36.824 WARNING [http-nio-8081-exec-147] org.apache.catalina.loader.WebappClassLoaderBase.clearReferencesJdbc The web application [cuoiki1] registered the JDBC driver [com.microsoft.sqlserver.jdbc.SQLServerDriver] but failed to unregister it when the web application was stopped. To prevent a memory leak, the JDBC Driver has been forcibly unregistered.
12-Nov-2022 21:42:37.094 INFO [http-nio-8081-exec-147] org.apache.jasper.servlet.TldScanner.scanJars At least one JAR was scanned for TLDs yet contained no TLDs. Enable debug logging for this logger for a complete list of JARs that were scanned but no TLDs were found in them. Skipping unneeded JARs during scanning can improve startup time and JSP compilation time.
12-Nov-2022 21:42:37.110 INFO [http-nio-8081-exec-147] org.apache.catalina.core.StandardContext.reload Reloading Context with name [/cuoiki1] is completed
12-Nov-2022 21:50:16.604 INFO [http-nio-8081-exec-154] org.apache.catalina.core.StandardContext.reload Reloading Context with name [/cuoiki1] has started
12-Nov-2022 21:50:16.621 WARNING [http-nio-8081-exec-154] org.apache.catalina.loader.WebappClassLoaderBase.clearReferencesJdbc The web application [cuoiki1] registered the JDBC driver [com.microsoft.sqlserver.jdbc.SQLServerDriver] but failed to unregister it when the web application was stopped. To prevent a memory leak, the JDBC Driver has been forcibly unregistered.
12-Nov-2022 21:50:16.774 INFO [http-nio-8081-exec-154] org.apache.jasper.servlet.TldScanner.scanJars At least one JAR was scanned for TLDs yet contained no TLDs. Enable debug logging for this logger for a complete list of JARs that were scanned but no TLDs were found in them. Skipping unneeded JARs during scanning can improve startup time and JSP compilation time.
12-Nov-2022 21:50:16.789 INFO [http-nio-8081-exec-154] org.apache.catalina.core.StandardContext.reload Reloading Context with name [/cuoiki1] is completed
12-Nov-2022 22:14:44.095 INFO [http-nio-8081-exec-164] org.apache.catalina.core.StandardContext.reload Reloading Context with name [/cuoiki1] has started
12-Nov-2022 22:14:44.110 WARNING [http-nio-8081-exec-164] org.apache.catalina.loader.WebappClassLoaderBase.clearReferencesJdbc The web application [cuoiki1] registered the JDBC driver [com.microsoft.sqlserver.jdbc.SQLServerDriver] but failed to unregister it when the web application was stopped. To prevent a memory leak, the JDBC Driver has been forcibly unregistered.
12-Nov-2022 22:14:44.391 INFO [http-nio-8081-exec-164] org.apache.jasper.servlet.TldScanner.scanJars At least one JAR was scanned for TLDs yet contained no TLDs. Enable debug logging for this logger for a complete list of JARs that were scanned but no TLDs were found in them. Skipping unneeded JARs during scanning can improve startup time and JSP compilation time.
12-Nov-2022 22:14:44.406 INFO [http-nio-8081-exec-164] org.apache.catalina.core.StandardContext.reload Reloading Context with name [/cuoiki1] is completed
12-Nov-2022 23:30:02.448 WARNING [http-nio-8081-exec-175] org.apache.catalina.loader.WebappClassLoaderBase.clearReferencesJdbc The web application [cuoiki1] registered the JDBC driver [com.microsoft.sqlserver.jdbc.SQLServerDriver] but failed to unregister it when the web application was stopped. To prevent a memory leak, the JDBC Driver has been forcibly unregistered.
12-Nov-2022 23:30:02.707 INFO [http-nio-8081-exec-176] org.apache.jasper.servlet.TldScanner.scanJars At least one JAR was scanned for TLDs yet contained no TLDs. Enable debug logging for this logger for a complete list of JARs that were scanned but no TLDs were found in them. Skipping unneeded JARs during scanning can improve startup time and JSP compilation time.
12-Nov-2022 23:30:02.755 INFO [http-nio-8081-exec-179] org.apache.catalina.core.StandardContext.reload Reloading Context with name [/cuoiki1] has started
12-Nov-2022 23:30:02.946 INFO [http-nio-8081-exec-179] org.apache.jasper.servlet.TldScanner.scanJars At least one JAR was scanned for TLDs yet contained no TLDs. Enable debug logging for this logger for a complete list of JARs that were scanned but no TLDs were found in them. Skipping unneeded JARs during scanning can improve startup time and JSP compilation time.
12-Nov-2022 23:30:02.946 INFO [http-nio-8081-exec-179] org.apache.catalina.core.StandardContext.reload Reloading Context with name [/cuoiki1] is completed
12-Nov-2022 23:30:09.673 INFO [ContainerBackgroundProcessor[StandardEngine[Catalina]]] org.apache.catalina.startup.HostConfig.reload Reloading context [/cuoiki1]
12-Nov-2022 23:30:09.673 INFO [ContainerBackgroundProcessor[StandardEngine[Catalina]]] org.apache.catalina.core.StandardContext.reload Reloading Context with name [/cuoiki1] has started
12-Nov-2022 23:30:09.881 INFO [ContainerBackgroundProcessor[StandardEngine[Catalina]]] org.apache.jasper.servlet.TldScanner.scanJars At least one JAR was scanned for TLDs yet contained no TLDs. Enable debug logging for this logger for a complete list of JARs that were scanned but no TLDs were found in them. Skipping unneeded JARs during scanning can improve startup time and JSP compilation time.
12-Nov-2022 23:30:09.897 INFO [ContainerBackgroundProcessor[StandardEngine[Catalina]]] org.apache.catalina.core.StandardContext.reload Reloading Context with name [/cuoiki1] is completed
12-Nov-2022 23:38:59.384 INFO [http-nio-8081-exec-191] org.apache.catalina.core.StandardContext.reload Reloading Context with name [/cuoiki1] has started
12-Nov-2022 23:38:59.696 INFO [http-nio-8081-exec-191] org.apache.jasper.servlet.TldScanner.scanJars At least one JAR was scanned for TLDs yet contained no TLDs. Enable debug logging for this logger for a complete list of JARs that were scanned but no TLDs were found in them. Skipping unneeded JARs during scanning can improve startup time and JSP compilation time.
12-Nov-2022 23:38:59.712 INFO [http-nio-8081-exec-191] org.apache.catalina.core.StandardContext.reload Reloading Context with name [/cuoiki1] is completed
12-Nov-2022 23:39:44.460 INFO [http-nio-8081-exec-187] org.apache.catalina.core.StandardContext.reload Reloading Context with name [/cuoiki1] has started
12-Nov-2022 23:39:44.460 WARNING [http-nio-8081-exec-187] org.apache.catalina.loader.WebappClassLoaderBase.clearReferencesJdbc The web application [cuoiki1] registered the JDBC driver [com.microsoft.sqlserver.jdbc.SQLServerDriver] but failed to unregister it when the web application was stopped. To prevent a memory leak, the JDBC Driver has been forcibly unregistered.
12-Nov-2022 23:39:44.672 INFO [http-nio-8081-exec-187] org.apache.jasper.servlet.TldScanner.scanJars At least one JAR was scanned for TLDs yet contained no TLDs. Enable debug logging for this logger for a complete list of JARs that were scanned but no TLDs were found in them. Skipping unneeded JARs during scanning can improve startup time and JSP compilation time.
12-Nov-2022 23:39:44.688 INFO [http-nio-8081-exec-187] org.apache.catalina.core.StandardContext.reload Reloading Context with name [/cuoiki1] is completed
12-Nov-2022 23:40:02.092 INFO [http-nio-8081-exec-192] org.apache.catalina.core.StandardContext.reload Reloading Context with name [/cuoiki1] has started
12-Nov-2022 23:40:02.092 WARNING [http-nio-8081-exec-192] org.apache.catalina.loader.WebappClassLoaderBase.clearReferencesJdbc The web application [cuoiki1] registered the JDBC driver [com.microsoft.sqlserver.jdbc.SQLServerDriver] but failed to unregister it when the web application was stopped. To prevent a memory leak, the JDBC Driver has been forcibly unregistered.
12-Nov-2022 23:40:02.335 INFO [http-nio-8081-exec-192] org.apache.jasper.servlet.TldScanner.scanJars At least one JAR was scanned for TLDs yet contained no TLDs. Enable debug logging for this logger for a complete list of JARs that were scanned but no TLDs were found in them. Skipping unneeded JARs during scanning can improve startup time and JSP compilation time.
12-Nov-2022 23:40:02.350 INFO [http-nio-8081-exec-192] org.apache.catalina.core.StandardContext.reload Reloading Context with name [/cuoiki1] is completed
12-Nov-2022 23:48:41.140 INFO [http-nio-8081-exec-206] org.apache.catalina.core.StandardContext.reload Reloading Context with name [/cuoiki1] has started
12-Nov-2022 23:48:41.156 WARNING [http-nio-8081-exec-206] org.apache.catalina.loader.WebappClassLoaderBase.clearReferencesJdbc The web application [cuoiki1] registered the JDBC driver [com.microsoft.sqlserver.jdbc.SQLServerDriver] but failed to unregister it when the web application was stopped. To prevent a memory leak, the JDBC Driver has been forcibly unregistered.
12-Nov-2022 23:48:41.418 INFO [http-nio-8081-exec-206] org.apache.jasper.servlet.TldScanner.scanJars At least one JAR was scanned for TLDs yet contained no TLDs. Enable debug logging for this logger for a complete list of JARs that were scanned but no TLDs were found in them. Skipping unneeded JARs during scanning can improve startup time and JSP compilation time.
12-Nov-2022 23:48:41.439 INFO [http-nio-8081-exec-206] org.apache.catalina.core.StandardContext.reload Reloading Context with name [/cuoiki1] is completed
12-Nov-2022 23:49:00.448 INFO [http-nio-8081-exec-205] org.apache.catalina.core.StandardContext.reload Reloading Context with name [/cuoiki1] has started
12-Nov-2022 23:49:00.683 INFO [http-nio-8081-exec-205] org.apache.jasper.servlet.TldScanner.scanJars At least one JAR was scanned for TLDs yet contained no TLDs. Enable debug logging for this logger for a complete list of JARs that were scanned but no TLDs were found in them. Skipping unneeded JARs during scanning can improve startup time and JSP compilation time.
12-Nov-2022 23:49:00.683 INFO [http-nio-8081-exec-205] org.apache.catalina.core.StandardContext.reload Reloading Context with name [/cuoiki1] is completed
12-Nov-2022 23:50:52.548 INFO [http-nio-8081-exec-214] org.apache.catalina.core.StandardContext.reload Reloading Context with name [/cuoiki1] has started
12-Nov-2022 23:50:52.807 INFO [http-nio-8081-exec-214] org.apache.jasper.servlet.TldScanner.scanJars At least one JAR was scanned for TLDs yet contained no TLDs. Enable debug logging for this logger for a complete list of JARs that were scanned but no TLDs were found in them. Skipping unneeded JARs during scanning can improve startup time and JSP compilation time.
12-Nov-2022 23:50:52.826 INFO [http-nio-8081-exec-214] org.apache.catalina.core.StandardContext.reload Reloading Context with name [/cuoiki1] is completed
12-Nov-2022 23:51:00.013 INFO [http-nio-8081-exec-217] org.apache.catalina.core.StandardContext.reload Reloading Context with name [/cuoiki1] has started
12-Nov-2022 23:51:00.234 INFO [http-nio-8081-exec-217] org.apache.jasper.servlet.TldScanner.scanJars At least one JAR was scanned for TLDs yet contained no TLDs. Enable debug logging for this logger for a complete list of JARs that were scanned but no TLDs were found in them. Skipping unneeded JARs during scanning can improve startup time and JSP compilation time.
12-Nov-2022 23:51:00.250 INFO [http-nio-8081-exec-217] org.apache.catalina.core.StandardContext.reload Reloading Context with name [/cuoiki1] is completed
12-Nov-2022 23:51:22.118 INFO [http-nio-8081-exec-218] org.apache.catalina.core.StandardContext.reload Reloading Context with name [/cuoiki1] has started
12-Nov-2022 23:51:22.339 INFO [http-nio-8081-exec-218] org.apache.jasper.servlet.TldScanner.scanJars At least one JAR was scanned for TLDs yet contained no TLDs. Enable debug logging for this logger for a complete list of JARs that were scanned but no TLDs were found in them. Skipping unneeded JARs during scanning can improve startup time and JSP compilation time.
12-Nov-2022 23:51:22.353 INFO [http-nio-8081-exec-218] org.apache.catalina.core.StandardContext.reload Reloading Context with name [/cuoiki1] is completed
12-Nov-2022 23:52:17.048 INFO [http-nio-8081-exec-214] org.apache.catalina.core.StandardContext.reload Reloading Context with name [/cuoiki1] has started
12-Nov-2022 23:52:17.051 WARNING [http-nio-8081-exec-214] org.apache.catalina.loader.WebappClassLoaderBase.clearReferencesJdbc The web application [cuoiki1] registered the JDBC driver [com.microsoft.sqlserver.jdbc.SQLServerDriver] but failed to unregister it when the web application was stopped. To prevent a memory leak, the JDBC Driver has been forcibly unregistered.
12-Nov-2022 23:52:17.323 INFO [http-nio-8081-exec-214] org.apache.jasper.servlet.TldScanner.scanJars At least one JAR was scanned for TLDs yet contained no TLDs. Enable debug logging for this logger for a complete list of JARs that were scanned but no TLDs were found in them. Skipping unneeded JARs during scanning can improve startup time and JSP compilation time.
12-Nov-2022 23:52:17.339 INFO [http-nio-8081-exec-214] org.apache.catalina.core.StandardContext.reload Reloading Context with name [/cuoiki1] is completed
