13-Nov-2022 18:26:18.877 INFO [main] org.apache.catalina.startup.VersionLoggerListener.log Server version:        Apache Tomcat/8.5.34
13-Nov-2022 18:26:18.880 INFO [main] org.apache.catalina.startup.VersionLoggerListener.log Server built:          Sep 4 2018 22:28:22 UTC
13-Nov-2022 18:26:18.880 INFO [main] org.apache.catalina.startup.VersionLoggerListener.log Server number:         8.5.34.0
13-Nov-2022 18:26:18.880 INFO [main] org.apache.catalina.startup.VersionLoggerListener.log OS Name:               Windows 10
13-Nov-2022 18:26:18.880 INFO [main] org.apache.catalina.startup.VersionLoggerListener.log OS Version:            10.0
13-Nov-2022 18:26:18.880 INFO [main] org.apache.catalina.startup.VersionLoggerListener.log Architecture:          amd64
13-Nov-2022 18:26:18.880 INFO [main] org.apache.catalina.startup.VersionLoggerListener.log Java Home:             C:\Program Files\Java\jdk1.8.0_181\jre
13-Nov-2022 18:26:18.881 INFO [main] org.apache.catalina.startup.VersionLoggerListener.log JVM Version:           1.8.0_181-b13
13-Nov-2022 18:26:18.881 INFO [main] org.apache.catalina.startup.VersionLoggerListener.log JVM Vendor:            Oracle Corporation
13-Nov-2022 18:26:18.881 INFO [main] org.apache.catalina.startup.VersionLoggerListener.log CATALINA_BASE:         D:\apache-tomcat-8.5.34-windows-x64\apache-tomcat-8.5.34
13-Nov-2022 18:26:18.882 INFO [main] org.apache.catalina.startup.VersionLoggerListener.log CATALINA_HOME:         D:\apache-tomcat-8.5.34-windows-x64\apache-tomcat-8.5.34
13-Nov-2022 18:26:18.882 INFO [main] org.apache.catalina.startup.VersionLoggerListener.log Command line argument: -Djava.util.logging.config.file=D:\apache-tomcat-8.5.34-windows-x64\apache-tomcat-8.5.34\conf\logging.properties
13-Nov-2022 18:26:18.882 INFO [main] org.apache.catalina.startup.VersionLoggerListener.log Command line argument: -Djava.util.logging.manager=org.apache.juli.ClassLoaderLogManager
13-Nov-2022 18:26:18.882 INFO [main] org.apache.catalina.startup.VersionLoggerListener.log Command line argument: -Dhttp.nonProxyHosts=localhost|127.0.0.1|DESKTOP-UTRCQSJ
13-Nov-2022 18:26:18.882 INFO [main] org.apache.catalina.startup.VersionLoggerListener.log Command line argument: -Djdk.tls.ephemeralDHKeySize=2048
13-Nov-2022 18:26:18.883 INFO [main] org.apache.catalina.startup.VersionLoggerListener.log Command line argument: -Djava.protocol.handler.pkgs=org.apache.catalina.webresources
13-Nov-2022 18:26:18.883 INFO [main] org.apache.catalina.startup.VersionLoggerListener.log Command line argument: -Dignore.endorsed.dirs=
13-Nov-2022 18:26:18.883 INFO [main] org.apache.catalina.startup.VersionLoggerListener.log Command line argument: -Dcatalina.base=D:\apache-tomcat-8.5.34-windows-x64\apache-tomcat-8.5.34
13-Nov-2022 18:26:18.883 INFO [main] org.apache.catalina.startup.VersionLoggerListener.log Command line argument: -Dcatalina.home=D:\apache-tomcat-8.5.34-windows-x64\apache-tomcat-8.5.34
13-Nov-2022 18:26:18.883 INFO [main] org.apache.catalina.startup.VersionLoggerListener.log Command line argument: -Djava.io.tmpdir=D:\apache-tomcat-8.5.34-windows-x64\apache-tomcat-8.5.34\temp
13-Nov-2022 18:26:18.883 INFO [main] org.apache.catalina.core.AprLifecycleListener.lifecycleEvent Loaded APR based Apache Tomcat Native library [1.2.17] using APR version [1.6.3].
13-Nov-2022 18:26:18.883 INFO [main] org.apache.catalina.core.AprLifecycleListener.lifecycleEvent APR capabilities: IPv6 [true], sendfile [true], accept filters [false], random [true].
13-Nov-2022 18:26:18.883 INFO [main] org.apache.catalina.core.AprLifecycleListener.lifecycleEvent APR/OpenSSL configuration: useAprConnector [false], useOpenSSL [true]
13-Nov-2022 18:26:19.403 INFO [main] org.apache.catalina.core.AprLifecycleListener.initializeSSL OpenSSL successfully initialized [OpenSSL 1.0.2o  27 Mar 2018]
13-Nov-2022 18:26:19.518 INFO [main] org.apache.coyote.AbstractProtocol.init Initializing ProtocolHandler ["http-nio-8081"]
13-Nov-2022 18:26:19.721 INFO [main] org.apache.tomcat.util.net.NioSelectorPool.getSharedSelector Using a shared selector for servlet write/read
13-Nov-2022 18:26:19.726 INFO [main] org.apache.coyote.AbstractProtocol.init Initializing ProtocolHandler ["ajp-nio-8009"]
13-Nov-2022 18:26:19.727 INFO [main] org.apache.tomcat.util.net.NioSelectorPool.getSharedSelector Using a shared selector for servlet write/read
13-Nov-2022 18:26:19.727 INFO [main] org.apache.catalina.startup.Catalina.load Initialization processed in 2255 ms
13-Nov-2022 18:26:19.753 INFO [main] org.apache.catalina.core.StandardService.startInternal Starting service [Catalina]
13-Nov-2022 18:26:19.754 INFO [main] org.apache.catalina.core.StandardEngine.startInternal Starting Servlet Engine: Apache Tomcat/8.5.34
13-Nov-2022 18:26:19.760 INFO [localhost-startStop-1] org.apache.catalina.startup.HostConfig.deployDescriptor Deploying configuration descriptor [D:\apache-tomcat-8.5.34-windows-x64\apache-tomcat-8.5.34\conf\Catalina\localhost\cuoiki1.xml]
13-Nov-2022 18:26:20.389 INFO [localhost-startStop-1] org.apache.jasper.servlet.TldScanner.scanJars At least one JAR was scanned for TLDs yet contained no TLDs. Enable debug logging for this logger for a complete list of JARs that were scanned but no TLDs were found in them. Skipping unneeded JARs during scanning can improve startup time and JSP compilation time.
13-Nov-2022 18:26:20.453 INFO [localhost-startStop-1] org.apache.catalina.startup.HostConfig.deployDescriptor Deployment of configuration descriptor [D:\apache-tomcat-8.5.34-windows-x64\apache-tomcat-8.5.34\conf\Catalina\localhost\cuoiki1.xml] has finished in [692] ms
13-Nov-2022 18:26:20.453 INFO [localhost-startStop-1] org.apache.catalina.startup.HostConfig.deployDirectory Deploying web application directory [D:\apache-tomcat-8.5.34-windows-x64\apache-tomcat-8.5.34\webapps\docs]
13-Nov-2022 18:26:20.470 INFO [localhost-startStop-1] org.apache.catalina.startup.HostConfig.deployDirectory Deployment of web application directory [D:\apache-tomcat-8.5.34-windows-x64\apache-tomcat-8.5.34\webapps\docs] has finished in [17] ms
13-Nov-2022 18:26:20.470 INFO [localhost-startStop-1] org.apache.catalina.startup.HostConfig.deployDirectory Deploying web application directory [D:\apache-tomcat-8.5.34-windows-x64\apache-tomcat-8.5.34\webapps\examples]
13-Nov-2022 18:26:20.952 INFO [localhost-startStop-1] org.apache.catalina.startup.HostConfig.deployDirectory Deployment of web application directory [D:\apache-tomcat-8.5.34-windows-x64\apache-tomcat-8.5.34\webapps\examples] has finished in [482] ms
13-Nov-2022 18:26:20.952 INFO [localhost-startStop-1] org.apache.catalina.startup.HostConfig.deployDirectory Deploying web application directory [D:\apache-tomcat-8.5.34-windows-x64\apache-tomcat-8.5.34\webapps\host-manager]
13-Nov-2022 18:26:20.984 INFO [localhost-startStop-1] org.apache.catalina.startup.HostConfig.deployDirectory Deployment of web application directory [D:\apache-tomcat-8.5.34-windows-x64\apache-tomcat-8.5.34\webapps\host-manager] has finished in [31] ms
13-Nov-2022 18:26:20.984 INFO [localhost-startStop-1] org.apache.catalina.startup.HostConfig.deployDirectory Deploying web application directory [D:\apache-tomcat-8.5.34-windows-x64\apache-tomcat-8.5.34\webapps\manager]
13-Nov-2022 18:26:21.013 INFO [localhost-startStop-1] org.apache.catalina.startup.HostConfig.deployDirectory Deployment of web application directory [D:\apache-tomcat-8.5.34-windows-x64\apache-tomcat-8.5.34\webapps\manager] has finished in [28] ms
13-Nov-2022 18:26:21.013 INFO [localhost-startStop-1] org.apache.catalina.startup.HostConfig.deployDirectory Deploying web application directory [D:\apache-tomcat-8.5.34-windows-x64\apache-tomcat-8.5.34\webapps\ROOT]
13-Nov-2022 18:26:21.039 INFO [localhost-startStop-1] org.apache.catalina.startup.HostConfig.deployDirectory Deployment of web application directory [D:\apache-tomcat-8.5.34-windows-x64\apache-tomcat-8.5.34\webapps\ROOT] has finished in [26] ms
13-Nov-2022 18:26:21.043 INFO [main] org.apache.coyote.AbstractProtocol.start Starting ProtocolHandler ["http-nio-8081"]
13-Nov-2022 18:26:21.052 INFO [main] org.apache.coyote.AbstractProtocol.start Starting ProtocolHandler ["ajp-nio-8009"]
13-Nov-2022 18:26:21.055 INFO [main] org.apache.catalina.startup.Catalina.start Server startup in 1327 ms
13-Nov-2022 18:35:46.879 INFO [http-nio-8081-exec-6] org.apache.jasper.servlet.TldScanner.scanJars At least one JAR was scanned for TLDs yet contained no TLDs. Enable debug logging for this logger for a complete list of JARs that were scanned but no TLDs were found in them. Skipping unneeded JARs during scanning can improve startup time and JSP compilation time.
13-Nov-2022 18:40:20.444 WARNING [http-nio-8081-exec-17] org.apache.catalina.loader.WebappClassLoaderBase.clearReferencesJdbc The web application [cuoiki1] registered the JDBC driver [com.microsoft.sqlserver.jdbc.SQLServerDriver] but failed to unregister it when the web application was stopped. To prevent a memory leak, the JDBC Driver has been forcibly unregistered.
13-Nov-2022 18:40:20.895 INFO [http-nio-8081-exec-19] org.apache.jasper.servlet.TldScanner.scanJars At least one JAR was scanned for TLDs yet contained no TLDs. Enable debug logging for this logger for a complete list of JARs that were scanned but no TLDs were found in them. Skipping unneeded JARs during scanning can improve startup time and JSP compilation time.
13-Nov-2022 18:40:21.447 INFO [http-nio-8081-exec-11] org.apache.catalina.core.StandardContext.reload Reloading Context with name [/cuoiki1] has started
13-Nov-2022 18:40:21.663 INFO [http-nio-8081-exec-11] org.apache.jasper.servlet.TldScanner.scanJars At least one JAR was scanned for TLDs yet contained no TLDs. Enable debug logging for this logger for a complete list of JARs that were scanned but no TLDs were found in them. Skipping unneeded JARs during scanning can improve startup time and JSP compilation time.
13-Nov-2022 18:40:21.667 INFO [http-nio-8081-exec-11] org.apache.catalina.core.StandardContext.reload Reloading Context with name [/cuoiki1] is completed
13-Nov-2022 18:40:21.973 INFO [ContainerBackgroundProcessor[StandardEngine[Catalina]]] org.apache.catalina.startup.HostConfig.reload Reloading context [/cuoiki1]
13-Nov-2022 18:40:21.974 INFO [ContainerBackgroundProcessor[StandardEngine[Catalina]]] org.apache.catalina.core.StandardContext.reload Reloading Context with name [/cuoiki1] has started
13-Nov-2022 18:40:22.229 INFO [ContainerBackgroundProcessor[StandardEngine[Catalina]]] org.apache.jasper.servlet.TldScanner.scanJars At least one JAR was scanned for TLDs yet contained no TLDs. Enable debug logging for this logger for a complete list of JARs that were scanned but no TLDs were found in them. Skipping unneeded JARs during scanning can improve startup time and JSP compilation time.
13-Nov-2022 18:40:22.243 INFO [ContainerBackgroundProcessor[StandardEngine[Catalina]]] org.apache.catalina.core.StandardContext.reload Reloading Context with name [/cuoiki1] is completed
13-Nov-2022 18:40:46.057 INFO [http-nio-8081-exec-18] org.apache.catalina.core.StandardContext.reload Reloading Context with name [/cuoiki1] has started
13-Nov-2022 18:40:46.247 INFO [http-nio-8081-exec-18] org.apache.jasper.servlet.TldScanner.scanJars At least one JAR was scanned for TLDs yet contained no TLDs. Enable debug logging for this logger for a complete list of JARs that were scanned but no TLDs were found in them. Skipping unneeded JARs during scanning can improve startup time and JSP compilation time.
13-Nov-2022 18:40:46.263 INFO [http-nio-8081-exec-18] org.apache.catalina.core.StandardContext.reload Reloading Context with name [/cuoiki1] is completed
13-Nov-2022 18:42:06.687 INFO [http-nio-8081-exec-26] org.apache.catalina.core.StandardContext.reload Reloading Context with name [/cuoiki1] has started
13-Nov-2022 18:42:06.687 WARNING [http-nio-8081-exec-26] org.apache.catalina.loader.WebappClassLoaderBase.clearReferencesJdbc The web application [cuoiki1] registered the JDBC driver [com.microsoft.sqlserver.jdbc.SQLServerDriver] but failed to unregister it when the web application was stopped. To prevent a memory leak, the JDBC Driver has been forcibly unregistered.
13-Nov-2022 18:42:06.847 INFO [http-nio-8081-exec-26] org.apache.jasper.servlet.TldScanner.scanJars At least one JAR was scanned for TLDs yet contained no TLDs. Enable debug logging for this logger for a complete list of JARs that were scanned but no TLDs were found in them. Skipping unneeded JARs during scanning can improve startup time and JSP compilation time.
13-Nov-2022 18:42:06.864 INFO [http-nio-8081-exec-26] org.apache.catalina.core.StandardContext.reload Reloading Context with name [/cuoiki1] is completed
13-Nov-2022 18:42:31.474 INFO [http-nio-8081-exec-30] org.apache.catalina.core.StandardContext.reload Reloading Context with name [/cuoiki1] has started
13-Nov-2022 18:42:31.670 INFO [http-nio-8081-exec-30] org.apache.jasper.servlet.TldScanner.scanJars At least one JAR was scanned for TLDs yet contained no TLDs. Enable debug logging for this logger for a complete list of JARs that were scanned but no TLDs were found in them. Skipping unneeded JARs during scanning can improve startup time and JSP compilation time.
13-Nov-2022 18:42:31.682 INFO [http-nio-8081-exec-30] org.apache.catalina.core.StandardContext.reload Reloading Context with name [/cuoiki1] is completed
13-Nov-2022 18:43:05.121 INFO [http-nio-8081-exec-32] org.apache.catalina.core.StandardContext.reload Reloading Context with name [/cuoiki1] has started
13-Nov-2022 18:43:05.280 INFO [http-nio-8081-exec-32] org.apache.jasper.servlet.TldScanner.scanJars At least one JAR was scanned for TLDs yet contained no TLDs. Enable debug logging for this logger for a complete list of JARs that were scanned but no TLDs were found in them. Skipping unneeded JARs during scanning can improve startup time and JSP compilation time.
13-Nov-2022 18:43:05.293 INFO [http-nio-8081-exec-32] org.apache.catalina.core.StandardContext.reload Reloading Context with name [/cuoiki1] is completed
13-Nov-2022 18:43:11.055 INFO [http-nio-8081-exec-27] org.apache.catalina.core.StandardContext.reload Reloading Context with name [/cuoiki1] has started
13-Nov-2022 18:43:11.196 INFO [http-nio-8081-exec-27] org.apache.jasper.servlet.TldScanner.scanJars At least one JAR was scanned for TLDs yet contained no TLDs. Enable debug logging for this logger for a complete list of JARs that were scanned but no TLDs were found in them. Skipping unneeded JARs during scanning can improve startup time and JSP compilation time.
13-Nov-2022 18:43:11.207 INFO [http-nio-8081-exec-27] org.apache.catalina.core.StandardContext.reload Reloading Context with name [/cuoiki1] is completed
13-Nov-2022 18:43:34.755 INFO [http-nio-8081-exec-31] org.apache.catalina.core.StandardContext.reload Reloading Context with name [/cuoiki1] has started
13-Nov-2022 18:43:34.927 INFO [http-nio-8081-exec-31] org.apache.jasper.servlet.TldScanner.scanJars At least one JAR was scanned for TLDs yet contained no TLDs. Enable debug logging for this logger for a complete list of JARs that were scanned but no TLDs were found in them. Skipping unneeded JARs during scanning can improve startup time and JSP compilation time.
13-Nov-2022 18:43:34.942 INFO [http-nio-8081-exec-31] org.apache.catalina.core.StandardContext.reload Reloading Context with name [/cuoiki1] is completed
13-Nov-2022 18:43:44.201 INFO [http-nio-8081-exec-28] org.apache.catalina.core.StandardContext.reload Reloading Context with name [/cuoiki1] has started
13-Nov-2022 18:43:44.364 INFO [http-nio-8081-exec-28] org.apache.jasper.servlet.TldScanner.scanJars At least one JAR was scanned for TLDs yet contained no TLDs. Enable debug logging for this logger for a complete list of JARs that were scanned but no TLDs were found in them. Skipping unneeded JARs during scanning can improve startup time and JSP compilation time.
13-Nov-2022 18:43:44.376 INFO [http-nio-8081-exec-28] org.apache.catalina.core.StandardContext.reload Reloading Context with name [/cuoiki1] is completed
13-Nov-2022 18:45:06.541 INFO [http-nio-8081-exec-27] org.apache.catalina.core.StandardContext.reload Reloading Context with name [/cuoiki1] has started
13-Nov-2022 18:45:06.679 INFO [http-nio-8081-exec-27] org.apache.jasper.servlet.TldScanner.scanJars At least one JAR was scanned for TLDs yet contained no TLDs. Enable debug logging for this logger for a complete list of JARs that were scanned but no TLDs were found in them. Skipping unneeded JARs during scanning can improve startup time and JSP compilation time.
13-Nov-2022 18:45:06.686 INFO [http-nio-8081-exec-27] org.apache.catalina.core.StandardContext.reload Reloading Context with name [/cuoiki1] is completed
13-Nov-2022 18:45:48.549 INFO [http-nio-8081-exec-30] org.apache.catalina.core.StandardContext.reload Reloading Context with name [/cuoiki1] has started
13-Nov-2022 18:45:48.696 INFO [http-nio-8081-exec-30] org.apache.jasper.servlet.TldScanner.scanJars At least one JAR was scanned for TLDs yet contained no TLDs. Enable debug logging for this logger for a complete list of JARs that were scanned but no TLDs were found in them. Skipping unneeded JARs during scanning can improve startup time and JSP compilation time.
13-Nov-2022 18:45:48.704 INFO [http-nio-8081-exec-30] org.apache.catalina.core.StandardContext.reload Reloading Context with name [/cuoiki1] is completed
13-Nov-2022 18:47:37.929 WARNING [http-nio-8081-exec-45] org.apache.catalina.loader.WebappClassLoaderBase.clearReferencesJdbc The web application [cuoiki1] registered the JDBC driver [com.microsoft.sqlserver.jdbc.SQLServerDriver] but failed to unregister it when the web application was stopped. To prevent a memory leak, the JDBC Driver has been forcibly unregistered.
13-Nov-2022 18:47:38.171 INFO [http-nio-8081-exec-31] org.apache.jasper.servlet.TldScanner.scanJars At least one JAR was scanned for TLDs yet contained no TLDs. Enable debug logging for this logger for a complete list of JARs that were scanned but no TLDs were found in them. Skipping unneeded JARs during scanning can improve startup time and JSP compilation time.
13-Nov-2022 18:47:53.499 INFO [http-nio-8081-exec-41] org.apache.catalina.core.StandardContext.reload Reloading Context with name [/cuoiki1] has started
13-Nov-2022 18:47:53.499 WARNING [http-nio-8081-exec-41] org.apache.catalina.loader.WebappClassLoaderBase.clearReferencesJdbc The web application [cuoiki1] registered the JDBC driver [com.microsoft.sqlserver.jdbc.SQLServerDriver] but failed to unregister it when the web application was stopped. To prevent a memory leak, the JDBC Driver has been forcibly unregistered.
13-Nov-2022 18:47:53.645 INFO [http-nio-8081-exec-41] org.apache.jasper.servlet.TldScanner.scanJars At least one JAR was scanned for TLDs yet contained no TLDs. Enable debug logging for this logger for a complete list of JARs that were scanned but no TLDs were found in them. Skipping unneeded JARs during scanning can improve startup time and JSP compilation time.
13-Nov-2022 18:47:53.649 INFO [http-nio-8081-exec-41] org.apache.catalina.core.StandardContext.reload Reloading Context with name [/cuoiki1] is completed
13-Nov-2022 18:48:45.910 INFO [http-nio-8081-exec-41] org.apache.catalina.core.StandardContext.reload Reloading Context with name [/cuoiki1] has started
13-Nov-2022 18:48:46.060 INFO [http-nio-8081-exec-41] org.apache.jasper.servlet.TldScanner.scanJars At least one JAR was scanned for TLDs yet contained no TLDs. Enable debug logging for this logger for a complete list of JARs that were scanned but no TLDs were found in them. Skipping unneeded JARs during scanning can improve startup time and JSP compilation time.
13-Nov-2022 18:48:46.072 INFO [http-nio-8081-exec-41] org.apache.catalina.core.StandardContext.reload Reloading Context with name [/cuoiki1] is completed
13-Nov-2022 18:49:07.730 INFO [http-nio-8081-exec-49] org.apache.catalina.core.StandardContext.reload Reloading Context with name [/cuoiki1] has started
13-Nov-2022 18:49:07.888 INFO [http-nio-8081-exec-49] org.apache.jasper.servlet.TldScanner.scanJars At least one JAR was scanned for TLDs yet contained no TLDs. Enable debug logging for this logger for a complete list of JARs that were scanned but no TLDs were found in them. Skipping unneeded JARs during scanning can improve startup time and JSP compilation time.
13-Nov-2022 18:49:07.911 INFO [http-nio-8081-exec-49] org.apache.catalina.core.StandardContext.reload Reloading Context with name [/cuoiki1] is completed
13-Nov-2022 18:50:29.302 INFO [http-nio-8081-exec-61] org.apache.catalina.core.StandardContext.reload Reloading Context with name [/cuoiki1] has started
13-Nov-2022 18:50:29.306 WARNING [http-nio-8081-exec-61] org.apache.catalina.loader.WebappClassLoaderBase.clearReferencesJdbc The web application [cuoiki1] registered the JDBC driver [com.microsoft.sqlserver.jdbc.SQLServerDriver] but failed to unregister it when the web application was stopped. To prevent a memory leak, the JDBC Driver has been forcibly unregistered.
13-Nov-2022 18:50:29.442 INFO [http-nio-8081-exec-61] org.apache.jasper.servlet.TldScanner.scanJars At least one JAR was scanned for TLDs yet contained no TLDs. Enable debug logging for this logger for a complete list of JARs that were scanned but no TLDs were found in them. Skipping unneeded JARs during scanning can improve startup time and JSP compilation time.
13-Nov-2022 18:50:29.452 INFO [http-nio-8081-exec-61] org.apache.catalina.core.StandardContext.reload Reloading Context with name [/cuoiki1] is completed
13-Nov-2022 18:50:55.182 INFO [http-nio-8081-exec-63] org.apache.catalina.core.StandardContext.reload Reloading Context with name [/cuoiki1] has started
13-Nov-2022 18:50:55.333 INFO [http-nio-8081-exec-63] org.apache.jasper.servlet.TldScanner.scanJars At least one JAR was scanned for TLDs yet contained no TLDs. Enable debug logging for this logger for a complete list of JARs that were scanned but no TLDs were found in them. Skipping unneeded JARs during scanning can improve startup time and JSP compilation time.
13-Nov-2022 18:50:55.338 INFO [http-nio-8081-exec-63] org.apache.catalina.core.StandardContext.reload Reloading Context with name [/cuoiki1] is completed
13-Nov-2022 18:51:24.775 INFO [http-nio-8081-exec-65] org.apache.catalina.core.StandardContext.reload Reloading Context with name [/cuoiki1] has started
13-Nov-2022 18:51:24.777 WARNING [http-nio-8081-exec-65] org.apache.catalina.loader.WebappClassLoaderBase.clearReferencesJdbc The web application [cuoiki1] registered the JDBC driver [com.microsoft.sqlserver.jdbc.SQLServerDriver] but failed to unregister it when the web application was stopped. To prevent a memory leak, the JDBC Driver has been forcibly unregistered.
13-Nov-2022 18:51:24.928 INFO [http-nio-8081-exec-65] org.apache.jasper.servlet.TldScanner.scanJars At least one JAR was scanned for TLDs yet contained no TLDs. Enable debug logging for this logger for a complete list of JARs that were scanned but no TLDs were found in them. Skipping unneeded JARs during scanning can improve startup time and JSP compilation time.
13-Nov-2022 18:51:24.943 INFO [http-nio-8081-exec-65] org.apache.catalina.core.StandardContext.reload Reloading Context with name [/cuoiki1] is completed
13-Nov-2022 18:55:54.750 INFO [http-nio-8081-exec-75] org.apache.catalina.core.StandardContext.reload Reloading Context with name [/cuoiki1] has started
13-Nov-2022 18:55:54.752 WARNING [http-nio-8081-exec-75] org.apache.catalina.loader.WebappClassLoaderBase.clearReferencesJdbc The web application [cuoiki1] registered the JDBC driver [com.microsoft.sqlserver.jdbc.SQLServerDriver] but failed to unregister it when the web application was stopped. To prevent a memory leak, the JDBC Driver has been forcibly unregistered.
13-Nov-2022 18:55:54.893 INFO [http-nio-8081-exec-75] org.apache.jasper.servlet.TldScanner.scanJars At least one JAR was scanned for TLDs yet contained no TLDs. Enable debug logging for this logger for a complete list of JARs that were scanned but no TLDs were found in them. Skipping unneeded JARs during scanning can improve startup time and JSP compilation time.
13-Nov-2022 18:55:54.904 INFO [http-nio-8081-exec-75] org.apache.catalina.core.StandardContext.reload Reloading Context with name [/cuoiki1] is completed
13-Nov-2022 23:17:42.301 INFO [http-nio-8081-exec-82] org.apache.catalina.core.StandardContext.reload Reloading Context with name [/cuoiki1] has started
13-Nov-2022 23:17:42.375 WARNING [http-nio-8081-exec-82] org.apache.catalina.loader.WebappClassLoaderBase.clearReferencesJdbc The web application [cuoiki1] registered the JDBC driver [com.microsoft.sqlserver.jdbc.SQLServerDriver] but failed to unregister it when the web application was stopped. To prevent a memory leak, the JDBC Driver has been forcibly unregistered.
13-Nov-2022 23:17:42.667 INFO [http-nio-8081-exec-82] org.apache.jasper.servlet.TldScanner.scanJars At least one JAR was scanned for TLDs yet contained no TLDs. Enable debug logging for this logger for a complete list of JARs that were scanned but no TLDs were found in them. Skipping unneeded JARs during scanning can improve startup time and JSP compilation time.
13-Nov-2022 23:17:42.687 INFO [http-nio-8081-exec-82] org.apache.catalina.core.StandardContext.reload Reloading Context with name [/cuoiki1] is completed
13-Nov-2022 23:19:40.317 INFO [http-nio-8081-exec-88] org.apache.catalina.core.StandardContext.reload Reloading Context with name [/cuoiki1] has started
13-Nov-2022 23:19:40.319 WARNING [http-nio-8081-exec-88] org.apache.catalina.loader.WebappClassLoaderBase.clearReferencesJdbc The web application [cuoiki1] registered the JDBC driver [com.microsoft.sqlserver.jdbc.SQLServerDriver] but failed to unregister it when the web application was stopped. To prevent a memory leak, the JDBC Driver has been forcibly unregistered.
13-Nov-2022 23:19:40.494 INFO [http-nio-8081-exec-88] org.apache.jasper.servlet.TldScanner.scanJars At least one JAR was scanned for TLDs yet contained no TLDs. Enable debug logging for this logger for a complete list of JARs that were scanned but no TLDs were found in them. Skipping unneeded JARs during scanning can improve startup time and JSP compilation time.
13-Nov-2022 23:19:40.506 INFO [http-nio-8081-exec-88] org.apache.catalina.core.StandardContext.reload Reloading Context with name [/cuoiki1] is completed
13-Nov-2022 23:20:35.183 INFO [http-nio-8081-exec-93] org.apache.catalina.core.StandardContext.reload Reloading Context with name [/cuoiki1] has started
13-Nov-2022 23:20:35.187 WARNING [http-nio-8081-exec-93] org.apache.catalina.loader.WebappClassLoaderBase.clearReferencesJdbc The web application [cuoiki1] registered the JDBC driver [com.microsoft.sqlserver.jdbc.SQLServerDriver] but failed to unregister it when the web application was stopped. To prevent a memory leak, the JDBC Driver has been forcibly unregistered.
13-Nov-2022 23:20:35.360 INFO [http-nio-8081-exec-93] org.apache.jasper.servlet.TldScanner.scanJars At least one JAR was scanned for TLDs yet contained no TLDs. Enable debug logging for this logger for a complete list of JARs that were scanned but no TLDs were found in them. Skipping unneeded JARs during scanning can improve startup time and JSP compilation time.
13-Nov-2022 23:20:35.376 INFO [http-nio-8081-exec-93] org.apache.catalina.core.StandardContext.reload Reloading Context with name [/cuoiki1] is completed
13-Nov-2022 23:22:53.264 INFO [http-nio-8081-exec-105] org.apache.catalina.core.StandardContext.reload Reloading Context with name [/cuoiki1] has started
13-Nov-2022 23:22:53.266 WARNING [http-nio-8081-exec-105] org.apache.catalina.loader.WebappClassLoaderBase.clearReferencesJdbc The web application [cuoiki1] registered the JDBC driver [com.microsoft.sqlserver.jdbc.SQLServerDriver] but failed to unregister it when the web application was stopped. To prevent a memory leak, the JDBC Driver has been forcibly unregistered.
13-Nov-2022 23:22:53.435 INFO [http-nio-8081-exec-105] org.apache.jasper.servlet.TldScanner.scanJars At least one JAR was scanned for TLDs yet contained no TLDs. Enable debug logging for this logger for a complete list of JARs that were scanned but no TLDs were found in them. Skipping unneeded JARs during scanning can improve startup time and JSP compilation time.
13-Nov-2022 23:22:53.454 INFO [http-nio-8081-exec-105] org.apache.catalina.core.StandardContext.reload Reloading Context with name [/cuoiki1] is completed
13-Nov-2022 23:29:37.858 INFO [http-nio-8081-exec-113] org.apache.catalina.core.StandardContext.reload Reloading Context with name [/cuoiki1] has started
13-Nov-2022 23:29:37.862 WARNING [http-nio-8081-exec-113] org.apache.catalina.loader.WebappClassLoaderBase.clearReferencesJdbc The web application [cuoiki1] registered the JDBC driver [com.microsoft.sqlserver.jdbc.SQLServerDriver] but failed to unregister it when the web application was stopped. To prevent a memory leak, the JDBC Driver has been forcibly unregistered.
13-Nov-2022 23:29:38.055 INFO [http-nio-8081-exec-113] org.apache.jasper.servlet.TldScanner.scanJars At least one JAR was scanned for TLDs yet contained no TLDs. Enable debug logging for this logger for a complete list of JARs that were scanned but no TLDs were found in them. Skipping unneeded JARs during scanning can improve startup time and JSP compilation time.
13-Nov-2022 23:29:38.067 INFO [http-nio-8081-exec-113] org.apache.catalina.core.StandardContext.reload Reloading Context with name [/cuoiki1] is completed
13-Nov-2022 23:29:46.414 INFO [http-nio-8081-exec-122] org.apache.catalina.core.StandardContext.reload Reloading Context with name [/cuoiki1] has started
13-Nov-2022 23:29:46.565 INFO [http-nio-8081-exec-122] org.apache.jasper.servlet.TldScanner.scanJars At least one JAR was scanned for TLDs yet contained no TLDs. Enable debug logging for this logger for a complete list of JARs that were scanned but no TLDs were found in them. Skipping unneeded JARs during scanning can improve startup time and JSP compilation time.
13-Nov-2022 23:29:46.573 INFO [http-nio-8081-exec-122] org.apache.catalina.core.StandardContext.reload Reloading Context with name [/cuoiki1] is completed
13-Nov-2022 23:34:57.337 INFO [http-nio-8081-exec-129] org.apache.catalina.core.StandardContext.reload Reloading Context with name [/cuoiki1] has started
13-Nov-2022 23:34:57.337 WARNING [http-nio-8081-exec-129] org.apache.catalina.loader.WebappClassLoaderBase.clearReferencesJdbc The web application [cuoiki1] registered the JDBC driver [com.microsoft.sqlserver.jdbc.SQLServerDriver] but failed to unregister it when the web application was stopped. To prevent a memory leak, the JDBC Driver has been forcibly unregistered.
13-Nov-2022 23:34:57.546 INFO [http-nio-8081-exec-129] org.apache.jasper.servlet.TldScanner.scanJars At least one JAR was scanned for TLDs yet contained no TLDs. Enable debug logging for this logger for a complete list of JARs that were scanned but no TLDs were found in them. Skipping unneeded JARs during scanning can improve startup time and JSP compilation time.
13-Nov-2022 23:34:57.562 INFO [http-nio-8081-exec-129] org.apache.catalina.core.StandardContext.reload Reloading Context with name [/cuoiki1] is completed
13-Nov-2022 23:35:08.261 INFO [http-nio-8081-exec-135] org.apache.catalina.core.StandardContext.reload Reloading Context with name [/cuoiki1] has started
13-Nov-2022 23:35:08.265 WARNING [http-nio-8081-exec-135] org.apache.catalina.loader.WebappClassLoaderBase.clearReferencesJdbc The web application [cuoiki1] registered the JDBC driver [com.microsoft.sqlserver.jdbc.SQLServerDriver] but failed to unregister it when the web application was stopped. To prevent a memory leak, the JDBC Driver has been forcibly unregistered.
13-Nov-2022 23:35:08.442 INFO [http-nio-8081-exec-135] org.apache.jasper.servlet.TldScanner.scanJars At least one JAR was scanned for TLDs yet contained no TLDs. Enable debug logging for this logger for a complete list of JARs that were scanned but no TLDs were found in them. Skipping unneeded JARs during scanning can improve startup time and JSP compilation time.
13-Nov-2022 23:35:08.454 INFO [http-nio-8081-exec-135] org.apache.catalina.core.StandardContext.reload Reloading Context with name [/cuoiki1] is completed
13-Nov-2022 23:41:00.673 INFO [main] org.apache.catalina.core.StandardServer.await A valid shutdown command was received via the shutdown port. Stopping the Server instance.
13-Nov-2022 23:41:00.673 INFO [main] org.apache.coyote.AbstractProtocol.pause Pausing ProtocolHandler ["http-nio-8081"]
13-Nov-2022 23:41:00.847 INFO [main] org.apache.coyote.AbstractProtocol.pause Pausing ProtocolHandler ["ajp-nio-8009"]
13-Nov-2022 23:41:00.997 INFO [main] org.apache.catalina.core.StandardService.stopInternal Stopping service [Catalina]
13-Nov-2022 23:41:01.438 WARNING [localhost-startStop-2] org.apache.catalina.loader.WebappClassLoaderBase.clearReferencesJdbc The web application [cuoiki1] registered the JDBC driver [com.microsoft.sqlserver.jdbc.SQLServerDriver] but failed to unregister it when the web application was stopped. To prevent a memory leak, the JDBC Driver has been forcibly unregistered.
13-Nov-2022 23:41:01.446 INFO [main] org.apache.coyote.AbstractProtocol.stop Stopping ProtocolHandler ["http-nio-8081"]
13-Nov-2022 23:41:01.450 INFO [main] org.apache.coyote.AbstractProtocol.stop Stopping ProtocolHandler ["ajp-nio-8009"]
13-Nov-2022 23:41:01.454 INFO [main] org.apache.coyote.AbstractProtocol.destroy Destroying ProtocolHandler ["http-nio-8081"]
13-Nov-2022 23:41:01.454 INFO [main] org.apache.coyote.AbstractProtocol.destroy Destroying ProtocolHandler ["ajp-nio-8009"]
