21-Nov-2022 13:59:39.030 INFO [main] org.apache.catalina.startup.VersionLoggerListener.log Server version:        Apache Tomcat/8.5.34
21-Nov-2022 13:59:39.045 INFO [main] org.apache.catalina.startup.VersionLoggerListener.log Server built:          Sep 4 2018 22:28:22 UTC
21-Nov-2022 13:59:39.045 INFO [main] org.apache.catalina.startup.VersionLoggerListener.log Server number:         8.5.34.0
21-Nov-2022 13:59:39.045 INFO [main] org.apache.catalina.startup.VersionLoggerListener.log OS Name:               Windows 10
21-Nov-2022 13:59:39.045 INFO [main] org.apache.catalina.startup.VersionLoggerListener.log OS Version:            10.0
21-Nov-2022 13:59:39.045 INFO [main] org.apache.catalina.startup.VersionLoggerListener.log Architecture:          amd64
21-Nov-2022 13:59:39.045 INFO [main] org.apache.catalina.startup.VersionLoggerListener.log Java Home:             C:\Program Files\Java\jdk1.8.0_181\jre
21-Nov-2022 13:59:39.045 INFO [main] org.apache.catalina.startup.VersionLoggerListener.log JVM Version:           1.8.0_181-b13
21-Nov-2022 13:59:39.045 INFO [main] org.apache.catalina.startup.VersionLoggerListener.log JVM Vendor:            Oracle Corporation
21-Nov-2022 13:59:39.045 INFO [main] org.apache.catalina.startup.VersionLoggerListener.log CATALINA_BASE:         D:\apache-tomcat-8.5.34-windows-x64\apache-tomcat-8.5.34
21-Nov-2022 13:59:39.045 INFO [main] org.apache.catalina.startup.VersionLoggerListener.log CATALINA_HOME:         D:\apache-tomcat-8.5.34-windows-x64\apache-tomcat-8.5.34
21-Nov-2022 13:59:39.045 INFO [main] org.apache.catalina.startup.VersionLoggerListener.log Command line argument: -Djava.util.logging.config.file=D:\apache-tomcat-8.5.34-windows-x64\apache-tomcat-8.5.34\conf\logging.properties
21-Nov-2022 13:59:39.045 INFO [main] org.apache.catalina.startup.VersionLoggerListener.log Command line argument: -Djava.util.logging.manager=org.apache.juli.ClassLoaderLogManager
21-Nov-2022 13:59:39.045 INFO [main] org.apache.catalina.startup.VersionLoggerListener.log Command line argument: -Dhttp.nonProxyHosts=localhost|127.0.0.1|DESKTOP-UTRCQSJ
21-Nov-2022 13:59:39.045 INFO [main] org.apache.catalina.startup.VersionLoggerListener.log Command line argument: -Djdk.tls.ephemeralDHKeySize=2048
21-Nov-2022 13:59:39.045 INFO [main] org.apache.catalina.startup.VersionLoggerListener.log Command line argument: -Djava.protocol.handler.pkgs=org.apache.catalina.webresources
21-Nov-2022 13:59:39.045 INFO [main] org.apache.catalina.startup.VersionLoggerListener.log Command line argument: -Dignore.endorsed.dirs=
21-Nov-2022 13:59:39.045 INFO [main] org.apache.catalina.startup.VersionLoggerListener.log Command line argument: -Dcatalina.base=D:\apache-tomcat-8.5.34-windows-x64\apache-tomcat-8.5.34
21-Nov-2022 13:59:39.045 INFO [main] org.apache.catalina.startup.VersionLoggerListener.log Command line argument: -Dcatalina.home=D:\apache-tomcat-8.5.34-windows-x64\apache-tomcat-8.5.34
21-Nov-2022 13:59:39.045 INFO [main] org.apache.catalina.startup.VersionLoggerListener.log Command line argument: -Djava.io.tmpdir=D:\apache-tomcat-8.5.34-windows-x64\apache-tomcat-8.5.34\temp
21-Nov-2022 13:59:39.045 INFO [main] org.apache.catalina.core.AprLifecycleListener.lifecycleEvent Loaded APR based Apache Tomcat Native library [1.2.17] using APR version [1.6.3].
21-Nov-2022 13:59:39.045 INFO [main] org.apache.catalina.core.AprLifecycleListener.lifecycleEvent APR capabilities: IPv6 [true], sendfile [true], accept filters [false], random [true].
21-Nov-2022 13:59:39.045 INFO [main] org.apache.catalina.core.AprLifecycleListener.lifecycleEvent APR/OpenSSL configuration: useAprConnector [false], useOpenSSL [true]
21-Nov-2022 13:59:39.428 INFO [main] org.apache.catalina.core.AprLifecycleListener.initializeSSL OpenSSL successfully initialized [OpenSSL 1.0.2o  27 Mar 2018]
21-Nov-2022 13:59:39.611 INFO [main] org.apache.coyote.AbstractProtocol.init Initializing ProtocolHandler ["http-nio-8081"]
21-Nov-2022 13:59:39.822 INFO [main] org.apache.tomcat.util.net.NioSelectorPool.getSharedSelector Using a shared selector for servlet write/read
21-Nov-2022 13:59:39.842 INFO [main] org.apache.coyote.AbstractProtocol.init Initializing ProtocolHandler ["ajp-nio-8009"]
21-Nov-2022 13:59:39.842 INFO [main] org.apache.tomcat.util.net.NioSelectorPool.getSharedSelector Using a shared selector for servlet write/read
21-Nov-2022 13:59:39.842 INFO [main] org.apache.catalina.startup.Catalina.load Initialization processed in 1960 ms
21-Nov-2022 13:59:39.868 INFO [main] org.apache.catalina.core.StandardService.startInternal Starting service [Catalina]
21-Nov-2022 13:59:39.868 INFO [main] org.apache.catalina.core.StandardEngine.startInternal Starting Servlet Engine: Apache Tomcat/8.5.34
21-Nov-2022 13:59:39.884 INFO [localhost-startStop-1] org.apache.catalina.startup.HostConfig.deployDescriptor Deploying configuration descriptor [D:\apache-tomcat-8.5.34-windows-x64\apache-tomcat-8.5.34\conf\Catalina\localhost\cuoiki1.xml]
21-Nov-2022 13:59:40.433 INFO [localhost-startStop-1] org.apache.jasper.servlet.TldScanner.scanJars At least one JAR was scanned for TLDs yet contained no TLDs. Enable debug logging for this logger for a complete list of JARs that were scanned but no TLDs were found in them. Skipping unneeded JARs during scanning can improve startup time and JSP compilation time.
21-Nov-2022 13:59:40.482 INFO [localhost-startStop-1] org.apache.catalina.startup.HostConfig.deployDescriptor Deployment of configuration descriptor [D:\apache-tomcat-8.5.34-windows-x64\apache-tomcat-8.5.34\conf\Catalina\localhost\cuoiki1.xml] has finished in [598] ms
21-Nov-2022 13:59:40.498 INFO [localhost-startStop-1] org.apache.catalina.startup.HostConfig.deployDirectory Deploying web application directory [D:\apache-tomcat-8.5.34-windows-x64\apache-tomcat-8.5.34\webapps\docs]
21-Nov-2022 13:59:40.498 INFO [localhost-startStop-1] org.apache.catalina.startup.HostConfig.deployDirectory Deployment of web application directory [D:\apache-tomcat-8.5.34-windows-x64\apache-tomcat-8.5.34\webapps\docs] has finished in [0] ms
21-Nov-2022 13:59:40.498 INFO [localhost-startStop-1] org.apache.catalina.startup.HostConfig.deployDirectory Deploying web application directory [D:\apache-tomcat-8.5.34-windows-x64\apache-tomcat-8.5.34\webapps\examples]
21-Nov-2022 13:59:41.004 INFO [localhost-startStop-1] org.apache.catalina.startup.HostConfig.deployDirectory Deployment of web application directory [D:\apache-tomcat-8.5.34-windows-x64\apache-tomcat-8.5.34\webapps\examples] has finished in [506] ms
21-Nov-2022 13:59:41.004 INFO [localhost-startStop-1] org.apache.catalina.startup.HostConfig.deployDirectory Deploying web application directory [D:\apache-tomcat-8.5.34-windows-x64\apache-tomcat-8.5.34\webapps\host-manager]
21-Nov-2022 13:59:41.024 INFO [localhost-startStop-1] org.apache.catalina.startup.HostConfig.deployDirectory Deployment of web application directory [D:\apache-tomcat-8.5.34-windows-x64\apache-tomcat-8.5.34\webapps\host-manager] has finished in [20] ms
21-Nov-2022 13:59:41.024 INFO [localhost-startStop-1] org.apache.catalina.startup.HostConfig.deployDirectory Deploying web application directory [D:\apache-tomcat-8.5.34-windows-x64\apache-tomcat-8.5.34\webapps\manager]
21-Nov-2022 13:59:41.065 INFO [localhost-startStop-1] org.apache.catalina.startup.HostConfig.deployDirectory Deployment of web application directory [D:\apache-tomcat-8.5.34-windows-x64\apache-tomcat-8.5.34\webapps\manager] has finished in [41] ms
21-Nov-2022 13:59:41.065 INFO [localhost-startStop-1] org.apache.catalina.startup.HostConfig.deployDirectory Deploying web application directory [D:\apache-tomcat-8.5.34-windows-x64\apache-tomcat-8.5.34\webapps\ROOT]
21-Nov-2022 13:59:41.114 INFO [localhost-startStop-1] org.apache.catalina.startup.HostConfig.deployDirectory Deployment of web application directory [D:\apache-tomcat-8.5.34-windows-x64\apache-tomcat-8.5.34\webapps\ROOT] has finished in [49] ms
21-Nov-2022 13:59:41.116 INFO [main] org.apache.coyote.AbstractProtocol.start Starting ProtocolHandler ["http-nio-8081"]
21-Nov-2022 13:59:41.124 INFO [main] org.apache.coyote.AbstractProtocol.start Starting ProtocolHandler ["ajp-nio-8009"]
21-Nov-2022 13:59:41.128 INFO [main] org.apache.catalina.startup.Catalina.start Server startup in 1283 ms
21-Nov-2022 13:59:44.561 INFO [http-nio-8081-exec-9] org.apache.catalina.core.StandardContext.reload Reloading Context with name [/cuoiki1] has started
21-Nov-2022 13:59:44.776 INFO [http-nio-8081-exec-9] org.apache.jasper.servlet.TldScanner.scanJars At least one JAR was scanned for TLDs yet contained no TLDs. Enable debug logging for this logger for a complete list of JARs that were scanned but no TLDs were found in them. Skipping unneeded JARs during scanning can improve startup time and JSP compilation time.
21-Nov-2022 13:59:44.801 INFO [http-nio-8081-exec-9] org.apache.catalina.core.StandardContext.reload Reloading Context with name [/cuoiki1] is completed
21-Nov-2022 21:20:50.737 INFO [main] org.apache.catalina.startup.VersionLoggerListener.log Server version:        Apache Tomcat/8.5.34
21-Nov-2022 21:20:50.753 INFO [main] org.apache.catalina.startup.VersionLoggerListener.log Server built:          Sep 4 2018 22:28:22 UTC
21-Nov-2022 21:20:50.753 INFO [main] org.apache.catalina.startup.VersionLoggerListener.log Server number:         8.5.34.0
21-Nov-2022 21:20:50.753 INFO [main] org.apache.catalina.startup.VersionLoggerListener.log OS Name:               Windows 10
21-Nov-2022 21:20:50.753 INFO [main] org.apache.catalina.startup.VersionLoggerListener.log OS Version:            10.0
21-Nov-2022 21:20:50.753 INFO [main] org.apache.catalina.startup.VersionLoggerListener.log Architecture:          amd64
21-Nov-2022 21:20:50.753 INFO [main] org.apache.catalina.startup.VersionLoggerListener.log Java Home:             C:\Program Files\Java\jdk1.8.0_181\jre
21-Nov-2022 21:20:50.753 INFO [main] org.apache.catalina.startup.VersionLoggerListener.log JVM Version:           1.8.0_181-b13
21-Nov-2022 21:20:50.753 INFO [main] org.apache.catalina.startup.VersionLoggerListener.log JVM Vendor:            Oracle Corporation
21-Nov-2022 21:20:50.753 INFO [main] org.apache.catalina.startup.VersionLoggerListener.log CATALINA_BASE:         D:\apache-tomcat-8.5.34-windows-x64\apache-tomcat-8.5.34
21-Nov-2022 21:20:50.753 INFO [main] org.apache.catalina.startup.VersionLoggerListener.log CATALINA_HOME:         D:\apache-tomcat-8.5.34-windows-x64\apache-tomcat-8.5.34
21-Nov-2022 21:20:50.753 INFO [main] org.apache.catalina.startup.VersionLoggerListener.log Command line argument: -Djava.util.logging.config.file=D:\apache-tomcat-8.5.34-windows-x64\apache-tomcat-8.5.34\conf\logging.properties
21-Nov-2022 21:20:50.753 INFO [main] org.apache.catalina.startup.VersionLoggerListener.log Command line argument: -Djava.util.logging.manager=org.apache.juli.ClassLoaderLogManager
21-Nov-2022 21:20:50.753 INFO [main] org.apache.catalina.startup.VersionLoggerListener.log Command line argument: -Dhttp.nonProxyHosts=localhost|127.0.0.1|DESKTOP-UTRCQSJ
21-Nov-2022 21:20:50.753 INFO [main] org.apache.catalina.startup.VersionLoggerListener.log Command line argument: -Djdk.tls.ephemeralDHKeySize=2048
21-Nov-2022 21:20:50.753 INFO [main] org.apache.catalina.startup.VersionLoggerListener.log Command line argument: -Djava.protocol.handler.pkgs=org.apache.catalina.webresources
21-Nov-2022 21:20:50.753 INFO [main] org.apache.catalina.startup.VersionLoggerListener.log Command line argument: -Dignore.endorsed.dirs=
21-Nov-2022 21:20:50.753 INFO [main] org.apache.catalina.startup.VersionLoggerListener.log Command line argument: -Dcatalina.base=D:\apache-tomcat-8.5.34-windows-x64\apache-tomcat-8.5.34
21-Nov-2022 21:20:50.753 INFO [main] org.apache.catalina.startup.VersionLoggerListener.log Command line argument: -Dcatalina.home=D:\apache-tomcat-8.5.34-windows-x64\apache-tomcat-8.5.34
21-Nov-2022 21:20:50.753 INFO [main] org.apache.catalina.startup.VersionLoggerListener.log Command line argument: -Djava.io.tmpdir=D:\apache-tomcat-8.5.34-windows-x64\apache-tomcat-8.5.34\temp
21-Nov-2022 21:20:50.753 INFO [main] org.apache.catalina.core.AprLifecycleListener.lifecycleEvent Loaded APR based Apache Tomcat Native library [1.2.17] using APR version [1.6.3].
21-Nov-2022 21:20:50.753 INFO [main] org.apache.catalina.core.AprLifecycleListener.lifecycleEvent APR capabilities: IPv6 [true], sendfile [true], accept filters [false], random [true].
21-Nov-2022 21:20:50.753 INFO [main] org.apache.catalina.core.AprLifecycleListener.lifecycleEvent APR/OpenSSL configuration: useAprConnector [false], useOpenSSL [true]
21-Nov-2022 21:20:51.201 INFO [main] org.apache.catalina.core.AprLifecycleListener.initializeSSL OpenSSL successfully initialized [OpenSSL 1.0.2o  27 Mar 2018]
21-Nov-2022 21:20:51.397 INFO [main] org.apache.coyote.AbstractProtocol.init Initializing ProtocolHandler ["http-nio-8081"]
21-Nov-2022 21:20:51.668 INFO [main] org.apache.tomcat.util.net.NioSelectorPool.getSharedSelector Using a shared selector for servlet write/read
21-Nov-2022 21:20:51.684 INFO [main] org.apache.coyote.AbstractProtocol.init Initializing ProtocolHandler ["ajp-nio-8009"]
21-Nov-2022 21:20:51.684 INFO [main] org.apache.tomcat.util.net.NioSelectorPool.getSharedSelector Using a shared selector for servlet write/read
21-Nov-2022 21:20:51.684 INFO [main] org.apache.catalina.startup.Catalina.load Initialization processed in 2188 ms
21-Nov-2022 21:20:51.701 INFO [main] org.apache.catalina.core.StandardService.startInternal Starting service [Catalina]
21-Nov-2022 21:20:51.701 INFO [main] org.apache.catalina.core.StandardEngine.startInternal Starting Servlet Engine: Apache Tomcat/8.5.34
21-Nov-2022 21:20:51.723 INFO [localhost-startStop-1] org.apache.catalina.startup.HostConfig.deployDescriptor Deploying configuration descriptor [D:\apache-tomcat-8.5.34-windows-x64\apache-tomcat-8.5.34\conf\Catalina\localhost\cuoiki1.xml]
21-Nov-2022 21:20:52.337 INFO [localhost-startStop-1] org.apache.jasper.servlet.TldScanner.scanJars At least one JAR was scanned for TLDs yet contained no TLDs. Enable debug logging for this logger for a complete list of JARs that were scanned but no TLDs were found in them. Skipping unneeded JARs during scanning can improve startup time and JSP compilation time.
21-Nov-2022 21:20:52.389 INFO [localhost-startStop-1] org.apache.catalina.startup.HostConfig.deployDescriptor Deployment of configuration descriptor [D:\apache-tomcat-8.5.34-windows-x64\apache-tomcat-8.5.34\conf\Catalina\localhost\cuoiki1.xml] has finished in [664] ms
21-Nov-2022 21:20:52.389 INFO [localhost-startStop-1] org.apache.catalina.startup.HostConfig.deployDirectory Deploying web application directory [D:\apache-tomcat-8.5.34-windows-x64\apache-tomcat-8.5.34\webapps\docs]
21-Nov-2022 21:20:52.405 INFO [localhost-startStop-1] org.apache.catalina.startup.HostConfig.deployDirectory Deployment of web application directory [D:\apache-tomcat-8.5.34-windows-x64\apache-tomcat-8.5.34\webapps\docs] has finished in [16] ms
21-Nov-2022 21:20:52.405 INFO [localhost-startStop-1] org.apache.catalina.startup.HostConfig.deployDirectory Deploying web application directory [D:\apache-tomcat-8.5.34-windows-x64\apache-tomcat-8.5.34\webapps\examples]
21-Nov-2022 21:20:53.060 INFO [localhost-startStop-1] org.apache.catalina.startup.HostConfig.deployDirectory Deployment of web application directory [D:\apache-tomcat-8.5.34-windows-x64\apache-tomcat-8.5.34\webapps\examples] has finished in [655] ms
21-Nov-2022 21:20:53.060 INFO [localhost-startStop-1] org.apache.catalina.startup.HostConfig.deployDirectory Deploying web application directory [D:\apache-tomcat-8.5.34-windows-x64\apache-tomcat-8.5.34\webapps\host-manager]
21-Nov-2022 21:20:53.086 INFO [localhost-startStop-1] org.apache.catalina.startup.HostConfig.deployDirectory Deployment of web application directory [D:\apache-tomcat-8.5.34-windows-x64\apache-tomcat-8.5.34\webapps\host-manager] has finished in [26] ms
21-Nov-2022 21:20:53.088 INFO [localhost-startStop-1] org.apache.catalina.startup.HostConfig.deployDirectory Deploying web application directory [D:\apache-tomcat-8.5.34-windows-x64\apache-tomcat-8.5.34\webapps\manager]
21-Nov-2022 21:20:53.114 INFO [localhost-startStop-1] org.apache.catalina.startup.HostConfig.deployDirectory Deployment of web application directory [D:\apache-tomcat-8.5.34-windows-x64\apache-tomcat-8.5.34\webapps\manager] has finished in [28] ms
21-Nov-2022 21:20:53.114 INFO [localhost-startStop-1] org.apache.catalina.startup.HostConfig.deployDirectory Deploying web application directory [D:\apache-tomcat-8.5.34-windows-x64\apache-tomcat-8.5.34\webapps\ROOT]
21-Nov-2022 21:20:53.131 INFO [localhost-startStop-1] org.apache.catalina.startup.HostConfig.deployDirectory Deployment of web application directory [D:\apache-tomcat-8.5.34-windows-x64\apache-tomcat-8.5.34\webapps\ROOT] has finished in [17] ms
21-Nov-2022 21:20:53.133 INFO [main] org.apache.coyote.AbstractProtocol.start Starting ProtocolHandler ["http-nio-8081"]
21-Nov-2022 21:20:53.139 INFO [main] org.apache.coyote.AbstractProtocol.start Starting ProtocolHandler ["ajp-nio-8009"]
21-Nov-2022 21:20:53.143 INFO [main] org.apache.catalina.startup.Catalina.start Server startup in 1456 ms
