20-Nov-2022 09:37:03.945 INFO [main] org.apache.catalina.startup.VersionLoggerListener.log Server version:        Apache Tomcat/8.5.34
20-Nov-2022 09:37:03.961 INFO [main] org.apache.catalina.startup.VersionLoggerListener.log Server built:          Sep 4 2018 22:28:22 UTC
20-Nov-2022 09:37:03.961 INFO [main] org.apache.catalina.startup.VersionLoggerListener.log Server number:         8.5.34.0
20-Nov-2022 09:37:03.961 INFO [main] org.apache.catalina.startup.VersionLoggerListener.log OS Name:               Windows 10
20-Nov-2022 09:37:03.961 INFO [main] org.apache.catalina.startup.VersionLoggerListener.log OS Version:            10.0
20-Nov-2022 09:37:03.961 INFO [main] org.apache.catalina.startup.VersionLoggerListener.log Architecture:          amd64
20-Nov-2022 09:37:03.961 INFO [main] org.apache.catalina.startup.VersionLoggerListener.log Java Home:             C:\Program Files\Java\jdk1.8.0_181\jre
20-Nov-2022 09:37:03.961 INFO [main] org.apache.catalina.startup.VersionLoggerListener.log JVM Version:           1.8.0_181-b13
20-Nov-2022 09:37:03.961 INFO [main] org.apache.catalina.startup.VersionLoggerListener.log JVM Vendor:            Oracle Corporation
20-Nov-2022 09:37:03.961 INFO [main] org.apache.catalina.startup.VersionLoggerListener.log CATALINA_BASE:         D:\apache-tomcat-8.5.34-windows-x64\apache-tomcat-8.5.34
20-Nov-2022 09:37:03.961 INFO [main] org.apache.catalina.startup.VersionLoggerListener.log CATALINA_HOME:         D:\apache-tomcat-8.5.34-windows-x64\apache-tomcat-8.5.34
20-Nov-2022 09:37:03.961 INFO [main] org.apache.catalina.startup.VersionLoggerListener.log Command line argument: -Djava.util.logging.config.file=D:\apache-tomcat-8.5.34-windows-x64\apache-tomcat-8.5.34\conf\logging.properties
20-Nov-2022 09:37:03.961 INFO [main] org.apache.catalina.startup.VersionLoggerListener.log Command line argument: -Djava.util.logging.manager=org.apache.juli.ClassLoaderLogManager
20-Nov-2022 09:37:03.961 INFO [main] org.apache.catalina.startup.VersionLoggerListener.log Command line argument: -Dhttp.nonProxyHosts=localhost|127.0.0.1|DESKTOP-UTRCQSJ
20-Nov-2022 09:37:03.961 INFO [main] org.apache.catalina.startup.VersionLoggerListener.log Command line argument: -Djdk.tls.ephemeralDHKeySize=2048
20-Nov-2022 09:37:03.961 INFO [main] org.apache.catalina.startup.VersionLoggerListener.log Command line argument: -Djava.protocol.handler.pkgs=org.apache.catalina.webresources
20-Nov-2022 09:37:03.961 INFO [main] org.apache.catalina.startup.VersionLoggerListener.log Command line argument: -Dignore.endorsed.dirs=
20-Nov-2022 09:37:03.961 INFO [main] org.apache.catalina.startup.VersionLoggerListener.log Command line argument: -Dcatalina.base=D:\apache-tomcat-8.5.34-windows-x64\apache-tomcat-8.5.34
20-Nov-2022 09:37:03.961 INFO [main] org.apache.catalina.startup.VersionLoggerListener.log Command line argument: -Dcatalina.home=D:\apache-tomcat-8.5.34-windows-x64\apache-tomcat-8.5.34
20-Nov-2022 09:37:03.961 INFO [main] org.apache.catalina.startup.VersionLoggerListener.log Command line argument: -Djava.io.tmpdir=D:\apache-tomcat-8.5.34-windows-x64\apache-tomcat-8.5.34\temp
20-Nov-2022 09:37:03.961 INFO [main] org.apache.catalina.core.AprLifecycleListener.lifecycleEvent Loaded APR based Apache Tomcat Native library [1.2.17] using APR version [1.6.3].
20-Nov-2022 09:37:03.961 INFO [main] org.apache.catalina.core.AprLifecycleListener.lifecycleEvent APR capabilities: IPv6 [true], sendfile [true], accept filters [false], random [true].
20-Nov-2022 09:37:03.961 INFO [main] org.apache.catalina.core.AprLifecycleListener.lifecycleEvent APR/OpenSSL configuration: useAprConnector [false], useOpenSSL [true]
20-Nov-2022 09:37:04.508 INFO [main] org.apache.catalina.core.AprLifecycleListener.initializeSSL OpenSSL successfully initialized [OpenSSL 1.0.2o  27 Mar 2018]
20-Nov-2022 09:37:04.633 INFO [main] org.apache.coyote.AbstractProtocol.init Initializing ProtocolHandler ["http-nio-8081"]
20-Nov-2022 09:37:04.805 INFO [main] org.apache.tomcat.util.net.NioSelectorPool.getSharedSelector Using a shared selector for servlet write/read
20-Nov-2022 09:37:04.805 INFO [main] org.apache.coyote.AbstractProtocol.init Initializing ProtocolHandler ["ajp-nio-8009"]
20-Nov-2022 09:37:04.805 INFO [main] org.apache.tomcat.util.net.NioSelectorPool.getSharedSelector Using a shared selector for servlet write/read
20-Nov-2022 09:37:04.805 INFO [main] org.apache.catalina.startup.Catalina.load Initialization processed in 1675 ms
20-Nov-2022 09:37:04.851 INFO [main] org.apache.catalina.core.StandardService.startInternal Starting service [Catalina]
20-Nov-2022 09:37:04.851 INFO [main] org.apache.catalina.core.StandardEngine.startInternal Starting Servlet Engine: Apache Tomcat/8.5.34
20-Nov-2022 09:37:04.851 INFO [localhost-startStop-1] org.apache.catalina.startup.HostConfig.deployDescriptor Deploying configuration descriptor [D:\apache-tomcat-8.5.34-windows-x64\apache-tomcat-8.5.34\conf\Catalina\localhost\cuoiki1.xml]
20-Nov-2022 09:37:05.429 INFO [localhost-startStop-1] org.apache.jasper.servlet.TldScanner.scanJars At least one JAR was scanned for TLDs yet contained no TLDs. Enable debug logging for this logger for a complete list of JARs that were scanned but no TLDs were found in them. Skipping unneeded JARs during scanning can improve startup time and JSP compilation time.
20-Nov-2022 09:37:05.476 INFO [localhost-startStop-1] org.apache.catalina.startup.HostConfig.deployDescriptor Deployment of configuration descriptor [D:\apache-tomcat-8.5.34-windows-x64\apache-tomcat-8.5.34\conf\Catalina\localhost\cuoiki1.xml] has finished in [625] ms
20-Nov-2022 09:37:05.476 INFO [localhost-startStop-1] org.apache.catalina.startup.HostConfig.deployDirectory Deploying web application directory [D:\apache-tomcat-8.5.34-windows-x64\apache-tomcat-8.5.34\webapps\docs]
20-Nov-2022 09:37:05.492 INFO [localhost-startStop-1] org.apache.catalina.startup.HostConfig.deployDirectory Deployment of web application directory [D:\apache-tomcat-8.5.34-windows-x64\apache-tomcat-8.5.34\webapps\docs] has finished in [16] ms
20-Nov-2022 09:37:05.492 INFO [localhost-startStop-1] org.apache.catalina.startup.HostConfig.deployDirectory Deploying web application directory [D:\apache-tomcat-8.5.34-windows-x64\apache-tomcat-8.5.34\webapps\examples]
20-Nov-2022 09:37:05.898 INFO [localhost-startStop-1] org.apache.catalina.startup.HostConfig.deployDirectory Deployment of web application directory [D:\apache-tomcat-8.5.34-windows-x64\apache-tomcat-8.5.34\webapps\examples] has finished in [406] ms
20-Nov-2022 09:37:05.898 INFO [localhost-startStop-1] org.apache.catalina.startup.HostConfig.deployDirectory Deploying web application directory [D:\apache-tomcat-8.5.34-windows-x64\apache-tomcat-8.5.34\webapps\host-manager]
20-Nov-2022 09:37:05.929 INFO [localhost-startStop-1] org.apache.catalina.startup.HostConfig.deployDirectory Deployment of web application directory [D:\apache-tomcat-8.5.34-windows-x64\apache-tomcat-8.5.34\webapps\host-manager] has finished in [31] ms
20-Nov-2022 09:37:05.929 INFO [localhost-startStop-1] org.apache.catalina.startup.HostConfig.deployDirectory Deploying web application directory [D:\apache-tomcat-8.5.34-windows-x64\apache-tomcat-8.5.34\webapps\manager]
20-Nov-2022 09:37:05.976 INFO [localhost-startStop-1] org.apache.catalina.startup.HostConfig.deployDirectory Deployment of web application directory [D:\apache-tomcat-8.5.34-windows-x64\apache-tomcat-8.5.34\webapps\manager] has finished in [47] ms
20-Nov-2022 09:37:05.976 INFO [localhost-startStop-1] org.apache.catalina.startup.HostConfig.deployDirectory Deploying web application directory [D:\apache-tomcat-8.5.34-windows-x64\apache-tomcat-8.5.34\webapps\ROOT]
20-Nov-2022 09:37:06.023 INFO [localhost-startStop-1] org.apache.catalina.startup.HostConfig.deployDirectory Deployment of web application directory [D:\apache-tomcat-8.5.34-windows-x64\apache-tomcat-8.5.34\webapps\ROOT] has finished in [32] ms
20-Nov-2022 09:37:06.023 INFO [main] org.apache.coyote.AbstractProtocol.start Starting ProtocolHandler ["http-nio-8081"]
20-Nov-2022 09:37:06.023 INFO [main] org.apache.coyote.AbstractProtocol.start Starting ProtocolHandler ["ajp-nio-8009"]
20-Nov-2022 09:37:06.039 INFO [main] org.apache.catalina.startup.Catalina.start Server startup in 1221 ms
20-Nov-2022 09:37:13.159 INFO [http-nio-8081-exec-9] org.apache.catalina.core.StandardContext.reload Reloading Context with name [/cuoiki1] has started
20-Nov-2022 09:37:13.381 INFO [http-nio-8081-exec-9] org.apache.jasper.servlet.TldScanner.scanJars At least one JAR was scanned for TLDs yet contained no TLDs. Enable debug logging for this logger for a complete list of JARs that were scanned but no TLDs were found in them. Skipping unneeded JARs during scanning can improve startup time and JSP compilation time.
20-Nov-2022 09:37:13.408 INFO [http-nio-8081-exec-9] org.apache.catalina.core.StandardContext.reload Reloading Context with name [/cuoiki1] is completed
20-Nov-2022 09:38:15.124 INFO [http-nio-8081-exec-4] org.apache.catalina.core.StandardContext.reload Reloading Context with name [/cuoiki1] has started
20-Nov-2022 09:38:15.142 WARNING [http-nio-8081-exec-4] org.apache.catalina.loader.WebappClassLoaderBase.clearReferencesJdbc The web application [cuoiki1] registered the JDBC driver [com.microsoft.sqlserver.jdbc.SQLServerDriver] but failed to unregister it when the web application was stopped. To prevent a memory leak, the JDBC Driver has been forcibly unregistered.
20-Nov-2022 09:38:15.409 INFO [http-nio-8081-exec-4] org.apache.jasper.servlet.TldScanner.scanJars At least one JAR was scanned for TLDs yet contained no TLDs. Enable debug logging for this logger for a complete list of JARs that were scanned but no TLDs were found in them. Skipping unneeded JARs during scanning can improve startup time and JSP compilation time.
20-Nov-2022 09:38:15.417 INFO [http-nio-8081-exec-4] org.apache.catalina.core.StandardContext.reload Reloading Context with name [/cuoiki1] is completed
20-Nov-2022 09:41:39.759 INFO [http-nio-8081-exec-17] org.apache.catalina.core.StandardContext.reload Reloading Context with name [/cuoiki1] has started
20-Nov-2022 09:41:39.768 WARNING [http-nio-8081-exec-17] org.apache.catalina.loader.WebappClassLoaderBase.clearReferencesJdbc The web application [cuoiki1] registered the JDBC driver [com.microsoft.sqlserver.jdbc.SQLServerDriver] but failed to unregister it when the web application was stopped. To prevent a memory leak, the JDBC Driver has been forcibly unregistered.
20-Nov-2022 09:41:39.972 INFO [http-nio-8081-exec-17] org.apache.jasper.servlet.TldScanner.scanJars At least one JAR was scanned for TLDs yet contained no TLDs. Enable debug logging for this logger for a complete list of JARs that were scanned but no TLDs were found in them. Skipping unneeded JARs during scanning can improve startup time and JSP compilation time.
20-Nov-2022 09:41:39.993 INFO [http-nio-8081-exec-17] org.apache.catalina.core.StandardContext.reload Reloading Context with name [/cuoiki1] is completed
20-Nov-2022 09:45:58.157 INFO [http-nio-8081-exec-28] org.apache.catalina.core.StandardContext.reload Reloading Context with name [/cuoiki1] has started
20-Nov-2022 09:45:58.360 INFO [http-nio-8081-exec-28] org.apache.jasper.servlet.TldScanner.scanJars At least one JAR was scanned for TLDs yet contained no TLDs. Enable debug logging for this logger for a complete list of JARs that were scanned but no TLDs were found in them. Skipping unneeded JARs during scanning can improve startup time and JSP compilation time.
20-Nov-2022 09:45:58.387 INFO [http-nio-8081-exec-28] org.apache.catalina.core.StandardContext.reload Reloading Context with name [/cuoiki1] is completed
20-Nov-2022 09:46:31.039 INFO [http-nio-8081-exec-18] org.apache.catalina.core.StandardContext.reload Reloading Context with name [/cuoiki1] has started
20-Nov-2022 09:46:31.217 INFO [http-nio-8081-exec-18] org.apache.jasper.servlet.TldScanner.scanJars At least one JAR was scanned for TLDs yet contained no TLDs. Enable debug logging for this logger for a complete list of JARs that were scanned but no TLDs were found in them. Skipping unneeded JARs during scanning can improve startup time and JSP compilation time.
20-Nov-2022 09:46:31.231 INFO [http-nio-8081-exec-18] org.apache.catalina.core.StandardContext.reload Reloading Context with name [/cuoiki1] is completed
20-Nov-2022 09:47:26.660 INFO [http-nio-8081-exec-31] org.apache.catalina.core.StandardContext.reload Reloading Context with name [/cuoiki1] has started
20-Nov-2022 09:47:26.845 INFO [http-nio-8081-exec-31] org.apache.jasper.servlet.TldScanner.scanJars At least one JAR was scanned for TLDs yet contained no TLDs. Enable debug logging for this logger for a complete list of JARs that were scanned but no TLDs were found in them. Skipping unneeded JARs during scanning can improve startup time and JSP compilation time.
20-Nov-2022 09:47:26.862 INFO [http-nio-8081-exec-31] org.apache.catalina.core.StandardContext.reload Reloading Context with name [/cuoiki1] is completed
20-Nov-2022 09:48:41.332 INFO [http-nio-8081-exec-38] org.apache.catalina.core.StandardContext.reload Reloading Context with name [/cuoiki1] has started
20-Nov-2022 09:48:41.339 WARNING [http-nio-8081-exec-38] org.apache.catalina.loader.WebappClassLoaderBase.clearReferencesJdbc The web application [cuoiki1] registered the JDBC driver [com.microsoft.sqlserver.jdbc.SQLServerDriver] but failed to unregister it when the web application was stopped. To prevent a memory leak, the JDBC Driver has been forcibly unregistered.
20-Nov-2022 09:48:41.493 INFO [http-nio-8081-exec-38] org.apache.jasper.servlet.TldScanner.scanJars At least one JAR was scanned for TLDs yet contained no TLDs. Enable debug logging for this logger for a complete list of JARs that were scanned but no TLDs were found in them. Skipping unneeded JARs during scanning can improve startup time and JSP compilation time.
20-Nov-2022 09:48:41.509 INFO [http-nio-8081-exec-38] org.apache.catalina.core.StandardContext.reload Reloading Context with name [/cuoiki1] is completed
20-Nov-2022 09:48:51.517 INFO [http-nio-8081-exec-34] org.apache.catalina.core.StandardContext.reload Reloading Context with name [/cuoiki1] has started
20-Nov-2022 09:48:51.691 INFO [http-nio-8081-exec-34] org.apache.jasper.servlet.TldScanner.scanJars At least one JAR was scanned for TLDs yet contained no TLDs. Enable debug logging for this logger for a complete list of JARs that were scanned but no TLDs were found in them. Skipping unneeded JARs during scanning can improve startup time and JSP compilation time.
20-Nov-2022 09:48:51.691 INFO [http-nio-8081-exec-34] org.apache.catalina.core.StandardContext.reload Reloading Context with name [/cuoiki1] is completed
20-Nov-2022 09:50:34.251 INFO [http-nio-8081-exec-44] org.apache.catalina.core.StandardContext.reload Reloading Context with name [/cuoiki1] has started
20-Nov-2022 09:50:34.251 WARNING [http-nio-8081-exec-44] org.apache.catalina.loader.WebappClassLoaderBase.clearReferencesJdbc The web application [cuoiki1] registered the JDBC driver [com.microsoft.sqlserver.jdbc.SQLServerDriver] but failed to unregister it when the web application was stopped. To prevent a memory leak, the JDBC Driver has been forcibly unregistered.
20-Nov-2022 09:50:34.443 INFO [http-nio-8081-exec-44] org.apache.jasper.servlet.TldScanner.scanJars At least one JAR was scanned for TLDs yet contained no TLDs. Enable debug logging for this logger for a complete list of JARs that were scanned but no TLDs were found in them. Skipping unneeded JARs during scanning can improve startup time and JSP compilation time.
20-Nov-2022 09:50:34.462 INFO [http-nio-8081-exec-44] org.apache.catalina.core.StandardContext.reload Reloading Context with name [/cuoiki1] is completed
20-Nov-2022 09:50:50.364 INFO [http-nio-8081-exec-43] org.apache.catalina.core.StandardContext.reload Reloading Context with name [/cuoiki1] has started
20-Nov-2022 09:50:50.371 WARNING [http-nio-8081-exec-43] org.apache.catalina.loader.WebappClassLoaderBase.clearReferencesJdbc The web application [cuoiki1] registered the JDBC driver [com.microsoft.sqlserver.jdbc.SQLServerDriver] but failed to unregister it when the web application was stopped. To prevent a memory leak, the JDBC Driver has been forcibly unregistered.
20-Nov-2022 09:50:50.516 INFO [http-nio-8081-exec-43] org.apache.jasper.servlet.TldScanner.scanJars At least one JAR was scanned for TLDs yet contained no TLDs. Enable debug logging for this logger for a complete list of JARs that were scanned but no TLDs were found in them. Skipping unneeded JARs during scanning can improve startup time and JSP compilation time.
20-Nov-2022 09:50:50.526 INFO [http-nio-8081-exec-43] org.apache.catalina.core.StandardContext.reload Reloading Context with name [/cuoiki1] is completed
20-Nov-2022 09:53:45.576 INFO [http-nio-8081-exec-54] org.apache.catalina.core.StandardContext.reload Reloading Context with name [/cuoiki1] has started
20-Nov-2022 09:53:45.586 WARNING [http-nio-8081-exec-54] org.apache.catalina.loader.WebappClassLoaderBase.clearReferencesJdbc The web application [cuoiki1] registered the JDBC driver [com.microsoft.sqlserver.jdbc.SQLServerDriver] but failed to unregister it when the web application was stopped. To prevent a memory leak, the JDBC Driver has been forcibly unregistered.
20-Nov-2022 09:53:45.797 INFO [http-nio-8081-exec-54] org.apache.jasper.servlet.TldScanner.scanJars At least one JAR was scanned for TLDs yet contained no TLDs. Enable debug logging for this logger for a complete list of JARs that were scanned but no TLDs were found in them. Skipping unneeded JARs during scanning can improve startup time and JSP compilation time.
20-Nov-2022 09:53:45.819 INFO [http-nio-8081-exec-54] org.apache.catalina.core.StandardContext.reload Reloading Context with name [/cuoiki1] is completed
20-Nov-2022 09:55:32.790 INFO [http-nio-8081-exec-64] org.apache.catalina.core.StandardContext.reload Reloading Context with name [/cuoiki1] has started
20-Nov-2022 09:55:32.797 WARNING [http-nio-8081-exec-64] org.apache.catalina.loader.WebappClassLoaderBase.clearReferencesJdbc The web application [cuoiki1] registered the JDBC driver [com.microsoft.sqlserver.jdbc.SQLServerDriver] but failed to unregister it when the web application was stopped. To prevent a memory leak, the JDBC Driver has been forcibly unregistered.
20-Nov-2022 09:55:32.954 INFO [http-nio-8081-exec-64] org.apache.jasper.servlet.TldScanner.scanJars At least one JAR was scanned for TLDs yet contained no TLDs. Enable debug logging for this logger for a complete list of JARs that were scanned but no TLDs were found in them. Skipping unneeded JARs during scanning can improve startup time and JSP compilation time.
20-Nov-2022 09:55:32.969 INFO [http-nio-8081-exec-64] org.apache.catalina.core.StandardContext.reload Reloading Context with name [/cuoiki1] is completed
20-Nov-2022 09:56:04.993 INFO [http-nio-8081-exec-68] org.apache.catalina.core.StandardContext.reload Reloading Context with name [/cuoiki1] has started
20-Nov-2022 09:56:04.995 WARNING [http-nio-8081-exec-68] org.apache.catalina.loader.WebappClassLoaderBase.clearReferencesJdbc The web application [cuoiki1] registered the JDBC driver [com.microsoft.sqlserver.jdbc.SQLServerDriver] but failed to unregister it when the web application was stopped. To prevent a memory leak, the JDBC Driver has been forcibly unregistered.
20-Nov-2022 09:56:05.169 INFO [http-nio-8081-exec-68] org.apache.jasper.servlet.TldScanner.scanJars At least one JAR was scanned for TLDs yet contained no TLDs. Enable debug logging for this logger for a complete list of JARs that were scanned but no TLDs were found in them. Skipping unneeded JARs during scanning can improve startup time and JSP compilation time.
20-Nov-2022 09:56:05.196 INFO [http-nio-8081-exec-68] org.apache.catalina.core.StandardContext.reload Reloading Context with name [/cuoiki1] is completed
20-Nov-2022 12:09:47.304 INFO [http-nio-8081-exec-79] org.apache.catalina.core.StandardContext.reload Reloading Context with name [/cuoiki1] has started
20-Nov-2022 12:09:47.336 WARNING [http-nio-8081-exec-79] org.apache.catalina.loader.WebappClassLoaderBase.clearReferencesJdbc The web application [cuoiki1] registered the JDBC driver [com.microsoft.sqlserver.jdbc.SQLServerDriver] but failed to unregister it when the web application was stopped. To prevent a memory leak, the JDBC Driver has been forcibly unregistered.
20-Nov-2022 12:09:47.871 INFO [http-nio-8081-exec-79] org.apache.jasper.servlet.TldScanner.scanJars At least one JAR was scanned for TLDs yet contained no TLDs. Enable debug logging for this logger for a complete list of JARs that were scanned but no TLDs were found in them. Skipping unneeded JARs during scanning can improve startup time and JSP compilation time.
20-Nov-2022 12:09:47.871 INFO [http-nio-8081-exec-79] org.apache.catalina.core.StandardContext.reload Reloading Context with name [/cuoiki1] is completed
20-Nov-2022 12:30:34.909 INFO [http-nio-8081-exec-87] org.apache.catalina.core.StandardContext.reload Reloading Context with name [/cuoiki1] has started
20-Nov-2022 12:30:34.909 WARNING [http-nio-8081-exec-87] org.apache.catalina.loader.WebappClassLoaderBase.clearReferencesJdbc The web application [cuoiki1] registered the JDBC driver [com.microsoft.sqlserver.jdbc.SQLServerDriver] but failed to unregister it when the web application was stopped. To prevent a memory leak, the JDBC Driver has been forcibly unregistered.
20-Nov-2022 12:30:35.144 INFO [http-nio-8081-exec-87] org.apache.jasper.servlet.TldScanner.scanJars At least one JAR was scanned for TLDs yet contained no TLDs. Enable debug logging for this logger for a complete list of JARs that were scanned but no TLDs were found in them. Skipping unneeded JARs during scanning can improve startup time and JSP compilation time.
20-Nov-2022 12:30:35.164 INFO [http-nio-8081-exec-87] org.apache.catalina.core.StandardContext.reload Reloading Context with name [/cuoiki1] is completed
20-Nov-2022 12:32:11.976 INFO [http-nio-8081-exec-97] org.apache.catalina.core.StandardContext.reload Reloading Context with name [/cuoiki1] has started
20-Nov-2022 12:32:11.982 WARNING [http-nio-8081-exec-97] org.apache.catalina.loader.WebappClassLoaderBase.clearReferencesJdbc The web application [cuoiki1] registered the JDBC driver [com.microsoft.sqlserver.jdbc.SQLServerDriver] but failed to unregister it when the web application was stopped. To prevent a memory leak, the JDBC Driver has been forcibly unregistered.
20-Nov-2022 12:32:12.158 INFO [http-nio-8081-exec-97] org.apache.jasper.servlet.TldScanner.scanJars At least one JAR was scanned for TLDs yet contained no TLDs. Enable debug logging for this logger for a complete list of JARs that were scanned but no TLDs were found in them. Skipping unneeded JARs during scanning can improve startup time and JSP compilation time.
20-Nov-2022 12:32:12.177 INFO [http-nio-8081-exec-97] org.apache.catalina.core.StandardContext.reload Reloading Context with name [/cuoiki1] is completed
20-Nov-2022 12:32:24.483 INFO [http-nio-8081-exec-97] org.apache.catalina.core.StandardContext.reload Reloading Context with name [/cuoiki1] has started
20-Nov-2022 12:32:24.485 WARNING [http-nio-8081-exec-97] org.apache.catalina.loader.WebappClassLoaderBase.clearReferencesJdbc The web application [cuoiki1] registered the JDBC driver [com.microsoft.sqlserver.jdbc.SQLServerDriver] but failed to unregister it when the web application was stopped. To prevent a memory leak, the JDBC Driver has been forcibly unregistered.
20-Nov-2022 12:32:24.917 INFO [http-nio-8081-exec-97] org.apache.jasper.servlet.TldScanner.scanJars At least one JAR was scanned for TLDs yet contained no TLDs. Enable debug logging for this logger for a complete list of JARs that were scanned but no TLDs were found in them. Skipping unneeded JARs during scanning can improve startup time and JSP compilation time.
20-Nov-2022 12:32:24.933 INFO [http-nio-8081-exec-97] org.apache.catalina.core.StandardContext.reload Reloading Context with name [/cuoiki1] is completed
20-Nov-2022 13:03:15.934 INFO [main] org.apache.catalina.core.StandardServer.await A valid shutdown command was received via the shutdown port. Stopping the Server instance.
20-Nov-2022 13:03:15.934 INFO [main] org.apache.coyote.AbstractProtocol.pause Pausing ProtocolHandler ["http-nio-8081"]
20-Nov-2022 13:03:16.079 INFO [main] org.apache.coyote.AbstractProtocol.pause Pausing ProtocolHandler ["ajp-nio-8009"]
20-Nov-2022 13:03:16.220 INFO [main] org.apache.catalina.core.StandardService.stopInternal Stopping service [Catalina]
20-Nov-2022 13:03:16.229 WARNING [localhost-startStop-2] org.apache.catalina.loader.WebappClassLoaderBase.clearReferencesJdbc The web application [cuoiki1] registered the JDBC driver [com.microsoft.sqlserver.jdbc.SQLServerDriver] but failed to unregister it when the web application was stopped. To prevent a memory leak, the JDBC Driver has been forcibly unregistered.
20-Nov-2022 13:03:16.239 INFO [main] org.apache.coyote.AbstractProtocol.stop Stopping ProtocolHandler ["http-nio-8081"]
20-Nov-2022 13:03:16.239 INFO [main] org.apache.coyote.AbstractProtocol.stop Stopping ProtocolHandler ["ajp-nio-8009"]
20-Nov-2022 13:03:16.239 INFO [main] org.apache.coyote.AbstractProtocol.destroy Destroying ProtocolHandler ["http-nio-8081"]
20-Nov-2022 13:03:16.239 INFO [main] org.apache.coyote.AbstractProtocol.destroy Destroying ProtocolHandler ["ajp-nio-8009"]
20-Nov-2022 20:44:28.821 INFO [main] org.apache.catalina.startup.VersionLoggerListener.log Server version:        Apache Tomcat/8.5.34
20-Nov-2022 20:44:28.823 INFO [main] org.apache.catalina.startup.VersionLoggerListener.log Server built:          Sep 4 2018 22:28:22 UTC
20-Nov-2022 20:44:28.823 INFO [main] org.apache.catalina.startup.VersionLoggerListener.log Server number:         8.5.34.0
20-Nov-2022 20:44:28.823 INFO [main] org.apache.catalina.startup.VersionLoggerListener.log OS Name:               Windows 10
20-Nov-2022 20:44:28.823 INFO [main] org.apache.catalina.startup.VersionLoggerListener.log OS Version:            10.0
20-Nov-2022 20:44:28.823 INFO [main] org.apache.catalina.startup.VersionLoggerListener.log Architecture:          amd64
20-Nov-2022 20:44:28.823 INFO [main] org.apache.catalina.startup.VersionLoggerListener.log Java Home:             C:\Program Files\Java\jdk1.8.0_181\jre
20-Nov-2022 20:44:28.823 INFO [main] org.apache.catalina.startup.VersionLoggerListener.log JVM Version:           1.8.0_181-b13
20-Nov-2022 20:44:28.823 INFO [main] org.apache.catalina.startup.VersionLoggerListener.log JVM Vendor:            Oracle Corporation
20-Nov-2022 20:44:28.823 INFO [main] org.apache.catalina.startup.VersionLoggerListener.log CATALINA_BASE:         D:\apache-tomcat-8.5.34-windows-x64\apache-tomcat-8.5.34
20-Nov-2022 20:44:28.823 INFO [main] org.apache.catalina.startup.VersionLoggerListener.log CATALINA_HOME:         D:\apache-tomcat-8.5.34-windows-x64\apache-tomcat-8.5.34
20-Nov-2022 20:44:28.824 INFO [main] org.apache.catalina.startup.VersionLoggerListener.log Command line argument: -Djava.util.logging.config.file=D:\apache-tomcat-8.5.34-windows-x64\apache-tomcat-8.5.34\conf\logging.properties
20-Nov-2022 20:44:28.825 INFO [main] org.apache.catalina.startup.VersionLoggerListener.log Command line argument: -Djava.util.logging.manager=org.apache.juli.ClassLoaderLogManager
20-Nov-2022 20:44:28.825 INFO [main] org.apache.catalina.startup.VersionLoggerListener.log Command line argument: -Dhttp.nonProxyHosts=localhost|127.0.0.1|DESKTOP-UTRCQSJ
20-Nov-2022 20:44:28.825 INFO [main] org.apache.catalina.startup.VersionLoggerListener.log Command line argument: -Djdk.tls.ephemeralDHKeySize=2048
20-Nov-2022 20:44:28.825 INFO [main] org.apache.catalina.startup.VersionLoggerListener.log Command line argument: -Djava.protocol.handler.pkgs=org.apache.catalina.webresources
20-Nov-2022 20:44:28.825 INFO [main] org.apache.catalina.startup.VersionLoggerListener.log Command line argument: -Dignore.endorsed.dirs=
20-Nov-2022 20:44:28.826 INFO [main] org.apache.catalina.startup.VersionLoggerListener.log Command line argument: -Dcatalina.base=D:\apache-tomcat-8.5.34-windows-x64\apache-tomcat-8.5.34
20-Nov-2022 20:44:28.826 INFO [main] org.apache.catalina.startup.VersionLoggerListener.log Command line argument: -Dcatalina.home=D:\apache-tomcat-8.5.34-windows-x64\apache-tomcat-8.5.34
20-Nov-2022 20:44:28.826 INFO [main] org.apache.catalina.startup.VersionLoggerListener.log Command line argument: -Djava.io.tmpdir=D:\apache-tomcat-8.5.34-windows-x64\apache-tomcat-8.5.34\temp
20-Nov-2022 20:44:28.826 INFO [main] org.apache.catalina.core.AprLifecycleListener.lifecycleEvent Loaded APR based Apache Tomcat Native library [1.2.17] using APR version [1.6.3].
20-Nov-2022 20:44:28.826 INFO [main] org.apache.catalina.core.AprLifecycleListener.lifecycleEvent APR capabilities: IPv6 [true], sendfile [true], accept filters [false], random [true].
20-Nov-2022 20:44:28.826 INFO [main] org.apache.catalina.core.AprLifecycleListener.lifecycleEvent APR/OpenSSL configuration: useAprConnector [false], useOpenSSL [true]
20-Nov-2022 20:44:29.244 INFO [main] org.apache.catalina.core.AprLifecycleListener.initializeSSL OpenSSL successfully initialized [OpenSSL 1.0.2o  27 Mar 2018]
20-Nov-2022 20:44:29.396 INFO [main] org.apache.coyote.AbstractProtocol.init Initializing ProtocolHandler ["http-nio-8081"]
20-Nov-2022 20:44:29.563 INFO [main] org.apache.tomcat.util.net.NioSelectorPool.getSharedSelector Using a shared selector for servlet write/read
20-Nov-2022 20:44:29.569 INFO [main] org.apache.coyote.AbstractProtocol.init Initializing ProtocolHandler ["ajp-nio-8009"]
20-Nov-2022 20:44:29.571 INFO [main] org.apache.tomcat.util.net.NioSelectorPool.getSharedSelector Using a shared selector for servlet write/read
20-Nov-2022 20:44:29.571 INFO [main] org.apache.catalina.startup.Catalina.load Initialization processed in 2179 ms
20-Nov-2022 20:44:29.603 INFO [main] org.apache.catalina.core.StandardService.startInternal Starting service [Catalina]
20-Nov-2022 20:44:29.603 INFO [main] org.apache.catalina.core.StandardEngine.startInternal Starting Servlet Engine: Apache Tomcat/8.5.34
20-Nov-2022 20:44:29.610 INFO [localhost-startStop-1] org.apache.catalina.startup.HostConfig.deployDescriptor Deploying configuration descriptor [D:\apache-tomcat-8.5.34-windows-x64\apache-tomcat-8.5.34\conf\Catalina\localhost\cuoiki1.xml]
20-Nov-2022 20:44:30.196 INFO [localhost-startStop-1] org.apache.jasper.servlet.TldScanner.scanJars At least one JAR was scanned for TLDs yet contained no TLDs. Enable debug logging for this logger for a complete list of JARs that were scanned but no TLDs were found in them. Skipping unneeded JARs during scanning can improve startup time and JSP compilation time.
20-Nov-2022 20:44:30.253 INFO [localhost-startStop-1] org.apache.catalina.startup.HostConfig.deployDescriptor Deployment of configuration descriptor [D:\apache-tomcat-8.5.34-windows-x64\apache-tomcat-8.5.34\conf\Catalina\localhost\cuoiki1.xml] has finished in [643] ms
20-Nov-2022 20:44:30.253 INFO [localhost-startStop-1] org.apache.catalina.startup.HostConfig.deployDirectory Deploying web application directory [D:\apache-tomcat-8.5.34-windows-x64\apache-tomcat-8.5.34\webapps\docs]
20-Nov-2022 20:44:30.269 INFO [localhost-startStop-1] org.apache.catalina.startup.HostConfig.deployDirectory Deployment of web application directory [D:\apache-tomcat-8.5.34-windows-x64\apache-tomcat-8.5.34\webapps\docs] has finished in [16] ms
20-Nov-2022 20:44:30.269 INFO [localhost-startStop-1] org.apache.catalina.startup.HostConfig.deployDirectory Deploying web application directory [D:\apache-tomcat-8.5.34-windows-x64\apache-tomcat-8.5.34\webapps\examples]
20-Nov-2022 20:44:30.808 INFO [localhost-startStop-1] org.apache.catalina.startup.HostConfig.deployDirectory Deployment of web application directory [D:\apache-tomcat-8.5.34-windows-x64\apache-tomcat-8.5.34\webapps\examples] has finished in [539] ms
20-Nov-2022 20:44:30.809 INFO [localhost-startStop-1] org.apache.catalina.startup.HostConfig.deployDirectory Deploying web application directory [D:\apache-tomcat-8.5.34-windows-x64\apache-tomcat-8.5.34\webapps\host-manager]
20-Nov-2022 20:44:30.835 INFO [localhost-startStop-1] org.apache.catalina.startup.HostConfig.deployDirectory Deployment of web application directory [D:\apache-tomcat-8.5.34-windows-x64\apache-tomcat-8.5.34\webapps\host-manager] has finished in [26] ms
20-Nov-2022 20:44:30.835 INFO [localhost-startStop-1] org.apache.catalina.startup.HostConfig.deployDirectory Deploying web application directory [D:\apache-tomcat-8.5.34-windows-x64\apache-tomcat-8.5.34\webapps\manager]
20-Nov-2022 20:44:30.857 INFO [localhost-startStop-1] org.apache.catalina.startup.HostConfig.deployDirectory Deployment of web application directory [D:\apache-tomcat-8.5.34-windows-x64\apache-tomcat-8.5.34\webapps\manager] has finished in [22] ms
20-Nov-2022 20:44:30.857 INFO [localhost-startStop-1] org.apache.catalina.startup.HostConfig.deployDirectory Deploying web application directory [D:\apache-tomcat-8.5.34-windows-x64\apache-tomcat-8.5.34\webapps\ROOT]
20-Nov-2022 20:44:30.869 INFO [localhost-startStop-1] org.apache.catalina.startup.HostConfig.deployDirectory Deployment of web application directory [D:\apache-tomcat-8.5.34-windows-x64\apache-tomcat-8.5.34\webapps\ROOT] has finished in [12] ms
20-Nov-2022 20:44:30.873 INFO [main] org.apache.coyote.AbstractProtocol.start Starting ProtocolHandler ["http-nio-8081"]
20-Nov-2022 20:44:30.882 INFO [main] org.apache.coyote.AbstractProtocol.start Starting ProtocolHandler ["ajp-nio-8009"]
20-Nov-2022 20:44:30.884 INFO [main] org.apache.catalina.startup.Catalina.start Server startup in 1312 ms
20-Nov-2022 20:44:56.344 INFO [http-nio-8081-exec-8] org.apache.catalina.core.StandardContext.reload Reloading Context with name [/cuoiki1] has started
20-Nov-2022 20:44:56.705 INFO [http-nio-8081-exec-8] org.apache.jasper.servlet.TldScanner.scanJars At least one JAR was scanned for TLDs yet contained no TLDs. Enable debug logging for this logger for a complete list of JARs that were scanned but no TLDs were found in them. Skipping unneeded JARs during scanning can improve startup time and JSP compilation time.
20-Nov-2022 20:44:56.721 INFO [http-nio-8081-exec-8] org.apache.catalina.core.StandardContext.reload Reloading Context with name [/cuoiki1] is completed
20-Nov-2022 22:15:22.603 INFO [http-nio-8081-exec-11] org.apache.catalina.core.StandardContext.reload Reloading Context with name [/cuoiki1] has started
20-Nov-2022 22:15:22.618 WARNING [http-nio-8081-exec-11] org.apache.catalina.loader.WebappClassLoaderBase.clearReferencesJdbc The web application [cuoiki1] registered the JDBC driver [com.microsoft.sqlserver.jdbc.SQLServerDriver] but failed to unregister it when the web application was stopped. To prevent a memory leak, the JDBC Driver has been forcibly unregistered.
20-Nov-2022 22:15:22.875 INFO [http-nio-8081-exec-11] org.apache.jasper.servlet.TldScanner.scanJars At least one JAR was scanned for TLDs yet contained no TLDs. Enable debug logging for this logger for a complete list of JARs that were scanned but no TLDs were found in them. Skipping unneeded JARs during scanning can improve startup time and JSP compilation time.
20-Nov-2022 22:15:22.875 INFO [http-nio-8081-exec-11] org.apache.catalina.core.StandardContext.reload Reloading Context with name [/cuoiki1] is completed
20-Nov-2022 22:25:42.059 INFO [http-nio-8081-exec-24] org.apache.catalina.core.StandardContext.reload Reloading Context with name [/cuoiki1] has started
20-Nov-2022 22:25:42.067 WARNING [http-nio-8081-exec-24] org.apache.catalina.loader.WebappClassLoaderBase.clearReferencesJdbc The web application [cuoiki1] registered the JDBC driver [com.microsoft.sqlserver.jdbc.SQLServerDriver] but failed to unregister it when the web application was stopped. To prevent a memory leak, the JDBC Driver has been forcibly unregistered.
20-Nov-2022 22:25:42.279 INFO [http-nio-8081-exec-24] org.apache.jasper.servlet.TldScanner.scanJars At least one JAR was scanned for TLDs yet contained no TLDs. Enable debug logging for this logger for a complete list of JARs that were scanned but no TLDs were found in them. Skipping unneeded JARs during scanning can improve startup time and JSP compilation time.
20-Nov-2022 22:25:42.299 INFO [http-nio-8081-exec-24] org.apache.catalina.core.StandardContext.reload Reloading Context with name [/cuoiki1] is completed
20-Nov-2022 22:33:56.813 INFO [http-nio-8081-exec-31] org.apache.catalina.core.StandardContext.reload Reloading Context with name [/cuoiki1] has started
20-Nov-2022 22:33:56.822 WARNING [http-nio-8081-exec-31] org.apache.catalina.loader.WebappClassLoaderBase.clearReferencesJdbc The web application [cuoiki1] registered the JDBC driver [com.microsoft.sqlserver.jdbc.SQLServerDriver] but failed to unregister it when the web application was stopped. To prevent a memory leak, the JDBC Driver has been forcibly unregistered.
20-Nov-2022 22:33:56.995 INFO [http-nio-8081-exec-31] org.apache.jasper.servlet.TldScanner.scanJars At least one JAR was scanned for TLDs yet contained no TLDs. Enable debug logging for this logger for a complete list of JARs that were scanned but no TLDs were found in them. Skipping unneeded JARs during scanning can improve startup time and JSP compilation time.
20-Nov-2022 22:33:57.035 INFO [http-nio-8081-exec-31] org.apache.catalina.core.StandardContext.reload Reloading Context with name [/cuoiki1] is completed
20-Nov-2022 22:36:14.202 INFO [http-nio-8081-exec-42] org.apache.catalina.core.StandardContext.reload Reloading Context with name [/cuoiki1] has started
20-Nov-2022 22:36:14.210 WARNING [http-nio-8081-exec-42] org.apache.catalina.loader.WebappClassLoaderBase.clearReferencesJdbc The web application [cuoiki1] registered the JDBC driver [com.microsoft.sqlserver.jdbc.SQLServerDriver] but failed to unregister it when the web application was stopped. To prevent a memory leak, the JDBC Driver has been forcibly unregistered.
20-Nov-2022 22:36:14.401 INFO [http-nio-8081-exec-42] org.apache.jasper.servlet.TldScanner.scanJars At least one JAR was scanned for TLDs yet contained no TLDs. Enable debug logging for this logger for a complete list of JARs that were scanned but no TLDs were found in them. Skipping unneeded JARs during scanning can improve startup time and JSP compilation time.
20-Nov-2022 22:36:14.425 INFO [http-nio-8081-exec-42] org.apache.catalina.core.StandardContext.reload Reloading Context with name [/cuoiki1] is completed
20-Nov-2022 22:36:37.642 INFO [http-nio-8081-exec-48] org.apache.catalina.core.StandardContext.reload Reloading Context with name [/cuoiki1] has started
20-Nov-2022 22:36:37.820 INFO [http-nio-8081-exec-48] org.apache.jasper.servlet.TldScanner.scanJars At least one JAR was scanned for TLDs yet contained no TLDs. Enable debug logging for this logger for a complete list of JARs that were scanned but no TLDs were found in them. Skipping unneeded JARs during scanning can improve startup time and JSP compilation time.
20-Nov-2022 22:36:37.832 INFO [http-nio-8081-exec-48] org.apache.catalina.core.StandardContext.reload Reloading Context with name [/cuoiki1] is completed
20-Nov-2022 22:36:55.771 INFO [http-nio-8081-exec-44] org.apache.catalina.core.StandardContext.reload Reloading Context with name [/cuoiki1] has started
20-Nov-2022 22:36:55.970 INFO [http-nio-8081-exec-44] org.apache.jasper.servlet.TldScanner.scanJars At least one JAR was scanned for TLDs yet contained no TLDs. Enable debug logging for this logger for a complete list of JARs that were scanned but no TLDs were found in them. Skipping unneeded JARs during scanning can improve startup time and JSP compilation time.
20-Nov-2022 22:36:55.980 INFO [http-nio-8081-exec-44] org.apache.catalina.core.StandardContext.reload Reloading Context with name [/cuoiki1] is completed
20-Nov-2022 22:37:18.850 INFO [http-nio-8081-exec-53] org.apache.catalina.core.StandardContext.reload Reloading Context with name [/cuoiki1] has started
20-Nov-2022 22:37:19.042 INFO [http-nio-8081-exec-53] org.apache.jasper.servlet.TldScanner.scanJars At least one JAR was scanned for TLDs yet contained no TLDs. Enable debug logging for this logger for a complete list of JARs that were scanned but no TLDs were found in them. Skipping unneeded JARs during scanning can improve startup time and JSP compilation time.
20-Nov-2022 22:37:19.050 INFO [http-nio-8081-exec-53] org.apache.catalina.core.StandardContext.reload Reloading Context with name [/cuoiki1] is completed
20-Nov-2022 22:37:21.950 INFO [http-nio-8081-exec-41] org.apache.catalina.core.StandardContext.reload Reloading Context with name [/cuoiki1] has started
20-Nov-2022 22:37:22.111 INFO [http-nio-8081-exec-41] org.apache.jasper.servlet.TldScanner.scanJars At least one JAR was scanned for TLDs yet contained no TLDs. Enable debug logging for this logger for a complete list of JARs that were scanned but no TLDs were found in them. Skipping unneeded JARs during scanning can improve startup time and JSP compilation time.
20-Nov-2022 22:37:22.125 INFO [http-nio-8081-exec-41] org.apache.catalina.core.StandardContext.reload Reloading Context with name [/cuoiki1] is completed
20-Nov-2022 22:41:07.640 INFO [http-nio-8081-exec-62] org.apache.catalina.core.StandardContext.reload Reloading Context with name [/cuoiki1] has started
20-Nov-2022 22:41:07.643 WARNING [http-nio-8081-exec-62] org.apache.catalina.loader.WebappClassLoaderBase.clearReferencesJdbc The web application [cuoiki1] registered the JDBC driver [com.microsoft.sqlserver.jdbc.SQLServerDriver] but failed to unregister it when the web application was stopped. To prevent a memory leak, the JDBC Driver has been forcibly unregistered.
20-Nov-2022 22:41:07.830 INFO [http-nio-8081-exec-62] org.apache.jasper.servlet.TldScanner.scanJars At least one JAR was scanned for TLDs yet contained no TLDs. Enable debug logging for this logger for a complete list of JARs that were scanned but no TLDs were found in them. Skipping unneeded JARs during scanning can improve startup time and JSP compilation time.
20-Nov-2022 22:41:07.844 INFO [http-nio-8081-exec-62] org.apache.catalina.core.StandardContext.reload Reloading Context with name [/cuoiki1] is completed
20-Nov-2022 22:41:10.610 INFO [http-nio-8081-exec-65] org.apache.catalina.core.StandardContext.reload Reloading Context with name [/cuoiki1] has started
20-Nov-2022 22:41:10.796 INFO [http-nio-8081-exec-65] org.apache.jasper.servlet.TldScanner.scanJars At least one JAR was scanned for TLDs yet contained no TLDs. Enable debug logging for this logger for a complete list of JARs that were scanned but no TLDs were found in them. Skipping unneeded JARs during scanning can improve startup time and JSP compilation time.
20-Nov-2022 22:41:10.806 INFO [http-nio-8081-exec-65] org.apache.catalina.core.StandardContext.reload Reloading Context with name [/cuoiki1] is completed
20-Nov-2022 22:42:50.511 INFO [http-nio-8081-exec-69] org.apache.catalina.core.StandardContext.reload Reloading Context with name [/cuoiki1] has started
20-Nov-2022 22:42:50.511 WARNING [http-nio-8081-exec-69] org.apache.catalina.loader.WebappClassLoaderBase.clearReferencesJdbc The web application [cuoiki1] registered the JDBC driver [com.microsoft.sqlserver.jdbc.SQLServerDriver] but failed to unregister it when the web application was stopped. To prevent a memory leak, the JDBC Driver has been forcibly unregistered.
20-Nov-2022 22:42:50.675 INFO [http-nio-8081-exec-69] org.apache.jasper.servlet.TldScanner.scanJars At least one JAR was scanned for TLDs yet contained no TLDs. Enable debug logging for this logger for a complete list of JARs that were scanned but no TLDs were found in them. Skipping unneeded JARs during scanning can improve startup time and JSP compilation time.
20-Nov-2022 22:42:50.688 INFO [http-nio-8081-exec-69] org.apache.catalina.core.StandardContext.reload Reloading Context with name [/cuoiki1] is completed
20-Nov-2022 22:43:05.503 INFO [http-nio-8081-exec-74] org.apache.catalina.core.StandardContext.reload Reloading Context with name [/cuoiki1] has started
20-Nov-2022 22:43:05.511 WARNING [http-nio-8081-exec-74] org.apache.catalina.loader.WebappClassLoaderBase.clearReferencesJdbc The web application [cuoiki1] registered the JDBC driver [com.microsoft.sqlserver.jdbc.SQLServerDriver] but failed to unregister it when the web application was stopped. To prevent a memory leak, the JDBC Driver has been forcibly unregistered.
20-Nov-2022 22:43:05.694 INFO [http-nio-8081-exec-74] org.apache.jasper.servlet.TldScanner.scanJars At least one JAR was scanned for TLDs yet contained no TLDs. Enable debug logging for this logger for a complete list of JARs that were scanned but no TLDs were found in them. Skipping unneeded JARs during scanning can improve startup time and JSP compilation time.
20-Nov-2022 22:43:05.710 INFO [http-nio-8081-exec-74] org.apache.catalina.core.StandardContext.reload Reloading Context with name [/cuoiki1] is completed
20-Nov-2022 22:43:41.258 INFO [http-nio-8081-exec-71] org.apache.catalina.core.StandardContext.reload Reloading Context with name [/cuoiki1] has started
20-Nov-2022 22:43:41.433 INFO [http-nio-8081-exec-71] org.apache.jasper.servlet.TldScanner.scanJars At least one JAR was scanned for TLDs yet contained no TLDs. Enable debug logging for this logger for a complete list of JARs that were scanned but no TLDs were found in them. Skipping unneeded JARs during scanning can improve startup time and JSP compilation time.
20-Nov-2022 22:43:41.440 INFO [http-nio-8081-exec-71] org.apache.catalina.core.StandardContext.reload Reloading Context with name [/cuoiki1] is completed
20-Nov-2022 22:44:35.691 INFO [http-nio-8081-exec-88] org.apache.catalina.core.StandardContext.reload Reloading Context with name [/cuoiki1] has started
20-Nov-2022 22:44:35.701 WARNING [http-nio-8081-exec-88] org.apache.catalina.loader.WebappClassLoaderBase.clearReferencesJdbc The web application [cuoiki1] registered the JDBC driver [com.microsoft.sqlserver.jdbc.SQLServerDriver] but failed to unregister it when the web application was stopped. To prevent a memory leak, the JDBC Driver has been forcibly unregistered.
20-Nov-2022 22:44:35.853 INFO [http-nio-8081-exec-88] org.apache.jasper.servlet.TldScanner.scanJars At least one JAR was scanned for TLDs yet contained no TLDs. Enable debug logging for this logger for a complete list of JARs that were scanned but no TLDs were found in them. Skipping unneeded JARs during scanning can improve startup time and JSP compilation time.
20-Nov-2022 22:44:35.870 INFO [http-nio-8081-exec-88] org.apache.catalina.core.StandardContext.reload Reloading Context with name [/cuoiki1] is completed
20-Nov-2022 22:47:19.200 INFO [http-nio-8081-exec-94] org.apache.catalina.core.StandardContext.reload Reloading Context with name [/cuoiki1] has started
20-Nov-2022 22:47:19.206 WARNING [http-nio-8081-exec-94] org.apache.catalina.loader.WebappClassLoaderBase.clearReferencesJdbc The web application [cuoiki1] registered the JDBC driver [com.microsoft.sqlserver.jdbc.SQLServerDriver] but failed to unregister it when the web application was stopped. To prevent a memory leak, the JDBC Driver has been forcibly unregistered.
20-Nov-2022 22:47:19.351 INFO [http-nio-8081-exec-94] org.apache.jasper.servlet.TldScanner.scanJars At least one JAR was scanned for TLDs yet contained no TLDs. Enable debug logging for this logger for a complete list of JARs that were scanned but no TLDs were found in them. Skipping unneeded JARs during scanning can improve startup time and JSP compilation time.
20-Nov-2022 22:47:19.369 INFO [http-nio-8081-exec-94] org.apache.catalina.core.StandardContext.reload Reloading Context with name [/cuoiki1] is completed
20-Nov-2022 22:48:56.540 INFO [http-nio-8081-exec-95] org.apache.catalina.core.StandardContext.reload Reloading Context with name [/cuoiki1] has started
20-Nov-2022 22:48:56.697 INFO [http-nio-8081-exec-95] org.apache.jasper.servlet.TldScanner.scanJars At least one JAR was scanned for TLDs yet contained no TLDs. Enable debug logging for this logger for a complete list of JARs that were scanned but no TLDs were found in them. Skipping unneeded JARs during scanning can improve startup time and JSP compilation time.
20-Nov-2022 22:48:56.700 INFO [http-nio-8081-exec-95] org.apache.catalina.core.StandardContext.reload Reloading Context with name [/cuoiki1] is completed
20-Nov-2022 22:49:42.854 INFO [http-nio-8081-exec-102] org.apache.catalina.core.StandardContext.reload Reloading Context with name [/cuoiki1] has started
20-Nov-2022 22:49:42.860 WARNING [http-nio-8081-exec-102] org.apache.catalina.loader.WebappClassLoaderBase.clearReferencesJdbc The web application [cuoiki1] registered the JDBC driver [com.microsoft.sqlserver.jdbc.SQLServerDriver] but failed to unregister it when the web application was stopped. To prevent a memory leak, the JDBC Driver has been forcibly unregistered.
20-Nov-2022 22:49:43.015 INFO [http-nio-8081-exec-102] org.apache.jasper.servlet.TldScanner.scanJars At least one JAR was scanned for TLDs yet contained no TLDs. Enable debug logging for this logger for a complete list of JARs that were scanned but no TLDs were found in them. Skipping unneeded JARs during scanning can improve startup time and JSP compilation time.
20-Nov-2022 22:49:43.020 INFO [http-nio-8081-exec-102] org.apache.catalina.core.StandardContext.reload Reloading Context with name [/cuoiki1] is completed
20-Nov-2022 22:59:37.852 INFO [main] org.apache.catalina.core.StandardServer.await A valid shutdown command was received via the shutdown port. Stopping the Server instance.
20-Nov-2022 22:59:37.852 INFO [main] org.apache.coyote.AbstractProtocol.pause Pausing ProtocolHandler ["http-nio-8081"]
20-Nov-2022 22:59:38.049 INFO [main] org.apache.coyote.AbstractProtocol.pause Pausing ProtocolHandler ["ajp-nio-8009"]
20-Nov-2022 22:59:38.218 INFO [main] org.apache.catalina.core.StandardService.stopInternal Stopping service [Catalina]
20-Nov-2022 22:59:38.469 WARNING [localhost-startStop-2] org.apache.catalina.loader.WebappClassLoaderBase.clearReferencesJdbc The web application [cuoiki1] registered the JDBC driver [com.microsoft.sqlserver.jdbc.SQLServerDriver] but failed to unregister it when the web application was stopped. To prevent a memory leak, the JDBC Driver has been forcibly unregistered.
20-Nov-2022 22:59:38.477 INFO [main] org.apache.coyote.AbstractProtocol.stop Stopping ProtocolHandler ["http-nio-8081"]
20-Nov-2022 22:59:38.480 INFO [main] org.apache.coyote.AbstractProtocol.stop Stopping ProtocolHandler ["ajp-nio-8009"]
20-Nov-2022 22:59:38.480 INFO [main] org.apache.coyote.AbstractProtocol.destroy Destroying ProtocolHandler ["http-nio-8081"]
20-Nov-2022 22:59:38.481 INFO [main] org.apache.coyote.AbstractProtocol.destroy Destroying ProtocolHandler ["ajp-nio-8009"]
