25-Nov-2022 00:47:36.894 INFO [http-nio-8081-exec-3] org.apache.catalina.core.StandardContext.reload Reloading Context with name [/cuoiki1] has started
25-Nov-2022 00:47:36.918 WARNING [http-nio-8081-exec-3] org.apache.catalina.loader.WebappClassLoaderBase.clearReferencesJdbc The web application [cuoiki1] registered the JDBC driver [com.microsoft.sqlserver.jdbc.SQLServerDriver] but failed to unregister it when the web application was stopped. To prevent a memory leak, the JDBC Driver has been forcibly unregistered.
25-Nov-2022 00:47:37.135 INFO [http-nio-8081-exec-3] org.apache.jasper.servlet.TldScanner.scanJars At least one JAR was scanned for TLDs yet contained no TLDs. Enable debug logging for this logger for a complete list of JARs that were scanned but no TLDs were found in them. Skipping unneeded JARs during scanning can improve startup time and JSP compilation time.
25-Nov-2022 00:47:37.167 INFO [http-nio-8081-exec-3] org.apache.catalina.core.StandardContext.reload Reloading Context with name [/cuoiki1] is completed
25-Nov-2022 00:47:37.183 INFO [http-nio-8081-exec-2] org.apache.catalina.core.StandardContext.reload Reloading Context with name [/cuoiki1] has started
25-Nov-2022 00:47:37.362 INFO [http-nio-8081-exec-2] org.apache.jasper.servlet.TldScanner.scanJars At least one JAR was scanned for TLDs yet contained no TLDs. Enable debug logging for this logger for a complete list of JARs that were scanned but no TLDs were found in them. Skipping unneeded JARs during scanning can improve startup time and JSP compilation time.
25-Nov-2022 00:47:37.363 INFO [http-nio-8081-exec-2] org.apache.catalina.core.StandardContext.reload Reloading Context with name [/cuoiki1] is completed
25-Nov-2022 00:47:58.786 INFO [http-nio-8081-exec-1] org.apache.catalina.core.StandardContext.reload Reloading Context with name [/cuoiki1] has started
25-Nov-2022 00:47:58.964 INFO [http-nio-8081-exec-1] org.apache.jasper.servlet.TldScanner.scanJars At least one JAR was scanned for TLDs yet contained no TLDs. Enable debug logging for this logger for a complete list of JARs that were scanned but no TLDs were found in them. Skipping unneeded JARs during scanning can improve startup time and JSP compilation time.
25-Nov-2022 00:47:58.975 INFO [http-nio-8081-exec-1] org.apache.catalina.core.StandardContext.reload Reloading Context with name [/cuoiki1] is completed
25-Nov-2022 00:48:17.344 INFO [http-nio-8081-exec-6] org.apache.catalina.core.StandardContext.reload Reloading Context with name [/cuoiki1] has started
25-Nov-2022 00:48:17.505 INFO [http-nio-8081-exec-6] org.apache.jasper.servlet.TldScanner.scanJars At least one JAR was scanned for TLDs yet contained no TLDs. Enable debug logging for this logger for a complete list of JARs that were scanned but no TLDs were found in them. Skipping unneeded JARs during scanning can improve startup time and JSP compilation time.
25-Nov-2022 00:48:17.530 INFO [http-nio-8081-exec-6] org.apache.catalina.core.StandardContext.reload Reloading Context with name [/cuoiki1] is completed
25-Nov-2022 00:48:25.889 INFO [http-nio-8081-exec-4] org.apache.catalina.core.StandardContext.reload Reloading Context with name [/cuoiki1] has started
25-Nov-2022 00:48:26.056 INFO [http-nio-8081-exec-4] org.apache.jasper.servlet.TldScanner.scanJars At least one JAR was scanned for TLDs yet contained no TLDs. Enable debug logging for this logger for a complete list of JARs that were scanned but no TLDs were found in them. Skipping unneeded JARs during scanning can improve startup time and JSP compilation time.
25-Nov-2022 00:48:26.065 INFO [http-nio-8081-exec-4] org.apache.catalina.core.StandardContext.reload Reloading Context with name [/cuoiki1] is completed
25-Nov-2022 00:49:06.858 INFO [http-nio-8081-exec-14] org.apache.catalina.core.StandardContext.reload Reloading Context with name [/cuoiki1] has started
25-Nov-2022 00:49:06.870 WARNING [http-nio-8081-exec-14] org.apache.catalina.loader.WebappClassLoaderBase.clearReferencesJdbc The web application [cuoiki1] registered the JDBC driver [com.microsoft.sqlserver.jdbc.SQLServerDriver] but failed to unregister it when the web application was stopped. To prevent a memory leak, the JDBC Driver has been forcibly unregistered.
25-Nov-2022 00:49:07.017 INFO [http-nio-8081-exec-14] org.apache.jasper.servlet.TldScanner.scanJars At least one JAR was scanned for TLDs yet contained no TLDs. Enable debug logging for this logger for a complete list of JARs that were scanned but no TLDs were found in them. Skipping unneeded JARs during scanning can improve startup time and JSP compilation time.
25-Nov-2022 00:49:07.017 INFO [http-nio-8081-exec-14] org.apache.catalina.core.StandardContext.reload Reloading Context with name [/cuoiki1] is completed
25-Nov-2022 00:49:16.357 INFO [http-nio-8081-exec-6] org.apache.catalina.core.StandardContext.reload Reloading Context with name [/cuoiki1] has started
25-Nov-2022 00:49:16.529 INFO [http-nio-8081-exec-6] org.apache.jasper.servlet.TldScanner.scanJars At least one JAR was scanned for TLDs yet contained no TLDs. Enable debug logging for this logger for a complete list of JARs that were scanned but no TLDs were found in them. Skipping unneeded JARs during scanning can improve startup time and JSP compilation time.
25-Nov-2022 00:49:16.550 INFO [http-nio-8081-exec-6] org.apache.catalina.core.StandardContext.reload Reloading Context with name [/cuoiki1] is completed
25-Nov-2022 00:49:19.462 INFO [http-nio-8081-exec-14] org.apache.catalina.core.StandardContext.reload Reloading Context with name [/cuoiki1] has started
25-Nov-2022 00:49:19.604 INFO [http-nio-8081-exec-14] org.apache.jasper.servlet.TldScanner.scanJars At least one JAR was scanned for TLDs yet contained no TLDs. Enable debug logging for this logger for a complete list of JARs that were scanned but no TLDs were found in them. Skipping unneeded JARs during scanning can improve startup time and JSP compilation time.
25-Nov-2022 00:49:19.620 INFO [http-nio-8081-exec-14] org.apache.catalina.core.StandardContext.reload Reloading Context with name [/cuoiki1] is completed
25-Nov-2022 00:50:09.599 INFO [http-nio-8081-exec-14] org.apache.catalina.core.StandardContext.reload Reloading Context with name [/cuoiki1] has started
25-Nov-2022 00:50:09.599 WARNING [http-nio-8081-exec-14] org.apache.catalina.loader.WebappClassLoaderBase.clearReferencesJdbc The web application [cuoiki1] registered the JDBC driver [com.microsoft.sqlserver.jdbc.SQLServerDriver] but failed to unregister it when the web application was stopped. To prevent a memory leak, the JDBC Driver has been forcibly unregistered.
25-Nov-2022 00:50:09.741 INFO [http-nio-8081-exec-14] org.apache.jasper.servlet.TldScanner.scanJars At least one JAR was scanned for TLDs yet contained no TLDs. Enable debug logging for this logger for a complete list of JARs that were scanned but no TLDs were found in them. Skipping unneeded JARs during scanning can improve startup time and JSP compilation time.
25-Nov-2022 00:50:09.757 INFO [http-nio-8081-exec-14] org.apache.catalina.core.StandardContext.reload Reloading Context with name [/cuoiki1] is completed
25-Nov-2022 00:52:41.867 INFO [http-nio-8081-exec-41] org.apache.catalina.core.StandardContext.reload Reloading Context with name [/cuoiki1] has started
25-Nov-2022 00:52:41.867 WARNING [http-nio-8081-exec-41] org.apache.catalina.loader.WebappClassLoaderBase.clearReferencesJdbc The web application [cuoiki1] registered the JDBC driver [com.microsoft.sqlserver.jdbc.SQLServerDriver] but failed to unregister it when the web application was stopped. To prevent a memory leak, the JDBC Driver has been forcibly unregistered.
25-Nov-2022 00:52:42.017 INFO [http-nio-8081-exec-41] org.apache.jasper.servlet.TldScanner.scanJars At least one JAR was scanned for TLDs yet contained no TLDs. Enable debug logging for this logger for a complete list of JARs that were scanned but no TLDs were found in them. Skipping unneeded JARs during scanning can improve startup time and JSP compilation time.
25-Nov-2022 00:52:42.033 INFO [http-nio-8081-exec-41] org.apache.catalina.core.StandardContext.reload Reloading Context with name [/cuoiki1] is completed
25-Nov-2022 00:53:01.654 INFO [http-nio-8081-exec-38] org.apache.catalina.core.StandardContext.reload Reloading Context with name [/cuoiki1] has started
25-Nov-2022 00:53:01.798 INFO [http-nio-8081-exec-38] org.apache.jasper.servlet.TldScanner.scanJars At least one JAR was scanned for TLDs yet contained no TLDs. Enable debug logging for this logger for a complete list of JARs that were scanned but no TLDs were found in them. Skipping unneeded JARs during scanning can improve startup time and JSP compilation time.
25-Nov-2022 00:53:01.813 INFO [http-nio-8081-exec-38] org.apache.catalina.core.StandardContext.reload Reloading Context with name [/cuoiki1] is completed
25-Nov-2022 00:55:16.885 INFO [http-nio-8081-exec-45] org.apache.catalina.core.StandardContext.reload Reloading Context with name [/cuoiki1] has started
25-Nov-2022 00:55:16.885 WARNING [http-nio-8081-exec-45] org.apache.catalina.loader.WebappClassLoaderBase.clearReferencesJdbc The web application [cuoiki1] registered the JDBC driver [com.microsoft.sqlserver.jdbc.SQLServerDriver] but failed to unregister it when the web application was stopped. To prevent a memory leak, the JDBC Driver has been forcibly unregistered.
25-Nov-2022 00:55:17.034 INFO [http-nio-8081-exec-45] org.apache.jasper.servlet.TldScanner.scanJars At least one JAR was scanned for TLDs yet contained no TLDs. Enable debug logging for this logger for a complete list of JARs that were scanned but no TLDs were found in them. Skipping unneeded JARs during scanning can improve startup time and JSP compilation time.
25-Nov-2022 00:55:17.049 INFO [http-nio-8081-exec-45] org.apache.catalina.core.StandardContext.reload Reloading Context with name [/cuoiki1] is completed
25-Nov-2022 00:55:26.347 INFO [http-nio-8081-exec-48] org.apache.catalina.core.StandardContext.reload Reloading Context with name [/cuoiki1] has started
25-Nov-2022 00:55:26.527 INFO [http-nio-8081-exec-48] org.apache.jasper.servlet.TldScanner.scanJars At least one JAR was scanned for TLDs yet contained no TLDs. Enable debug logging for this logger for a complete list of JARs that were scanned but no TLDs were found in them. Skipping unneeded JARs during scanning can improve startup time and JSP compilation time.
25-Nov-2022 00:55:26.527 INFO [http-nio-8081-exec-48] org.apache.catalina.core.StandardContext.reload Reloading Context with name [/cuoiki1] is completed
25-Nov-2022 00:55:37.968 INFO [http-nio-8081-exec-52] org.apache.catalina.core.StandardContext.reload Reloading Context with name [/cuoiki1] has started
25-Nov-2022 00:55:38.109 INFO [http-nio-8081-exec-52] org.apache.jasper.servlet.TldScanner.scanJars At least one JAR was scanned for TLDs yet contained no TLDs. Enable debug logging for this logger for a complete list of JARs that were scanned but no TLDs were found in them. Skipping unneeded JARs during scanning can improve startup time and JSP compilation time.
25-Nov-2022 00:55:38.124 INFO [http-nio-8081-exec-52] org.apache.catalina.core.StandardContext.reload Reloading Context with name [/cuoiki1] is completed
25-Nov-2022 00:55:43.542 INFO [http-nio-8081-exec-53] org.apache.catalina.core.StandardContext.reload Reloading Context with name [/cuoiki1] has started
25-Nov-2022 00:55:43.690 INFO [http-nio-8081-exec-53] org.apache.jasper.servlet.TldScanner.scanJars At least one JAR was scanned for TLDs yet contained no TLDs. Enable debug logging for this logger for a complete list of JARs that were scanned but no TLDs were found in them. Skipping unneeded JARs during scanning can improve startup time and JSP compilation time.
25-Nov-2022 00:55:43.706 INFO [http-nio-8081-exec-53] org.apache.catalina.core.StandardContext.reload Reloading Context with name [/cuoiki1] is completed
25-Nov-2022 00:55:51.462 INFO [http-nio-8081-exec-55] org.apache.catalina.core.StandardContext.reload Reloading Context with name [/cuoiki1] has started
25-Nov-2022 00:55:51.608 INFO [http-nio-8081-exec-55] org.apache.jasper.servlet.TldScanner.scanJars At least one JAR was scanned for TLDs yet contained no TLDs. Enable debug logging for this logger for a complete list of JARs that were scanned but no TLDs were found in them. Skipping unneeded JARs during scanning can improve startup time and JSP compilation time.
25-Nov-2022 00:55:51.608 INFO [http-nio-8081-exec-55] org.apache.catalina.core.StandardContext.reload Reloading Context with name [/cuoiki1] is completed
25-Nov-2022 00:56:05.980 INFO [http-nio-8081-exec-32] org.apache.catalina.core.StandardContext.reload Reloading Context with name [/cuoiki1] has started
25-Nov-2022 00:56:06.124 INFO [http-nio-8081-exec-32] org.apache.jasper.servlet.TldScanner.scanJars At least one JAR was scanned for TLDs yet contained no TLDs. Enable debug logging for this logger for a complete list of JARs that were scanned but no TLDs were found in them. Skipping unneeded JARs during scanning can improve startup time and JSP compilation time.
25-Nov-2022 00:56:06.140 INFO [http-nio-8081-exec-32] org.apache.catalina.core.StandardContext.reload Reloading Context with name [/cuoiki1] is completed
25-Nov-2022 00:56:12.140 INFO [http-nio-8081-exec-56] org.apache.catalina.core.StandardContext.reload Reloading Context with name [/cuoiki1] has started
25-Nov-2022 00:56:12.307 INFO [http-nio-8081-exec-56] org.apache.jasper.servlet.TldScanner.scanJars At least one JAR was scanned for TLDs yet contained no TLDs. Enable debug logging for this logger for a complete list of JARs that were scanned but no TLDs were found in them. Skipping unneeded JARs during scanning can improve startup time and JSP compilation time.
25-Nov-2022 00:56:12.307 INFO [http-nio-8081-exec-56] org.apache.catalina.core.StandardContext.reload Reloading Context with name [/cuoiki1] is completed
25-Nov-2022 01:00:56.959 INFO [http-nio-8081-exec-67] org.apache.catalina.core.StandardContext.reload Reloading Context with name [/cuoiki1] has started
25-Nov-2022 01:00:56.959 WARNING [http-nio-8081-exec-67] org.apache.catalina.loader.WebappClassLoaderBase.clearReferencesJdbc The web application [cuoiki1] registered the JDBC driver [com.microsoft.sqlserver.jdbc.SQLServerDriver] but failed to unregister it when the web application was stopped. To prevent a memory leak, the JDBC Driver has been forcibly unregistered.
25-Nov-2022 01:00:57.104 INFO [http-nio-8081-exec-67] org.apache.jasper.servlet.TldScanner.scanJars At least one JAR was scanned for TLDs yet contained no TLDs. Enable debug logging for this logger for a complete list of JARs that were scanned but no TLDs were found in them. Skipping unneeded JARs during scanning can improve startup time and JSP compilation time.
25-Nov-2022 01:00:57.120 INFO [http-nio-8081-exec-67] org.apache.catalina.core.StandardContext.reload Reloading Context with name [/cuoiki1] is completed
25-Nov-2022 01:06:47.512 INFO [main] org.apache.catalina.core.StandardServer.await A valid shutdown command was received via the shutdown port. Stopping the Server instance.
25-Nov-2022 01:06:47.512 INFO [main] org.apache.coyote.AbstractProtocol.pause Pausing ProtocolHandler ["http-nio-8081"]
25-Nov-2022 01:06:47.667 INFO [main] org.apache.coyote.AbstractProtocol.pause Pausing ProtocolHandler ["ajp-nio-8009"]
25-Nov-2022 01:06:47.922 INFO [main] org.apache.catalina.core.StandardService.stopInternal Stopping service [Catalina]
25-Nov-2022 01:06:48.094 WARNING [localhost-startStop-2] org.apache.catalina.loader.WebappClassLoaderBase.clearReferencesJdbc The web application [cuoiki1] registered the JDBC driver [com.microsoft.sqlserver.jdbc.SQLServerDriver] but failed to unregister it when the web application was stopped. To prevent a memory leak, the JDBC Driver has been forcibly unregistered.
25-Nov-2022 01:06:48.094 INFO [main] org.apache.coyote.AbstractProtocol.stop Stopping ProtocolHandler ["http-nio-8081"]
25-Nov-2022 01:06:48.094 INFO [main] org.apache.coyote.AbstractProtocol.stop Stopping ProtocolHandler ["ajp-nio-8009"]
25-Nov-2022 01:06:48.094 INFO [main] org.apache.coyote.AbstractProtocol.destroy Destroying ProtocolHandler ["http-nio-8081"]
25-Nov-2022 01:06:48.094 INFO [main] org.apache.coyote.AbstractProtocol.destroy Destroying ProtocolHandler ["ajp-nio-8009"]
25-Nov-2022 10:46:55.506 INFO [main] org.apache.catalina.startup.VersionLoggerListener.log Server version:        Apache Tomcat/8.5.34
25-Nov-2022 10:46:55.506 INFO [main] org.apache.catalina.startup.VersionLoggerListener.log Server built:          Sep 4 2018 22:28:22 UTC
25-Nov-2022 10:46:55.506 INFO [main] org.apache.catalina.startup.VersionLoggerListener.log Server number:         8.5.34.0
25-Nov-2022 10:46:55.506 INFO [main] org.apache.catalina.startup.VersionLoggerListener.log OS Name:               Windows 10
25-Nov-2022 10:46:55.506 INFO [main] org.apache.catalina.startup.VersionLoggerListener.log OS Version:            10.0
25-Nov-2022 10:46:55.506 INFO [main] org.apache.catalina.startup.VersionLoggerListener.log Architecture:          amd64
25-Nov-2022 10:46:55.506 INFO [main] org.apache.catalina.startup.VersionLoggerListener.log Java Home:             C:\Program Files\Java\jdk1.8.0_181\jre
25-Nov-2022 10:46:55.506 INFO [main] org.apache.catalina.startup.VersionLoggerListener.log JVM Version:           1.8.0_181-b13
25-Nov-2022 10:46:55.506 INFO [main] org.apache.catalina.startup.VersionLoggerListener.log JVM Vendor:            Oracle Corporation
25-Nov-2022 10:46:55.506 INFO [main] org.apache.catalina.startup.VersionLoggerListener.log CATALINA_BASE:         D:\apache-tomcat-8.5.34-windows-x64\apache-tomcat-8.5.34
25-Nov-2022 10:46:55.506 INFO [main] org.apache.catalina.startup.VersionLoggerListener.log CATALINA_HOME:         D:\apache-tomcat-8.5.34-windows-x64\apache-tomcat-8.5.34
25-Nov-2022 10:46:55.506 INFO [main] org.apache.catalina.startup.VersionLoggerListener.log Command line argument: -Djava.util.logging.config.file=D:\apache-tomcat-8.5.34-windows-x64\apache-tomcat-8.5.34\conf\logging.properties
25-Nov-2022 10:46:55.506 INFO [main] org.apache.catalina.startup.VersionLoggerListener.log Command line argument: -Djava.util.logging.manager=org.apache.juli.ClassLoaderLogManager
25-Nov-2022 10:46:55.506 INFO [main] org.apache.catalina.startup.VersionLoggerListener.log Command line argument: -Dhttp.nonProxyHosts=localhost|127.0.0.1|DESKTOP-UTRCQSJ
25-Nov-2022 10:46:55.506 INFO [main] org.apache.catalina.startup.VersionLoggerListener.log Command line argument: -Djdk.tls.ephemeralDHKeySize=2048
25-Nov-2022 10:46:55.522 INFO [main] org.apache.catalina.startup.VersionLoggerListener.log Command line argument: -Djava.protocol.handler.pkgs=org.apache.catalina.webresources
25-Nov-2022 10:46:55.522 INFO [main] org.apache.catalina.startup.VersionLoggerListener.log Command line argument: -Dignore.endorsed.dirs=
25-Nov-2022 10:46:55.523 INFO [main] org.apache.catalina.startup.VersionLoggerListener.log Command line argument: -Dcatalina.base=D:\apache-tomcat-8.5.34-windows-x64\apache-tomcat-8.5.34
25-Nov-2022 10:46:55.523 INFO [main] org.apache.catalina.startup.VersionLoggerListener.log Command line argument: -Dcatalina.home=D:\apache-tomcat-8.5.34-windows-x64\apache-tomcat-8.5.34
25-Nov-2022 10:46:55.523 INFO [main] org.apache.catalina.startup.VersionLoggerListener.log Command line argument: -Djava.io.tmpdir=D:\apache-tomcat-8.5.34-windows-x64\apache-tomcat-8.5.34\temp
25-Nov-2022 10:46:55.523 INFO [main] org.apache.catalina.core.AprLifecycleListener.lifecycleEvent Loaded APR based Apache Tomcat Native library [1.2.17] using APR version [1.6.3].
25-Nov-2022 10:46:55.523 INFO [main] org.apache.catalina.core.AprLifecycleListener.lifecycleEvent APR capabilities: IPv6 [true], sendfile [true], accept filters [false], random [true].
25-Nov-2022 10:46:55.523 INFO [main] org.apache.catalina.core.AprLifecycleListener.lifecycleEvent APR/OpenSSL configuration: useAprConnector [false], useOpenSSL [true]
25-Nov-2022 10:46:55.885 INFO [main] org.apache.catalina.core.AprLifecycleListener.initializeSSL OpenSSL successfully initialized [OpenSSL 1.0.2o  27 Mar 2018]
25-Nov-2022 10:46:56.017 INFO [main] org.apache.coyote.AbstractProtocol.init Initializing ProtocolHandler ["http-nio-8081"]
25-Nov-2022 10:46:56.181 INFO [main] org.apache.tomcat.util.net.NioSelectorPool.getSharedSelector Using a shared selector for servlet write/read
25-Nov-2022 10:46:56.181 INFO [main] org.apache.coyote.AbstractProtocol.init Initializing ProtocolHandler ["ajp-nio-8009"]
25-Nov-2022 10:46:56.181 INFO [main] org.apache.tomcat.util.net.NioSelectorPool.getSharedSelector Using a shared selector for servlet write/read
25-Nov-2022 10:46:56.181 INFO [main] org.apache.catalina.startup.Catalina.load Initialization processed in 2058 ms
25-Nov-2022 10:46:56.212 INFO [main] org.apache.catalina.core.StandardService.startInternal Starting service [Catalina]
25-Nov-2022 10:46:56.212 INFO [main] org.apache.catalina.core.StandardEngine.startInternal Starting Servlet Engine: Apache Tomcat/8.5.34
25-Nov-2022 10:46:56.228 INFO [localhost-startStop-1] org.apache.catalina.startup.HostConfig.deployDescriptor Deploying configuration descriptor [D:\apache-tomcat-8.5.34-windows-x64\apache-tomcat-8.5.34\conf\Catalina\localhost\cuoiki1.xml]
25-Nov-2022 10:46:56.824 INFO [localhost-startStop-1] org.apache.jasper.servlet.TldScanner.scanJars At least one JAR was scanned for TLDs yet contained no TLDs. Enable debug logging for this logger for a complete list of JARs that were scanned but no TLDs were found in them. Skipping unneeded JARs during scanning can improve startup time and JSP compilation time.
25-Nov-2022 10:46:56.887 INFO [localhost-startStop-1] org.apache.catalina.startup.HostConfig.deployDescriptor Deployment of configuration descriptor [D:\apache-tomcat-8.5.34-windows-x64\apache-tomcat-8.5.34\conf\Catalina\localhost\cuoiki1.xml] has finished in [659] ms
25-Nov-2022 10:46:56.887 INFO [localhost-startStop-1] org.apache.catalina.startup.HostConfig.deployDirectory Deploying web application directory [D:\apache-tomcat-8.5.34-windows-x64\apache-tomcat-8.5.34\webapps\docs]
25-Nov-2022 10:46:56.910 INFO [localhost-startStop-1] org.apache.catalina.startup.HostConfig.deployDirectory Deployment of web application directory [D:\apache-tomcat-8.5.34-windows-x64\apache-tomcat-8.5.34\webapps\docs] has finished in [23] ms
25-Nov-2022 10:46:56.910 INFO [localhost-startStop-1] org.apache.catalina.startup.HostConfig.deployDirectory Deploying web application directory [D:\apache-tomcat-8.5.34-windows-x64\apache-tomcat-8.5.34\webapps\examples]
25-Nov-2022 10:46:57.578 INFO [localhost-startStop-1] org.apache.catalina.startup.HostConfig.deployDirectory Deployment of web application directory [D:\apache-tomcat-8.5.34-windows-x64\apache-tomcat-8.5.34\webapps\examples] has finished in [668] ms
25-Nov-2022 10:46:57.578 INFO [localhost-startStop-1] org.apache.catalina.startup.HostConfig.deployDirectory Deploying web application directory [D:\apache-tomcat-8.5.34-windows-x64\apache-tomcat-8.5.34\webapps\host-manager]
25-Nov-2022 10:46:57.601 INFO [localhost-startStop-1] org.apache.catalina.startup.HostConfig.deployDirectory Deployment of web application directory [D:\apache-tomcat-8.5.34-windows-x64\apache-tomcat-8.5.34\webapps\host-manager] has finished in [23] ms
25-Nov-2022 10:46:57.601 INFO [localhost-startStop-1] org.apache.catalina.startup.HostConfig.deployDirectory Deploying web application directory [D:\apache-tomcat-8.5.34-windows-x64\apache-tomcat-8.5.34\webapps\manager]
25-Nov-2022 10:46:57.632 INFO [localhost-startStop-1] org.apache.catalina.startup.HostConfig.deployDirectory Deployment of web application directory [D:\apache-tomcat-8.5.34-windows-x64\apache-tomcat-8.5.34\webapps\manager] has finished in [31] ms
25-Nov-2022 10:46:57.632 INFO [localhost-startStop-1] org.apache.catalina.startup.HostConfig.deployDirectory Deploying web application directory [D:\apache-tomcat-8.5.34-windows-x64\apache-tomcat-8.5.34\webapps\ROOT]
25-Nov-2022 10:46:57.648 INFO [localhost-startStop-1] org.apache.catalina.startup.HostConfig.deployDirectory Deployment of web application directory [D:\apache-tomcat-8.5.34-windows-x64\apache-tomcat-8.5.34\webapps\ROOT] has finished in [16] ms
25-Nov-2022 10:46:57.648 INFO [main] org.apache.coyote.AbstractProtocol.start Starting ProtocolHandler ["http-nio-8081"]
25-Nov-2022 10:46:57.648 INFO [main] org.apache.coyote.AbstractProtocol.start Starting ProtocolHandler ["ajp-nio-8009"]
25-Nov-2022 10:46:57.664 INFO [main] org.apache.catalina.startup.Catalina.start Server startup in 1469 ms
25-Nov-2022 10:46:59.336 INFO [http-nio-8081-exec-6] org.apache.catalina.core.StandardContext.reload Reloading Context with name [/cuoiki1] has started
25-Nov-2022 10:46:59.624 INFO [http-nio-8081-exec-6] org.apache.jasper.servlet.TldScanner.scanJars At least one JAR was scanned for TLDs yet contained no TLDs. Enable debug logging for this logger for a complete list of JARs that were scanned but no TLDs were found in them. Skipping unneeded JARs during scanning can improve startup time and JSP compilation time.
25-Nov-2022 10:46:59.624 INFO [http-nio-8081-exec-6] org.apache.catalina.core.StandardContext.reload Reloading Context with name [/cuoiki1] is completed
25-Nov-2022 12:43:50.376 INFO [http-nio-8081-exec-20] org.apache.catalina.core.StandardContext.reload Reloading Context with name [/cuoiki1] has started
25-Nov-2022 12:43:50.395 WARNING [http-nio-8081-exec-20] org.apache.catalina.loader.WebappClassLoaderBase.clearReferencesJdbc The web application [cuoiki1] registered the JDBC driver [com.microsoft.sqlserver.jdbc.SQLServerDriver] but failed to unregister it when the web application was stopped. To prevent a memory leak, the JDBC Driver has been forcibly unregistered.
25-Nov-2022 12:43:50.883 INFO [http-nio-8081-exec-20] org.apache.jasper.servlet.TldScanner.scanJars At least one JAR was scanned for TLDs yet contained no TLDs. Enable debug logging for this logger for a complete list of JARs that were scanned but no TLDs were found in them. Skipping unneeded JARs during scanning can improve startup time and JSP compilation time.
25-Nov-2022 12:43:50.923 INFO [http-nio-8081-exec-20] org.apache.catalina.core.StandardContext.reload Reloading Context with name [/cuoiki1] is completed
25-Nov-2022 12:44:05.594 INFO [http-nio-8081-exec-16] org.apache.catalina.core.StandardContext.reload Reloading Context with name [/cuoiki1] has started
25-Nov-2022 12:44:05.843 INFO [http-nio-8081-exec-16] org.apache.jasper.servlet.TldScanner.scanJars At least one JAR was scanned for TLDs yet contained no TLDs. Enable debug logging for this logger for a complete list of JARs that were scanned but no TLDs were found in them. Skipping unneeded JARs during scanning can improve startup time and JSP compilation time.
25-Nov-2022 12:44:05.864 INFO [http-nio-8081-exec-16] org.apache.catalina.core.StandardContext.reload Reloading Context with name [/cuoiki1] is completed
25-Nov-2022 12:44:57.024 INFO [main] org.apache.catalina.core.StandardServer.await A valid shutdown command was received via the shutdown port. Stopping the Server instance.
25-Nov-2022 12:44:57.024 INFO [main] org.apache.coyote.AbstractProtocol.pause Pausing ProtocolHandler ["http-nio-8081"]
25-Nov-2022 12:44:57.153 INFO [main] org.apache.coyote.AbstractProtocol.pause Pausing ProtocolHandler ["ajp-nio-8009"]
25-Nov-2022 12:44:57.330 INFO [main] org.apache.catalina.core.StandardService.stopInternal Stopping service [Catalina]
25-Nov-2022 12:44:57.368 INFO [main] org.apache.coyote.AbstractProtocol.stop Stopping ProtocolHandler ["http-nio-8081"]
25-Nov-2022 12:44:57.368 INFO [main] org.apache.coyote.AbstractProtocol.stop Stopping ProtocolHandler ["ajp-nio-8009"]
25-Nov-2022 12:44:57.384 INFO [main] org.apache.coyote.AbstractProtocol.destroy Destroying ProtocolHandler ["http-nio-8081"]
25-Nov-2022 12:44:57.384 INFO [main] org.apache.coyote.AbstractProtocol.destroy Destroying ProtocolHandler ["ajp-nio-8009"]
25-Nov-2022 14:10:00.314 INFO [main] org.apache.catalina.startup.VersionLoggerListener.log Server version:        Apache Tomcat/8.5.34
25-Nov-2022 14:10:00.314 INFO [main] org.apache.catalina.startup.VersionLoggerListener.log Server built:          Sep 4 2018 22:28:22 UTC
25-Nov-2022 14:10:00.314 INFO [main] org.apache.catalina.startup.VersionLoggerListener.log Server number:         8.5.34.0
25-Nov-2022 14:10:00.314 INFO [main] org.apache.catalina.startup.VersionLoggerListener.log OS Name:               Windows 10
25-Nov-2022 14:10:00.314 INFO [main] org.apache.catalina.startup.VersionLoggerListener.log OS Version:            10.0
25-Nov-2022 14:10:00.314 INFO [main] org.apache.catalina.startup.VersionLoggerListener.log Architecture:          amd64
25-Nov-2022 14:10:00.314 INFO [main] org.apache.catalina.startup.VersionLoggerListener.log Java Home:             C:\Program Files\Java\jdk1.8.0_181\jre
25-Nov-2022 14:10:00.314 INFO [main] org.apache.catalina.startup.VersionLoggerListener.log JVM Version:           1.8.0_181-b13
25-Nov-2022 14:10:00.314 INFO [main] org.apache.catalina.startup.VersionLoggerListener.log JVM Vendor:            Oracle Corporation
25-Nov-2022 14:10:00.314 INFO [main] org.apache.catalina.startup.VersionLoggerListener.log CATALINA_BASE:         D:\apache-tomcat-8.5.34-windows-x64\apache-tomcat-8.5.34
25-Nov-2022 14:10:00.314 INFO [main] org.apache.catalina.startup.VersionLoggerListener.log CATALINA_HOME:         D:\apache-tomcat-8.5.34-windows-x64\apache-tomcat-8.5.34
25-Nov-2022 14:10:00.314 INFO [main] org.apache.catalina.startup.VersionLoggerListener.log Command line argument: -Djava.util.logging.config.file=D:\apache-tomcat-8.5.34-windows-x64\apache-tomcat-8.5.34\conf\logging.properties
25-Nov-2022 14:10:00.314 INFO [main] org.apache.catalina.startup.VersionLoggerListener.log Command line argument: -Djava.util.logging.manager=org.apache.juli.ClassLoaderLogManager
25-Nov-2022 14:10:00.314 INFO [main] org.apache.catalina.startup.VersionLoggerListener.log Command line argument: -Dhttp.nonProxyHosts=localhost|127.0.0.1|DESKTOP-UTRCQSJ
25-Nov-2022 14:10:00.314 INFO [main] org.apache.catalina.startup.VersionLoggerListener.log Command line argument: -Djdk.tls.ephemeralDHKeySize=2048
25-Nov-2022 14:10:00.314 INFO [main] org.apache.catalina.startup.VersionLoggerListener.log Command line argument: -Djava.protocol.handler.pkgs=org.apache.catalina.webresources
25-Nov-2022 14:10:00.314 INFO [main] org.apache.catalina.startup.VersionLoggerListener.log Command line argument: -Dignore.endorsed.dirs=
25-Nov-2022 14:10:00.330 INFO [main] org.apache.catalina.startup.VersionLoggerListener.log Command line argument: -Dcatalina.base=D:\apache-tomcat-8.5.34-windows-x64\apache-tomcat-8.5.34
25-Nov-2022 14:10:00.330 INFO [main] org.apache.catalina.startup.VersionLoggerListener.log Command line argument: -Dcatalina.home=D:\apache-tomcat-8.5.34-windows-x64\apache-tomcat-8.5.34
25-Nov-2022 14:10:00.330 INFO [main] org.apache.catalina.startup.VersionLoggerListener.log Command line argument: -Djava.io.tmpdir=D:\apache-tomcat-8.5.34-windows-x64\apache-tomcat-8.5.34\temp
25-Nov-2022 14:10:00.330 INFO [main] org.apache.catalina.core.AprLifecycleListener.lifecycleEvent Loaded APR based Apache Tomcat Native library [1.2.17] using APR version [1.6.3].
25-Nov-2022 14:10:00.330 INFO [main] org.apache.catalina.core.AprLifecycleListener.lifecycleEvent APR capabilities: IPv6 [true], sendfile [true], accept filters [false], random [true].
25-Nov-2022 14:10:00.330 INFO [main] org.apache.catalina.core.AprLifecycleListener.lifecycleEvent APR/OpenSSL configuration: useAprConnector [false], useOpenSSL [true]
25-Nov-2022 14:10:00.692 INFO [main] org.apache.catalina.core.AprLifecycleListener.initializeSSL OpenSSL successfully initialized [OpenSSL 1.0.2o  27 Mar 2018]
25-Nov-2022 14:10:00.826 INFO [main] org.apache.coyote.AbstractProtocol.init Initializing ProtocolHandler ["http-nio-8081"]
25-Nov-2022 14:10:00.996 INFO [main] org.apache.tomcat.util.net.NioSelectorPool.getSharedSelector Using a shared selector for servlet write/read
25-Nov-2022 14:10:01.012 INFO [main] org.apache.coyote.AbstractProtocol.init Initializing ProtocolHandler ["ajp-nio-8009"]
25-Nov-2022 14:10:01.012 INFO [main] org.apache.tomcat.util.net.NioSelectorPool.getSharedSelector Using a shared selector for servlet write/read
25-Nov-2022 14:10:01.012 INFO [main] org.apache.catalina.startup.Catalina.load Initialization processed in 1797 ms
25-Nov-2022 14:10:01.035 INFO [main] org.apache.catalina.core.StandardService.startInternal Starting service [Catalina]
25-Nov-2022 14:10:01.035 INFO [main] org.apache.catalina.core.StandardEngine.startInternal Starting Servlet Engine: Apache Tomcat/8.5.34
25-Nov-2022 14:10:01.035 INFO [localhost-startStop-1] org.apache.catalina.startup.HostConfig.deployDescriptor Deploying configuration descriptor [D:\apache-tomcat-8.5.34-windows-x64\apache-tomcat-8.5.34\conf\Catalina\localhost\cuoiki1.xml]
25-Nov-2022 14:10:01.592 INFO [localhost-startStop-1] org.apache.jasper.servlet.TldScanner.scanJars At least one JAR was scanned for TLDs yet contained no TLDs. Enable debug logging for this logger for a complete list of JARs that were scanned but no TLDs were found in them. Skipping unneeded JARs during scanning can improve startup time and JSP compilation time.
25-Nov-2022 14:10:01.640 INFO [localhost-startStop-1] org.apache.catalina.startup.HostConfig.deployDescriptor Deployment of configuration descriptor [D:\apache-tomcat-8.5.34-windows-x64\apache-tomcat-8.5.34\conf\Catalina\localhost\cuoiki1.xml] has finished in [605] ms
25-Nov-2022 14:10:01.640 INFO [localhost-startStop-1] org.apache.catalina.startup.HostConfig.deployDirectory Deploying web application directory [D:\apache-tomcat-8.5.34-windows-x64\apache-tomcat-8.5.34\webapps\docs]
25-Nov-2022 14:10:01.656 INFO [localhost-startStop-1] org.apache.catalina.startup.HostConfig.deployDirectory Deployment of web application directory [D:\apache-tomcat-8.5.34-windows-x64\apache-tomcat-8.5.34\webapps\docs] has finished in [16] ms
25-Nov-2022 14:10:01.656 INFO [localhost-startStop-1] org.apache.catalina.startup.HostConfig.deployDirectory Deploying web application directory [D:\apache-tomcat-8.5.34-windows-x64\apache-tomcat-8.5.34\webapps\examples]
25-Nov-2022 14:10:02.027 INFO [localhost-startStop-1] org.apache.catalina.startup.HostConfig.deployDirectory Deployment of web application directory [D:\apache-tomcat-8.5.34-windows-x64\apache-tomcat-8.5.34\webapps\examples] has finished in [371] ms
25-Nov-2022 14:10:02.027 INFO [localhost-startStop-1] org.apache.catalina.startup.HostConfig.deployDirectory Deploying web application directory [D:\apache-tomcat-8.5.34-windows-x64\apache-tomcat-8.5.34\webapps\host-manager]
25-Nov-2022 14:10:02.060 INFO [localhost-startStop-1] org.apache.catalina.startup.HostConfig.deployDirectory Deployment of web application directory [D:\apache-tomcat-8.5.34-windows-x64\apache-tomcat-8.5.34\webapps\host-manager] has finished in [33] ms
25-Nov-2022 14:10:02.060 INFO [localhost-startStop-1] org.apache.catalina.startup.HostConfig.deployDirectory Deploying web application directory [D:\apache-tomcat-8.5.34-windows-x64\apache-tomcat-8.5.34\webapps\manager]
25-Nov-2022 14:10:02.083 INFO [localhost-startStop-1] org.apache.catalina.startup.HostConfig.deployDirectory Deployment of web application directory [D:\apache-tomcat-8.5.34-windows-x64\apache-tomcat-8.5.34\webapps\manager] has finished in [23] ms
25-Nov-2022 14:10:02.083 INFO [localhost-startStop-1] org.apache.catalina.startup.HostConfig.deployDirectory Deploying web application directory [D:\apache-tomcat-8.5.34-windows-x64\apache-tomcat-8.5.34\webapps\ROOT]
25-Nov-2022 14:10:02.091 INFO [localhost-startStop-1] org.apache.catalina.startup.HostConfig.deployDirectory Deployment of web application directory [D:\apache-tomcat-8.5.34-windows-x64\apache-tomcat-8.5.34\webapps\ROOT] has finished in [8] ms
25-Nov-2022 14:10:02.091 INFO [main] org.apache.coyote.AbstractProtocol.start Starting ProtocolHandler ["http-nio-8081"]
25-Nov-2022 14:10:02.109 INFO [main] org.apache.coyote.AbstractProtocol.start Starting ProtocolHandler ["ajp-nio-8009"]
25-Nov-2022 14:10:02.113 INFO [main] org.apache.catalina.startup.Catalina.start Server startup in 1095 ms
25-Nov-2022 14:10:03.853 INFO [http-nio-8081-exec-8] org.apache.catalina.core.StandardContext.reload Reloading Context with name [/cuoiki1] has started
25-Nov-2022 14:10:04.057 INFO [http-nio-8081-exec-8] org.apache.jasper.servlet.TldScanner.scanJars At least one JAR was scanned for TLDs yet contained no TLDs. Enable debug logging for this logger for a complete list of JARs that were scanned but no TLDs were found in them. Skipping unneeded JARs during scanning can improve startup time and JSP compilation time.
25-Nov-2022 14:10:04.075 INFO [http-nio-8081-exec-8] org.apache.catalina.core.StandardContext.reload Reloading Context with name [/cuoiki1] is completed
25-Nov-2022 14:37:03.709 INFO [main] org.apache.catalina.core.StandardServer.await A valid shutdown command was received via the shutdown port. Stopping the Server instance.
25-Nov-2022 14:37:03.709 INFO [main] org.apache.coyote.AbstractProtocol.pause Pausing ProtocolHandler ["http-nio-8081"]
25-Nov-2022 14:37:03.877 INFO [main] org.apache.coyote.AbstractProtocol.pause Pausing ProtocolHandler ["ajp-nio-8009"]
25-Nov-2022 14:37:04.017 INFO [main] org.apache.catalina.core.StandardService.stopInternal Stopping service [Catalina]
25-Nov-2022 14:37:04.034 WARNING [localhost-startStop-2] org.apache.catalina.loader.WebappClassLoaderBase.clearReferencesJdbc The web application [cuoiki1] registered the JDBC driver [com.microsoft.sqlserver.jdbc.SQLServerDriver] but failed to unregister it when the web application was stopped. To prevent a memory leak, the JDBC Driver has been forcibly unregistered.
25-Nov-2022 14:37:04.038 INFO [main] org.apache.coyote.AbstractProtocol.stop Stopping ProtocolHandler ["http-nio-8081"]
25-Nov-2022 14:37:04.039 INFO [main] org.apache.coyote.AbstractProtocol.stop Stopping ProtocolHandler ["ajp-nio-8009"]
25-Nov-2022 14:37:04.040 INFO [main] org.apache.coyote.AbstractProtocol.destroy Destroying ProtocolHandler ["http-nio-8081"]
25-Nov-2022 14:37:04.040 INFO [main] org.apache.coyote.AbstractProtocol.destroy Destroying ProtocolHandler ["ajp-nio-8009"]
