22-Nov-2022 13:35:06.123 INFO [main] org.apache.catalina.startup.VersionLoggerListener.log Server version:        Apache Tomcat/8.5.34
22-Nov-2022 13:35:06.123 INFO [main] org.apache.catalina.startup.VersionLoggerListener.log Server built:          Sep 4 2018 22:28:22 UTC
22-Nov-2022 13:35:06.123 INFO [main] org.apache.catalina.startup.VersionLoggerListener.log Server number:         8.5.34.0
22-Nov-2022 13:35:06.123 INFO [main] org.apache.catalina.startup.VersionLoggerListener.log OS Name:               Windows 10
22-Nov-2022 13:35:06.123 INFO [main] org.apache.catalina.startup.VersionLoggerListener.log OS Version:            10.0
22-Nov-2022 13:35:06.123 INFO [main] org.apache.catalina.startup.VersionLoggerListener.log Architecture:          amd64
22-Nov-2022 13:35:06.123 INFO [main] org.apache.catalina.startup.VersionLoggerListener.log Java Home:             C:\Program Files\Java\jdk1.8.0_181\jre
22-Nov-2022 13:35:06.123 INFO [main] org.apache.catalina.startup.VersionLoggerListener.log JVM Version:           1.8.0_181-b13
22-Nov-2022 13:35:06.123 INFO [main] org.apache.catalina.startup.VersionLoggerListener.log JVM Vendor:            Oracle Corporation
22-Nov-2022 13:35:06.123 INFO [main] org.apache.catalina.startup.VersionLoggerListener.log CATALINA_BASE:         D:\apache-tomcat-8.5.34-windows-x64\apache-tomcat-8.5.34
22-Nov-2022 13:35:06.123 INFO [main] org.apache.catalina.startup.VersionLoggerListener.log CATALINA_HOME:         D:\apache-tomcat-8.5.34-windows-x64\apache-tomcat-8.5.34
22-Nov-2022 13:35:06.123 INFO [main] org.apache.catalina.startup.VersionLoggerListener.log Command line argument: -Djava.util.logging.config.file=D:\apache-tomcat-8.5.34-windows-x64\apache-tomcat-8.5.34\conf\logging.properties
22-Nov-2022 13:35:06.123 INFO [main] org.apache.catalina.startup.VersionLoggerListener.log Command line argument: -Djava.util.logging.manager=org.apache.juli.ClassLoaderLogManager
22-Nov-2022 13:35:06.123 INFO [main] org.apache.catalina.startup.VersionLoggerListener.log Command line argument: -Dhttp.nonProxyHosts=localhost|127.0.0.1|DESKTOP-UTRCQSJ
22-Nov-2022 13:35:06.123 INFO [main] org.apache.catalina.startup.VersionLoggerListener.log Command line argument: -Djdk.tls.ephemeralDHKeySize=2048
22-Nov-2022 13:35:06.123 INFO [main] org.apache.catalina.startup.VersionLoggerListener.log Command line argument: -Djava.protocol.handler.pkgs=org.apache.catalina.webresources
22-Nov-2022 13:35:06.123 INFO [main] org.apache.catalina.startup.VersionLoggerListener.log Command line argument: -Dignore.endorsed.dirs=
22-Nov-2022 13:35:06.123 INFO [main] org.apache.catalina.startup.VersionLoggerListener.log Command line argument: -Dcatalina.base=D:\apache-tomcat-8.5.34-windows-x64\apache-tomcat-8.5.34
22-Nov-2022 13:35:06.123 INFO [main] org.apache.catalina.startup.VersionLoggerListener.log Command line argument: -Dcatalina.home=D:\apache-tomcat-8.5.34-windows-x64\apache-tomcat-8.5.34
22-Nov-2022 13:35:06.123 INFO [main] org.apache.catalina.startup.VersionLoggerListener.log Command line argument: -Djava.io.tmpdir=D:\apache-tomcat-8.5.34-windows-x64\apache-tomcat-8.5.34\temp
22-Nov-2022 13:35:06.123 INFO [main] org.apache.catalina.core.AprLifecycleListener.lifecycleEvent Loaded APR based Apache Tomcat Native library [1.2.17] using APR version [1.6.3].
22-Nov-2022 13:35:06.123 INFO [main] org.apache.catalina.core.AprLifecycleListener.lifecycleEvent APR capabilities: IPv6 [true], sendfile [true], accept filters [false], random [true].
22-Nov-2022 13:35:06.123 INFO [main] org.apache.catalina.core.AprLifecycleListener.lifecycleEvent APR/OpenSSL configuration: useAprConnector [false], useOpenSSL [true]
22-Nov-2022 13:35:06.530 INFO [main] org.apache.catalina.core.AprLifecycleListener.initializeSSL OpenSSL successfully initialized [OpenSSL 1.0.2o  27 Mar 2018]
22-Nov-2022 13:35:06.691 INFO [main] org.apache.coyote.AbstractProtocol.init Initializing ProtocolHandler ["http-nio-8081"]
22-Nov-2022 13:35:06.894 INFO [main] org.apache.tomcat.util.net.NioSelectorPool.getSharedSelector Using a shared selector for servlet write/read
22-Nov-2022 13:35:06.894 INFO [main] org.apache.coyote.AbstractProtocol.init Initializing ProtocolHandler ["ajp-nio-8009"]
22-Nov-2022 13:35:06.894 INFO [main] org.apache.tomcat.util.net.NioSelectorPool.getSharedSelector Using a shared selector for servlet write/read
22-Nov-2022 13:35:06.894 INFO [main] org.apache.catalina.startup.Catalina.load Initialization processed in 2872 ms
22-Nov-2022 13:35:06.925 INFO [main] org.apache.catalina.core.StandardService.startInternal Starting service [Catalina]
22-Nov-2022 13:35:06.925 INFO [main] org.apache.catalina.core.StandardEngine.startInternal Starting Servlet Engine: Apache Tomcat/8.5.34
22-Nov-2022 13:35:06.943 INFO [localhost-startStop-1] org.apache.catalina.startup.HostConfig.deployDescriptor Deploying configuration descriptor [D:\apache-tomcat-8.5.34-windows-x64\apache-tomcat-8.5.34\conf\Catalina\localhost\cuoiki1.xml]
22-Nov-2022 13:35:07.555 INFO [localhost-startStop-1] org.apache.jasper.servlet.TldScanner.scanJars At least one JAR was scanned for TLDs yet contained no TLDs. Enable debug logging for this logger for a complete list of JARs that were scanned but no TLDs were found in them. Skipping unneeded JARs during scanning can improve startup time and JSP compilation time.
22-Nov-2022 13:35:07.612 INFO [localhost-startStop-1] org.apache.catalina.startup.HostConfig.deployDescriptor Deployment of configuration descriptor [D:\apache-tomcat-8.5.34-windows-x64\apache-tomcat-8.5.34\conf\Catalina\localhost\cuoiki1.xml] has finished in [669] ms
22-Nov-2022 13:35:07.612 INFO [localhost-startStop-1] org.apache.catalina.startup.HostConfig.deployDirectory Deploying web application directory [D:\apache-tomcat-8.5.34-windows-x64\apache-tomcat-8.5.34\webapps\docs]
22-Nov-2022 13:35:07.628 INFO [localhost-startStop-1] org.apache.catalina.startup.HostConfig.deployDirectory Deployment of web application directory [D:\apache-tomcat-8.5.34-windows-x64\apache-tomcat-8.5.34\webapps\docs] has finished in [16] ms
22-Nov-2022 13:35:07.628 INFO [localhost-startStop-1] org.apache.catalina.startup.HostConfig.deployDirectory Deploying web application directory [D:\apache-tomcat-8.5.34-windows-x64\apache-tomcat-8.5.34\webapps\examples]
22-Nov-2022 13:35:08.156 INFO [localhost-startStop-1] org.apache.catalina.startup.HostConfig.deployDirectory Deployment of web application directory [D:\apache-tomcat-8.5.34-windows-x64\apache-tomcat-8.5.34\webapps\examples] has finished in [528] ms
22-Nov-2022 13:35:08.156 INFO [localhost-startStop-1] org.apache.catalina.startup.HostConfig.deployDirectory Deploying web application directory [D:\apache-tomcat-8.5.34-windows-x64\apache-tomcat-8.5.34\webapps\host-manager]
22-Nov-2022 13:35:08.172 INFO [localhost-startStop-1] org.apache.catalina.startup.HostConfig.deployDirectory Deployment of web application directory [D:\apache-tomcat-8.5.34-windows-x64\apache-tomcat-8.5.34\webapps\host-manager] has finished in [16] ms
22-Nov-2022 13:35:08.172 INFO [localhost-startStop-1] org.apache.catalina.startup.HostConfig.deployDirectory Deploying web application directory [D:\apache-tomcat-8.5.34-windows-x64\apache-tomcat-8.5.34\webapps\manager]
22-Nov-2022 13:35:08.187 INFO [localhost-startStop-1] org.apache.catalina.startup.HostConfig.deployDirectory Deployment of web application directory [D:\apache-tomcat-8.5.34-windows-x64\apache-tomcat-8.5.34\webapps\manager] has finished in [15] ms
22-Nov-2022 13:35:08.187 INFO [localhost-startStop-1] org.apache.catalina.startup.HostConfig.deployDirectory Deploying web application directory [D:\apache-tomcat-8.5.34-windows-x64\apache-tomcat-8.5.34\webapps\ROOT]
22-Nov-2022 13:35:08.213 INFO [localhost-startStop-1] org.apache.catalina.startup.HostConfig.deployDirectory Deployment of web application directory [D:\apache-tomcat-8.5.34-windows-x64\apache-tomcat-8.5.34\webapps\ROOT] has finished in [26] ms
22-Nov-2022 13:35:08.229 INFO [main] org.apache.coyote.AbstractProtocol.start Starting ProtocolHandler ["http-nio-8081"]
22-Nov-2022 13:35:08.230 INFO [main] org.apache.coyote.AbstractProtocol.start Starting ProtocolHandler ["ajp-nio-8009"]
22-Nov-2022 13:35:08.230 INFO [main] org.apache.catalina.startup.Catalina.start Server startup in 1331 ms
22-Nov-2022 14:22:26.604 INFO [main] org.apache.catalina.core.StandardServer.await A valid shutdown command was received via the shutdown port. Stopping the Server instance.
22-Nov-2022 14:22:26.604 INFO [main] org.apache.coyote.AbstractProtocol.pause Pausing ProtocolHandler ["http-nio-8081"]
22-Nov-2022 14:22:26.766 INFO [main] org.apache.coyote.AbstractProtocol.pause Pausing ProtocolHandler ["ajp-nio-8009"]
22-Nov-2022 14:22:26.949 INFO [main] org.apache.catalina.core.StandardService.stopInternal Stopping service [Catalina]
22-Nov-2022 14:22:27.007 WARNING [localhost-startStop-2] org.apache.catalina.loader.WebappClassLoaderBase.clearReferencesJdbc The web application [cuoiki1] registered the JDBC driver [com.microsoft.sqlserver.jdbc.SQLServerDriver] but failed to unregister it when the web application was stopped. To prevent a memory leak, the JDBC Driver has been forcibly unregistered.
22-Nov-2022 14:22:27.015 INFO [main] org.apache.coyote.AbstractProtocol.stop Stopping ProtocolHandler ["http-nio-8081"]
22-Nov-2022 14:22:27.018 INFO [main] org.apache.coyote.AbstractProtocol.stop Stopping ProtocolHandler ["ajp-nio-8009"]
22-Nov-2022 14:22:27.020 INFO [main] org.apache.coyote.AbstractProtocol.destroy Destroying ProtocolHandler ["http-nio-8081"]
22-Nov-2022 14:22:27.020 INFO [main] org.apache.coyote.AbstractProtocol.destroy Destroying ProtocolHandler ["ajp-nio-8009"]
22-Nov-2022 14:37:51.530 INFO [main] org.apache.catalina.startup.VersionLoggerListener.log Server version:        Apache Tomcat/8.5.34
22-Nov-2022 14:37:51.530 INFO [main] org.apache.catalina.startup.VersionLoggerListener.log Server built:          Sep 4 2018 22:28:22 UTC
22-Nov-2022 14:37:51.530 INFO [main] org.apache.catalina.startup.VersionLoggerListener.log Server number:         8.5.34.0
22-Nov-2022 14:37:51.530 INFO [main] org.apache.catalina.startup.VersionLoggerListener.log OS Name:               Windows 10
22-Nov-2022 14:37:51.530 INFO [main] org.apache.catalina.startup.VersionLoggerListener.log OS Version:            10.0
22-Nov-2022 14:37:51.530 INFO [main] org.apache.catalina.startup.VersionLoggerListener.log Architecture:          amd64
22-Nov-2022 14:37:51.530 INFO [main] org.apache.catalina.startup.VersionLoggerListener.log Java Home:             C:\Program Files\Java\jdk1.8.0_181\jre
22-Nov-2022 14:37:51.530 INFO [main] org.apache.catalina.startup.VersionLoggerListener.log JVM Version:           1.8.0_181-b13
22-Nov-2022 14:37:51.530 INFO [main] org.apache.catalina.startup.VersionLoggerListener.log JVM Vendor:            Oracle Corporation
22-Nov-2022 14:37:51.530 INFO [main] org.apache.catalina.startup.VersionLoggerListener.log CATALINA_BASE:         D:\apache-tomcat-8.5.34-windows-x64\apache-tomcat-8.5.34
22-Nov-2022 14:37:51.530 INFO [main] org.apache.catalina.startup.VersionLoggerListener.log CATALINA_HOME:         D:\apache-tomcat-8.5.34-windows-x64\apache-tomcat-8.5.34
22-Nov-2022 14:37:51.530 INFO [main] org.apache.catalina.startup.VersionLoggerListener.log Command line argument: -Djava.util.logging.config.file=D:\apache-tomcat-8.5.34-windows-x64\apache-tomcat-8.5.34\conf\logging.properties
22-Nov-2022 14:37:51.530 INFO [main] org.apache.catalina.startup.VersionLoggerListener.log Command line argument: -Djava.util.logging.manager=org.apache.juli.ClassLoaderLogManager
22-Nov-2022 14:37:51.530 INFO [main] org.apache.catalina.startup.VersionLoggerListener.log Command line argument: -Dhttp.nonProxyHosts=localhost|127.0.0.1|DESKTOP-UTRCQSJ
22-Nov-2022 14:37:51.530 INFO [main] org.apache.catalina.startup.VersionLoggerListener.log Command line argument: -Djdk.tls.ephemeralDHKeySize=2048
22-Nov-2022 14:37:51.530 INFO [main] org.apache.catalina.startup.VersionLoggerListener.log Command line argument: -Djava.protocol.handler.pkgs=org.apache.catalina.webresources
22-Nov-2022 14:37:51.530 INFO [main] org.apache.catalina.startup.VersionLoggerListener.log Command line argument: -Dignore.endorsed.dirs=
22-Nov-2022 14:37:51.530 INFO [main] org.apache.catalina.startup.VersionLoggerListener.log Command line argument: -Dcatalina.base=D:\apache-tomcat-8.5.34-windows-x64\apache-tomcat-8.5.34
22-Nov-2022 14:37:51.530 INFO [main] org.apache.catalina.startup.VersionLoggerListener.log Command line argument: -Dcatalina.home=D:\apache-tomcat-8.5.34-windows-x64\apache-tomcat-8.5.34
22-Nov-2022 14:37:51.530 INFO [main] org.apache.catalina.startup.VersionLoggerListener.log Command line argument: -Djava.io.tmpdir=D:\apache-tomcat-8.5.34-windows-x64\apache-tomcat-8.5.34\temp
22-Nov-2022 14:37:51.530 INFO [main] org.apache.catalina.core.AprLifecycleListener.lifecycleEvent Loaded APR based Apache Tomcat Native library [1.2.17] using APR version [1.6.3].
22-Nov-2022 14:37:51.530 INFO [main] org.apache.catalina.core.AprLifecycleListener.lifecycleEvent APR capabilities: IPv6 [true], sendfile [true], accept filters [false], random [true].
22-Nov-2022 14:37:51.530 INFO [main] org.apache.catalina.core.AprLifecycleListener.lifecycleEvent APR/OpenSSL configuration: useAprConnector [false], useOpenSSL [true]
22-Nov-2022 14:37:51.942 INFO [main] org.apache.catalina.core.AprLifecycleListener.initializeSSL OpenSSL successfully initialized [OpenSSL 1.0.2o  27 Mar 2018]
22-Nov-2022 14:37:52.054 INFO [main] org.apache.coyote.AbstractProtocol.init Initializing ProtocolHandler ["http-nio-8081"]
22-Nov-2022 14:37:52.215 INFO [main] org.apache.tomcat.util.net.NioSelectorPool.getSharedSelector Using a shared selector for servlet write/read
22-Nov-2022 14:37:52.215 INFO [main] org.apache.coyote.AbstractProtocol.init Initializing ProtocolHandler ["ajp-nio-8009"]
22-Nov-2022 14:37:52.215 INFO [main] org.apache.tomcat.util.net.NioSelectorPool.getSharedSelector Using a shared selector for servlet write/read
22-Nov-2022 14:37:52.215 INFO [main] org.apache.catalina.startup.Catalina.load Initialization processed in 984 ms
22-Nov-2022 14:37:52.247 INFO [main] org.apache.catalina.core.StandardService.startInternal Starting service [Catalina]
22-Nov-2022 14:37:52.247 INFO [main] org.apache.catalina.core.StandardEngine.startInternal Starting Servlet Engine: Apache Tomcat/8.5.34
22-Nov-2022 14:37:52.247 INFO [localhost-startStop-1] org.apache.catalina.startup.HostConfig.deployDescriptor Deploying configuration descriptor [D:\apache-tomcat-8.5.34-windows-x64\apache-tomcat-8.5.34\conf\Catalina\localhost\cuoiki1.xml]
22-Nov-2022 14:37:52.754 INFO [localhost-startStop-1] org.apache.jasper.servlet.TldScanner.scanJars At least one JAR was scanned for TLDs yet contained no TLDs. Enable debug logging for this logger for a complete list of JARs that were scanned but no TLDs were found in them. Skipping unneeded JARs during scanning can improve startup time and JSP compilation time.
22-Nov-2022 14:37:52.801 INFO [localhost-startStop-1] org.apache.catalina.startup.HostConfig.deployDescriptor Deployment of configuration descriptor [D:\apache-tomcat-8.5.34-windows-x64\apache-tomcat-8.5.34\conf\Catalina\localhost\cuoiki1.xml] has finished in [554] ms
22-Nov-2022 14:37:52.801 INFO [localhost-startStop-1] org.apache.catalina.startup.HostConfig.deployDirectory Deploying web application directory [D:\apache-tomcat-8.5.34-windows-x64\apache-tomcat-8.5.34\webapps\docs]
22-Nov-2022 14:37:52.817 INFO [localhost-startStop-1] org.apache.catalina.startup.HostConfig.deployDirectory Deployment of web application directory [D:\apache-tomcat-8.5.34-windows-x64\apache-tomcat-8.5.34\webapps\docs] has finished in [16] ms
22-Nov-2022 14:37:52.817 INFO [localhost-startStop-1] org.apache.catalina.startup.HostConfig.deployDirectory Deploying web application directory [D:\apache-tomcat-8.5.34-windows-x64\apache-tomcat-8.5.34\webapps\examples]
22-Nov-2022 14:37:53.446 INFO [localhost-startStop-1] org.apache.catalina.startup.HostConfig.deployDirectory Deployment of web application directory [D:\apache-tomcat-8.5.34-windows-x64\apache-tomcat-8.5.34\webapps\examples] has finished in [629] ms
22-Nov-2022 14:37:53.446 INFO [localhost-startStop-1] org.apache.catalina.startup.HostConfig.deployDirectory Deploying web application directory [D:\apache-tomcat-8.5.34-windows-x64\apache-tomcat-8.5.34\webapps\host-manager]
22-Nov-2022 14:37:53.468 INFO [localhost-startStop-1] org.apache.catalina.startup.HostConfig.deployDirectory Deployment of web application directory [D:\apache-tomcat-8.5.34-windows-x64\apache-tomcat-8.5.34\webapps\host-manager] has finished in [22] ms
22-Nov-2022 14:37:53.468 INFO [localhost-startStop-1] org.apache.catalina.startup.HostConfig.deployDirectory Deploying web application directory [D:\apache-tomcat-8.5.34-windows-x64\apache-tomcat-8.5.34\webapps\manager]
22-Nov-2022 14:37:53.496 INFO [localhost-startStop-1] org.apache.catalina.startup.HostConfig.deployDirectory Deployment of web application directory [D:\apache-tomcat-8.5.34-windows-x64\apache-tomcat-8.5.34\webapps\manager] has finished in [28] ms
22-Nov-2022 14:37:53.496 INFO [localhost-startStop-1] org.apache.catalina.startup.HostConfig.deployDirectory Deploying web application directory [D:\apache-tomcat-8.5.34-windows-x64\apache-tomcat-8.5.34\webapps\ROOT]
22-Nov-2022 14:37:53.521 INFO [localhost-startStop-1] org.apache.catalina.startup.HostConfig.deployDirectory Deployment of web application directory [D:\apache-tomcat-8.5.34-windows-x64\apache-tomcat-8.5.34\webapps\ROOT] has finished in [25] ms
22-Nov-2022 14:37:53.522 INFO [main] org.apache.coyote.AbstractProtocol.start Starting ProtocolHandler ["http-nio-8081"]
22-Nov-2022 14:37:53.522 INFO [main] org.apache.coyote.AbstractProtocol.start Starting ProtocolHandler ["ajp-nio-8009"]
22-Nov-2022 14:37:53.522 INFO [main] org.apache.catalina.startup.Catalina.start Server startup in 1309 ms
22-Nov-2022 15:27:34.711 INFO [main] org.apache.catalina.startup.VersionLoggerListener.log Server version:        Apache Tomcat/8.5.34
22-Nov-2022 15:27:34.713 INFO [main] org.apache.catalina.startup.VersionLoggerListener.log Server built:          Sep 4 2018 22:28:22 UTC
22-Nov-2022 15:27:34.713 INFO [main] org.apache.catalina.startup.VersionLoggerListener.log Server number:         8.5.34.0
22-Nov-2022 15:27:34.713 INFO [main] org.apache.catalina.startup.VersionLoggerListener.log OS Name:               Windows 10
22-Nov-2022 15:27:34.713 INFO [main] org.apache.catalina.startup.VersionLoggerListener.log OS Version:            10.0
22-Nov-2022 15:27:34.713 INFO [main] org.apache.catalina.startup.VersionLoggerListener.log Architecture:          amd64
22-Nov-2022 15:27:34.713 INFO [main] org.apache.catalina.startup.VersionLoggerListener.log Java Home:             C:\Program Files\Java\jdk1.8.0_181\jre
22-Nov-2022 15:27:34.713 INFO [main] org.apache.catalina.startup.VersionLoggerListener.log JVM Version:           1.8.0_181-b13
22-Nov-2022 15:27:34.713 INFO [main] org.apache.catalina.startup.VersionLoggerListener.log JVM Vendor:            Oracle Corporation
22-Nov-2022 15:27:34.713 INFO [main] org.apache.catalina.startup.VersionLoggerListener.log CATALINA_BASE:         D:\apache-tomcat-8.5.34-windows-x64\apache-tomcat-8.5.34
22-Nov-2022 15:27:34.713 INFO [main] org.apache.catalina.startup.VersionLoggerListener.log CATALINA_HOME:         D:\apache-tomcat-8.5.34-windows-x64\apache-tomcat-8.5.34
22-Nov-2022 15:27:34.713 INFO [main] org.apache.catalina.startup.VersionLoggerListener.log Command line argument: -Djava.util.logging.config.file=D:\apache-tomcat-8.5.34-windows-x64\apache-tomcat-8.5.34\conf\logging.properties
22-Nov-2022 15:27:34.713 INFO [main] org.apache.catalina.startup.VersionLoggerListener.log Command line argument: -Djava.util.logging.manager=org.apache.juli.ClassLoaderLogManager
22-Nov-2022 15:27:34.714 INFO [main] org.apache.catalina.startup.VersionLoggerListener.log Command line argument: -Dhttp.nonProxyHosts=localhost|127.0.0.1|DESKTOP-UTRCQSJ
22-Nov-2022 15:27:34.714 INFO [main] org.apache.catalina.startup.VersionLoggerListener.log Command line argument: -Djdk.tls.ephemeralDHKeySize=2048
22-Nov-2022 15:27:34.714 INFO [main] org.apache.catalina.startup.VersionLoggerListener.log Command line argument: -Djava.protocol.handler.pkgs=org.apache.catalina.webresources
22-Nov-2022 15:27:34.714 INFO [main] org.apache.catalina.startup.VersionLoggerListener.log Command line argument: -Dignore.endorsed.dirs=
22-Nov-2022 15:27:34.715 INFO [main] org.apache.catalina.startup.VersionLoggerListener.log Command line argument: -Dcatalina.base=D:\apache-tomcat-8.5.34-windows-x64\apache-tomcat-8.5.34
22-Nov-2022 15:27:34.715 INFO [main] org.apache.catalina.startup.VersionLoggerListener.log Command line argument: -Dcatalina.home=D:\apache-tomcat-8.5.34-windows-x64\apache-tomcat-8.5.34
22-Nov-2022 15:27:34.715 INFO [main] org.apache.catalina.startup.VersionLoggerListener.log Command line argument: -Djava.io.tmpdir=D:\apache-tomcat-8.5.34-windows-x64\apache-tomcat-8.5.34\temp
22-Nov-2022 15:27:34.715 INFO [main] org.apache.catalina.core.AprLifecycleListener.lifecycleEvent Loaded APR based Apache Tomcat Native library [1.2.17] using APR version [1.6.3].
22-Nov-2022 15:27:34.715 INFO [main] org.apache.catalina.core.AprLifecycleListener.lifecycleEvent APR capabilities: IPv6 [true], sendfile [true], accept filters [false], random [true].
22-Nov-2022 15:27:34.715 INFO [main] org.apache.catalina.core.AprLifecycleListener.lifecycleEvent APR/OpenSSL configuration: useAprConnector [false], useOpenSSL [true]
22-Nov-2022 15:27:35.076 INFO [main] org.apache.catalina.core.AprLifecycleListener.initializeSSL OpenSSL successfully initialized [OpenSSL 1.0.2o  27 Mar 2018]
22-Nov-2022 15:27:35.180 INFO [main] org.apache.coyote.AbstractProtocol.init Initializing ProtocolHandler ["http-nio-8081"]
22-Nov-2022 15:27:35.342 INFO [main] org.apache.tomcat.util.net.NioSelectorPool.getSharedSelector Using a shared selector for servlet write/read
22-Nov-2022 15:27:35.348 INFO [main] org.apache.coyote.AbstractProtocol.init Initializing ProtocolHandler ["ajp-nio-8009"]
22-Nov-2022 15:27:35.349 INFO [main] org.apache.tomcat.util.net.NioSelectorPool.getSharedSelector Using a shared selector for servlet write/read
22-Nov-2022 15:27:35.350 INFO [main] org.apache.catalina.startup.Catalina.load Initialization processed in 874 ms
22-Nov-2022 15:27:35.373 INFO [main] org.apache.catalina.core.StandardService.startInternal Starting service [Catalina]
22-Nov-2022 15:27:35.373 INFO [main] org.apache.catalina.core.StandardEngine.startInternal Starting Servlet Engine: Apache Tomcat/8.5.34
22-Nov-2022 15:27:35.380 INFO [localhost-startStop-1] org.apache.catalina.startup.HostConfig.deployDescriptor Deploying configuration descriptor [D:\apache-tomcat-8.5.34-windows-x64\apache-tomcat-8.5.34\conf\Catalina\localhost\cuoiki1.xml]
22-Nov-2022 15:27:35.960 INFO [localhost-startStop-1] org.apache.jasper.servlet.TldScanner.scanJars At least one JAR was scanned for TLDs yet contained no TLDs. Enable debug logging for this logger for a complete list of JARs that were scanned but no TLDs were found in them. Skipping unneeded JARs during scanning can improve startup time and JSP compilation time.
22-Nov-2022 15:27:36.019 INFO [localhost-startStop-1] org.apache.catalina.startup.HostConfig.deployDescriptor Deployment of configuration descriptor [D:\apache-tomcat-8.5.34-windows-x64\apache-tomcat-8.5.34\conf\Catalina\localhost\cuoiki1.xml] has finished in [639] ms
22-Nov-2022 15:27:36.020 INFO [localhost-startStop-1] org.apache.catalina.startup.HostConfig.deployDirectory Deploying web application directory [D:\apache-tomcat-8.5.34-windows-x64\apache-tomcat-8.5.34\webapps\docs]
22-Nov-2022 15:27:36.036 INFO [localhost-startStop-1] org.apache.catalina.startup.HostConfig.deployDirectory Deployment of web application directory [D:\apache-tomcat-8.5.34-windows-x64\apache-tomcat-8.5.34\webapps\docs] has finished in [16] ms
22-Nov-2022 15:27:36.036 INFO [localhost-startStop-1] org.apache.catalina.startup.HostConfig.deployDirectory Deploying web application directory [D:\apache-tomcat-8.5.34-windows-x64\apache-tomcat-8.5.34\webapps\examples]
22-Nov-2022 15:27:36.491 INFO [localhost-startStop-1] org.apache.catalina.startup.HostConfig.deployDirectory Deployment of web application directory [D:\apache-tomcat-8.5.34-windows-x64\apache-tomcat-8.5.34\webapps\examples] has finished in [454] ms
22-Nov-2022 15:27:36.491 INFO [localhost-startStop-1] org.apache.catalina.startup.HostConfig.deployDirectory Deploying web application directory [D:\apache-tomcat-8.5.34-windows-x64\apache-tomcat-8.5.34\webapps\host-manager]
22-Nov-2022 15:27:36.532 INFO [localhost-startStop-1] org.apache.catalina.startup.HostConfig.deployDirectory Deployment of web application directory [D:\apache-tomcat-8.5.34-windows-x64\apache-tomcat-8.5.34\webapps\host-manager] has finished in [41] ms
22-Nov-2022 15:27:36.533 INFO [localhost-startStop-1] org.apache.catalina.startup.HostConfig.deployDirectory Deploying web application directory [D:\apache-tomcat-8.5.34-windows-x64\apache-tomcat-8.5.34\webapps\manager]
22-Nov-2022 15:27:36.573 INFO [localhost-startStop-1] org.apache.catalina.startup.HostConfig.deployDirectory Deployment of web application directory [D:\apache-tomcat-8.5.34-windows-x64\apache-tomcat-8.5.34\webapps\manager] has finished in [39] ms
22-Nov-2022 15:27:36.573 INFO [localhost-startStop-1] org.apache.catalina.startup.HostConfig.deployDirectory Deploying web application directory [D:\apache-tomcat-8.5.34-windows-x64\apache-tomcat-8.5.34\webapps\ROOT]
22-Nov-2022 15:27:36.590 INFO [localhost-startStop-1] org.apache.catalina.startup.HostConfig.deployDirectory Deployment of web application directory [D:\apache-tomcat-8.5.34-windows-x64\apache-tomcat-8.5.34\webapps\ROOT] has finished in [16] ms
22-Nov-2022 15:27:36.593 INFO [main] org.apache.coyote.AbstractProtocol.start Starting ProtocolHandler ["http-nio-8081"]
22-Nov-2022 15:27:36.607 INFO [main] org.apache.coyote.AbstractProtocol.start Starting ProtocolHandler ["ajp-nio-8009"]
22-Nov-2022 15:27:36.610 INFO [main] org.apache.catalina.startup.Catalina.start Server startup in 1259 ms
