19-Nov-2022 14:39:13.721 INFO [main] org.apache.catalina.startup.VersionLoggerListener.log Server version:        Apache Tomcat/8.5.34
19-Nov-2022 14:39:13.723 INFO [main] org.apache.catalina.startup.VersionLoggerListener.log Server built:          Sep 4 2018 22:28:22 UTC
19-Nov-2022 14:39:13.723 INFO [main] org.apache.catalina.startup.VersionLoggerListener.log Server number:         8.5.34.0
19-Nov-2022 14:39:13.725 INFO [main] org.apache.catalina.startup.VersionLoggerListener.log OS Name:               Windows 10
19-Nov-2022 14:39:13.725 INFO [main] org.apache.catalina.startup.VersionLoggerListener.log OS Version:            10.0
19-Nov-2022 14:39:13.725 INFO [main] org.apache.catalina.startup.VersionLoggerListener.log Architecture:          amd64
19-Nov-2022 14:39:13.725 INFO [main] org.apache.catalina.startup.VersionLoggerListener.log Java Home:             C:\Program Files\Java\jdk1.8.0_181\jre
19-Nov-2022 14:39:13.725 INFO [main] org.apache.catalina.startup.VersionLoggerListener.log JVM Version:           1.8.0_181-b13
19-Nov-2022 14:39:13.725 INFO [main] org.apache.catalina.startup.VersionLoggerListener.log JVM Vendor:            Oracle Corporation
19-Nov-2022 14:39:13.725 INFO [main] org.apache.catalina.startup.VersionLoggerListener.log CATALINA_BASE:         D:\apache-tomcat-8.5.34-windows-x64\apache-tomcat-8.5.34
19-Nov-2022 14:39:13.725 INFO [main] org.apache.catalina.startup.VersionLoggerListener.log CATALINA_HOME:         D:\apache-tomcat-8.5.34-windows-x64\apache-tomcat-8.5.34
19-Nov-2022 14:39:13.726 INFO [main] org.apache.catalina.startup.VersionLoggerListener.log Command line argument: -Djava.util.logging.config.file=D:\apache-tomcat-8.5.34-windows-x64\apache-tomcat-8.5.34\conf\logging.properties
19-Nov-2022 14:39:13.726 INFO [main] org.apache.catalina.startup.VersionLoggerListener.log Command line argument: -Djava.util.logging.manager=org.apache.juli.ClassLoaderLogManager
19-Nov-2022 14:39:13.726 INFO [main] org.apache.catalina.startup.VersionLoggerListener.log Command line argument: -Dhttp.nonProxyHosts=localhost|127.0.0.1|DESKTOP-UTRCQSJ
19-Nov-2022 14:39:13.726 INFO [main] org.apache.catalina.startup.VersionLoggerListener.log Command line argument: -Djdk.tls.ephemeralDHKeySize=2048
19-Nov-2022 14:39:13.726 INFO [main] org.apache.catalina.startup.VersionLoggerListener.log Command line argument: -Djava.protocol.handler.pkgs=org.apache.catalina.webresources
19-Nov-2022 14:39:13.726 INFO [main] org.apache.catalina.startup.VersionLoggerListener.log Command line argument: -Dignore.endorsed.dirs=
19-Nov-2022 14:39:13.726 INFO [main] org.apache.catalina.startup.VersionLoggerListener.log Command line argument: -Dcatalina.base=D:\apache-tomcat-8.5.34-windows-x64\apache-tomcat-8.5.34
19-Nov-2022 14:39:13.726 INFO [main] org.apache.catalina.startup.VersionLoggerListener.log Command line argument: -Dcatalina.home=D:\apache-tomcat-8.5.34-windows-x64\apache-tomcat-8.5.34
19-Nov-2022 14:39:13.726 INFO [main] org.apache.catalina.startup.VersionLoggerListener.log Command line argument: -Djava.io.tmpdir=D:\apache-tomcat-8.5.34-windows-x64\apache-tomcat-8.5.34\temp
19-Nov-2022 14:39:13.726 INFO [main] org.apache.catalina.core.AprLifecycleListener.lifecycleEvent Loaded APR based Apache Tomcat Native library [1.2.17] using APR version [1.6.3].
19-Nov-2022 14:39:13.726 INFO [main] org.apache.catalina.core.AprLifecycleListener.lifecycleEvent APR capabilities: IPv6 [true], sendfile [true], accept filters [false], random [true].
19-Nov-2022 14:39:13.727 INFO [main] org.apache.catalina.core.AprLifecycleListener.lifecycleEvent APR/OpenSSL configuration: useAprConnector [false], useOpenSSL [true]
19-Nov-2022 14:39:14.348 INFO [main] org.apache.catalina.core.AprLifecycleListener.initializeSSL OpenSSL successfully initialized [OpenSSL 1.0.2o  27 Mar 2018]
19-Nov-2022 14:39:16.053 INFO [main] org.apache.coyote.AbstractProtocol.init Initializing ProtocolHandler ["http-nio-8081"]
19-Nov-2022 14:39:16.297 INFO [main] org.apache.tomcat.util.net.NioSelectorPool.getSharedSelector Using a shared selector for servlet write/read
19-Nov-2022 14:39:16.305 INFO [main] org.apache.coyote.AbstractProtocol.init Initializing ProtocolHandler ["ajp-nio-8009"]
19-Nov-2022 14:39:16.308 INFO [main] org.apache.tomcat.util.net.NioSelectorPool.getSharedSelector Using a shared selector for servlet write/read
19-Nov-2022 14:39:16.308 INFO [main] org.apache.catalina.startup.Catalina.load Initialization processed in 3772 ms
19-Nov-2022 14:39:16.350 INFO [main] org.apache.catalina.core.StandardService.startInternal Starting service [Catalina]
19-Nov-2022 14:39:16.350 INFO [main] org.apache.catalina.core.StandardEngine.startInternal Starting Servlet Engine: Apache Tomcat/8.5.34
19-Nov-2022 14:39:16.368 INFO [localhost-startStop-1] org.apache.catalina.startup.HostConfig.deployDescriptor Deploying configuration descriptor [D:\apache-tomcat-8.5.34-windows-x64\apache-tomcat-8.5.34\conf\Catalina\localhost\cuoiki1.xml]
19-Nov-2022 14:39:17.201 INFO [localhost-startStop-1] org.apache.jasper.servlet.TldScanner.scanJars At least one JAR was scanned for TLDs yet contained no TLDs. Enable debug logging for this logger for a complete list of JARs that were scanned but no TLDs were found in them. Skipping unneeded JARs during scanning can improve startup time and JSP compilation time.
19-Nov-2022 14:39:17.284 INFO [localhost-startStop-1] org.apache.catalina.startup.HostConfig.deployDescriptor Deployment of configuration descriptor [D:\apache-tomcat-8.5.34-windows-x64\apache-tomcat-8.5.34\conf\Catalina\localhost\cuoiki1.xml] has finished in [916] ms
19-Nov-2022 14:39:17.284 INFO [localhost-startStop-1] org.apache.catalina.startup.HostConfig.deployDirectory Deploying web application directory [D:\apache-tomcat-8.5.34-windows-x64\apache-tomcat-8.5.34\webapps\docs]
19-Nov-2022 14:39:17.300 INFO [localhost-startStop-1] org.apache.catalina.startup.HostConfig.deployDirectory Deployment of web application directory [D:\apache-tomcat-8.5.34-windows-x64\apache-tomcat-8.5.34\webapps\docs] has finished in [16] ms
19-Nov-2022 14:39:17.300 INFO [localhost-startStop-1] org.apache.catalina.startup.HostConfig.deployDirectory Deploying web application directory [D:\apache-tomcat-8.5.34-windows-x64\apache-tomcat-8.5.34\webapps\examples]
19-Nov-2022 14:39:17.821 INFO [localhost-startStop-1] org.apache.catalina.startup.HostConfig.deployDirectory Deployment of web application directory [D:\apache-tomcat-8.5.34-windows-x64\apache-tomcat-8.5.34\webapps\examples] has finished in [521] ms
19-Nov-2022 14:39:17.821 INFO [localhost-startStop-1] org.apache.catalina.startup.HostConfig.deployDirectory Deploying web application directory [D:\apache-tomcat-8.5.34-windows-x64\apache-tomcat-8.5.34\webapps\host-manager]
19-Nov-2022 14:39:17.869 INFO [localhost-startStop-1] org.apache.catalina.startup.HostConfig.deployDirectory Deployment of web application directory [D:\apache-tomcat-8.5.34-windows-x64\apache-tomcat-8.5.34\webapps\host-manager] has finished in [44] ms
19-Nov-2022 14:39:17.869 INFO [localhost-startStop-1] org.apache.catalina.startup.HostConfig.deployDirectory Deploying web application directory [D:\apache-tomcat-8.5.34-windows-x64\apache-tomcat-8.5.34\webapps\manager]
19-Nov-2022 14:39:17.924 INFO [localhost-startStop-1] org.apache.catalina.startup.HostConfig.deployDirectory Deployment of web application directory [D:\apache-tomcat-8.5.34-windows-x64\apache-tomcat-8.5.34\webapps\manager] has finished in [54] ms
19-Nov-2022 14:39:17.925 INFO [localhost-startStop-1] org.apache.catalina.startup.HostConfig.deployDirectory Deploying web application directory [D:\apache-tomcat-8.5.34-windows-x64\apache-tomcat-8.5.34\webapps\ROOT]
19-Nov-2022 14:39:17.957 INFO [localhost-startStop-1] org.apache.catalina.startup.HostConfig.deployDirectory Deployment of web application directory [D:\apache-tomcat-8.5.34-windows-x64\apache-tomcat-8.5.34\webapps\ROOT] has finished in [32] ms
19-Nov-2022 14:39:17.962 INFO [main] org.apache.coyote.AbstractProtocol.start Starting ProtocolHandler ["http-nio-8081"]
19-Nov-2022 14:39:17.974 INFO [main] org.apache.coyote.AbstractProtocol.start Starting ProtocolHandler ["ajp-nio-8009"]
19-Nov-2022 14:39:17.976 INFO [main] org.apache.catalina.startup.Catalina.start Server startup in 1668 ms
19-Nov-2022 14:46:40.717 INFO [http-nio-8081-exec-1] org.apache.catalina.core.StandardContext.reload Reloading Context with name [/cuoiki1] has started
19-Nov-2022 14:46:40.733 WARNING [http-nio-8081-exec-1] org.apache.catalina.loader.WebappClassLoaderBase.clearReferencesJdbc The web application [cuoiki1] registered the JDBC driver [com.microsoft.sqlserver.jdbc.SQLServerDriver] but failed to unregister it when the web application was stopped. To prevent a memory leak, the JDBC Driver has been forcibly unregistered.
19-Nov-2022 14:46:41.154 INFO [http-nio-8081-exec-1] org.apache.jasper.servlet.TldScanner.scanJars At least one JAR was scanned for TLDs yet contained no TLDs. Enable debug logging for this logger for a complete list of JARs that were scanned but no TLDs were found in them. Skipping unneeded JARs during scanning can improve startup time and JSP compilation time.
19-Nov-2022 14:46:41.230 INFO [20] org.apache.catalina.core.StandardContext.reload Reloading Context with name [/cuoiki1] is completed
19-Nov-2022 14:46:48.419 INFO [http-nio-8081-exec-3] org.apache.catalina.core.StandardContext.reload Reloading Context with name [/cuoiki1] has started
19-Nov-2022 14:46:48.686 INFO [http-nio-8081-exec-3] org.apache.jasper.servlet.TldScanner.scanJars At least one JAR was scanned for TLDs yet contained no TLDs. Enable debug logging for this logger for a complete list of JARs that were scanned but no TLDs were found in them. Skipping unneeded JARs during scanning can improve startup time and JSP compilation time.
19-Nov-2022 14:46:48.722 INFO [http-nio-8081-exec-3] org.apache.catalina.core.StandardContext.reload Reloading Context with name [/cuoiki1] is completed
19-Nov-2022 15:00:57.855 INFO [http-nio-8081-exec-20] org.apache.catalina.core.StandardContext.reload Reloading Context with name [/cuoiki1] has started
19-Nov-2022 15:00:57.855 WARNING [http-nio-8081-exec-20] org.apache.catalina.loader.WebappClassLoaderBase.clearReferencesJdbc The web application [cuoiki1] registered the JDBC driver [com.microsoft.sqlserver.jdbc.SQLServerDriver] but failed to unregister it when the web application was stopped. To prevent a memory leak, the JDBC Driver has been forcibly unregistered.
19-Nov-2022 15:00:58.124 INFO [http-nio-8081-exec-20] org.apache.jasper.servlet.TldScanner.scanJars At least one JAR was scanned for TLDs yet contained no TLDs. Enable debug logging for this logger for a complete list of JARs that were scanned but no TLDs were found in them. Skipping unneeded JARs during scanning can improve startup time and JSP compilation time.
19-Nov-2022 15:00:58.143 INFO [http-nio-8081-exec-20] org.apache.catalina.core.StandardContext.reload Reloading Context with name [/cuoiki1] is completed
19-Nov-2022 15:02:53.713 INFO [http-nio-8081-exec-15] org.apache.catalina.core.StandardContext.reload Reloading Context with name [/cuoiki1] has started
19-Nov-2022 15:02:53.999 INFO [http-nio-8081-exec-15] org.apache.jasper.servlet.TldScanner.scanJars At least one JAR was scanned for TLDs yet contained no TLDs. Enable debug logging for this logger for a complete list of JARs that were scanned but no TLDs were found in them. Skipping unneeded JARs during scanning can improve startup time and JSP compilation time.
19-Nov-2022 15:02:54.017 INFO [http-nio-8081-exec-15] org.apache.catalina.core.StandardContext.reload Reloading Context with name [/cuoiki1] is completed
19-Nov-2022 15:03:00.194 INFO [http-nio-8081-exec-22] org.apache.catalina.core.StandardContext.reload Reloading Context with name [/cuoiki1] has started
19-Nov-2022 15:03:00.436 INFO [http-nio-8081-exec-22] org.apache.jasper.servlet.TldScanner.scanJars At least one JAR was scanned for TLDs yet contained no TLDs. Enable debug logging for this logger for a complete list of JARs that were scanned but no TLDs were found in them. Skipping unneeded JARs during scanning can improve startup time and JSP compilation time.
19-Nov-2022 15:03:00.466 INFO [http-nio-8081-exec-22] org.apache.catalina.core.StandardContext.reload Reloading Context with name [/cuoiki1] is completed
19-Nov-2022 15:03:03.159 INFO [http-nio-8081-exec-15] org.apache.catalina.core.StandardContext.reload Reloading Context with name [/cuoiki1] has started
19-Nov-2022 15:03:03.453 INFO [http-nio-8081-exec-15] org.apache.jasper.servlet.TldScanner.scanJars At least one JAR was scanned for TLDs yet contained no TLDs. Enable debug logging for this logger for a complete list of JARs that were scanned but no TLDs were found in them. Skipping unneeded JARs during scanning can improve startup time and JSP compilation time.
19-Nov-2022 15:03:03.474 INFO [http-nio-8081-exec-15] org.apache.catalina.core.StandardContext.reload Reloading Context with name [/cuoiki1] is completed
19-Nov-2022 15:03:05.814 INFO [http-nio-8081-exec-24] org.apache.catalina.core.StandardContext.reload Reloading Context with name [/cuoiki1] has started
19-Nov-2022 15:03:06.078 INFO [http-nio-8081-exec-24] org.apache.jasper.servlet.TldScanner.scanJars At least one JAR was scanned for TLDs yet contained no TLDs. Enable debug logging for this logger for a complete list of JARs that were scanned but no TLDs were found in them. Skipping unneeded JARs during scanning can improve startup time and JSP compilation time.
19-Nov-2022 15:03:06.097 INFO [http-nio-8081-exec-24] org.apache.catalina.core.StandardContext.reload Reloading Context with name [/cuoiki1] is completed
19-Nov-2022 15:03:12.355 INFO [http-nio-8081-exec-19] org.apache.catalina.core.StandardContext.reload Reloading Context with name [/cuoiki1] has started
19-Nov-2022 15:03:12.581 INFO [http-nio-8081-exec-19] org.apache.jasper.servlet.TldScanner.scanJars At least one JAR was scanned for TLDs yet contained no TLDs. Enable debug logging for this logger for a complete list of JARs that were scanned but no TLDs were found in them. Skipping unneeded JARs during scanning can improve startup time and JSP compilation time.
19-Nov-2022 15:03:12.598 INFO [http-nio-8081-exec-19] org.apache.catalina.core.StandardContext.reload Reloading Context with name [/cuoiki1] is completed
19-Nov-2022 15:49:44.347 INFO [http-nio-8081-exec-35] org.apache.catalina.core.StandardContext.reload Reloading Context with name [/cuoiki1] has started
19-Nov-2022 15:49:44.350 WARNING [http-nio-8081-exec-35] org.apache.catalina.loader.WebappClassLoaderBase.clearReferencesJdbc The web application [cuoiki1] registered the JDBC driver [com.microsoft.sqlserver.jdbc.SQLServerDriver] but failed to unregister it when the web application was stopped. To prevent a memory leak, the JDBC Driver has been forcibly unregistered.
19-Nov-2022 15:49:44.609 INFO [http-nio-8081-exec-35] org.apache.jasper.servlet.TldScanner.scanJars At least one JAR was scanned for TLDs yet contained no TLDs. Enable debug logging for this logger for a complete list of JARs that were scanned but no TLDs were found in them. Skipping unneeded JARs during scanning can improve startup time and JSP compilation time.
19-Nov-2022 15:49:44.626 INFO [84] org.apache.catalina.core.StandardContext.reload Reloading Context with name [/cuoiki1] is completed
19-Nov-2022 15:49:53.727 INFO [http-nio-8081-exec-34] org.apache.catalina.core.StandardContext.reload Reloading Context with name [/cuoiki1] has started
19-Nov-2022 15:49:53.906 INFO [http-nio-8081-exec-34] org.apache.jasper.servlet.TldScanner.scanJars At least one JAR was scanned for TLDs yet contained no TLDs. Enable debug logging for this logger for a complete list of JARs that were scanned but no TLDs were found in them. Skipping unneeded JARs during scanning can improve startup time and JSP compilation time.
19-Nov-2022 15:49:53.930 INFO [http-nio-8081-exec-34] org.apache.catalina.core.StandardContext.reload Reloading Context with name [/cuoiki1] is completed
19-Nov-2022 15:49:57.218 INFO [http-nio-8081-exec-30] org.apache.catalina.core.StandardContext.reload Reloading Context with name [/cuoiki1] has started
19-Nov-2022 15:49:57.385 INFO [http-nio-8081-exec-30] org.apache.jasper.servlet.TldScanner.scanJars At least one JAR was scanned for TLDs yet contained no TLDs. Enable debug logging for this logger for a complete list of JARs that were scanned but no TLDs were found in them. Skipping unneeded JARs during scanning can improve startup time and JSP compilation time.
19-Nov-2022 15:49:57.404 INFO [http-nio-8081-exec-30] org.apache.catalina.core.StandardContext.reload Reloading Context with name [/cuoiki1] is completed
19-Nov-2022 15:50:19.362 INFO [http-nio-8081-exec-30] org.apache.catalina.core.StandardContext.reload Reloading Context with name [/cuoiki1] has started
19-Nov-2022 15:50:19.365 WARNING [http-nio-8081-exec-30] org.apache.catalina.loader.WebappClassLoaderBase.clearReferencesJdbc The web application [cuoiki1] registered the JDBC driver [com.microsoft.sqlserver.jdbc.SQLServerDriver] but failed to unregister it when the web application was stopped. To prevent a memory leak, the JDBC Driver has been forcibly unregistered.
19-Nov-2022 15:50:19.556 INFO [http-nio-8081-exec-30] org.apache.jasper.servlet.TldScanner.scanJars At least one JAR was scanned for TLDs yet contained no TLDs. Enable debug logging for this logger for a complete list of JARs that were scanned but no TLDs were found in them. Skipping unneeded JARs during scanning can improve startup time and JSP compilation time.
19-Nov-2022 15:50:19.580 INFO [http-nio-8081-exec-30] org.apache.catalina.core.StandardContext.reload Reloading Context with name [/cuoiki1] is completed
19-Nov-2022 16:19:07.053 INFO [http-nio-8081-exec-47] org.apache.catalina.core.StandardContext.reload Reloading Context with name [/cuoiki1] has started
19-Nov-2022 16:19:07.069 WARNING [http-nio-8081-exec-47] org.apache.catalina.loader.WebappClassLoaderBase.clearReferencesJdbc The web application [cuoiki1] registered the JDBC driver [com.microsoft.sqlserver.jdbc.SQLServerDriver] but failed to unregister it when the web application was stopped. To prevent a memory leak, the JDBC Driver has been forcibly unregistered.
19-Nov-2022 16:19:07.360 INFO [http-nio-8081-exec-47] org.apache.jasper.servlet.TldScanner.scanJars At least one JAR was scanned for TLDs yet contained no TLDs. Enable debug logging for this logger for a complete list of JARs that were scanned but no TLDs were found in them. Skipping unneeded JARs during scanning can improve startup time and JSP compilation time.
19-Nov-2022 16:19:07.375 INFO [http-nio-8081-exec-47] org.apache.catalina.core.StandardContext.reload Reloading Context with name [/cuoiki1] is completed
19-Nov-2022 16:20:07.772 WARNING [http-nio-8081-exec-60] org.apache.catalina.loader.WebappClassLoaderBase.clearReferencesJdbc The web application [cuoiki1] registered the JDBC driver [com.microsoft.sqlserver.jdbc.SQLServerDriver] but failed to unregister it when the web application was stopped. To prevent a memory leak, the JDBC Driver has been forcibly unregistered.
19-Nov-2022 16:20:07.936 INFO [http-nio-8081-exec-50] org.apache.jasper.servlet.TldScanner.scanJars At least one JAR was scanned for TLDs yet contained no TLDs. Enable debug logging for this logger for a complete list of JARs that were scanned but no TLDs were found in them. Skipping unneeded JARs during scanning can improve startup time and JSP compilation time.
19-Nov-2022 16:20:13.295 INFO [ContainerBackgroundProcessor[StandardEngine[Catalina]]] org.apache.catalina.startup.HostConfig.reload Reloading context [/cuoiki1]
19-Nov-2022 16:20:13.295 INFO [ContainerBackgroundProcessor[StandardEngine[Catalina]]] org.apache.catalina.core.StandardContext.reload Reloading Context with name [/cuoiki1] has started
19-Nov-2022 16:20:13.502 INFO [ContainerBackgroundProcessor[StandardEngine[Catalina]]] org.apache.jasper.servlet.TldScanner.scanJars At least one JAR was scanned for TLDs yet contained no TLDs. Enable debug logging for this logger for a complete list of JARs that were scanned but no TLDs were found in them. Skipping unneeded JARs during scanning can improve startup time and JSP compilation time.
19-Nov-2022 16:20:13.518 INFO [ContainerBackgroundProcessor[StandardEngine[Catalina]]] org.apache.catalina.core.StandardContext.reload Reloading Context with name [/cuoiki1] is completed
19-Nov-2022 16:20:27.919 INFO [http-nio-8081-exec-60] org.apache.catalina.core.StandardContext.reload Reloading Context with name [/cuoiki1] has started
19-Nov-2022 16:20:28.110 INFO [http-nio-8081-exec-60] org.apache.jasper.servlet.TldScanner.scanJars At least one JAR was scanned for TLDs yet contained no TLDs. Enable debug logging for this logger for a complete list of JARs that were scanned but no TLDs were found in them. Skipping unneeded JARs during scanning can improve startup time and JSP compilation time.
19-Nov-2022 16:20:28.125 INFO [http-nio-8081-exec-60] org.apache.catalina.core.StandardContext.reload Reloading Context with name [/cuoiki1] is completed
19-Nov-2022 16:21:41.790 INFO [http-nio-8081-exec-66] org.apache.catalina.core.StandardContext.reload Reloading Context with name [/cuoiki1] has started
19-Nov-2022 16:21:41.790 WARNING [http-nio-8081-exec-66] org.apache.catalina.loader.WebappClassLoaderBase.clearReferencesJdbc The web application [cuoiki1] registered the JDBC driver [com.microsoft.sqlserver.jdbc.SQLServerDriver] but failed to unregister it when the web application was stopped. To prevent a memory leak, the JDBC Driver has been forcibly unregistered.
19-Nov-2022 16:21:41.976 INFO [http-nio-8081-exec-66] org.apache.jasper.servlet.TldScanner.scanJars At least one JAR was scanned for TLDs yet contained no TLDs. Enable debug logging for this logger for a complete list of JARs that were scanned but no TLDs were found in them. Skipping unneeded JARs during scanning can improve startup time and JSP compilation time.
19-Nov-2022 16:21:41.991 INFO [http-nio-8081-exec-66] org.apache.catalina.core.StandardContext.reload Reloading Context with name [/cuoiki1] is completed
19-Nov-2022 16:27:42.167 WARNING [http-nio-8081-exec-81] org.apache.catalina.loader.WebappClassLoaderBase.clearReferencesJdbc The web application [cuoiki1] registered the JDBC driver [com.microsoft.sqlserver.jdbc.SQLServerDriver] but failed to unregister it when the web application was stopped. To prevent a memory leak, the JDBC Driver has been forcibly unregistered.
19-Nov-2022 16:27:42.339 INFO [http-nio-8081-exec-75] org.apache.jasper.servlet.TldScanner.scanJars At least one JAR was scanned for TLDs yet contained no TLDs. Enable debug logging for this logger for a complete list of JARs that were scanned but no TLDs were found in them. Skipping unneeded JARs during scanning can improve startup time and JSP compilation time.
19-Nov-2022 21:55:25.689 INFO [main] org.apache.catalina.startup.VersionLoggerListener.log Server version:        Apache Tomcat/8.5.34
19-Nov-2022 21:55:25.689 INFO [main] org.apache.catalina.startup.VersionLoggerListener.log Server built:          Sep 4 2018 22:28:22 UTC
19-Nov-2022 21:55:25.689 INFO [main] org.apache.catalina.startup.VersionLoggerListener.log Server number:         8.5.34.0
19-Nov-2022 21:55:25.689 INFO [main] org.apache.catalina.startup.VersionLoggerListener.log OS Name:               Windows 10
19-Nov-2022 21:55:25.689 INFO [main] org.apache.catalina.startup.VersionLoggerListener.log OS Version:            10.0
19-Nov-2022 21:55:25.689 INFO [main] org.apache.catalina.startup.VersionLoggerListener.log Architecture:          amd64
19-Nov-2022 21:55:25.689 INFO [main] org.apache.catalina.startup.VersionLoggerListener.log Java Home:             C:\Program Files\Java\jdk1.8.0_181\jre
19-Nov-2022 21:55:25.689 INFO [main] org.apache.catalina.startup.VersionLoggerListener.log JVM Version:           1.8.0_181-b13
19-Nov-2022 21:55:25.689 INFO [main] org.apache.catalina.startup.VersionLoggerListener.log JVM Vendor:            Oracle Corporation
19-Nov-2022 21:55:25.689 INFO [main] org.apache.catalina.startup.VersionLoggerListener.log CATALINA_BASE:         D:\apache-tomcat-8.5.34-windows-x64\apache-tomcat-8.5.34
19-Nov-2022 21:55:25.689 INFO [main] org.apache.catalina.startup.VersionLoggerListener.log CATALINA_HOME:         D:\apache-tomcat-8.5.34-windows-x64\apache-tomcat-8.5.34
19-Nov-2022 21:55:25.689 INFO [main] org.apache.catalina.startup.VersionLoggerListener.log Command line argument: -Djava.util.logging.config.file=D:\apache-tomcat-8.5.34-windows-x64\apache-tomcat-8.5.34\conf\logging.properties
19-Nov-2022 21:55:25.689 INFO [main] org.apache.catalina.startup.VersionLoggerListener.log Command line argument: -Djava.util.logging.manager=org.apache.juli.ClassLoaderLogManager
19-Nov-2022 21:55:25.689 INFO [main] org.apache.catalina.startup.VersionLoggerListener.log Command line argument: -Dhttp.nonProxyHosts=localhost|127.0.0.1|DESKTOP-UTRCQSJ
19-Nov-2022 21:55:25.689 INFO [main] org.apache.catalina.startup.VersionLoggerListener.log Command line argument: -Djdk.tls.ephemeralDHKeySize=2048
19-Nov-2022 21:55:25.689 INFO [main] org.apache.catalina.startup.VersionLoggerListener.log Command line argument: -Djava.protocol.handler.pkgs=org.apache.catalina.webresources
19-Nov-2022 21:55:25.689 INFO [main] org.apache.catalina.startup.VersionLoggerListener.log Command line argument: -Dignore.endorsed.dirs=
19-Nov-2022 21:55:25.689 INFO [main] org.apache.catalina.startup.VersionLoggerListener.log Command line argument: -Dcatalina.base=D:\apache-tomcat-8.5.34-windows-x64\apache-tomcat-8.5.34
19-Nov-2022 21:55:25.689 INFO [main] org.apache.catalina.startup.VersionLoggerListener.log Command line argument: -Dcatalina.home=D:\apache-tomcat-8.5.34-windows-x64\apache-tomcat-8.5.34
19-Nov-2022 21:55:25.689 INFO [main] org.apache.catalina.startup.VersionLoggerListener.log Command line argument: -Djava.io.tmpdir=D:\apache-tomcat-8.5.34-windows-x64\apache-tomcat-8.5.34\temp
19-Nov-2022 21:55:25.689 INFO [main] org.apache.catalina.core.AprLifecycleListener.lifecycleEvent Loaded APR based Apache Tomcat Native library [1.2.17] using APR version [1.6.3].
19-Nov-2022 21:55:25.689 INFO [main] org.apache.catalina.core.AprLifecycleListener.lifecycleEvent APR capabilities: IPv6 [true], sendfile [true], accept filters [false], random [true].
19-Nov-2022 21:55:25.689 INFO [main] org.apache.catalina.core.AprLifecycleListener.lifecycleEvent APR/OpenSSL configuration: useAprConnector [false], useOpenSSL [true]
19-Nov-2022 21:55:26.048 INFO [main] org.apache.catalina.core.AprLifecycleListener.initializeSSL OpenSSL successfully initialized [OpenSSL 1.0.2o  27 Mar 2018]
19-Nov-2022 21:55:26.173 INFO [main] org.apache.coyote.AbstractProtocol.init Initializing ProtocolHandler ["http-nio-8081"]
19-Nov-2022 21:55:26.298 INFO [main] org.apache.tomcat.util.net.NioSelectorPool.getSharedSelector Using a shared selector for servlet write/read
19-Nov-2022 21:55:26.298 INFO [main] org.apache.coyote.AbstractProtocol.init Initializing ProtocolHandler ["ajp-nio-8009"]
19-Nov-2022 21:55:26.298 INFO [main] org.apache.tomcat.util.net.NioSelectorPool.getSharedSelector Using a shared selector for servlet write/read
19-Nov-2022 21:55:26.298 INFO [main] org.apache.catalina.startup.Catalina.load Initialization processed in 1739 ms
19-Nov-2022 21:55:26.330 INFO [main] org.apache.catalina.core.StandardService.startInternal Starting service [Catalina]
19-Nov-2022 21:55:26.330 INFO [main] org.apache.catalina.core.StandardEngine.startInternal Starting Servlet Engine: Apache Tomcat/8.5.34
19-Nov-2022 21:55:26.330 INFO [localhost-startStop-1] org.apache.catalina.startup.HostConfig.deployDescriptor Deploying configuration descriptor [D:\apache-tomcat-8.5.34-windows-x64\apache-tomcat-8.5.34\conf\Catalina\localhost\cuoiki1.xml]
19-Nov-2022 21:55:26.901 INFO [localhost-startStop-1] org.apache.jasper.servlet.TldScanner.scanJars At least one JAR was scanned for TLDs yet contained no TLDs. Enable debug logging for this logger for a complete list of JARs that were scanned but no TLDs were found in them. Skipping unneeded JARs during scanning can improve startup time and JSP compilation time.
19-Nov-2022 21:55:26.948 INFO [localhost-startStop-1] org.apache.catalina.startup.HostConfig.deployDescriptor Deployment of configuration descriptor [D:\apache-tomcat-8.5.34-windows-x64\apache-tomcat-8.5.34\conf\Catalina\localhost\cuoiki1.xml] has finished in [618] ms
19-Nov-2022 21:55:26.948 INFO [localhost-startStop-1] org.apache.catalina.startup.HostConfig.deployDirectory Deploying web application directory [D:\apache-tomcat-8.5.34-windows-x64\apache-tomcat-8.5.34\webapps\docs]
19-Nov-2022 21:55:26.964 INFO [localhost-startStop-1] org.apache.catalina.startup.HostConfig.deployDirectory Deployment of web application directory [D:\apache-tomcat-8.5.34-windows-x64\apache-tomcat-8.5.34\webapps\docs] has finished in [16] ms
19-Nov-2022 21:55:26.964 INFO [localhost-startStop-1] org.apache.catalina.startup.HostConfig.deployDirectory Deploying web application directory [D:\apache-tomcat-8.5.34-windows-x64\apache-tomcat-8.5.34\webapps\examples]
19-Nov-2022 21:55:27.450 INFO [localhost-startStop-1] org.apache.catalina.startup.HostConfig.deployDirectory Deployment of web application directory [D:\apache-tomcat-8.5.34-windows-x64\apache-tomcat-8.5.34\webapps\examples] has finished in [486] ms
19-Nov-2022 21:55:27.450 INFO [localhost-startStop-1] org.apache.catalina.startup.HostConfig.deployDirectory Deploying web application directory [D:\apache-tomcat-8.5.34-windows-x64\apache-tomcat-8.5.34\webapps\host-manager]
19-Nov-2022 21:55:27.474 INFO [localhost-startStop-1] org.apache.catalina.startup.HostConfig.deployDirectory Deployment of web application directory [D:\apache-tomcat-8.5.34-windows-x64\apache-tomcat-8.5.34\webapps\host-manager] has finished in [24] ms
19-Nov-2022 21:55:27.474 INFO [localhost-startStop-1] org.apache.catalina.startup.HostConfig.deployDirectory Deploying web application directory [D:\apache-tomcat-8.5.34-windows-x64\apache-tomcat-8.5.34\webapps\manager]
19-Nov-2022 21:55:27.488 INFO [localhost-startStop-1] org.apache.catalina.startup.HostConfig.deployDirectory Deployment of web application directory [D:\apache-tomcat-8.5.34-windows-x64\apache-tomcat-8.5.34\webapps\manager] has finished in [14] ms
19-Nov-2022 21:55:27.488 INFO [localhost-startStop-1] org.apache.catalina.startup.HostConfig.deployDirectory Deploying web application directory [D:\apache-tomcat-8.5.34-windows-x64\apache-tomcat-8.5.34\webapps\ROOT]
19-Nov-2022 21:55:27.543 INFO [localhost-startStop-1] org.apache.catalina.startup.HostConfig.deployDirectory Deployment of web application directory [D:\apache-tomcat-8.5.34-windows-x64\apache-tomcat-8.5.34\webapps\ROOT] has finished in [55] ms
19-Nov-2022 21:55:27.543 INFO [main] org.apache.coyote.AbstractProtocol.start Starting ProtocolHandler ["http-nio-8081"]
19-Nov-2022 21:55:27.543 INFO [main] org.apache.coyote.AbstractProtocol.start Starting ProtocolHandler ["ajp-nio-8009"]
19-Nov-2022 21:55:27.543 INFO [main] org.apache.catalina.startup.Catalina.start Server startup in 1246 ms
19-Nov-2022 22:03:49.806 INFO [http-nio-8081-exec-4] org.apache.catalina.core.StandardContext.reload Reloading Context with name [/cuoiki1] has started
19-Nov-2022 22:03:49.823 WARNING [http-nio-8081-exec-4] org.apache.catalina.loader.WebappClassLoaderBase.clearReferencesJdbc The web application [cuoiki1] registered the JDBC driver [com.microsoft.sqlserver.jdbc.SQLServerDriver] but failed to unregister it when the web application was stopped. To prevent a memory leak, the JDBC Driver has been forcibly unregistered.
19-Nov-2022 22:03:50.093 INFO [http-nio-8081-exec-4] org.apache.jasper.servlet.TldScanner.scanJars At least one JAR was scanned for TLDs yet contained no TLDs. Enable debug logging for this logger for a complete list of JARs that were scanned but no TLDs were found in them. Skipping unneeded JARs during scanning can improve startup time and JSP compilation time.
19-Nov-2022 22:03:50.109 INFO [http-nio-8081-exec-4] org.apache.catalina.core.StandardContext.reload Reloading Context with name [/cuoiki1] is completed
19-Nov-2022 22:03:55.288 INFO [http-nio-8081-exec-7] org.apache.catalina.core.StandardContext.reload Reloading Context with name [/cuoiki1] has started
19-Nov-2022 22:03:55.501 INFO [http-nio-8081-exec-7] org.apache.jasper.servlet.TldScanner.scanJars At least one JAR was scanned for TLDs yet contained no TLDs. Enable debug logging for this logger for a complete list of JARs that were scanned but no TLDs were found in them. Skipping unneeded JARs during scanning can improve startup time and JSP compilation time.
19-Nov-2022 22:03:55.516 INFO [http-nio-8081-exec-7] org.apache.catalina.core.StandardContext.reload Reloading Context with name [/cuoiki1] is completed
19-Nov-2022 22:06:58.041 INFO [http-nio-8081-exec-13] org.apache.catalina.core.StandardContext.reload Reloading Context with name [/cuoiki1] has started
19-Nov-2022 22:06:58.256 INFO [http-nio-8081-exec-13] org.apache.jasper.servlet.TldScanner.scanJars At least one JAR was scanned for TLDs yet contained no TLDs. Enable debug logging for this logger for a complete list of JARs that were scanned but no TLDs were found in them. Skipping unneeded JARs during scanning can improve startup time and JSP compilation time.
19-Nov-2022 22:06:58.278 INFO [http-nio-8081-exec-13] org.apache.catalina.core.StandardContext.reload Reloading Context with name [/cuoiki1] is completed
19-Nov-2022 22:17:03.157 INFO [http-nio-8081-exec-25] org.apache.catalina.core.StandardContext.reload Reloading Context with name [/cuoiki1] has started
19-Nov-2022 22:17:03.331 INFO [http-nio-8081-exec-25] org.apache.jasper.servlet.TldScanner.scanJars At least one JAR was scanned for TLDs yet contained no TLDs. Enable debug logging for this logger for a complete list of JARs that were scanned but no TLDs were found in them. Skipping unneeded JARs during scanning can improve startup time and JSP compilation time.
19-Nov-2022 22:17:03.347 INFO [http-nio-8081-exec-25] org.apache.catalina.core.StandardContext.reload Reloading Context with name [/cuoiki1] is completed
19-Nov-2022 22:26:15.588 WARNING [http-nio-8081-exec-31] org.apache.catalina.loader.WebappClassLoaderBase.clearReferencesJdbc The web application [cuoiki1] registered the JDBC driver [com.microsoft.sqlserver.jdbc.SQLServerDriver] but failed to unregister it when the web application was stopped. To prevent a memory leak, the JDBC Driver has been forcibly unregistered.
19-Nov-2022 22:26:15.784 INFO [http-nio-8081-exec-36] org.apache.jasper.servlet.TldScanner.scanJars At least one JAR was scanned for TLDs yet contained no TLDs. Enable debug logging for this logger for a complete list of JARs that were scanned but no TLDs were found in them. Skipping unneeded JARs during scanning can improve startup time and JSP compilation time.
19-Nov-2022 22:26:19.182 INFO [ContainerBackgroundProcessor[StandardEngine[Catalina]]] org.apache.catalina.startup.HostConfig.reload Reloading context [/cuoiki1]
19-Nov-2022 22:26:19.182 INFO [ContainerBackgroundProcessor[StandardEngine[Catalina]]] org.apache.catalina.core.StandardContext.reload Reloading Context with name [/cuoiki1] has started
19-Nov-2022 22:26:19.392 INFO [ContainerBackgroundProcessor[StandardEngine[Catalina]]] org.apache.jasper.servlet.TldScanner.scanJars At least one JAR was scanned for TLDs yet contained no TLDs. Enable debug logging for this logger for a complete list of JARs that were scanned but no TLDs were found in them. Skipping unneeded JARs during scanning can improve startup time and JSP compilation time.
19-Nov-2022 22:26:19.402 INFO [ContainerBackgroundProcessor[StandardEngine[Catalina]]] org.apache.catalina.core.StandardContext.reload Reloading Context with name [/cuoiki1] is completed
19-Nov-2022 22:28:01.169 WARNING [http-nio-8081-exec-36] org.apache.catalina.loader.WebappClassLoaderBase.clearReferencesJdbc The web application [cuoiki1] registered the JDBC driver [com.microsoft.sqlserver.jdbc.SQLServerDriver] but failed to unregister it when the web application was stopped. To prevent a memory leak, the JDBC Driver has been forcibly unregistered.
19-Nov-2022 22:28:01.331 INFO [http-nio-8081-exec-40] org.apache.jasper.servlet.TldScanner.scanJars At least one JAR was scanned for TLDs yet contained no TLDs. Enable debug logging for this logger for a complete list of JARs that were scanned but no TLDs were found in them. Skipping unneeded JARs during scanning can improve startup time and JSP compilation time.
19-Nov-2022 22:29:44.058 INFO [http-nio-8081-exec-37] org.apache.catalina.core.StandardContext.reload Reloading Context with name [/cuoiki1] has started
19-Nov-2022 22:29:44.246 INFO [http-nio-8081-exec-37] org.apache.jasper.servlet.TldScanner.scanJars At least one JAR was scanned for TLDs yet contained no TLDs. Enable debug logging for this logger for a complete list of JARs that were scanned but no TLDs were found in them. Skipping unneeded JARs during scanning can improve startup time and JSP compilation time.
19-Nov-2022 22:29:44.257 INFO [http-nio-8081-exec-37] org.apache.catalina.core.StandardContext.reload Reloading Context with name [/cuoiki1] is completed
19-Nov-2022 22:29:44.281 INFO [http-nio-8081-exec-33] org.apache.catalina.core.StandardContext.reload Reloading Context with name [/cuoiki1] has started
19-Nov-2022 22:29:44.453 INFO [http-nio-8081-exec-33] org.apache.jasper.servlet.TldScanner.scanJars At least one JAR was scanned for TLDs yet contained no TLDs. Enable debug logging for this logger for a complete list of JARs that were scanned but no TLDs were found in them. Skipping unneeded JARs during scanning can improve startup time and JSP compilation time.
19-Nov-2022 22:29:44.464 INFO [http-nio-8081-exec-33] org.apache.catalina.core.StandardContext.reload Reloading Context with name [/cuoiki1] is completed
19-Nov-2022 22:33:57.971 INFO [http-nio-8081-exec-49] org.apache.catalina.core.StandardContext.reload Reloading Context with name [/cuoiki1] has started
19-Nov-2022 22:33:58.184 INFO [http-nio-8081-exec-49] org.apache.jasper.servlet.TldScanner.scanJars At least one JAR was scanned for TLDs yet contained no TLDs. Enable debug logging for this logger for a complete list of JARs that were scanned but no TLDs were found in them. Skipping unneeded JARs during scanning can improve startup time and JSP compilation time.
19-Nov-2022 22:33:58.199 INFO [http-nio-8081-exec-49] org.apache.catalina.core.StandardContext.reload Reloading Context with name [/cuoiki1] is completed
19-Nov-2022 22:36:48.827 INFO [http-nio-8081-exec-33] org.apache.catalina.core.StandardContext.reload Reloading Context with name [/cuoiki1] has started
19-Nov-2022 22:36:48.994 INFO [http-nio-8081-exec-33] org.apache.jasper.servlet.TldScanner.scanJars At least one JAR was scanned for TLDs yet contained no TLDs. Enable debug logging for this logger for a complete list of JARs that were scanned but no TLDs were found in them. Skipping unneeded JARs during scanning can improve startup time and JSP compilation time.
19-Nov-2022 22:36:49.009 INFO [http-nio-8081-exec-33] org.apache.catalina.core.StandardContext.reload Reloading Context with name [/cuoiki1] is completed
19-Nov-2022 22:42:33.337 WARNING [http-nio-8081-exec-47] org.apache.catalina.loader.WebappClassLoaderBase.clearReferencesJdbc The web application [cuoiki1] registered the JDBC driver [com.microsoft.sqlserver.jdbc.SQLServerDriver] but failed to unregister it when the web application was stopped. To prevent a memory leak, the JDBC Driver has been forcibly unregistered.
19-Nov-2022 22:42:33.564 INFO [http-nio-8081-exec-55] org.apache.jasper.servlet.TldScanner.scanJars At least one JAR was scanned for TLDs yet contained no TLDs. Enable debug logging for this logger for a complete list of JARs that were scanned but no TLDs were found in them. Skipping unneeded JARs during scanning can improve startup time and JSP compilation time.
19-Nov-2022 22:42:40.385 INFO [ContainerBackgroundProcessor[StandardEngine[Catalina]]] org.apache.catalina.startup.HostConfig.reload Reloading context [/cuoiki1]
19-Nov-2022 22:42:40.386 INFO [ContainerBackgroundProcessor[StandardEngine[Catalina]]] org.apache.catalina.core.StandardContext.reload Reloading Context with name [/cuoiki1] has started
19-Nov-2022 22:42:40.721 INFO [ContainerBackgroundProcessor[StandardEngine[Catalina]]] org.apache.jasper.servlet.TldScanner.scanJars At least one JAR was scanned for TLDs yet contained no TLDs. Enable debug logging for this logger for a complete list of JARs that were scanned but no TLDs were found in them. Skipping unneeded JARs during scanning can improve startup time and JSP compilation time.
19-Nov-2022 22:42:40.741 INFO [ContainerBackgroundProcessor[StandardEngine[Catalina]]] org.apache.catalina.core.StandardContext.reload Reloading Context with name [/cuoiki1] is completed
19-Nov-2022 22:55:29.048 INFO [http-nio-8081-exec-64] org.apache.catalina.core.StandardContext.reload Reloading Context with name [/cuoiki1] has started
19-Nov-2022 22:55:29.198 INFO [http-nio-8081-exec-64] org.apache.jasper.servlet.TldScanner.scanJars At least one JAR was scanned for TLDs yet contained no TLDs. Enable debug logging for this logger for a complete list of JARs that were scanned but no TLDs were found in them. Skipping unneeded JARs during scanning can improve startup time and JSP compilation time.
19-Nov-2022 22:55:29.214 INFO [http-nio-8081-exec-64] org.apache.catalina.core.StandardContext.reload Reloading Context with name [/cuoiki1] is completed
19-Nov-2022 22:57:04.183 INFO [http-nio-8081-exec-76] org.apache.catalina.core.StandardContext.reload Reloading Context with name [/cuoiki1] has started
19-Nov-2022 22:57:04.350 INFO [http-nio-8081-exec-76] org.apache.jasper.servlet.TldScanner.scanJars At least one JAR was scanned for TLDs yet contained no TLDs. Enable debug logging for this logger for a complete list of JARs that were scanned but no TLDs were found in them. Skipping unneeded JARs during scanning can improve startup time and JSP compilation time.
19-Nov-2022 22:57:04.365 INFO [http-nio-8081-exec-76] org.apache.catalina.core.StandardContext.reload Reloading Context with name [/cuoiki1] is completed
19-Nov-2022 22:57:46.912 INFO [http-nio-8081-exec-65] org.apache.catalina.core.StandardContext.reload Reloading Context with name [/cuoiki1] has started
19-Nov-2022 22:57:47.060 INFO [http-nio-8081-exec-65] org.apache.jasper.servlet.TldScanner.scanJars At least one JAR was scanned for TLDs yet contained no TLDs. Enable debug logging for this logger for a complete list of JARs that were scanned but no TLDs were found in them. Skipping unneeded JARs during scanning can improve startup time and JSP compilation time.
19-Nov-2022 22:57:47.060 INFO [http-nio-8081-exec-65] org.apache.catalina.core.StandardContext.reload Reloading Context with name [/cuoiki1] is completed
19-Nov-2022 22:58:59.441 INFO [http-nio-8081-exec-66] org.apache.catalina.core.StandardContext.reload Reloading Context with name [/cuoiki1] has started
19-Nov-2022 22:58:59.612 INFO [http-nio-8081-exec-66] org.apache.jasper.servlet.TldScanner.scanJars At least one JAR was scanned for TLDs yet contained no TLDs. Enable debug logging for this logger for a complete list of JARs that were scanned but no TLDs were found in them. Skipping unneeded JARs during scanning can improve startup time and JSP compilation time.
19-Nov-2022 22:58:59.628 INFO [http-nio-8081-exec-66] org.apache.catalina.core.StandardContext.reload Reloading Context with name [/cuoiki1] is completed
19-Nov-2022 22:58:59.643 INFO [http-nio-8081-exec-76] org.apache.catalina.core.StandardContext.reload Reloading Context with name [/cuoiki1] has started
19-Nov-2022 22:58:59.810 INFO [http-nio-8081-exec-76] org.apache.jasper.servlet.TldScanner.scanJars At least one JAR was scanned for TLDs yet contained no TLDs. Enable debug logging for this logger for a complete list of JARs that were scanned but no TLDs were found in them. Skipping unneeded JARs during scanning can improve startup time and JSP compilation time.
19-Nov-2022 22:58:59.810 INFO [http-nio-8081-exec-76] org.apache.catalina.core.StandardContext.reload Reloading Context with name [/cuoiki1] is completed
19-Nov-2022 22:59:21.635 INFO [http-nio-8081-exec-78] org.apache.catalina.core.StandardContext.reload Reloading Context with name [/cuoiki1] has started
19-Nov-2022 22:59:21.792 INFO [http-nio-8081-exec-78] org.apache.jasper.servlet.TldScanner.scanJars At least one JAR was scanned for TLDs yet contained no TLDs. Enable debug logging for this logger for a complete list of JARs that were scanned but no TLDs were found in them. Skipping unneeded JARs during scanning can improve startup time and JSP compilation time.
19-Nov-2022 22:59:21.808 INFO [http-nio-8081-exec-78] org.apache.catalina.core.StandardContext.reload Reloading Context with name [/cuoiki1] is completed
19-Nov-2022 22:59:27.550 INFO [http-nio-8081-exec-65] org.apache.catalina.core.StandardContext.reload Reloading Context with name [/cuoiki1] has started
19-Nov-2022 22:59:27.730 INFO [http-nio-8081-exec-65] org.apache.jasper.servlet.TldScanner.scanJars At least one JAR was scanned for TLDs yet contained no TLDs. Enable debug logging for this logger for a complete list of JARs that were scanned but no TLDs were found in them. Skipping unneeded JARs during scanning can improve startup time and JSP compilation time.
19-Nov-2022 22:59:27.745 INFO [http-nio-8081-exec-65] org.apache.catalina.core.StandardContext.reload Reloading Context with name [/cuoiki1] is completed
19-Nov-2022 22:59:46.655 INFO [http-nio-8081-exec-78] org.apache.catalina.core.StandardContext.reload Reloading Context with name [/cuoiki1] has started
19-Nov-2022 22:59:46.801 INFO [http-nio-8081-exec-78] org.apache.jasper.servlet.TldScanner.scanJars At least one JAR was scanned for TLDs yet contained no TLDs. Enable debug logging for this logger for a complete list of JARs that were scanned but no TLDs were found in them. Skipping unneeded JARs during scanning can improve startup time and JSP compilation time.
19-Nov-2022 22:59:46.816 INFO [http-nio-8081-exec-78] org.apache.catalina.core.StandardContext.reload Reloading Context with name [/cuoiki1] is completed
19-Nov-2022 23:00:15.118 INFO [http-nio-8081-exec-73] org.apache.catalina.core.StandardContext.reload Reloading Context with name [/cuoiki1] has started
19-Nov-2022 23:00:15.258 INFO [http-nio-8081-exec-73] org.apache.jasper.servlet.TldScanner.scanJars At least one JAR was scanned for TLDs yet contained no TLDs. Enable debug logging for this logger for a complete list of JARs that were scanned but no TLDs were found in them. Skipping unneeded JARs during scanning can improve startup time and JSP compilation time.
19-Nov-2022 23:00:15.274 INFO [http-nio-8081-exec-73] org.apache.catalina.core.StandardContext.reload Reloading Context with name [/cuoiki1] is completed
19-Nov-2022 23:02:21.607 INFO [http-nio-8081-exec-66] org.apache.catalina.core.StandardContext.reload Reloading Context with name [/cuoiki1] has started
19-Nov-2022 23:02:21.748 INFO [http-nio-8081-exec-66] org.apache.jasper.servlet.TldScanner.scanJars At least one JAR was scanned for TLDs yet contained no TLDs. Enable debug logging for this logger for a complete list of JARs that were scanned but no TLDs were found in them. Skipping unneeded JARs during scanning can improve startup time and JSP compilation time.
19-Nov-2022 23:02:21.764 INFO [http-nio-8081-exec-66] org.apache.catalina.core.StandardContext.reload Reloading Context with name [/cuoiki1] is completed
19-Nov-2022 23:03:23.363 INFO [http-nio-8081-exec-77] org.apache.catalina.core.StandardContext.reload Reloading Context with name [/cuoiki1] has started
19-Nov-2022 23:03:23.511 INFO [http-nio-8081-exec-77] org.apache.jasper.servlet.TldScanner.scanJars At least one JAR was scanned for TLDs yet contained no TLDs. Enable debug logging for this logger for a complete list of JARs that were scanned but no TLDs were found in them. Skipping unneeded JARs during scanning can improve startup time and JSP compilation time.
19-Nov-2022 23:03:23.531 INFO [http-nio-8081-exec-77] org.apache.catalina.core.StandardContext.reload Reloading Context with name [/cuoiki1] is completed
19-Nov-2022 23:04:36.000 INFO [http-nio-8081-exec-87] org.apache.catalina.core.StandardContext.reload Reloading Context with name [/cuoiki1] has started
19-Nov-2022 23:04:36.150 INFO [http-nio-8081-exec-87] org.apache.jasper.servlet.TldScanner.scanJars At least one JAR was scanned for TLDs yet contained no TLDs. Enable debug logging for this logger for a complete list of JARs that were scanned but no TLDs were found in them. Skipping unneeded JARs during scanning can improve startup time and JSP compilation time.
19-Nov-2022 23:04:36.184 INFO [http-nio-8081-exec-87] org.apache.catalina.core.StandardContext.reload Reloading Context with name [/cuoiki1] is completed
19-Nov-2022 23:06:40.325 INFO [http-nio-8081-exec-93] org.apache.catalina.core.StandardContext.reload Reloading Context with name [/cuoiki1] has started
19-Nov-2022 23:06:40.466 INFO [http-nio-8081-exec-93] org.apache.jasper.servlet.TldScanner.scanJars At least one JAR was scanned for TLDs yet contained no TLDs. Enable debug logging for this logger for a complete list of JARs that were scanned but no TLDs were found in them. Skipping unneeded JARs during scanning can improve startup time and JSP compilation time.
19-Nov-2022 23:06:40.482 INFO [http-nio-8081-exec-93] org.apache.catalina.core.StandardContext.reload Reloading Context with name [/cuoiki1] is completed
19-Nov-2022 23:08:43.923 INFO [http-nio-8081-exec-97] org.apache.catalina.core.StandardContext.reload Reloading Context with name [/cuoiki1] has started
19-Nov-2022 23:08:43.938 WARNING [http-nio-8081-exec-97] org.apache.catalina.loader.WebappClassLoaderBase.clearReferencesJdbc The web application [cuoiki1] registered the JDBC driver [com.microsoft.sqlserver.jdbc.SQLServerDriver] but failed to unregister it when the web application was stopped. To prevent a memory leak, the JDBC Driver has been forcibly unregistered.
19-Nov-2022 23:08:44.079 INFO [http-nio-8081-exec-97] org.apache.jasper.servlet.TldScanner.scanJars At least one JAR was scanned for TLDs yet contained no TLDs. Enable debug logging for this logger for a complete list of JARs that were scanned but no TLDs were found in them. Skipping unneeded JARs during scanning can improve startup time and JSP compilation time.
19-Nov-2022 23:08:44.094 INFO [http-nio-8081-exec-97] org.apache.catalina.core.StandardContext.reload Reloading Context with name [/cuoiki1] is completed
19-Nov-2022 23:08:51.607 INFO [http-nio-8081-exec-102] org.apache.catalina.core.StandardContext.reload Reloading Context with name [/cuoiki1] has started
19-Nov-2022 23:08:51.793 INFO [http-nio-8081-exec-102] org.apache.jasper.servlet.TldScanner.scanJars At least one JAR was scanned for TLDs yet contained no TLDs. Enable debug logging for this logger for a complete list of JARs that were scanned but no TLDs were found in them. Skipping unneeded JARs during scanning can improve startup time and JSP compilation time.
19-Nov-2022 23:08:51.809 INFO [http-nio-8081-exec-102] org.apache.catalina.core.StandardContext.reload Reloading Context with name [/cuoiki1] is completed
19-Nov-2022 23:09:15.149 INFO [http-nio-8081-exec-98] org.apache.catalina.core.StandardContext.reload Reloading Context with name [/cuoiki1] has started
19-Nov-2022 23:09:15.305 INFO [http-nio-8081-exec-98] org.apache.jasper.servlet.TldScanner.scanJars At least one JAR was scanned for TLDs yet contained no TLDs. Enable debug logging for this logger for a complete list of JARs that were scanned but no TLDs were found in them. Skipping unneeded JARs during scanning can improve startup time and JSP compilation time.
19-Nov-2022 23:09:15.320 INFO [http-nio-8081-exec-98] org.apache.catalina.core.StandardContext.reload Reloading Context with name [/cuoiki1] is completed
19-Nov-2022 23:10:03.113 WARNING [http-nio-8081-exec-107] org.apache.catalina.loader.WebappClassLoaderBase.clearReferencesJdbc The web application [cuoiki1] registered the JDBC driver [com.microsoft.sqlserver.jdbc.SQLServerDriver] but failed to unregister it when the web application was stopped. To prevent a memory leak, the JDBC Driver has been forcibly unregistered.
19-Nov-2022 23:10:03.270 INFO [http-nio-8081-exec-108] org.apache.jasper.servlet.TldScanner.scanJars At least one JAR was scanned for TLDs yet contained no TLDs. Enable debug logging for this logger for a complete list of JARs that were scanned but no TLDs were found in them. Skipping unneeded JARs during scanning can improve startup time and JSP compilation time.
19-Nov-2022 23:10:57.434 INFO [http-nio-8081-exec-110] org.apache.catalina.core.StandardContext.reload Reloading Context with name [/cuoiki1] has started
19-Nov-2022 23:10:57.434 WARNING [http-nio-8081-exec-110] org.apache.catalina.loader.WebappClassLoaderBase.clearReferencesJdbc The web application [cuoiki1] registered the JDBC driver [com.microsoft.sqlserver.jdbc.SQLServerDriver] but failed to unregister it when the web application was stopped. To prevent a memory leak, the JDBC Driver has been forcibly unregistered.
19-Nov-2022 23:10:57.589 INFO [http-nio-8081-exec-110] org.apache.jasper.servlet.TldScanner.scanJars At least one JAR was scanned for TLDs yet contained no TLDs. Enable debug logging for this logger for a complete list of JARs that were scanned but no TLDs were found in them. Skipping unneeded JARs during scanning can improve startup time and JSP compilation time.
19-Nov-2022 23:10:57.589 INFO [http-nio-8081-exec-110] org.apache.catalina.core.StandardContext.reload Reloading Context with name [/cuoiki1] is completed
19-Nov-2022 23:17:12.148 INFO [http-nio-8081-exec-119] org.apache.catalina.core.StandardContext.reload Reloading Context with name [/cuoiki1] has started
19-Nov-2022 23:17:12.148 WARNING [http-nio-8081-exec-119] org.apache.catalina.loader.WebappClassLoaderBase.clearReferencesJdbc The web application [cuoiki1] registered the JDBC driver [com.microsoft.sqlserver.jdbc.SQLServerDriver] but failed to unregister it when the web application was stopped. To prevent a memory leak, the JDBC Driver has been forcibly unregistered.
19-Nov-2022 23:17:12.310 INFO [http-nio-8081-exec-119] org.apache.jasper.servlet.TldScanner.scanJars At least one JAR was scanned for TLDs yet contained no TLDs. Enable debug logging for this logger for a complete list of JARs that were scanned but no TLDs were found in them. Skipping unneeded JARs during scanning can improve startup time and JSP compilation time.
19-Nov-2022 23:17:12.336 INFO [http-nio-8081-exec-119] org.apache.catalina.core.StandardContext.reload Reloading Context with name [/cuoiki1] is completed
19-Nov-2022 23:18:45.493 INFO [http-nio-8081-exec-124] org.apache.catalina.core.StandardContext.reload Reloading Context with name [/cuoiki1] has started
19-Nov-2022 23:18:45.649 INFO [http-nio-8081-exec-124] org.apache.jasper.servlet.TldScanner.scanJars At least one JAR was scanned for TLDs yet contained no TLDs. Enable debug logging for this logger for a complete list of JARs that were scanned but no TLDs were found in them. Skipping unneeded JARs during scanning can improve startup time and JSP compilation time.
19-Nov-2022 23:18:45.649 INFO [http-nio-8081-exec-124] org.apache.catalina.core.StandardContext.reload Reloading Context with name [/cuoiki1] is completed
19-Nov-2022 23:19:15.978 INFO [http-nio-8081-exec-125] org.apache.catalina.core.StandardContext.reload Reloading Context with name [/cuoiki1] has started
19-Nov-2022 23:19:16.130 INFO [http-nio-8081-exec-125] org.apache.jasper.servlet.TldScanner.scanJars At least one JAR was scanned for TLDs yet contained no TLDs. Enable debug logging for this logger for a complete list of JARs that were scanned but no TLDs were found in them. Skipping unneeded JARs during scanning can improve startup time and JSP compilation time.
19-Nov-2022 23:19:16.130 INFO [http-nio-8081-exec-125] org.apache.catalina.core.StandardContext.reload Reloading Context with name [/cuoiki1] is completed
19-Nov-2022 23:19:42.984 INFO [http-nio-8081-exec-120] org.apache.catalina.core.StandardContext.reload Reloading Context with name [/cuoiki1] has started
19-Nov-2022 23:19:43.139 INFO [http-nio-8081-exec-120] org.apache.jasper.servlet.TldScanner.scanJars At least one JAR was scanned for TLDs yet contained no TLDs. Enable debug logging for this logger for a complete list of JARs that were scanned but no TLDs were found in them. Skipping unneeded JARs during scanning can improve startup time and JSP compilation time.
19-Nov-2022 23:19:43.139 INFO [http-nio-8081-exec-120] org.apache.catalina.core.StandardContext.reload Reloading Context with name [/cuoiki1] is completed
19-Nov-2022 23:20:18.139 INFO [http-nio-8081-exec-128] org.apache.catalina.core.StandardContext.reload Reloading Context with name [/cuoiki1] has started
19-Nov-2022 23:20:18.284 INFO [http-nio-8081-exec-128] org.apache.jasper.servlet.TldScanner.scanJars At least one JAR was scanned for TLDs yet contained no TLDs. Enable debug logging for this logger for a complete list of JARs that were scanned but no TLDs were found in them. Skipping unneeded JARs during scanning can improve startup time and JSP compilation time.
19-Nov-2022 23:20:18.300 INFO [http-nio-8081-exec-128] org.apache.catalina.core.StandardContext.reload Reloading Context with name [/cuoiki1] is completed
19-Nov-2022 23:23:23.849 INFO [http-nio-8081-exec-134] org.apache.catalina.core.StandardContext.reload Reloading Context with name [/cuoiki1] has started
19-Nov-2022 23:23:23.849 WARNING [http-nio-8081-exec-134] org.apache.catalina.loader.WebappClassLoaderBase.clearReferencesJdbc The web application [cuoiki1] registered the JDBC driver [com.microsoft.sqlserver.jdbc.SQLServerDriver] but failed to unregister it when the web application was stopped. To prevent a memory leak, the JDBC Driver has been forcibly unregistered.
19-Nov-2022 23:23:24.000 INFO [http-nio-8081-exec-134] org.apache.jasper.servlet.TldScanner.scanJars At least one JAR was scanned for TLDs yet contained no TLDs. Enable debug logging for this logger for a complete list of JARs that were scanned but no TLDs were found in them. Skipping unneeded JARs during scanning can improve startup time and JSP compilation time.
19-Nov-2022 23:23:24.008 INFO [http-nio-8081-exec-134] org.apache.catalina.core.StandardContext.reload Reloading Context with name [/cuoiki1] is completed
19-Nov-2022 23:26:30.362 INFO [http-nio-8081-exec-146] org.apache.catalina.core.StandardContext.reload Reloading Context with name [/cuoiki1] has started
19-Nov-2022 23:26:30.364 WARNING [http-nio-8081-exec-146] org.apache.catalina.loader.WebappClassLoaderBase.clearReferencesJdbc The web application [cuoiki1] registered the JDBC driver [com.microsoft.sqlserver.jdbc.SQLServerDriver] but failed to unregister it when the web application was stopped. To prevent a memory leak, the JDBC Driver has been forcibly unregistered.
19-Nov-2022 23:26:30.519 INFO [http-nio-8081-exec-146] org.apache.jasper.servlet.TldScanner.scanJars At least one JAR was scanned for TLDs yet contained no TLDs. Enable debug logging for this logger for a complete list of JARs that were scanned but no TLDs were found in them. Skipping unneeded JARs during scanning can improve startup time and JSP compilation time.
19-Nov-2022 23:26:30.536 INFO [http-nio-8081-exec-146] org.apache.catalina.core.StandardContext.reload Reloading Context with name [/cuoiki1] is completed
19-Nov-2022 23:27:08.503 INFO [http-nio-8081-exec-151] org.apache.catalina.core.StandardContext.reload Reloading Context with name [/cuoiki1] has started
19-Nov-2022 23:27:08.519 WARNING [http-nio-8081-exec-151] org.apache.catalina.loader.WebappClassLoaderBase.clearReferencesJdbc The web application [cuoiki1] registered the JDBC driver [com.microsoft.sqlserver.jdbc.SQLServerDriver] but failed to unregister it when the web application was stopped. To prevent a memory leak, the JDBC Driver has been forcibly unregistered.
19-Nov-2022 23:27:08.663 INFO [http-nio-8081-exec-151] org.apache.jasper.servlet.TldScanner.scanJars At least one JAR was scanned for TLDs yet contained no TLDs. Enable debug logging for this logger for a complete list of JARs that were scanned but no TLDs were found in them. Skipping unneeded JARs during scanning can improve startup time and JSP compilation time.
19-Nov-2022 23:27:08.679 INFO [http-nio-8081-exec-151] org.apache.catalina.core.StandardContext.reload Reloading Context with name [/cuoiki1] is completed
19-Nov-2022 23:28:17.510 INFO [http-nio-8081-exec-152] org.apache.catalina.core.StandardContext.reload Reloading Context with name [/cuoiki1] has started
19-Nov-2022 23:28:17.660 INFO [http-nio-8081-exec-152] org.apache.jasper.servlet.TldScanner.scanJars At least one JAR was scanned for TLDs yet contained no TLDs. Enable debug logging for this logger for a complete list of JARs that were scanned but no TLDs were found in them. Skipping unneeded JARs during scanning can improve startup time and JSP compilation time.
19-Nov-2022 23:28:17.660 INFO [http-nio-8081-exec-152] org.apache.catalina.core.StandardContext.reload Reloading Context with name [/cuoiki1] is completed
19-Nov-2022 23:29:26.944 INFO [http-nio-8081-exec-153] org.apache.catalina.core.StandardContext.reload Reloading Context with name [/cuoiki1] has started
19-Nov-2022 23:29:27.120 INFO [http-nio-8081-exec-153] org.apache.jasper.servlet.TldScanner.scanJars At least one JAR was scanned for TLDs yet contained no TLDs. Enable debug logging for this logger for a complete list of JARs that were scanned but no TLDs were found in them. Skipping unneeded JARs during scanning can improve startup time and JSP compilation time.
19-Nov-2022 23:29:27.120 INFO [http-nio-8081-exec-153] org.apache.catalina.core.StandardContext.reload Reloading Context with name [/cuoiki1] is completed
19-Nov-2022 23:30:12.189 INFO [http-nio-8081-exec-149] org.apache.catalina.core.StandardContext.reload Reloading Context with name [/cuoiki1] has started
19-Nov-2022 23:30:12.491 INFO [http-nio-8081-exec-149] org.apache.jasper.servlet.TldScanner.scanJars At least one JAR was scanned for TLDs yet contained no TLDs. Enable debug logging for this logger for a complete list of JARs that were scanned but no TLDs were found in them. Skipping unneeded JARs during scanning can improve startup time and JSP compilation time.
19-Nov-2022 23:30:12.491 INFO [http-nio-8081-exec-149] org.apache.catalina.core.StandardContext.reload Reloading Context with name [/cuoiki1] is completed
19-Nov-2022 23:32:07.430 INFO [http-nio-8081-exec-164] org.apache.catalina.core.StandardContext.reload Reloading Context with name [/cuoiki1] has started
19-Nov-2022 23:32:07.430 WARNING [http-nio-8081-exec-164] org.apache.catalina.loader.WebappClassLoaderBase.clearReferencesJdbc The web application [cuoiki1] registered the JDBC driver [com.microsoft.sqlserver.jdbc.SQLServerDriver] but failed to unregister it when the web application was stopped. To prevent a memory leak, the JDBC Driver has been forcibly unregistered.
19-Nov-2022 23:32:07.580 INFO [http-nio-8081-exec-164] org.apache.jasper.servlet.TldScanner.scanJars At least one JAR was scanned for TLDs yet contained no TLDs. Enable debug logging for this logger for a complete list of JARs that were scanned but no TLDs were found in them. Skipping unneeded JARs during scanning can improve startup time and JSP compilation time.
19-Nov-2022 23:32:07.596 INFO [http-nio-8081-exec-164] org.apache.catalina.core.StandardContext.reload Reloading Context with name [/cuoiki1] is completed
19-Nov-2022 23:33:01.255 INFO [http-nio-8081-exec-160] org.apache.catalina.core.StandardContext.reload Reloading Context with name [/cuoiki1] has started
19-Nov-2022 23:33:01.255 WARNING [http-nio-8081-exec-160] org.apache.catalina.loader.WebappClassLoaderBase.clearReferencesJdbc The web application [cuoiki1] registered the JDBC driver [com.microsoft.sqlserver.jdbc.SQLServerDriver] but failed to unregister it when the web application was stopped. To prevent a memory leak, the JDBC Driver has been forcibly unregistered.
19-Nov-2022 23:33:01.415 INFO [http-nio-8081-exec-160] org.apache.jasper.servlet.TldScanner.scanJars At least one JAR was scanned for TLDs yet contained no TLDs. Enable debug logging for this logger for a complete list of JARs that were scanned but no TLDs were found in them. Skipping unneeded JARs during scanning can improve startup time and JSP compilation time.
19-Nov-2022 23:33:01.415 INFO [http-nio-8081-exec-160] org.apache.catalina.core.StandardContext.reload Reloading Context with name [/cuoiki1] is completed
19-Nov-2022 23:35:44.107 INFO [http-nio-8081-exec-174] org.apache.catalina.core.StandardContext.reload Reloading Context with name [/cuoiki1] has started
19-Nov-2022 23:35:44.107 WARNING [http-nio-8081-exec-174] org.apache.catalina.loader.WebappClassLoaderBase.clearReferencesJdbc The web application [cuoiki1] registered the JDBC driver [com.microsoft.sqlserver.jdbc.SQLServerDriver] but failed to unregister it when the web application was stopped. To prevent a memory leak, the JDBC Driver has been forcibly unregistered.
19-Nov-2022 23:35:44.256 INFO [http-nio-8081-exec-174] org.apache.jasper.servlet.TldScanner.scanJars At least one JAR was scanned for TLDs yet contained no TLDs. Enable debug logging for this logger for a complete list of JARs that were scanned but no TLDs were found in them. Skipping unneeded JARs during scanning can improve startup time and JSP compilation time.
19-Nov-2022 23:35:44.272 INFO [http-nio-8081-exec-174] org.apache.catalina.core.StandardContext.reload Reloading Context with name [/cuoiki1] is completed
19-Nov-2022 23:36:06.926 INFO [http-nio-8081-exec-179] org.apache.catalina.core.StandardContext.reload Reloading Context with name [/cuoiki1] has started
19-Nov-2022 23:36:06.926 WARNING [http-nio-8081-exec-179] org.apache.catalina.loader.WebappClassLoaderBase.clearReferencesJdbc The web application [cuoiki1] registered the JDBC driver [com.microsoft.sqlserver.jdbc.SQLServerDriver] but failed to unregister it when the web application was stopped. To prevent a memory leak, the JDBC Driver has been forcibly unregistered.
19-Nov-2022 23:36:07.066 INFO [http-nio-8081-exec-179] org.apache.jasper.servlet.TldScanner.scanJars At least one JAR was scanned for TLDs yet contained no TLDs. Enable debug logging for this logger for a complete list of JARs that were scanned but no TLDs were found in them. Skipping unneeded JARs during scanning can improve startup time and JSP compilation time.
19-Nov-2022 23:36:07.079 INFO [http-nio-8081-exec-179] org.apache.catalina.core.StandardContext.reload Reloading Context with name [/cuoiki1] is completed
19-Nov-2022 23:36:16.127 INFO [http-nio-8081-exec-175] org.apache.catalina.core.StandardContext.reload Reloading Context with name [/cuoiki1] has started
19-Nov-2022 23:36:16.140 WARNING [http-nio-8081-exec-175] org.apache.catalina.loader.WebappClassLoaderBase.clearReferencesJdbc The web application [cuoiki1] registered the JDBC driver [com.microsoft.sqlserver.jdbc.SQLServerDriver] but failed to unregister it when the web application was stopped. To prevent a memory leak, the JDBC Driver has been forcibly unregistered.
19-Nov-2022 23:36:16.385 INFO [http-nio-8081-exec-175] org.apache.jasper.servlet.TldScanner.scanJars At least one JAR was scanned for TLDs yet contained no TLDs. Enable debug logging for this logger for a complete list of JARs that were scanned but no TLDs were found in them. Skipping unneeded JARs during scanning can improve startup time and JSP compilation time.
19-Nov-2022 23:36:16.413 INFO [http-nio-8081-exec-175] org.apache.catalina.core.StandardContext.reload Reloading Context with name [/cuoiki1] is completed
19-Nov-2022 23:37:13.763 INFO [http-nio-8081-exec-179] org.apache.catalina.core.StandardContext.reload Reloading Context with name [/cuoiki1] has started
19-Nov-2022 23:37:13.765 WARNING [http-nio-8081-exec-179] org.apache.catalina.loader.WebappClassLoaderBase.clearReferencesJdbc The web application [cuoiki1] registered the JDBC driver [com.microsoft.sqlserver.jdbc.SQLServerDriver] but failed to unregister it when the web application was stopped. To prevent a memory leak, the JDBC Driver has been forcibly unregistered.
19-Nov-2022 23:37:13.958 INFO [http-nio-8081-exec-179] org.apache.jasper.servlet.TldScanner.scanJars At least one JAR was scanned for TLDs yet contained no TLDs. Enable debug logging for this logger for a complete list of JARs that were scanned but no TLDs were found in them. Skipping unneeded JARs during scanning can improve startup time and JSP compilation time.
19-Nov-2022 23:37:13.985 INFO [http-nio-8081-exec-179] org.apache.catalina.core.StandardContext.reload Reloading Context with name [/cuoiki1] is completed
19-Nov-2022 23:38:17.385 INFO [http-nio-8081-exec-187] org.apache.catalina.core.StandardContext.reload Reloading Context with name [/cuoiki1] has started
19-Nov-2022 23:38:17.538 INFO [http-nio-8081-exec-187] org.apache.jasper.servlet.TldScanner.scanJars At least one JAR was scanned for TLDs yet contained no TLDs. Enable debug logging for this logger for a complete list of JARs that were scanned but no TLDs were found in them. Skipping unneeded JARs during scanning can improve startup time and JSP compilation time.
19-Nov-2022 23:38:17.553 INFO [http-nio-8081-exec-187] org.apache.catalina.core.StandardContext.reload Reloading Context with name [/cuoiki1] is completed
19-Nov-2022 23:39:14.630 INFO [http-nio-8081-exec-199] org.apache.catalina.core.StandardContext.reload Reloading Context with name [/cuoiki1] has started
19-Nov-2022 23:39:14.630 WARNING [http-nio-8081-exec-199] org.apache.catalina.loader.WebappClassLoaderBase.clearReferencesJdbc The web application [cuoiki1] registered the JDBC driver [com.microsoft.sqlserver.jdbc.SQLServerDriver] but failed to unregister it when the web application was stopped. To prevent a memory leak, the JDBC Driver has been forcibly unregistered.
19-Nov-2022 23:39:14.779 INFO [http-nio-8081-exec-199] org.apache.jasper.servlet.TldScanner.scanJars At least one JAR was scanned for TLDs yet contained no TLDs. Enable debug logging for this logger for a complete list of JARs that were scanned but no TLDs were found in them. Skipping unneeded JARs during scanning can improve startup time and JSP compilation time.
19-Nov-2022 23:39:14.796 INFO [http-nio-8081-exec-199] org.apache.catalina.core.StandardContext.reload Reloading Context with name [/cuoiki1] is completed
19-Nov-2022 23:39:24.050 INFO [http-nio-8081-exec-201] org.apache.catalina.core.StandardContext.reload Reloading Context with name [/cuoiki1] has started
19-Nov-2022 23:39:24.050 WARNING [http-nio-8081-exec-201] org.apache.catalina.loader.WebappClassLoaderBase.clearReferencesJdbc The web application [cuoiki1] registered the JDBC driver [com.microsoft.sqlserver.jdbc.SQLServerDriver] but failed to unregister it when the web application was stopped. To prevent a memory leak, the JDBC Driver has been forcibly unregistered.
19-Nov-2022 23:39:24.302 INFO [http-nio-8081-exec-201] org.apache.jasper.servlet.TldScanner.scanJars At least one JAR was scanned for TLDs yet contained no TLDs. Enable debug logging for this logger for a complete list of JARs that were scanned but no TLDs were found in them. Skipping unneeded JARs during scanning can improve startup time and JSP compilation time.
19-Nov-2022 23:39:24.318 INFO [http-nio-8081-exec-201] org.apache.catalina.core.StandardContext.reload Reloading Context with name [/cuoiki1] is completed
19-Nov-2022 23:39:54.022 INFO [http-nio-8081-exec-208] org.apache.catalina.core.StandardContext.reload Reloading Context with name [/cuoiki1] has started
19-Nov-2022 23:39:54.022 WARNING [http-nio-8081-exec-208] org.apache.catalina.loader.WebappClassLoaderBase.clearReferencesJdbc The web application [cuoiki1] registered the JDBC driver [com.microsoft.sqlserver.jdbc.SQLServerDriver] but failed to unregister it when the web application was stopped. To prevent a memory leak, the JDBC Driver has been forcibly unregistered.
19-Nov-2022 23:39:54.178 INFO [http-nio-8081-exec-208] org.apache.jasper.servlet.TldScanner.scanJars At least one JAR was scanned for TLDs yet contained no TLDs. Enable debug logging for this logger for a complete list of JARs that were scanned but no TLDs were found in them. Skipping unneeded JARs during scanning can improve startup time and JSP compilation time.
19-Nov-2022 23:39:54.197 INFO [http-nio-8081-exec-208] org.apache.catalina.core.StandardContext.reload Reloading Context with name [/cuoiki1] is completed
19-Nov-2022 23:41:06.469 INFO [http-nio-8081-exec-211] org.apache.catalina.core.StandardContext.reload Reloading Context with name [/cuoiki1] has started
19-Nov-2022 23:41:06.469 WARNING [http-nio-8081-exec-211] org.apache.catalina.loader.WebappClassLoaderBase.clearReferencesJdbc The web application [cuoiki1] registered the JDBC driver [com.microsoft.sqlserver.jdbc.SQLServerDriver] but failed to unregister it when the web application was stopped. To prevent a memory leak, the JDBC Driver has been forcibly unregistered.
19-Nov-2022 23:41:06.622 INFO [http-nio-8081-exec-211] org.apache.jasper.servlet.TldScanner.scanJars At least one JAR was scanned for TLDs yet contained no TLDs. Enable debug logging for this logger for a complete list of JARs that were scanned but no TLDs were found in them. Skipping unneeded JARs during scanning can improve startup time and JSP compilation time.
19-Nov-2022 23:41:06.633 INFO [http-nio-8081-exec-211] org.apache.catalina.core.StandardContext.reload Reloading Context with name [/cuoiki1] is completed
19-Nov-2022 23:41:23.577 INFO [http-nio-8081-exec-214] org.apache.catalina.core.StandardContext.reload Reloading Context with name [/cuoiki1] has started
19-Nov-2022 23:41:23.577 WARNING [http-nio-8081-exec-214] org.apache.catalina.loader.WebappClassLoaderBase.clearReferencesJdbc The web application [cuoiki1] registered the JDBC driver [com.microsoft.sqlserver.jdbc.SQLServerDriver] but failed to unregister it when the web application was stopped. To prevent a memory leak, the JDBC Driver has been forcibly unregistered.
19-Nov-2022 23:41:23.709 INFO [http-nio-8081-exec-214] org.apache.jasper.servlet.TldScanner.scanJars At least one JAR was scanned for TLDs yet contained no TLDs. Enable debug logging for this logger for a complete list of JARs that were scanned but no TLDs were found in them. Skipping unneeded JARs during scanning can improve startup time and JSP compilation time.
19-Nov-2022 23:41:23.727 INFO [http-nio-8081-exec-214] org.apache.catalina.core.StandardContext.reload Reloading Context with name [/cuoiki1] is completed
19-Nov-2022 23:41:36.860 INFO [http-nio-8081-exec-214] org.apache.catalina.core.StandardContext.reload Reloading Context with name [/cuoiki1] has started
19-Nov-2022 23:41:37.008 INFO [http-nio-8081-exec-214] org.apache.jasper.servlet.TldScanner.scanJars At least one JAR was scanned for TLDs yet contained no TLDs. Enable debug logging for this logger for a complete list of JARs that were scanned but no TLDs were found in them. Skipping unneeded JARs during scanning can improve startup time and JSP compilation time.
19-Nov-2022 23:41:37.008 INFO [http-nio-8081-exec-214] org.apache.catalina.core.StandardContext.reload Reloading Context with name [/cuoiki1] is completed
19-Nov-2022 23:44:13.990 INFO [http-nio-8081-exec-229] org.apache.catalina.core.StandardContext.reload Reloading Context with name [/cuoiki1] has started
19-Nov-2022 23:44:13.990 WARNING [http-nio-8081-exec-229] org.apache.catalina.loader.WebappClassLoaderBase.clearReferencesJdbc The web application [cuoiki1] registered the JDBC driver [com.microsoft.sqlserver.jdbc.SQLServerDriver] but failed to unregister it when the web application was stopped. To prevent a memory leak, the JDBC Driver has been forcibly unregistered.
19-Nov-2022 23:44:14.135 INFO [http-nio-8081-exec-229] org.apache.jasper.servlet.TldScanner.scanJars At least one JAR was scanned for TLDs yet contained no TLDs. Enable debug logging for this logger for a complete list of JARs that were scanned but no TLDs were found in them. Skipping unneeded JARs during scanning can improve startup time and JSP compilation time.
19-Nov-2022 23:44:14.135 INFO [http-nio-8081-exec-229] org.apache.catalina.core.StandardContext.reload Reloading Context with name [/cuoiki1] is completed
19-Nov-2022 23:45:03.937 INFO [http-nio-8081-exec-227] org.apache.catalina.core.StandardContext.reload Reloading Context with name [/cuoiki1] has started
19-Nov-2022 23:45:04.085 INFO [http-nio-8081-exec-227] org.apache.jasper.servlet.TldScanner.scanJars At least one JAR was scanned for TLDs yet contained no TLDs. Enable debug logging for this logger for a complete list of JARs that were scanned but no TLDs were found in them. Skipping unneeded JARs during scanning can improve startup time and JSP compilation time.
19-Nov-2022 23:45:04.085 INFO [http-nio-8081-exec-227] org.apache.catalina.core.StandardContext.reload Reloading Context with name [/cuoiki1] is completed
19-Nov-2022 23:46:38.049 INFO [http-nio-8081-exec-236] org.apache.catalina.core.StandardContext.reload Reloading Context with name [/cuoiki1] has started
19-Nov-2022 23:46:38.049 WARNING [http-nio-8081-exec-236] org.apache.catalina.loader.WebappClassLoaderBase.clearReferencesJdbc The web application [cuoiki1] registered the JDBC driver [com.microsoft.sqlserver.jdbc.SQLServerDriver] but failed to unregister it when the web application was stopped. To prevent a memory leak, the JDBC Driver has been forcibly unregistered.
19-Nov-2022 23:46:38.195 INFO [http-nio-8081-exec-236] org.apache.jasper.servlet.TldScanner.scanJars At least one JAR was scanned for TLDs yet contained no TLDs. Enable debug logging for this logger for a complete list of JARs that were scanned but no TLDs were found in them. Skipping unneeded JARs during scanning can improve startup time and JSP compilation time.
19-Nov-2022 23:46:38.211 INFO [http-nio-8081-exec-236] org.apache.catalina.core.StandardContext.reload Reloading Context with name [/cuoiki1] is completed
19-Nov-2022 23:47:32.841 INFO [http-nio-8081-exec-240] org.apache.catalina.core.StandardContext.reload Reloading Context with name [/cuoiki1] has started
19-Nov-2022 23:47:32.841 WARNING [http-nio-8081-exec-240] org.apache.catalina.loader.WebappClassLoaderBase.clearReferencesJdbc The web application [cuoiki1] registered the JDBC driver [com.microsoft.sqlserver.jdbc.SQLServerDriver] but failed to unregister it when the web application was stopped. To prevent a memory leak, the JDBC Driver has been forcibly unregistered.
19-Nov-2022 23:47:33.008 INFO [http-nio-8081-exec-240] org.apache.jasper.servlet.TldScanner.scanJars At least one JAR was scanned for TLDs yet contained no TLDs. Enable debug logging for this logger for a complete list of JARs that were scanned but no TLDs were found in them. Skipping unneeded JARs during scanning can improve startup time and JSP compilation time.
19-Nov-2022 23:47:33.008 INFO [http-nio-8081-exec-240] org.apache.catalina.core.StandardContext.reload Reloading Context with name [/cuoiki1] is completed
19-Nov-2022 23:47:56.077 INFO [http-nio-8081-exec-240] org.apache.catalina.core.StandardContext.reload Reloading Context with name [/cuoiki1] has started
19-Nov-2022 23:47:56.218 INFO [http-nio-8081-exec-240] org.apache.jasper.servlet.TldScanner.scanJars At least one JAR was scanned for TLDs yet contained no TLDs. Enable debug logging for this logger for a complete list of JARs that were scanned but no TLDs were found in them. Skipping unneeded JARs during scanning can improve startup time and JSP compilation time.
19-Nov-2022 23:47:56.218 INFO [http-nio-8081-exec-240] org.apache.catalina.core.StandardContext.reload Reloading Context with name [/cuoiki1] is completed
19-Nov-2022 23:48:21.385 INFO [http-nio-8081-exec-250] org.apache.catalina.core.StandardContext.reload Reloading Context with name [/cuoiki1] has started
19-Nov-2022 23:48:21.525 INFO [http-nio-8081-exec-250] org.apache.jasper.servlet.TldScanner.scanJars At least one JAR was scanned for TLDs yet contained no TLDs. Enable debug logging for this logger for a complete list of JARs that were scanned but no TLDs were found in them. Skipping unneeded JARs during scanning can improve startup time and JSP compilation time.
19-Nov-2022 23:48:21.525 INFO [http-nio-8081-exec-250] org.apache.catalina.core.StandardContext.reload Reloading Context with name [/cuoiki1] is completed
19-Nov-2022 23:49:03.983 INFO [http-nio-8081-exec-249] org.apache.catalina.core.StandardContext.reload Reloading Context with name [/cuoiki1] has started
19-Nov-2022 23:49:04.133 INFO [http-nio-8081-exec-249] org.apache.jasper.servlet.TldScanner.scanJars At least one JAR was scanned for TLDs yet contained no TLDs. Enable debug logging for this logger for a complete list of JARs that were scanned but no TLDs were found in them. Skipping unneeded JARs during scanning can improve startup time and JSP compilation time.
19-Nov-2022 23:49:04.133 INFO [http-nio-8081-exec-249] org.apache.catalina.core.StandardContext.reload Reloading Context with name [/cuoiki1] is completed
19-Nov-2022 23:49:39.975 INFO [http-nio-8081-exec-240] org.apache.catalina.core.StandardContext.reload Reloading Context with name [/cuoiki1] has started
19-Nov-2022 23:49:39.975 WARNING [http-nio-8081-exec-240] org.apache.catalina.loader.WebappClassLoaderBase.clearReferencesJdbc The web application [cuoiki1] registered the JDBC driver [com.microsoft.sqlserver.jdbc.SQLServerDriver] but failed to unregister it when the web application was stopped. To prevent a memory leak, the JDBC Driver has been forcibly unregistered.
19-Nov-2022 23:49:40.116 INFO [http-nio-8081-exec-240] org.apache.jasper.servlet.TldScanner.scanJars At least one JAR was scanned for TLDs yet contained no TLDs. Enable debug logging for this logger for a complete list of JARs that were scanned but no TLDs were found in them. Skipping unneeded JARs during scanning can improve startup time and JSP compilation time.
19-Nov-2022 23:49:40.132 INFO [http-nio-8081-exec-240] org.apache.catalina.core.StandardContext.reload Reloading Context with name [/cuoiki1] is completed
19-Nov-2022 23:49:59.823 INFO [http-nio-8081-exec-240] org.apache.catalina.core.StandardContext.reload Reloading Context with name [/cuoiki1] has started
19-Nov-2022 23:49:59.961 INFO [http-nio-8081-exec-240] org.apache.jasper.servlet.TldScanner.scanJars At least one JAR was scanned for TLDs yet contained no TLDs. Enable debug logging for this logger for a complete list of JARs that were scanned but no TLDs were found in them. Skipping unneeded JARs during scanning can improve startup time and JSP compilation time.
19-Nov-2022 23:49:59.977 INFO [http-nio-8081-exec-240] org.apache.catalina.core.StandardContext.reload Reloading Context with name [/cuoiki1] is completed
19-Nov-2022 23:50:24.390 INFO [http-nio-8081-exec-253] org.apache.catalina.core.StandardContext.reload Reloading Context with name [/cuoiki1] has started
19-Nov-2022 23:50:24.539 INFO [http-nio-8081-exec-253] org.apache.jasper.servlet.TldScanner.scanJars At least one JAR was scanned for TLDs yet contained no TLDs. Enable debug logging for this logger for a complete list of JARs that were scanned but no TLDs were found in them. Skipping unneeded JARs during scanning can improve startup time and JSP compilation time.
19-Nov-2022 23:50:24.539 INFO [http-nio-8081-exec-253] org.apache.catalina.core.StandardContext.reload Reloading Context with name [/cuoiki1] is completed
19-Nov-2022 23:51:07.849 INFO [http-nio-8081-exec-247] org.apache.catalina.core.StandardContext.reload Reloading Context with name [/cuoiki1] has started
19-Nov-2022 23:51:07.849 WARNING [http-nio-8081-exec-247] org.apache.catalina.loader.WebappClassLoaderBase.clearReferencesJdbc The web application [cuoiki1] registered the JDBC driver [com.microsoft.sqlserver.jdbc.SQLServerDriver] but failed to unregister it when the web application was stopped. To prevent a memory leak, the JDBC Driver has been forcibly unregistered.
19-Nov-2022 23:51:08.001 INFO [http-nio-8081-exec-247] org.apache.jasper.servlet.TldScanner.scanJars At least one JAR was scanned for TLDs yet contained no TLDs. Enable debug logging for this logger for a complete list of JARs that were scanned but no TLDs were found in them. Skipping unneeded JARs during scanning can improve startup time and JSP compilation time.
19-Nov-2022 23:51:08.017 INFO [http-nio-8081-exec-247] org.apache.catalina.core.StandardContext.reload Reloading Context with name [/cuoiki1] is completed
19-Nov-2022 23:51:58.054 INFO [main] org.apache.catalina.core.StandardServer.await A valid shutdown command was received via the shutdown port. Stopping the Server instance.
19-Nov-2022 23:51:58.055 INFO [main] org.apache.coyote.AbstractProtocol.pause Pausing ProtocolHandler ["http-nio-8081"]
19-Nov-2022 23:51:58.290 INFO [main] org.apache.coyote.AbstractProtocol.pause Pausing ProtocolHandler ["ajp-nio-8009"]
19-Nov-2022 23:51:58.460 INFO [main] org.apache.catalina.core.StandardService.stopInternal Stopping service [Catalina]
19-Nov-2022 23:51:58.480 WARNING [localhost-startStop-2] org.apache.catalina.loader.WebappClassLoaderBase.clearReferencesJdbc The web application [cuoiki1] registered the JDBC driver [com.microsoft.sqlserver.jdbc.SQLServerDriver] but failed to unregister it when the web application was stopped. To prevent a memory leak, the JDBC Driver has been forcibly unregistered.
19-Nov-2022 23:51:58.482 INFO [main] org.apache.coyote.AbstractProtocol.stop Stopping ProtocolHandler ["http-nio-8081"]
19-Nov-2022 23:51:58.484 INFO [main] org.apache.coyote.AbstractProtocol.stop Stopping ProtocolHandler ["ajp-nio-8009"]
19-Nov-2022 23:51:58.485 INFO [main] org.apache.coyote.AbstractProtocol.destroy Destroying ProtocolHandler ["http-nio-8081"]
19-Nov-2022 23:51:58.486 INFO [main] org.apache.coyote.AbstractProtocol.destroy Destroying ProtocolHandler ["ajp-nio-8009"]
