24-Nov-2022 22:09:03.945 INFO [http-nio-8081-exec-4] org.apache.catalina.core.ApplicationContext.log Manager: init: Associated with Deployer 'Catalina:type=Deployer,host=localhost'
24-Nov-2022 22:09:03.945 INFO [http-nio-8081-exec-4] org.apache.catalina.core.ApplicationContext.log Manager: init: Global resources are available
24-Nov-2022 22:09:04.120 INFO [http-nio-8081-exec-7] org.apache.catalina.core.ApplicationContext.log Manager: list: Listing contexts for virtual host 'localhost'
24-Nov-2022 22:09:04.136 INFO [http-nio-8081-exec-9] org.apache.catalina.core.ApplicationContext.log Manager: list: Listing contexts for virtual host 'localhost'
24-Nov-2022 22:09:04.170 INFO [http-nio-8081-exec-8] org.apache.catalina.core.ApplicationContext.log Manager: restart: Reloading web application '/cuoiki1'
24-Nov-2022 22:10:20.746 INFO [http-nio-8081-exec-13] org.apache.catalina.core.ApplicationContext.log Manager: list: Listing contexts for virtual host 'localhost'
24-Nov-2022 22:12:04.038 INFO [http-nio-8081-exec-15] org.apache.catalina.core.ApplicationContext.log Manager: list: Listing contexts for virtual host 'localhost'
24-Nov-2022 22:12:04.038 INFO [http-nio-8081-exec-14] org.apache.catalina.core.ApplicationContext.log Manager: stop: Stopping web application '/cuoiki1'
24-Nov-2022 22:12:04.054 INFO [http-nio-8081-exec-16] org.apache.catalina.core.ApplicationContext.log Manager: start: Starting web application '/cuoiki1'
24-Nov-2022 22:13:12.232 INFO [http-nio-8081-exec-21] org.apache.catalina.core.ApplicationContext.log Manager: list: Listing contexts for virtual host 'localhost'
24-Nov-2022 22:13:20.688 INFO [http-nio-8081-exec-22] org.apache.catalina.core.ApplicationContext.log Manager: list: Listing contexts for virtual host 'localhost'
24-Nov-2022 22:13:20.688 INFO [http-nio-8081-exec-19] org.apache.catalina.core.ApplicationContext.log Manager: list: Listing contexts for virtual host 'localhost'
24-Nov-2022 22:13:20.720 INFO [http-nio-8081-exec-25] org.apache.catalina.core.ApplicationContext.log Manager: stop: Stopping web application '/cuoiki1'
24-Nov-2022 22:13:20.720 INFO [http-nio-8081-exec-24] org.apache.catalina.core.ApplicationContext.log Manager: start: Starting web application '/cuoiki1'
24-Nov-2022 22:13:47.869 INFO [http-nio-8081-exec-22] org.apache.catalina.core.ApplicationContext.log Manager: list: Listing contexts for virtual host 'localhost'
24-Nov-2022 22:14:12.555 INFO [http-nio-8081-exec-25] org.apache.catalina.core.ApplicationContext.log Manager: list: Listing contexts for virtual host 'localhost'
24-Nov-2022 22:14:31.740 INFO [http-nio-8081-exec-33] org.apache.catalina.core.ApplicationContext.log Manager: list: Listing contexts for virtual host 'localhost'
24-Nov-2022 22:14:43.428 INFO [http-nio-8081-exec-33] org.apache.catalina.core.ApplicationContext.log Manager: list: Listing contexts for virtual host 'localhost'
24-Nov-2022 22:15:07.540 INFO [http-nio-8081-exec-31] org.apache.catalina.core.ApplicationContext.log Manager: list: Listing contexts for virtual host 'localhost'
24-Nov-2022 22:15:57.068 INFO [http-nio-8081-exec-31] org.apache.catalina.core.ApplicationContext.log Manager: list: Listing contexts for virtual host 'localhost'
24-Nov-2022 22:16:30.701 INFO [http-nio-8081-exec-31] org.apache.catalina.core.ApplicationContext.log Manager: list: Listing contexts for virtual host 'localhost'
24-Nov-2022 22:16:38.228 INFO [http-nio-8081-exec-32] org.apache.catalina.core.ApplicationContext.log Manager: list: Listing contexts for virtual host 'localhost'
24-Nov-2022 22:16:50.215 INFO [http-nio-8081-exec-35] org.apache.catalina.core.ApplicationContext.log Manager: list: Listing contexts for virtual host 'localhost'
24-Nov-2022 22:17:01.956 INFO [http-nio-8081-exec-32] org.apache.catalina.core.ApplicationContext.log Manager: list: Listing contexts for virtual host 'localhost'
24-Nov-2022 22:17:23.477 INFO [http-nio-8081-exec-29] org.apache.catalina.core.ApplicationContext.log Manager: list: Listing contexts for virtual host 'localhost'
24-Nov-2022 22:17:55.620 INFO [http-nio-8081-exec-34] org.apache.catalina.core.ApplicationContext.log Manager: list: Listing contexts for virtual host 'localhost'
24-Nov-2022 22:18:23.282 INFO [http-nio-8081-exec-34] org.apache.catalina.core.ApplicationContext.log Manager: list: Listing contexts for virtual host 'localhost'
24-Nov-2022 22:18:38.393 INFO [http-nio-8081-exec-32] org.apache.catalina.core.ApplicationContext.log Manager: list: Listing contexts for virtual host 'localhost'
24-Nov-2022 22:19:09.804 INFO [http-nio-8081-exec-32] org.apache.catalina.core.ApplicationContext.log Manager: list: Listing contexts for virtual host 'localhost'
24-Nov-2022 22:20:03.422 INFO [http-nio-8081-exec-36] org.apache.catalina.core.ApplicationContext.log Manager: list: Listing contexts for virtual host 'localhost'
24-Nov-2022 22:20:48.521 INFO [http-nio-8081-exec-34] org.apache.catalina.core.ApplicationContext.log Manager: list: Listing contexts for virtual host 'localhost'
24-Nov-2022 22:20:48.528 INFO [http-nio-8081-exec-27] org.apache.catalina.core.ApplicationContext.log Manager: restart: Reloading web application '/cuoiki1'
24-Nov-2022 22:20:59.009 INFO [http-nio-8081-exec-31] org.apache.catalina.core.ApplicationContext.log Manager: list: Listing contexts for virtual host 'localhost'
24-Nov-2022 22:21:17.752 INFO [http-nio-8081-exec-29] org.apache.catalina.core.ApplicationContext.log Manager: list: Listing contexts for virtual host 'localhost'
24-Nov-2022 22:21:25.659 INFO [http-nio-8081-exec-37] org.apache.catalina.core.ApplicationContext.log Manager: list: Listing contexts for virtual host 'localhost'
24-Nov-2022 22:21:37.758 INFO [http-nio-8081-exec-36] org.apache.catalina.core.ApplicationContext.log Manager: list: Listing contexts for virtual host 'localhost'
24-Nov-2022 22:21:37.758 INFO [http-nio-8081-exec-41] org.apache.catalina.core.ApplicationContext.log Manager: restart: Reloading web application '/cuoiki1'
24-Nov-2022 22:22:22.750 INFO [http-nio-8081-exec-46] org.apache.catalina.core.ApplicationContext.log Manager: list: Listing contexts for virtual host 'localhost'
24-Nov-2022 22:22:22.752 INFO [http-nio-8081-exec-47] org.apache.catalina.core.ApplicationContext.log Manager: list: Listing contexts for virtual host 'localhost'
24-Nov-2022 22:22:22.768 INFO [http-nio-8081-exec-48] org.apache.catalina.core.ApplicationContext.log Manager: restart: Reloading web application '/cuoiki1'
24-Nov-2022 22:26:13.867 INFO [http-nio-8081-exec-55] org.apache.catalina.core.ApplicationContext.log Manager: list: Listing contexts for virtual host 'localhost'
24-Nov-2022 22:26:34.901 INFO [http-nio-8081-exec-54] org.apache.catalina.core.ApplicationContext.log Manager: list: Listing contexts for virtual host 'localhost'
24-Nov-2022 22:26:47.836 INFO [http-nio-8081-exec-52] org.apache.catalina.core.ApplicationContext.log Manager: list: Listing contexts for virtual host 'localhost'
24-Nov-2022 22:27:07.233 INFO [http-nio-8081-exec-59] org.apache.catalina.core.ApplicationContext.log Manager: list: Listing contexts for virtual host 'localhost'
24-Nov-2022 22:27:07.250 INFO [http-nio-8081-exec-50] org.apache.catalina.core.ApplicationContext.log Manager: stop: Stopping web application '/cuoiki1'
24-Nov-2022 22:27:07.265 INFO [http-nio-8081-exec-53] org.apache.catalina.core.ApplicationContext.log Manager: start: Starting web application '/cuoiki1'
24-Nov-2022 22:27:07.857 INFO [http-nio-8081-exec-58] org.apache.catalina.core.ApplicationContext.log Manager: list: Listing contexts for virtual host 'localhost'
24-Nov-2022 22:27:07.857 INFO [http-nio-8081-exec-57] org.apache.catalina.core.ApplicationContext.log Manager: restart: Reloading web application '/cuoiki1'
24-Nov-2022 22:27:46.153 INFO [http-nio-8081-exec-58] org.apache.catalina.core.ApplicationContext.log Manager: list: Listing contexts for virtual host 'localhost'
24-Nov-2022 22:27:46.153 INFO [http-nio-8081-exec-55] org.apache.catalina.core.ApplicationContext.log Manager: restart: Reloading web application '/cuoiki1'
24-Nov-2022 22:27:55.033 INFO [http-nio-8081-exec-58] org.apache.catalina.core.ApplicationContext.log Manager: list: Listing contexts for virtual host 'localhost'
24-Nov-2022 22:27:55.038 INFO [http-nio-8081-exec-61] org.apache.catalina.core.ApplicationContext.log Manager: list: Listing contexts for virtual host 'localhost'
24-Nov-2022 22:27:55.056 INFO [http-nio-8081-exec-52] org.apache.catalina.core.ApplicationContext.log Manager: stop: Stopping web application '/cuoiki1'
24-Nov-2022 22:27:55.072 INFO [http-nio-8081-exec-63] org.apache.catalina.core.ApplicationContext.log Manager: start: Starting web application '/cuoiki1'
24-Nov-2022 22:28:06.029 INFO [http-nio-8081-exec-57] org.apache.catalina.core.ApplicationContext.log Manager: list: Listing contexts for virtual host 'localhost'
24-Nov-2022 22:28:19.233 INFO [http-nio-8081-exec-57] org.apache.catalina.core.ApplicationContext.log Manager: list: Listing contexts for virtual host 'localhost'
24-Nov-2022 22:28:38.097 INFO [http-nio-8081-exec-67] org.apache.catalina.core.ApplicationContext.log Manager: list: Listing contexts for virtual host 'localhost'
24-Nov-2022 22:28:43.548 INFO [http-nio-8081-exec-64] org.apache.catalina.core.ApplicationContext.log Manager: list: Listing contexts for virtual host 'localhost'
24-Nov-2022 22:29:02.864 INFO [http-nio-8081-exec-64] org.apache.catalina.core.ApplicationContext.log Manager: list: Listing contexts for virtual host 'localhost'
24-Nov-2022 22:29:07.955 INFO [http-nio-8081-exec-68] org.apache.catalina.core.ApplicationContext.log Manager: list: Listing contexts for virtual host 'localhost'
24-Nov-2022 22:29:07.955 INFO [http-nio-8081-exec-66] org.apache.catalina.core.ApplicationContext.log Manager: restart: Reloading web application '/cuoiki1'
24-Nov-2022 22:29:12.684 INFO [http-nio-8081-exec-70] org.apache.catalina.core.ApplicationContext.log Manager: list: Listing contexts for virtual host 'localhost'
24-Nov-2022 22:29:12.700 INFO [http-nio-8081-exec-74] org.apache.catalina.core.ApplicationContext.log Manager: restart: Reloading web application '/cuoiki1'
24-Nov-2022 22:29:32.550 INFO [http-nio-8081-exec-72] org.apache.catalina.core.ApplicationContext.log Manager: list: Listing contexts for virtual host 'localhost'
24-Nov-2022 22:29:32.550 INFO [http-nio-8081-exec-71] org.apache.catalina.core.ApplicationContext.log Manager: list: Listing contexts for virtual host 'localhost'
24-Nov-2022 22:29:32.581 INFO [http-nio-8081-exec-77] org.apache.catalina.core.ApplicationContext.log Manager: restart: Reloading web application '/cuoiki1'
24-Nov-2022 22:29:53.486 INFO [http-nio-8081-exec-81] org.apache.catalina.core.ApplicationContext.log Manager: list: Listing contexts for virtual host 'localhost'
24-Nov-2022 22:29:53.491 INFO [http-nio-8081-exec-67] org.apache.catalina.core.ApplicationContext.log Manager: restart: Reloading web application '/cuoiki1'
24-Nov-2022 22:30:32.417 INFO [http-nio-8081-exec-72] org.apache.catalina.core.ApplicationContext.log Manager: list: Listing contexts for virtual host 'localhost'
24-Nov-2022 22:30:32.433 INFO [http-nio-8081-exec-79] org.apache.catalina.core.ApplicationContext.log Manager: restart: Reloading web application '/cuoiki1'
24-Nov-2022 22:30:48.454 INFO [http-nio-8081-exec-87] org.apache.catalina.core.ApplicationContext.log Manager: list: Listing contexts for virtual host 'localhost'
24-Nov-2022 22:30:48.454 INFO [http-nio-8081-exec-82] org.apache.catalina.core.ApplicationContext.log Manager: restart: Reloading web application '/cuoiki1'
24-Nov-2022 22:31:08.271 INFO [http-nio-8081-exec-80] org.apache.catalina.core.ApplicationContext.log Manager: list: Listing contexts for virtual host 'localhost'
24-Nov-2022 22:31:08.271 INFO [http-nio-8081-exec-72] org.apache.catalina.core.ApplicationContext.log Manager: restart: Reloading web application '/cuoiki1'
24-Nov-2022 22:31:28.457 INFO [http-nio-8081-exec-85] org.apache.catalina.core.ApplicationContext.log Manager: list: Listing contexts for virtual host 'localhost'
24-Nov-2022 22:31:28.467 INFO [http-nio-8081-exec-76] org.apache.catalina.core.ApplicationContext.log Manager: restart: Reloading web application '/cuoiki1'
24-Nov-2022 22:31:48.390 INFO [http-nio-8081-exec-92] org.apache.catalina.core.ApplicationContext.log Manager: list: Listing contexts for virtual host 'localhost'
24-Nov-2022 22:31:48.398 INFO [http-nio-8081-exec-87] org.apache.catalina.core.ApplicationContext.log Manager: restart: Reloading web application '/cuoiki1'
24-Nov-2022 22:31:48.558 INFO [http-nio-8081-exec-89] org.apache.catalina.core.ApplicationContext.log Manager: list: Listing contexts for virtual host 'localhost'
24-Nov-2022 22:31:48.575 INFO [http-nio-8081-exec-91] org.apache.catalina.core.ApplicationContext.log Manager: restart: Reloading web application '/cuoiki1'
24-Nov-2022 22:31:55.367 INFO [http-nio-8081-exec-90] org.apache.catalina.core.ApplicationContext.log Manager: list: Listing contexts for virtual host 'localhost'
24-Nov-2022 22:31:55.367 INFO [http-nio-8081-exec-76] org.apache.catalina.core.ApplicationContext.log Manager: restart: Reloading web application '/cuoiki1'
24-Nov-2022 22:31:57.964 INFO [http-nio-8081-exec-89] org.apache.catalina.core.ApplicationContext.log Manager: list: Listing contexts for virtual host 'localhost'
24-Nov-2022 22:31:57.981 INFO [http-nio-8081-exec-92] org.apache.catalina.core.ApplicationContext.log Manager: restart: Reloading web application '/cuoiki1'
24-Nov-2022 22:32:09.587 INFO [http-nio-8081-exec-93] org.apache.catalina.core.ApplicationContext.log Manager: list: Listing contexts for virtual host 'localhost'
24-Nov-2022 22:32:09.603 INFO [http-nio-8081-exec-90] org.apache.catalina.core.ApplicationContext.log Manager: restart: Reloading web application '/cuoiki1'
24-Nov-2022 22:32:22.701 INFO [http-nio-8081-exec-92] org.apache.catalina.core.ApplicationContext.log Manager: list: Listing contexts for virtual host 'localhost'
24-Nov-2022 22:32:22.701 INFO [http-nio-8081-exec-72] org.apache.catalina.core.ApplicationContext.log Manager: restart: Reloading web application '/cuoiki1'
24-Nov-2022 22:32:32.908 INFO [http-nio-8081-exec-92] org.apache.catalina.core.ApplicationContext.log Manager: list: Listing contexts for virtual host 'localhost'
24-Nov-2022 22:32:32.908 INFO [http-nio-8081-exec-96] org.apache.catalina.core.ApplicationContext.log Manager: list: Listing contexts for virtual host 'localhost'
24-Nov-2022 22:32:32.924 INFO [http-nio-8081-exec-97] org.apache.catalina.core.ApplicationContext.log Manager: restart: Reloading web application '/cuoiki1'
24-Nov-2022 22:33:59.773 INFO [http-nio-8081-exec-101] org.apache.catalina.core.ApplicationContext.log Manager: list: Listing contexts for virtual host 'localhost'
24-Nov-2022 22:33:59.773 INFO [http-nio-8081-exec-102] org.apache.catalina.core.ApplicationContext.log Manager: restart: Reloading web application '/cuoiki1'
24-Nov-2022 22:34:06.178 INFO [http-nio-8081-exec-101] org.apache.catalina.core.ApplicationContext.log Manager: list: Listing contexts for virtual host 'localhost'
24-Nov-2022 22:34:06.178 INFO [http-nio-8081-exec-105] org.apache.catalina.core.ApplicationContext.log Manager: restart: Reloading web application '/cuoiki1'
24-Nov-2022 22:34:33.933 INFO [http-nio-8081-exec-110] org.apache.catalina.core.ApplicationContext.log Manager: list: Listing contexts for virtual host 'localhost'
24-Nov-2022 22:34:33.933 INFO [http-nio-8081-exec-100] org.apache.catalina.core.ApplicationContext.log Manager: restart: Reloading web application '/cuoiki1'
24-Nov-2022 22:34:39.153 INFO [http-nio-8081-exec-114] org.apache.catalina.core.ApplicationContext.log Manager: list: Listing contexts for virtual host 'localhost'
24-Nov-2022 22:34:39.153 INFO [http-nio-8081-exec-110] org.apache.catalina.core.ApplicationContext.log Manager: restart: Reloading web application '/cuoiki1'
24-Nov-2022 22:34:43.101 INFO [http-nio-8081-exec-107] org.apache.catalina.core.ApplicationContext.log Manager: list: Listing contexts for virtual host 'localhost'
24-Nov-2022 22:34:43.103 INFO [http-nio-8081-exec-100] org.apache.catalina.core.ApplicationContext.log Manager: list: Listing contexts for virtual host 'localhost'
24-Nov-2022 22:34:43.122 INFO [http-nio-8081-exec-114] org.apache.catalina.core.ApplicationContext.log Manager: restart: Reloading web application '/cuoiki1'
24-Nov-2022 22:35:11.799 INFO [http-nio-8081-exec-112] org.apache.catalina.core.ApplicationContext.log Manager: list: Listing contexts for virtual host 'localhost'
24-Nov-2022 22:35:11.813 INFO [http-nio-8081-exec-114] org.apache.catalina.core.ApplicationContext.log Manager: restart: Reloading web application '/cuoiki1'
24-Nov-2022 22:35:23.235 INFO [http-nio-8081-exec-124] org.apache.catalina.core.ApplicationContext.log Manager: list: Listing contexts for virtual host 'localhost'
24-Nov-2022 22:35:23.235 INFO [http-nio-8081-exec-125] org.apache.catalina.core.ApplicationContext.log Manager: list: Listing contexts for virtual host 'localhost'
24-Nov-2022 22:35:23.273 INFO [http-nio-8081-exec-120] org.apache.catalina.core.ApplicationContext.log Manager: restart: Reloading web application '/cuoiki1'
24-Nov-2022 22:36:37.009 INFO [http-nio-8081-exec-132] org.apache.catalina.core.ApplicationContext.log Manager: list: Listing contexts for virtual host 'localhost'
24-Nov-2022 22:37:11.867 INFO [http-nio-8081-exec-136] org.apache.catalina.core.ApplicationContext.log Manager: list: Listing contexts for virtual host 'localhost'
24-Nov-2022 22:37:31.316 INFO [http-nio-8081-exec-137] org.apache.catalina.core.ApplicationContext.log Manager: list: Listing contexts for virtual host 'localhost'
24-Nov-2022 22:38:03.406 INFO [http-nio-8081-exec-130] org.apache.catalina.core.ApplicationContext.log Manager: list: Listing contexts for virtual host 'localhost'
24-Nov-2022 22:38:15.804 INFO [http-nio-8081-exec-136] org.apache.catalina.core.ApplicationContext.log Manager: list: Listing contexts for virtual host 'localhost'
24-Nov-2022 22:38:24.508 INFO [http-nio-8081-exec-133] org.apache.catalina.core.ApplicationContext.log Manager: list: Listing contexts for virtual host 'localhost'
24-Nov-2022 22:38:31.268 INFO [http-nio-8081-exec-131] org.apache.catalina.core.ApplicationContext.log Manager: list: Listing contexts for virtual host 'localhost'
24-Nov-2022 22:38:44.584 INFO [http-nio-8081-exec-136] org.apache.catalina.core.ApplicationContext.log Manager: list: Listing contexts for virtual host 'localhost'
24-Nov-2022 22:39:08.373 INFO [http-nio-8081-exec-129] org.apache.catalina.core.ApplicationContext.log Manager: list: Listing contexts for virtual host 'localhost'
24-Nov-2022 22:39:08.389 INFO [http-nio-8081-exec-137] org.apache.catalina.core.ApplicationContext.log Manager: stop: Stopping web application '/cuoiki1'
24-Nov-2022 22:39:08.395 INFO [http-nio-8081-exec-134] org.apache.catalina.core.ApplicationContext.log Manager: start: Starting web application '/cuoiki1'
24-Nov-2022 22:39:08.598 INFO [http-nio-8081-exec-133] org.apache.catalina.core.ApplicationContext.log Manager: list: Listing contexts for virtual host 'localhost'
24-Nov-2022 22:39:08.606 INFO [http-nio-8081-exec-130] org.apache.catalina.core.ApplicationContext.log Manager: restart: Reloading web application '/cuoiki1'
24-Nov-2022 22:39:27.483 INFO [http-nio-8081-exec-134] org.apache.catalina.core.ApplicationContext.log Manager: list: Listing contexts for virtual host 'localhost'
24-Nov-2022 22:39:27.498 INFO [http-nio-8081-exec-133] org.apache.catalina.core.ApplicationContext.log Manager: restart: Reloading web application '/cuoiki1'
24-Nov-2022 22:39:59.333 INFO [http-nio-8081-exec-134] org.apache.catalina.core.ApplicationContext.log Manager: list: Listing contexts for virtual host 'localhost'
24-Nov-2022 22:39:59.349 INFO [http-nio-8081-exec-128] org.apache.catalina.core.ApplicationContext.log Manager: restart: Reloading web application '/cuoiki1'
24-Nov-2022 22:40:05.315 INFO [http-nio-8081-exec-140] org.apache.catalina.core.ApplicationContext.log Manager: list: Listing contexts for virtual host 'localhost'
24-Nov-2022 22:40:05.315 INFO [http-nio-8081-exec-131] org.apache.catalina.core.ApplicationContext.log Manager: restart: Reloading web application '/cuoiki1'
24-Nov-2022 22:40:34.308 INFO [http-nio-8081-exec-128] org.apache.catalina.core.ApplicationContext.log Manager: list: Listing contexts for virtual host 'localhost'
24-Nov-2022 22:40:34.324 INFO [http-nio-8081-exec-130] org.apache.catalina.core.ApplicationContext.log Manager: restart: Reloading web application '/cuoiki1'
24-Nov-2022 22:40:46.337 INFO [http-nio-8081-exec-140] org.apache.catalina.core.ApplicationContext.log Manager: list: Listing contexts for virtual host 'localhost'
24-Nov-2022 22:40:46.356 INFO [http-nio-8081-exec-128] org.apache.catalina.core.ApplicationContext.log Manager: restart: Reloading web application '/cuoiki1'
24-Nov-2022 22:41:09.300 INFO [http-nio-8081-exec-143] org.apache.catalina.core.ApplicationContext.log Manager: list: Listing contexts for virtual host 'localhost'
24-Nov-2022 22:41:09.316 INFO [http-nio-8081-exec-129] org.apache.catalina.core.ApplicationContext.log Manager: restart: Reloading web application '/cuoiki1'
24-Nov-2022 22:41:16.788 INFO [http-nio-8081-exec-131] org.apache.catalina.core.ApplicationContext.log Manager: list: Listing contexts for virtual host 'localhost'
24-Nov-2022 22:41:16.788 INFO [http-nio-8081-exec-143] org.apache.catalina.core.ApplicationContext.log Manager: restart: Reloading web application '/cuoiki1'
24-Nov-2022 22:41:51.422 INFO [http-nio-8081-exec-141] org.apache.catalina.core.ApplicationContext.log Manager: list: Listing contexts for virtual host 'localhost'
24-Nov-2022 22:41:51.437 INFO [http-nio-8081-exec-140] org.apache.catalina.core.ApplicationContext.log Manager: restart: Reloading web application '/cuoiki1'
24-Nov-2022 22:41:56.637 INFO [http-nio-8081-exec-143] org.apache.catalina.core.ApplicationContext.log Manager: list: Listing contexts for virtual host 'localhost'
24-Nov-2022 22:41:56.637 INFO [http-nio-8081-exec-145] org.apache.catalina.core.ApplicationContext.log Manager: restart: Reloading web application '/cuoiki1'
24-Nov-2022 22:42:16.224 INFO [http-nio-8081-exec-140] org.apache.catalina.core.ApplicationContext.log Manager: list: Listing contexts for virtual host 'localhost'
24-Nov-2022 22:42:16.224 INFO [http-nio-8081-exec-143] org.apache.catalina.core.ApplicationContext.log Manager: restart: Reloading web application '/cuoiki1'
24-Nov-2022 22:44:32.984 INFO [http-nio-8081-exec-156] org.apache.catalina.core.ApplicationContext.log Manager: list: Listing contexts for virtual host 'localhost'
24-Nov-2022 22:44:32.984 INFO [http-nio-8081-exec-150] org.apache.catalina.core.ApplicationContext.log Manager: restart: Reloading web application '/cuoiki1'
24-Nov-2022 22:44:42.038 INFO [http-nio-8081-exec-149] org.apache.catalina.core.ApplicationContext.log Manager: list: Listing contexts for virtual host 'localhost'
24-Nov-2022 22:44:42.054 INFO [http-nio-8081-exec-155] org.apache.catalina.core.ApplicationContext.log Manager: restart: Reloading web application '/cuoiki1'
24-Nov-2022 22:45:06.812 INFO [http-nio-8081-exec-159] org.apache.catalina.core.ApplicationContext.log Manager: list: Listing contexts for virtual host 'localhost'
24-Nov-2022 22:45:06.827 INFO [http-nio-8081-exec-161] org.apache.catalina.core.ApplicationContext.log Manager: restart: Reloading web application '/cuoiki1'
24-Nov-2022 22:45:23.016 INFO [http-nio-8081-exec-153] org.apache.catalina.core.ApplicationContext.log Manager: list: Listing contexts for virtual host 'localhost'
24-Nov-2022 22:47:07.028 INFO [http-nio-8081-exec-169] org.apache.catalina.core.ApplicationContext.log Manager: list: Listing contexts for virtual host 'localhost'
24-Nov-2022 22:47:34.041 INFO [http-nio-8081-exec-170] org.apache.catalina.core.ApplicationContext.log Manager: list: Listing contexts for virtual host 'localhost'
24-Nov-2022 22:47:53.363 INFO [http-nio-8081-exec-170] org.apache.catalina.core.ApplicationContext.log Manager: list: Listing contexts for virtual host 'localhost'
24-Nov-2022 22:48:03.524 INFO [http-nio-8081-exec-169] org.apache.catalina.core.ApplicationContext.log Manager: list: Listing contexts for virtual host 'localhost'
24-Nov-2022 22:48:43.004 INFO [http-nio-8081-exec-170] org.apache.catalina.core.ApplicationContext.log Manager: list: Listing contexts for virtual host 'localhost'
24-Nov-2022 22:49:12.691 INFO [http-nio-8081-exec-169] org.apache.catalina.core.ApplicationContext.log Manager: list: Listing contexts for virtual host 'localhost'
24-Nov-2022 22:49:19.292 INFO [http-nio-8081-exec-168] org.apache.catalina.core.ApplicationContext.log Manager: list: Listing contexts for virtual host 'localhost'
24-Nov-2022 22:49:24.330 INFO [http-nio-8081-exec-175] org.apache.catalina.core.ApplicationContext.log Manager: list: Listing contexts for virtual host 'localhost'
24-Nov-2022 22:49:52.236 INFO [http-nio-8081-exec-175] org.apache.catalina.core.ApplicationContext.log Manager: list: Listing contexts for virtual host 'localhost'
24-Nov-2022 22:49:52.236 INFO [http-nio-8081-exec-172] org.apache.catalina.core.ApplicationContext.log Manager: restart: Reloading web application '/cuoiki1'
24-Nov-2022 22:50:01.517 INFO [http-nio-8081-exec-173] org.apache.catalina.core.ApplicationContext.log Manager: list: Listing contexts for virtual host 'localhost'
24-Nov-2022 22:50:01.517 INFO [http-nio-8081-exec-167] org.apache.catalina.core.ApplicationContext.log Manager: list: Listing contexts for virtual host 'localhost'
24-Nov-2022 22:50:01.533 INFO [http-nio-8081-exec-169] org.apache.catalina.core.ApplicationContext.log Manager: stop: Stopping web application '/cuoiki1'
24-Nov-2022 22:50:01.547 INFO [http-nio-8081-exec-173] org.apache.catalina.core.ApplicationContext.log Manager: start: Starting web application '/cuoiki1'
24-Nov-2022 22:50:32.291 INFO [http-nio-8081-exec-167] org.apache.catalina.core.ApplicationContext.log Manager: list: Listing contexts for virtual host 'localhost'
24-Nov-2022 22:50:52.683 INFO [http-nio-8081-exec-183] org.apache.catalina.core.ApplicationContext.log Manager: list: Listing contexts for virtual host 'localhost'
24-Nov-2022 22:51:07.084 INFO [http-nio-8081-exec-184] org.apache.catalina.core.ApplicationContext.log Manager: list: Listing contexts for virtual host 'localhost'
24-Nov-2022 22:51:38.509 INFO [http-nio-8081-exec-178] org.apache.catalina.core.ApplicationContext.log Manager: list: Listing contexts for virtual host 'localhost'
24-Nov-2022 22:51:43.389 INFO [http-nio-8081-exec-180] org.apache.catalina.core.ApplicationContext.log Manager: list: Listing contexts for virtual host 'localhost'
24-Nov-2022 22:51:50.357 INFO [http-nio-8081-exec-187] org.apache.catalina.core.ApplicationContext.log Manager: list: Listing contexts for virtual host 'localhost'
24-Nov-2022 22:51:50.357 INFO [http-nio-8081-exec-185] org.apache.catalina.core.ApplicationContext.log Manager: list: Listing contexts for virtual host 'localhost'
24-Nov-2022 22:52:19.143 INFO [http-nio-8081-exec-183] org.apache.catalina.core.ApplicationContext.log Manager: list: Listing contexts for virtual host 'localhost'
24-Nov-2022 22:52:21.873 INFO [http-nio-8081-exec-187] org.apache.catalina.core.ApplicationContext.log Manager: list: Listing contexts for virtual host 'localhost'
24-Nov-2022 22:52:21.889 INFO [http-nio-8081-exec-180] org.apache.catalina.core.ApplicationContext.log Manager: list: Listing contexts for virtual host 'localhost'
24-Nov-2022 22:53:03.597 INFO [http-nio-8081-exec-188] org.apache.catalina.core.ApplicationContext.log Manager: list: Listing contexts for virtual host 'localhost'
24-Nov-2022 22:53:22.258 INFO [http-nio-8081-exec-179] org.apache.catalina.core.ApplicationContext.log Manager: list: Listing contexts for virtual host 'localhost'
24-Nov-2022 22:53:22.258 INFO [http-nio-8081-exec-181] org.apache.catalina.core.ApplicationContext.log Manager: list: Listing contexts for virtual host 'localhost'
24-Nov-2022 22:54:11.179 INFO [http-nio-8081-exec-187] org.apache.catalina.core.ApplicationContext.log Manager: list: Listing contexts for virtual host 'localhost'
24-Nov-2022 22:54:27.027 INFO [http-nio-8081-exec-188] org.apache.catalina.core.ApplicationContext.log Manager: list: Listing contexts for virtual host 'localhost'
24-Nov-2022 22:54:27.027 INFO [http-nio-8081-exec-180] org.apache.catalina.core.ApplicationContext.log Manager: list: Listing contexts for virtual host 'localhost'
24-Nov-2022 22:55:07.784 INFO [http-nio-8081-exec-188] org.apache.catalina.core.ApplicationContext.log Manager: list: Listing contexts for virtual host 'localhost'
24-Nov-2022 22:55:07.784 INFO [http-nio-8081-exec-182] org.apache.catalina.core.ApplicationContext.log Manager: restart: Reloading web application '/cuoiki1'
24-Nov-2022 22:55:21.810 INFO [http-nio-8081-exec-186] org.apache.catalina.core.ApplicationContext.log Manager: list: Listing contexts for virtual host 'localhost'
24-Nov-2022 22:55:21.810 INFO [http-nio-8081-exec-187] org.apache.catalina.core.ApplicationContext.log Manager: restart: Reloading web application '/cuoiki1'
24-Nov-2022 22:55:47.524 INFO [http-nio-8081-exec-188] org.apache.catalina.core.ApplicationContext.log Manager: list: Listing contexts for virtual host 'localhost'
24-Nov-2022 22:55:47.524 INFO [http-nio-8081-exec-185] org.apache.catalina.core.ApplicationContext.log Manager: restart: Reloading web application '/cuoiki1'
24-Nov-2022 22:55:57.456 INFO [http-nio-8081-exec-183] org.apache.catalina.core.ApplicationContext.log Manager: list: Listing contexts for virtual host 'localhost'
24-Nov-2022 22:55:57.456 INFO [http-nio-8081-exec-189] org.apache.catalina.core.ApplicationContext.log Manager: restart: Reloading web application '/cuoiki1'
24-Nov-2022 22:56:11.010 INFO [http-nio-8081-exec-183] org.apache.catalina.core.ApplicationContext.log Manager: list: Listing contexts for virtual host 'localhost'
24-Nov-2022 22:56:11.025 INFO [http-nio-8081-exec-190] org.apache.catalina.core.ApplicationContext.log Manager: stop: Stopping web application '/cuoiki1'
24-Nov-2022 22:56:11.034 INFO [http-nio-8081-exec-193] org.apache.catalina.core.ApplicationContext.log Manager: start: Starting web application '/cuoiki1'
24-Nov-2022 22:56:11.239 INFO [http-nio-8081-exec-194] org.apache.catalina.core.ApplicationContext.log Manager: list: Listing contexts for virtual host 'localhost'
24-Nov-2022 22:56:11.246 INFO [http-nio-8081-exec-189] org.apache.catalina.core.ApplicationContext.log Manager: restart: Reloading web application '/cuoiki1'
24-Nov-2022 22:56:24.158 INFO [http-nio-8081-exec-185] org.apache.catalina.core.ApplicationContext.log Manager: list: Listing contexts for virtual host 'localhost'
24-Nov-2022 22:56:24.173 INFO [http-nio-8081-exec-181] org.apache.catalina.core.ApplicationContext.log Manager: restart: Reloading web application '/cuoiki1'
24-Nov-2022 22:56:34.389 INFO [http-nio-8081-exec-195] org.apache.catalina.core.ApplicationContext.log Manager: list: Listing contexts for virtual host 'localhost'
24-Nov-2022 22:56:34.389 INFO [http-nio-8081-exec-188] org.apache.catalina.core.ApplicationContext.log Manager: restart: Reloading web application '/cuoiki1'
24-Nov-2022 22:57:18.782 INFO [http-nio-8081-exec-197] org.apache.catalina.core.ApplicationContext.log Manager: list: Listing contexts for virtual host 'localhost'
24-Nov-2022 22:57:18.782 INFO [http-nio-8081-exec-198] org.apache.catalina.core.ApplicationContext.log Manager: restart: Reloading web application '/cuoiki1'
24-Nov-2022 22:57:48.620 INFO [http-nio-8081-exec-202] org.apache.catalina.core.ApplicationContext.log Manager: list: Listing contexts for virtual host 'localhost'
24-Nov-2022 22:58:13.455 INFO [http-nio-8081-exec-202] org.apache.catalina.core.ApplicationContext.log Manager: list: Listing contexts for virtual host 'localhost'
24-Nov-2022 22:58:13.456 INFO [http-nio-8081-exec-201] org.apache.catalina.core.ApplicationContext.log Manager: stop: Stopping web application '/cuoiki1'
24-Nov-2022 22:58:13.474 INFO [http-nio-8081-exec-204] org.apache.catalina.core.ApplicationContext.log Manager: start: Starting web application '/cuoiki1'
24-Nov-2022 22:58:13.654 INFO [http-nio-8081-exec-205] org.apache.catalina.core.ApplicationContext.log Manager: list: Listing contexts for virtual host 'localhost'
24-Nov-2022 22:58:13.670 INFO [http-nio-8081-exec-206] org.apache.catalina.core.ApplicationContext.log Manager: restart: Reloading web application '/cuoiki1'
24-Nov-2022 22:58:34.032 INFO [http-nio-8081-exec-205] org.apache.catalina.core.ApplicationContext.log Manager: list: Listing contexts for virtual host 'localhost'
24-Nov-2022 22:58:34.032 INFO [http-nio-8081-exec-211] org.apache.catalina.core.ApplicationContext.log Manager: restart: Reloading web application '/cuoiki1'
24-Nov-2022 22:58:42.428 INFO [http-nio-8081-exec-205] org.apache.catalina.core.ApplicationContext.log Manager: list: Listing contexts for virtual host 'localhost'
24-Nov-2022 22:58:42.444 INFO [http-nio-8081-exec-202] org.apache.catalina.core.ApplicationContext.log Manager: restart: Reloading web application '/cuoiki1'
24-Nov-2022 22:58:56.562 INFO [http-nio-8081-exec-206] org.apache.catalina.core.ApplicationContext.log Manager: list: Listing contexts for virtual host 'localhost'
24-Nov-2022 22:58:56.562 INFO [http-nio-8081-exec-209] org.apache.catalina.core.ApplicationContext.log Manager: list: Listing contexts for virtual host 'localhost'
24-Nov-2022 22:58:56.594 INFO [http-nio-8081-exec-214] org.apache.catalina.core.ApplicationContext.log Manager: stop: Stopping web application '/cuoiki1'
24-Nov-2022 22:58:56.594 INFO [http-nio-8081-exec-215] org.apache.catalina.core.ApplicationContext.log Manager: start: Starting web application '/cuoiki1'
24-Nov-2022 22:59:18.355 INFO [http-nio-8081-exec-214] org.apache.catalina.core.ApplicationContext.log Manager: list: Listing contexts for virtual host 'localhost'
24-Nov-2022 23:00:12.071 INFO [http-nio-8081-exec-222] org.apache.catalina.core.ApplicationContext.log Manager: list: Listing contexts for virtual host 'localhost'
24-Nov-2022 23:00:17.239 INFO [http-nio-8081-exec-227] org.apache.catalina.core.ApplicationContext.log Manager: list: Listing contexts for virtual host 'localhost'
24-Nov-2022 23:00:29.870 INFO [http-nio-8081-exec-225] org.apache.catalina.core.ApplicationContext.log Manager: list: Listing contexts for virtual host 'localhost'
24-Nov-2022 23:00:54.773 INFO [http-nio-8081-exec-223] org.apache.catalina.core.ApplicationContext.log Manager: list: Listing contexts for virtual host 'localhost'
24-Nov-2022 23:00:54.773 INFO [http-nio-8081-exec-219] org.apache.catalina.core.ApplicationContext.log Manager: list: Listing contexts for virtual host 'localhost'
24-Nov-2022 23:01:12.078 INFO [http-nio-8081-exec-218] org.apache.catalina.core.ApplicationContext.log Manager: list: Listing contexts for virtual host 'localhost'
24-Nov-2022 23:02:56.495 INFO [http-nio-8081-exec-218] org.apache.catalina.core.ApplicationContext.log Manager: list: Listing contexts for virtual host 'localhost'
24-Nov-2022 23:02:56.495 INFO [http-nio-8081-exec-224] org.apache.catalina.core.ApplicationContext.log Manager: list: Listing contexts for virtual host 'localhost'
24-Nov-2022 23:03:27.383 INFO [http-nio-8081-exec-220] org.apache.catalina.core.ApplicationContext.log Manager: list: Listing contexts for virtual host 'localhost'
24-Nov-2022 23:03:50.833 INFO [http-nio-8081-exec-218] org.apache.catalina.core.ApplicationContext.log Manager: list: Listing contexts for virtual host 'localhost'
24-Nov-2022 23:04:01.105 INFO [http-nio-8081-exec-222] org.apache.catalina.core.ApplicationContext.log Manager: list: Listing contexts for virtual host 'localhost'
24-Nov-2022 23:04:01.121 INFO [http-nio-8081-exec-221] org.apache.catalina.core.ApplicationContext.log Manager: stop: Stopping web application '/cuoiki1'
24-Nov-2022 23:04:01.128 INFO [http-nio-8081-exec-219] org.apache.catalina.core.ApplicationContext.log Manager: start: Starting web application '/cuoiki1'
24-Nov-2022 23:04:01.379 INFO [http-nio-8081-exec-225] org.apache.catalina.core.ApplicationContext.log Manager: list: Listing contexts for virtual host 'localhost'
24-Nov-2022 23:04:01.388 INFO [http-nio-8081-exec-224] org.apache.catalina.core.ApplicationContext.log Manager: restart: Reloading web application '/cuoiki1'
24-Nov-2022 23:04:15.248 INFO [http-nio-8081-exec-224] org.apache.catalina.core.ApplicationContext.log Manager: list: Listing contexts for virtual host 'localhost'
24-Nov-2022 23:04:30.439 INFO [http-nio-8081-exec-228] org.apache.catalina.core.ApplicationContext.log Manager: list: Listing contexts for virtual host 'localhost'
24-Nov-2022 23:04:30.455 INFO [http-nio-8081-exec-225] org.apache.catalina.core.ApplicationContext.log Manager: stop: Stopping web application '/cuoiki1'
24-Nov-2022 23:04:30.459 INFO [http-nio-8081-exec-223] org.apache.catalina.core.ApplicationContext.log Manager: start: Starting web application '/cuoiki1'
24-Nov-2022 23:04:30.628 INFO [http-nio-8081-exec-224] org.apache.catalina.core.ApplicationContext.log Manager: list: Listing contexts for virtual host 'localhost'
24-Nov-2022 23:04:30.638 INFO [http-nio-8081-exec-227] org.apache.catalina.core.ApplicationContext.log Manager: restart: Reloading web application '/cuoiki1'
24-Nov-2022 23:05:07.632 INFO [http-nio-8081-exec-219] org.apache.catalina.core.ApplicationContext.log Manager: list: Listing contexts for virtual host 'localhost'
24-Nov-2022 23:05:07.648 INFO [http-nio-8081-exec-225] org.apache.catalina.core.ApplicationContext.log Manager: restart: Reloading web application '/cuoiki1'
24-Nov-2022 23:05:14.989 INFO [http-nio-8081-exec-230] org.apache.catalina.core.ApplicationContext.log Manager: list: Listing contexts for virtual host 'localhost'
24-Nov-2022 23:05:15.004 INFO [http-nio-8081-exec-227] org.apache.catalina.core.ApplicationContext.log Manager: restart: Reloading web application '/cuoiki1'
24-Nov-2022 23:06:03.401 INFO [http-nio-8081-exec-228] org.apache.catalina.core.ApplicationContext.log Manager: list: Listing contexts for virtual host 'localhost'
24-Nov-2022 23:06:32.685 INFO [http-nio-8081-exec-233] org.apache.catalina.core.ApplicationContext.log Manager: list: Listing contexts for virtual host 'localhost'
24-Nov-2022 23:06:48.586 INFO [http-nio-8081-exec-240] org.apache.catalina.core.ApplicationContext.log Manager: list: Listing contexts for virtual host 'localhost'
24-Nov-2022 23:07:23.614 INFO [http-nio-8081-exec-236] org.apache.catalina.core.ApplicationContext.log Manager: list: Listing contexts for virtual host 'localhost'
24-Nov-2022 23:07:23.630 INFO [http-nio-8081-exec-234] org.apache.catalina.core.ApplicationContext.log Manager: stop: Stopping web application '/cuoiki1'
24-Nov-2022 23:07:23.631 INFO [http-nio-8081-exec-233] org.apache.catalina.core.ApplicationContext.log Manager: start: Starting web application '/cuoiki1'
24-Nov-2022 23:07:23.812 INFO [http-nio-8081-exec-236] org.apache.catalina.core.ApplicationContext.log Manager: list: Listing contexts for virtual host 'localhost'
24-Nov-2022 23:07:23.812 INFO [http-nio-8081-exec-235] org.apache.catalina.core.ApplicationContext.log Manager: restart: Reloading web application '/cuoiki1'
24-Nov-2022 23:07:41.515 INFO [http-nio-8081-exec-243] org.apache.catalina.core.ApplicationContext.log Manager: list: Listing contexts for virtual host 'localhost'
24-Nov-2022 23:07:41.515 INFO [http-nio-8081-exec-236] org.apache.catalina.core.ApplicationContext.log Manager: restart: Reloading web application '/cuoiki1'
24-Nov-2022 23:07:52.227 INFO [http-nio-8081-exec-235] org.apache.catalina.core.ApplicationContext.log Manager: list: Listing contexts for virtual host 'localhost'
24-Nov-2022 23:07:52.227 INFO [http-nio-8081-exec-239] org.apache.catalina.core.ApplicationContext.log Manager: restart: Reloading web application '/cuoiki1'
24-Nov-2022 23:08:20.640 INFO [http-nio-8081-exec-245] org.apache.catalina.core.ApplicationContext.log Manager: list: Listing contexts for virtual host 'localhost'
24-Nov-2022 23:08:29.520 INFO [http-nio-8081-exec-250] org.apache.catalina.core.ApplicationContext.log Manager: list: Listing contexts for virtual host 'localhost'
24-Nov-2022 23:09:19.780 INFO [http-nio-8081-exec-250] org.apache.catalina.core.ApplicationContext.log Manager: list: Listing contexts for virtual host 'localhost'
24-Nov-2022 23:09:24.953 INFO [http-nio-8081-exec-248] org.apache.catalina.core.ApplicationContext.log Manager: list: Listing contexts for virtual host 'localhost'
24-Nov-2022 23:10:57.872 INFO [http-nio-8081-exec-253] org.apache.catalina.core.ApplicationContext.log Manager: list: Listing contexts for virtual host 'localhost'
24-Nov-2022 23:10:57.872 INFO [http-nio-8081-exec-254] org.apache.catalina.core.ApplicationContext.log Manager: list: Listing contexts for virtual host 'localhost'
24-Nov-2022 23:10:57.903 INFO [http-nio-8081-exec-255] org.apache.catalina.core.ApplicationContext.log Manager: stop: Stopping web application '/cuoiki1'
24-Nov-2022 23:10:57.903 INFO [http-nio-8081-exec-246] org.apache.catalina.core.ApplicationContext.log Manager: start: Starting web application '/cuoiki1'
24-Nov-2022 23:12:18.306 INFO [http-nio-8081-exec-258] org.apache.catalina.core.ApplicationContext.log Manager: list: Listing contexts for virtual host 'localhost'
24-Nov-2022 23:12:18.322 INFO [http-nio-8081-exec-259] org.apache.catalina.core.ApplicationContext.log Manager: stop: Stopping web application '/cuoiki1'
24-Nov-2022 23:12:18.330 INFO [http-nio-8081-exec-251] org.apache.catalina.core.ApplicationContext.log Manager: start: Starting web application '/cuoiki1'
24-Nov-2022 23:12:18.524 INFO [http-nio-8081-exec-264] org.apache.catalina.core.ApplicationContext.log Manager: list: Listing contexts for virtual host 'localhost'
24-Nov-2022 23:12:18.524 INFO [http-nio-8081-exec-260] org.apache.catalina.core.ApplicationContext.log Manager: restart: Reloading web application '/cuoiki1'
24-Nov-2022 23:12:38.290 INFO [http-nio-8081-exec-261] org.apache.catalina.core.ApplicationContext.log Manager: list: Listing contexts for virtual host 'localhost'
24-Nov-2022 23:12:38.307 INFO [http-nio-8081-exec-258] org.apache.catalina.core.ApplicationContext.log Manager: restart: Reloading web application '/cuoiki1'
24-Nov-2022 23:12:47.400 INFO [http-nio-8081-exec-259] org.apache.catalina.core.ApplicationContext.log Manager: list: Listing contexts for virtual host 'localhost'
24-Nov-2022 23:12:47.406 INFO [http-nio-8081-exec-251] org.apache.catalina.core.ApplicationContext.log Manager: restart: Reloading web application '/cuoiki1'
24-Nov-2022 23:14:07.910 INFO [http-nio-8081-exec-272] org.apache.catalina.core.ApplicationContext.log Manager: list: Listing contexts for virtual host 'localhost'
24-Nov-2022 23:14:07.910 INFO [http-nio-8081-exec-275] org.apache.catalina.core.ApplicationContext.log Manager: stop: Stopping web application '/cuoiki1'
24-Nov-2022 23:14:07.929 INFO [http-nio-8081-exec-273] org.apache.catalina.core.ApplicationContext.log Manager: start: Starting web application '/cuoiki1'
24-Nov-2022 23:14:08.150 INFO [http-nio-8081-exec-268] org.apache.catalina.core.ApplicationContext.log Manager: list: Listing contexts for virtual host 'localhost'
24-Nov-2022 23:14:08.157 INFO [http-nio-8081-exec-269] org.apache.catalina.core.ApplicationContext.log Manager: restart: Reloading web application '/cuoiki1'
24-Nov-2022 23:14:31.012 INFO [http-nio-8081-exec-274] org.apache.catalina.core.ApplicationContext.log Manager: list: Listing contexts for virtual host 'localhost'
24-Nov-2022 23:14:31.012 INFO [http-nio-8081-exec-271] org.apache.catalina.core.ApplicationContext.log Manager: restart: Reloading web application '/cuoiki1'
24-Nov-2022 23:14:53.370 INFO [http-nio-8081-exec-276] org.apache.catalina.core.ApplicationContext.log Manager: list: Listing contexts for virtual host 'localhost'
24-Nov-2022 23:15:00.950 INFO [http-nio-8081-exec-276] org.apache.catalina.core.ApplicationContext.log Manager: list: Listing contexts for virtual host 'localhost'
24-Nov-2022 23:16:09.071 INFO [http-nio-8081-exec-277] org.apache.catalina.core.ApplicationContext.log Manager: list: Listing contexts for virtual host 'localhost'
24-Nov-2022 23:17:02.803 INFO [http-nio-8081-exec-283] org.apache.catalina.core.ApplicationContext.log Manager: list: Listing contexts for virtual host 'localhost'
24-Nov-2022 23:17:02.813 INFO [http-nio-8081-exec-276] org.apache.catalina.core.ApplicationContext.log Manager: stop: Stopping web application '/cuoiki1'
24-Nov-2022 23:17:02.839 INFO [http-nio-8081-exec-281] org.apache.catalina.core.ApplicationContext.log Manager: start: Starting web application '/cuoiki1'
24-Nov-2022 23:17:03.031 INFO [http-nio-8081-exec-279] org.apache.catalina.core.ApplicationContext.log Manager: list: Listing contexts for virtual host 'localhost'
24-Nov-2022 23:17:03.037 INFO [http-nio-8081-exec-277] org.apache.catalina.core.ApplicationContext.log Manager: restart: Reloading web application '/cuoiki1'
24-Nov-2022 23:17:18.667 INFO [http-nio-8081-exec-277] org.apache.catalina.core.ApplicationContext.log Manager: list: Listing contexts for virtual host 'localhost'
24-Nov-2022 23:17:18.682 INFO [http-nio-8081-exec-278] org.apache.catalina.core.ApplicationContext.log Manager: restart: Reloading web application '/cuoiki1'
24-Nov-2022 23:17:27.127 INFO [http-nio-8081-exec-283] org.apache.catalina.core.ApplicationContext.log Manager: list: Listing contexts for virtual host 'localhost'
24-Nov-2022 23:17:44.827 INFO [http-nio-8081-exec-286] org.apache.catalina.core.ApplicationContext.log Manager: list: Listing contexts for virtual host 'localhost'
24-Nov-2022 23:18:14.506 INFO [http-nio-8081-exec-279] org.apache.catalina.core.ApplicationContext.log Manager: list: Listing contexts for virtual host 'localhost'
24-Nov-2022 23:18:43.217 INFO [http-nio-8081-exec-288] org.apache.catalina.core.ApplicationContext.log Manager: list: Listing contexts for virtual host 'localhost'
24-Nov-2022 23:19:00.224 INFO [http-nio-8081-exec-277] org.apache.catalina.core.ApplicationContext.log Manager: list: Listing contexts for virtual host 'localhost'
24-Nov-2022 23:19:00.233 INFO [http-nio-8081-exec-289] org.apache.catalina.core.ApplicationContext.log Manager: restart: Reloading web application '/cuoiki1'
24-Nov-2022 23:19:03.035 INFO [http-nio-8081-exec-290] org.apache.catalina.core.ApplicationContext.log Manager: list: Listing contexts for virtual host 'localhost'
24-Nov-2022 23:19:03.035 INFO [http-nio-8081-exec-283] org.apache.catalina.core.ApplicationContext.log Manager: list: Listing contexts for virtual host 'localhost'
24-Nov-2022 23:19:03.067 INFO [http-nio-8081-exec-272] org.apache.catalina.core.ApplicationContext.log Manager: stop: Stopping web application '/cuoiki1'
24-Nov-2022 23:19:03.067 INFO [http-nio-8081-exec-287] org.apache.catalina.core.ApplicationContext.log Manager: start: Starting web application '/cuoiki1'
24-Nov-2022 23:21:20.874 INFO [http-nio-8081-exec-295] org.apache.catalina.core.ApplicationContext.log Manager: list: Listing contexts for virtual host 'localhost'
24-Nov-2022 23:21:56.899 INFO [http-nio-8081-exec-294] org.apache.catalina.core.ApplicationContext.log Manager: list: Listing contexts for virtual host 'localhost'
24-Nov-2022 23:22:47.679 INFO [http-nio-8081-exec-296] org.apache.catalina.core.ApplicationContext.log Manager: list: Listing contexts for virtual host 'localhost'
24-Nov-2022 23:22:54.979 INFO [http-nio-8081-exec-295] org.apache.catalina.core.ApplicationContext.log Manager: list: Listing contexts for virtual host 'localhost'
24-Nov-2022 23:23:41.643 INFO [http-nio-8081-exec-293] org.apache.catalina.core.ApplicationContext.log Manager: list: Listing contexts for virtual host 'localhost'
24-Nov-2022 23:25:26.030 INFO [http-nio-8081-exec-293] org.apache.catalina.core.ApplicationContext.log Manager: list: Listing contexts for virtual host 'localhost'
24-Nov-2022 23:25:37.403 INFO [http-nio-8081-exec-294] org.apache.catalina.core.ApplicationContext.log Manager: list: Listing contexts for virtual host 'localhost'
24-Nov-2022 23:27:02.400 INFO [http-nio-8081-exec-301] org.apache.catalina.core.ApplicationContext.log Manager: list: Listing contexts for virtual host 'localhost'
24-Nov-2022 23:27:02.415 INFO [http-nio-8081-exec-299] org.apache.catalina.core.ApplicationContext.log Manager: restart: Reloading web application '/cuoiki1'
24-Nov-2022 23:28:25.634 INFO [http-nio-8081-exec-302] org.apache.catalina.core.ApplicationContext.log Manager: list: Listing contexts for virtual host 'localhost'
24-Nov-2022 23:28:25.634 INFO [http-nio-8081-exec-307] org.apache.catalina.core.ApplicationContext.log Manager: restart: Reloading web application '/cuoiki1'
24-Nov-2022 23:28:51.828 INFO [http-nio-8081-exec-305] org.apache.catalina.core.ApplicationContext.log Manager: list: Listing contexts for virtual host 'localhost'
24-Nov-2022 23:28:51.828 INFO [http-nio-8081-exec-308] org.apache.catalina.core.ApplicationContext.log Manager: restart: Reloading web application '/cuoiki1'
24-Nov-2022 23:29:33.512 INFO [http-nio-8081-exec-312] org.apache.catalina.core.ApplicationContext.log Manager: list: Listing contexts for virtual host 'localhost'
24-Nov-2022 23:29:45.436 INFO [http-nio-8081-exec-313] org.apache.catalina.core.ApplicationContext.log Manager: list: Listing contexts for virtual host 'localhost'
24-Nov-2022 23:30:05.115 INFO [http-nio-8081-exec-311] org.apache.catalina.core.ApplicationContext.log Manager: list: Listing contexts for virtual host 'localhost'
24-Nov-2022 23:32:04.684 INFO [http-nio-8081-exec-319] org.apache.catalina.core.ApplicationContext.log Manager: list: Listing contexts for virtual host 'localhost'
24-Nov-2022 23:32:04.700 INFO [http-nio-8081-exec-318] org.apache.catalina.core.ApplicationContext.log Manager: restart: Reloading web application '/cuoiki1'
24-Nov-2022 23:32:27.584 INFO [http-nio-8081-exec-314] org.apache.catalina.core.ApplicationContext.log Manager: list: Listing contexts for virtual host 'localhost'
24-Nov-2022 23:32:27.584 INFO [http-nio-8081-exec-319] org.apache.catalina.core.ApplicationContext.log Manager: restart: Reloading web application '/cuoiki1'
24-Nov-2022 23:32:52.006 INFO [http-nio-8081-exec-313] org.apache.catalina.core.ApplicationContext.log Manager: list: Listing contexts for virtual host 'localhost'
24-Nov-2022 23:32:52.006 INFO [http-nio-8081-exec-318] org.apache.catalina.core.ApplicationContext.log Manager: restart: Reloading web application '/cuoiki1'
24-Nov-2022 23:33:23.578 INFO [http-nio-8081-exec-322] org.apache.catalina.core.ApplicationContext.log Manager: list: Listing contexts for virtual host 'localhost'
24-Nov-2022 23:33:33.363 INFO [http-nio-8081-exec-329] org.apache.catalina.core.ApplicationContext.log Manager: list: Listing contexts for virtual host 'localhost'
24-Nov-2022 23:34:32.321 INFO [http-nio-8081-exec-324] org.apache.catalina.core.ApplicationContext.log Manager: list: Listing contexts for virtual host 'localhost'
24-Nov-2022 23:34:32.321 INFO [http-nio-8081-exec-333] org.apache.catalina.core.ApplicationContext.log Manager: restart: Reloading web application '/cuoiki1'
24-Nov-2022 23:35:13.019 INFO [http-nio-8081-exec-325] org.apache.catalina.core.ApplicationContext.log Manager: list: Listing contexts for virtual host 'localhost'
24-Nov-2022 23:35:13.019 INFO [http-nio-8081-exec-332] org.apache.catalina.core.ApplicationContext.log Manager: restart: Reloading web application '/cuoiki1'
24-Nov-2022 23:35:25.169 INFO [http-nio-8081-exec-332] org.apache.catalina.core.ApplicationContext.log Manager: list: Listing contexts for virtual host 'localhost'
24-Nov-2022 23:35:54.776 INFO [http-nio-8081-exec-338] org.apache.catalina.core.ApplicationContext.log Manager: list: Listing contexts for virtual host 'localhost'
24-Nov-2022 23:35:54.776 INFO [http-nio-8081-exec-324] org.apache.catalina.core.ApplicationContext.log Manager: restart: Reloading web application '/cuoiki1'
24-Nov-2022 23:35:59.051 INFO [http-nio-8081-exec-341] org.apache.catalina.core.ApplicationContext.log Manager: list: Listing contexts for virtual host 'localhost'
24-Nov-2022 23:35:59.051 INFO [http-nio-8081-exec-345] org.apache.catalina.core.ApplicationContext.log Manager: restart: Reloading web application '/cuoiki1'
24-Nov-2022 23:38:26.874 INFO [http-nio-8081-exec-337] org.apache.catalina.core.ApplicationContext.log Manager: list: Listing contexts for virtual host 'localhost'
24-Nov-2022 23:38:26.874 INFO [http-nio-8081-exec-350] org.apache.catalina.core.ApplicationContext.log Manager: restart: Reloading web application '/cuoiki1'
24-Nov-2022 23:38:53.667 INFO [http-nio-8081-exec-345] org.apache.catalina.core.ApplicationContext.log Manager: list: Listing contexts for virtual host 'localhost'
24-Nov-2022 23:38:53.667 INFO [http-nio-8081-exec-347] org.apache.catalina.core.ApplicationContext.log Manager: restart: Reloading web application '/cuoiki1'
24-Nov-2022 23:39:28.074 INFO [http-nio-8081-exec-349] org.apache.catalina.core.ApplicationContext.log Manager: list: Listing contexts for virtual host 'localhost'
24-Nov-2022 23:39:28.074 INFO [http-nio-8081-exec-324] org.apache.catalina.core.ApplicationContext.log Manager: restart: Reloading web application '/cuoiki1'
24-Nov-2022 23:39:45.664 INFO [http-nio-8081-exec-347] org.apache.catalina.core.ApplicationContext.log Manager: list: Listing contexts for virtual host 'localhost'
24-Nov-2022 23:39:45.664 INFO [http-nio-8081-exec-355] org.apache.catalina.core.ApplicationContext.log Manager: restart: Reloading web application '/cuoiki1'
24-Nov-2022 23:39:54.216 INFO [http-nio-8081-exec-349] org.apache.catalina.core.ApplicationContext.log Manager: list: Listing contexts for virtual host 'localhost'
24-Nov-2022 23:39:54.216 INFO [http-nio-8081-exec-358] org.apache.catalina.core.ApplicationContext.log Manager: list: Listing contexts for virtual host 'localhost'
24-Nov-2022 23:39:54.247 INFO [http-nio-8081-exec-359] org.apache.catalina.core.ApplicationContext.log Manager: restart: Reloading web application '/cuoiki1'
24-Nov-2022 23:40:23.623 INFO [http-nio-8081-exec-353] org.apache.catalina.core.ApplicationContext.log Manager: list: Listing contexts for virtual host 'localhost'
24-Nov-2022 23:40:23.623 INFO [http-nio-8081-exec-357] org.apache.catalina.core.ApplicationContext.log Manager: restart: Reloading web application '/cuoiki1'
24-Nov-2022 23:40:49.063 INFO [http-nio-8081-exec-357] org.apache.catalina.core.ApplicationContext.log Manager: list: Listing contexts for virtual host 'localhost'
24-Nov-2022 23:40:56.598 INFO [http-nio-8081-exec-364] org.apache.catalina.core.ApplicationContext.log Manager: list: Listing contexts for virtual host 'localhost'
24-Nov-2022 23:41:10.406 INFO [http-nio-8081-exec-366] org.apache.catalina.core.ApplicationContext.log Manager: list: Listing contexts for virtual host 'localhost'
24-Nov-2022 23:41:37.231 INFO [http-nio-8081-exec-368] org.apache.catalina.core.ApplicationContext.log Manager: list: Listing contexts for virtual host 'localhost'
24-Nov-2022 23:41:48.646 INFO [http-nio-8081-exec-368] org.apache.catalina.core.ApplicationContext.log Manager: list: Listing contexts for virtual host 'localhost'
24-Nov-2022 23:42:31.481 INFO [http-nio-8081-exec-366] org.apache.catalina.core.ApplicationContext.log Manager: list: Listing contexts for virtual host 'localhost'
24-Nov-2022 23:42:31.481 INFO [http-nio-8081-exec-371] org.apache.catalina.core.ApplicationContext.log Manager: list: Listing contexts for virtual host 'localhost'
24-Nov-2022 23:42:31.512 INFO [http-nio-8081-exec-368] org.apache.catalina.core.ApplicationContext.log Manager: restart: Reloading web application '/cuoiki1'
24-Nov-2022 23:50:00.826 INFO [http-nio-8081-exec-4] org.apache.catalina.core.ApplicationContext.log Manager: init: Associated with Deployer 'Catalina:type=Deployer,host=localhost'
24-Nov-2022 23:50:00.826 INFO [http-nio-8081-exec-4] org.apache.catalina.core.ApplicationContext.log Manager: init: Global resources are available
24-Nov-2022 23:50:01.065 INFO [http-nio-8081-exec-5] org.apache.catalina.core.ApplicationContext.log Manager: list: Listing contexts for virtual host 'localhost'
24-Nov-2022 23:50:01.080 INFO [http-nio-8081-exec-6] org.apache.catalina.core.ApplicationContext.log Manager: list: Listing contexts for virtual host 'localhost'
