16-Nov-2022 07:35:37.923 INFO [http-nio-8081-exec-2] org.apache.catalina.core.ApplicationContext.log Manager: init: Associated with Deployer 'Catalina:type=Deployer,host=localhost'
16-Nov-2022 07:35:37.924 INFO [http-nio-8081-exec-2] org.apache.catalina.core.ApplicationContext.log Manager: init: Global resources are available
16-Nov-2022 07:35:38.164 INFO [http-nio-8081-exec-5] org.apache.catalina.core.ApplicationContext.log Manager: list: Listing contexts for virtual host 'localhost'
16-Nov-2022 07:35:38.169 INFO [http-nio-8081-exec-6] org.apache.catalina.core.ApplicationContext.log Manager: list: Listing contexts for virtual host 'localhost'
16-Nov-2022 07:35:38.219 INFO [http-nio-8081-exec-10] org.apache.catalina.core.ApplicationContext.log Manager: restart: Reloading web application '/cuoiki1'
16-Nov-2022 07:40:50.976 INFO [http-nio-8081-exec-20] org.apache.catalina.core.ApplicationContext.log Manager: list: Listing contexts for virtual host 'localhost'
16-Nov-2022 07:40:50.986 INFO [http-nio-8081-exec-16] org.apache.catalina.core.ApplicationContext.log Manager: restart: Reloading web application '/cuoiki1'
16-Nov-2022 07:41:09.659 INFO [http-nio-8081-exec-22] org.apache.catalina.core.ApplicationContext.log Manager: list: Listing contexts for virtual host 'localhost'
16-Nov-2022 07:41:09.671 INFO [http-nio-8081-exec-20] org.apache.catalina.core.ApplicationContext.log Manager: restart: Reloading web application '/cuoiki1'
16-Nov-2022 07:41:20.988 INFO [http-nio-8081-exec-12] org.apache.catalina.core.ApplicationContext.log Manager: list: Listing contexts for virtual host 'localhost'
16-Nov-2022 07:41:20.995 INFO [http-nio-8081-exec-22] org.apache.catalina.core.ApplicationContext.log Manager: restart: Reloading web application '/cuoiki1'
16-Nov-2022 07:42:03.454 INFO [http-nio-8081-exec-15] org.apache.catalina.core.ApplicationContext.log Manager: list: Listing contexts for virtual host 'localhost'
16-Nov-2022 07:42:03.461 INFO [http-nio-8081-exec-23] org.apache.catalina.core.ApplicationContext.log Manager: restart: Reloading web application '/cuoiki1'
16-Nov-2022 07:51:47.576 INFO [http-nio-8081-exec-26] org.apache.catalina.core.ApplicationContext.log Manager: list: Listing contexts for virtual host 'localhost'
16-Nov-2022 07:51:47.586 INFO [http-nio-8081-exec-27] org.apache.catalina.core.ApplicationContext.log Manager: restart: Reloading web application '/cuoiki1'
16-Nov-2022 07:51:53.856 INFO [http-nio-8081-exec-29] org.apache.catalina.core.ApplicationContext.log Manager: list: Listing contexts for virtual host 'localhost'
16-Nov-2022 07:51:53.859 INFO [http-nio-8081-exec-30] org.apache.catalina.core.ApplicationContext.log Manager: list: Listing contexts for virtual host 'localhost'
16-Nov-2022 07:51:53.893 INFO [http-nio-8081-exec-35] org.apache.catalina.core.ApplicationContext.log Manager: restart: Reloading web application '/cuoiki1'
16-Nov-2022 07:59:23.459 INFO [http-nio-8081-exec-42] org.apache.catalina.core.ApplicationContext.log Manager: list: Listing contexts for virtual host 'localhost'
16-Nov-2022 07:59:23.466 INFO [http-nio-8081-exec-38] org.apache.catalina.core.ApplicationContext.log Manager: restart: Reloading web application '/cuoiki1'
16-Nov-2022 07:59:43.173 INFO [http-nio-8081-exec-53] org.apache.catalina.core.ApplicationContext.log Manager: list: Listing contexts for virtual host 'localhost'
16-Nov-2022 07:59:43.181 INFO [http-nio-8081-exec-49] org.apache.catalina.core.ApplicationContext.log Manager: restart: Reloading web application '/cuoiki1'
16-Nov-2022 08:00:53.124 INFO [http-nio-8081-exec-48] org.apache.catalina.core.ApplicationContext.log Manager: list: Listing contexts for virtual host 'localhost'
16-Nov-2022 08:00:53.130 INFO [http-nio-8081-exec-39] org.apache.catalina.core.ApplicationContext.log Manager: list: Listing contexts for virtual host 'localhost'
16-Nov-2022 08:00:53.176 INFO [http-nio-8081-exec-49] org.apache.catalina.core.ApplicationContext.log Manager: restart: Reloading web application '/cuoiki1'
16-Nov-2022 08:02:15.741 INFO [http-nio-8081-exec-57] org.apache.catalina.core.ApplicationContext.log Manager: list: Listing contexts for virtual host 'localhost'
16-Nov-2022 08:02:15.749 INFO [http-nio-8081-exec-60] org.apache.catalina.core.ApplicationContext.log Manager: restart: Reloading web application '/cuoiki1'
16-Nov-2022 08:02:56.099 INFO [http-nio-8081-exec-71] org.apache.catalina.core.ApplicationContext.log Manager: list: Listing contexts for virtual host 'localhost'
16-Nov-2022 08:02:56.106 INFO [http-nio-8081-exec-68] org.apache.catalina.core.ApplicationContext.log Manager: restart: Reloading web application '/cuoiki1'
16-Nov-2022 08:03:04.353 INFO [http-nio-8081-exec-70] org.apache.catalina.core.ApplicationContext.log Manager: list: Listing contexts for virtual host 'localhost'
16-Nov-2022 08:03:04.361 INFO [http-nio-8081-exec-67] org.apache.catalina.core.ApplicationContext.log Manager: restart: Reloading web application '/cuoiki1'
16-Nov-2022 08:34:14.439 INFO [http-nio-8081-exec-78] org.apache.catalina.core.ApplicationContext.log Manager: list: Listing contexts for virtual host 'localhost'
16-Nov-2022 08:34:14.449 INFO [http-nio-8081-exec-80] org.apache.catalina.core.ApplicationContext.log Manager: restart: Reloading web application '/cuoiki1'
16-Nov-2022 08:34:42.989 INFO [http-nio-8081-exec-78] org.apache.catalina.core.ApplicationContext.log Manager: list: Listing contexts for virtual host 'localhost'
16-Nov-2022 08:34:42.998 INFO [http-nio-8081-exec-77] org.apache.catalina.core.ApplicationContext.log Manager: restart: Reloading web application '/cuoiki1'
16-Nov-2022 08:35:14.394 INFO [http-nio-8081-exec-75] org.apache.catalina.core.ApplicationContext.log Manager: list: Listing contexts for virtual host 'localhost'
16-Nov-2022 08:35:14.401 INFO [http-nio-8081-exec-87] org.apache.catalina.core.ApplicationContext.log Manager: restart: Reloading web application '/cuoiki1'
16-Nov-2022 08:35:44.011 INFO [http-nio-8081-exec-94] org.apache.catalina.core.ApplicationContext.log Manager: list: Listing contexts for virtual host 'localhost'
16-Nov-2022 08:35:44.020 INFO [http-nio-8081-exec-81] org.apache.catalina.core.ApplicationContext.log Manager: restart: Reloading web application '/cuoiki1'
16-Nov-2022 08:36:01.436 INFO [http-nio-8081-exec-95] org.apache.catalina.core.ApplicationContext.log Manager: list: Listing contexts for virtual host 'localhost'
16-Nov-2022 08:36:01.452 INFO [http-nio-8081-exec-96] org.apache.catalina.core.ApplicationContext.log Manager: restart: Reloading web application '/cuoiki1'
16-Nov-2022 08:37:37.544 INFO [http-nio-8081-exec-103] org.apache.catalina.core.ApplicationContext.log Manager: list: Listing contexts for virtual host 'localhost'
16-Nov-2022 08:37:37.555 INFO [http-nio-8081-exec-99] org.apache.catalina.core.ApplicationContext.log Manager: restart: Reloading web application '/cuoiki1'
16-Nov-2022 09:06:02.586 INFO [http-nio-8081-exec-116] org.apache.catalina.core.ApplicationContext.log Manager: list: Listing contexts for virtual host 'localhost'
16-Nov-2022 09:06:02.602 INFO [http-nio-8081-exec-108] org.apache.catalina.core.ApplicationContext.log Manager: restart: Reloading web application '/cuoiki1'
16-Nov-2022 09:06:18.995 INFO [http-nio-8081-exec-111] org.apache.catalina.core.ApplicationContext.log Manager: list: Listing contexts for virtual host 'localhost'
16-Nov-2022 09:06:18.995 INFO [http-nio-8081-exec-110] org.apache.catalina.core.ApplicationContext.log Manager: restart: Reloading web application '/cuoiki1'
16-Nov-2022 09:06:51.156 INFO [http-nio-8081-exec-126] org.apache.catalina.core.ApplicationContext.log Manager: list: Listing contexts for virtual host 'localhost'
16-Nov-2022 09:06:51.181 INFO [http-nio-8081-exec-113] org.apache.catalina.core.ApplicationContext.log Manager: restart: Reloading web application '/cuoiki1'
16-Nov-2022 09:07:05.261 INFO [http-nio-8081-exec-119] org.apache.catalina.core.ApplicationContext.log Manager: list: Listing contexts for virtual host 'localhost'
16-Nov-2022 09:07:05.271 INFO [http-nio-8081-exec-126] org.apache.catalina.core.ApplicationContext.log Manager: restart: Reloading web application '/cuoiki1'
16-Nov-2022 09:08:57.758 INFO [http-nio-8081-exec-138] org.apache.catalina.core.ApplicationContext.log Manager: list: Listing contexts for virtual host 'localhost'
16-Nov-2022 09:08:57.765 INFO [http-nio-8081-exec-129] org.apache.catalina.core.ApplicationContext.log Manager: restart: Reloading web application '/cuoiki1'
16-Nov-2022 09:09:08.914 INFO [http-nio-8081-exec-130] org.apache.catalina.core.ApplicationContext.log Manager: list: Listing contexts for virtual host 'localhost'
16-Nov-2022 09:09:08.920 INFO [http-nio-8081-exec-138] org.apache.catalina.core.ApplicationContext.log Manager: restart: Reloading web application '/cuoiki1'
16-Nov-2022 09:09:50.876 INFO [http-nio-8081-exec-149] org.apache.catalina.core.ApplicationContext.log Manager: list: Listing contexts for virtual host 'localhost'
16-Nov-2022 09:09:50.884 INFO [http-nio-8081-exec-136] org.apache.catalina.core.ApplicationContext.log Manager: restart: Reloading web application '/cuoiki1'
16-Nov-2022 09:21:38.370 INFO [http-nio-8081-exec-158] org.apache.catalina.core.ApplicationContext.log Manager: list: Listing contexts for virtual host 'localhost'
16-Nov-2022 09:21:38.379 INFO [http-nio-8081-exec-157] org.apache.catalina.core.ApplicationContext.log Manager: restart: Reloading web application '/cuoiki1'
16-Nov-2022 09:22:33.831 INFO [http-nio-8081-exec-159] org.apache.catalina.core.ApplicationContext.log Manager: list: Listing contexts for virtual host 'localhost'
16-Nov-2022 09:22:33.838 INFO [http-nio-8081-exec-151] org.apache.catalina.core.ApplicationContext.log Manager: restart: Reloading web application '/cuoiki1'
16-Nov-2022 09:22:41.811 INFO [http-nio-8081-exec-153] org.apache.catalina.core.ApplicationContext.log Manager: list: Listing contexts for virtual host 'localhost'
16-Nov-2022 09:22:41.813 INFO [http-nio-8081-exec-151] org.apache.catalina.core.ApplicationContext.log Manager: list: Listing contexts for virtual host 'localhost'
16-Nov-2022 09:22:41.846 INFO [http-nio-8081-exec-152] org.apache.catalina.core.ApplicationContext.log Manager: restart: Reloading web application '/cuoiki1'
16-Nov-2022 09:23:16.582 INFO [http-nio-8081-exec-169] org.apache.catalina.core.ApplicationContext.log Manager: list: Listing contexts for virtual host 'localhost'
16-Nov-2022 09:23:16.591 INFO [http-nio-8081-exec-161] org.apache.catalina.core.ApplicationContext.log Manager: restart: Reloading web application '/cuoiki1'
16-Nov-2022 09:30:21.462 INFO [http-nio-8081-exec-171] org.apache.catalina.core.ApplicationContext.log Manager: list: Listing contexts for virtual host 'localhost'
16-Nov-2022 09:30:21.462 INFO [http-nio-8081-exec-172] org.apache.catalina.core.ApplicationContext.log Manager: restart: Reloading web application '/cuoiki1'
16-Nov-2022 09:31:00.229 INFO [http-nio-8081-exec-173] org.apache.catalina.core.ApplicationContext.log Manager: list: Listing contexts for virtual host 'localhost'
16-Nov-2022 09:31:00.245 INFO [http-nio-8081-exec-174] org.apache.catalina.core.ApplicationContext.log Manager: restart: Reloading web application '/cuoiki1'
16-Nov-2022 09:31:54.096 INFO [http-nio-8081-exec-175] org.apache.catalina.core.ApplicationContext.log Manager: list: Listing contexts for virtual host 'localhost'
16-Nov-2022 09:31:54.112 INFO [http-nio-8081-exec-170] org.apache.catalina.core.ApplicationContext.log Manager: restart: Reloading web application '/cuoiki1'
16-Nov-2022 09:32:19.413 INFO [http-nio-8081-exec-187] org.apache.catalina.core.ApplicationContext.log Manager: list: Listing contexts for virtual host 'localhost'
16-Nov-2022 09:32:19.422 INFO [http-nio-8081-exec-186] org.apache.catalina.core.ApplicationContext.log Manager: restart: Reloading web application '/cuoiki1'
16-Nov-2022 09:34:07.899 INFO [http-nio-8081-exec-194] org.apache.catalina.core.ApplicationContext.log Manager: list: Listing contexts for virtual host 'localhost'
16-Nov-2022 09:34:07.921 INFO [http-nio-8081-exec-188] org.apache.catalina.core.ApplicationContext.log Manager: restart: Reloading web application '/cuoiki1'
16-Nov-2022 09:36:30.035 INFO [http-nio-8081-exec-201] org.apache.catalina.core.ApplicationContext.log Manager: list: Listing contexts for virtual host 'localhost'
16-Nov-2022 09:36:30.042 INFO [http-nio-8081-exec-199] org.apache.catalina.core.ApplicationContext.log Manager: restart: Reloading web application '/cuoiki1'
16-Nov-2022 09:36:43.282 INFO [http-nio-8081-exec-206] org.apache.catalina.core.ApplicationContext.log Manager: list: Listing contexts for virtual host 'localhost'
16-Nov-2022 09:36:43.289 INFO [http-nio-8081-exec-204] org.apache.catalina.core.ApplicationContext.log Manager: restart: Reloading web application '/cuoiki1'
16-Nov-2022 09:52:39.328 INFO [http-nio-8081-exec-216] org.apache.catalina.core.ApplicationContext.log Manager: list: Listing contexts for virtual host 'localhost'
16-Nov-2022 09:52:39.339 INFO [http-nio-8081-exec-218] org.apache.catalina.core.ApplicationContext.log Manager: restart: Reloading web application '/cuoiki1'
16-Nov-2022 09:52:54.743 INFO [http-nio-8081-exec-212] org.apache.catalina.core.ApplicationContext.log Manager: list: Listing contexts for virtual host 'localhost'
16-Nov-2022 09:52:54.753 INFO [http-nio-8081-exec-219] org.apache.catalina.core.ApplicationContext.log Manager: restart: Reloading web application '/cuoiki1'
16-Nov-2022 09:53:05.230 INFO [http-nio-8081-exec-212] org.apache.catalina.core.ApplicationContext.log Manager: list: Listing contexts for virtual host 'localhost'
16-Nov-2022 09:53:05.237 INFO [http-nio-8081-exec-210] org.apache.catalina.core.ApplicationContext.log Manager: restart: Reloading web application '/cuoiki1'
16-Nov-2022 09:53:43.976 INFO [http-nio-8081-exec-210] org.apache.catalina.core.ApplicationContext.log Manager: list: Listing contexts for virtual host 'localhost'
16-Nov-2022 09:53:43.980 INFO [http-nio-8081-exec-220] org.apache.catalina.core.ApplicationContext.log Manager: list: Listing contexts for virtual host 'localhost'
16-Nov-2022 09:53:44.020 INFO [http-nio-8081-exec-211] org.apache.catalina.core.ApplicationContext.log Manager: restart: Reloading web application '/cuoiki1'
16-Nov-2022 09:58:32.171 INFO [http-nio-8081-exec-232] org.apache.catalina.core.ApplicationContext.log Manager: list: Listing contexts for virtual host 'localhost'
16-Nov-2022 09:58:32.180 INFO [http-nio-8081-exec-226] org.apache.catalina.core.ApplicationContext.log Manager: restart: Reloading web application '/cuoiki1'
16-Nov-2022 10:00:18.355 INFO [http-nio-8081-exec-236] org.apache.catalina.core.ApplicationContext.log Manager: list: Listing contexts for virtual host 'localhost'
16-Nov-2022 10:00:18.370 INFO [http-nio-8081-exec-233] org.apache.catalina.core.ApplicationContext.log Manager: restart: Reloading web application '/cuoiki1'
16-Nov-2022 10:00:42.891 INFO [http-nio-8081-exec-233] org.apache.catalina.core.ApplicationContext.log Manager: list: Listing contexts for virtual host 'localhost'
16-Nov-2022 10:00:42.908 INFO [http-nio-8081-exec-237] org.apache.catalina.core.ApplicationContext.log Manager: restart: Reloading web application '/cuoiki1'
16-Nov-2022 10:01:47.407 INFO [http-nio-8081-exec-236] org.apache.catalina.core.ApplicationContext.log Manager: list: Listing contexts for virtual host 'localhost'
16-Nov-2022 10:01:47.416 INFO [http-nio-8081-exec-225] org.apache.catalina.core.ApplicationContext.log Manager: restart: Reloading web application '/cuoiki1'
16-Nov-2022 10:03:34.617 INFO [http-nio-8081-exec-240] org.apache.catalina.core.ApplicationContext.log Manager: list: Listing contexts for virtual host 'localhost'
16-Nov-2022 10:03:34.623 INFO [http-nio-8081-exec-241] org.apache.catalina.core.ApplicationContext.log Manager: restart: Reloading web application '/cuoiki1'
16-Nov-2022 10:04:17.938 INFO [http-nio-8081-exec-244] org.apache.catalina.core.ApplicationContext.log Manager: list: Listing contexts for virtual host 'localhost'
16-Nov-2022 10:04:17.945 INFO [http-nio-8081-exec-245] org.apache.catalina.core.ApplicationContext.log Manager: restart: Reloading web application '/cuoiki1'
16-Nov-2022 10:05:05.005 INFO [http-nio-8081-exec-256] org.apache.catalina.core.ApplicationContext.log Manager: list: Listing contexts for virtual host 'localhost'
16-Nov-2022 10:05:05.013 INFO [http-nio-8081-exec-249] org.apache.catalina.core.ApplicationContext.log Manager: restart: Reloading web application '/cuoiki1'
16-Nov-2022 10:11:16.421 INFO [http-nio-8081-exec-260] org.apache.catalina.core.ApplicationContext.log Manager: list: Listing contexts for virtual host 'localhost'
16-Nov-2022 10:11:16.430 INFO [http-nio-8081-exec-261] org.apache.catalina.core.ApplicationContext.log Manager: restart: Reloading web application '/cuoiki1'
16-Nov-2022 10:11:38.758 INFO [http-nio-8081-exec-260] org.apache.catalina.core.ApplicationContext.log Manager: list: Listing contexts for virtual host 'localhost'
16-Nov-2022 10:11:38.772 INFO [http-nio-8081-exec-266] org.apache.catalina.core.ApplicationContext.log Manager: restart: Reloading web application '/cuoiki1'
16-Nov-2022 10:13:49.483 INFO [http-nio-8081-exec-269] org.apache.catalina.core.ApplicationContext.log Manager: list: Listing contexts for virtual host 'localhost'
16-Nov-2022 10:13:49.490 INFO [http-nio-8081-exec-274] org.apache.catalina.core.ApplicationContext.log Manager: restart: Reloading web application '/cuoiki1'
16-Nov-2022 10:16:09.127 INFO [http-nio-8081-exec-280] org.apache.catalina.core.ApplicationContext.log Manager: list: Listing contexts for virtual host 'localhost'
16-Nov-2022 10:16:09.133 INFO [http-nio-8081-exec-279] org.apache.catalina.core.ApplicationContext.log Manager: restart: Reloading web application '/cuoiki1'
16-Nov-2022 10:16:22.518 INFO [http-nio-8081-exec-280] org.apache.catalina.core.ApplicationContext.log Manager: list: Listing contexts for virtual host 'localhost'
16-Nov-2022 10:16:22.533 INFO [http-nio-8081-exec-283] org.apache.catalina.core.ApplicationContext.log Manager: restart: Reloading web application '/cuoiki1'
16-Nov-2022 10:19:22.901 INFO [http-nio-8081-exec-289] org.apache.catalina.core.ApplicationContext.log Manager: list: Listing contexts for virtual host 'localhost'
16-Nov-2022 10:19:22.901 INFO [http-nio-8081-exec-295] org.apache.catalina.core.ApplicationContext.log Manager: restart: Reloading web application '/cuoiki1'
16-Nov-2022 10:19:33.782 INFO [http-nio-8081-exec-298] org.apache.catalina.core.ApplicationContext.log Manager: list: Listing contexts for virtual host 'localhost'
16-Nov-2022 10:19:33.802 INFO [http-nio-8081-exec-291] org.apache.catalina.core.ApplicationContext.log Manager: restart: Reloading web application '/cuoiki1'
16-Nov-2022 10:19:39.237 INFO [http-nio-8081-exec-296] org.apache.catalina.core.ApplicationContext.log Manager: list: Listing contexts for virtual host 'localhost'
16-Nov-2022 10:19:39.237 INFO [http-nio-8081-exec-289] org.apache.catalina.core.ApplicationContext.log Manager: list: Listing contexts for virtual host 'localhost'
16-Nov-2022 10:19:39.277 INFO [http-nio-8081-exec-301] org.apache.catalina.core.ApplicationContext.log Manager: restart: Reloading web application '/cuoiki1'
16-Nov-2022 10:20:03.378 INFO [http-nio-8081-exec-309] org.apache.catalina.core.ApplicationContext.log Manager: list: Listing contexts for virtual host 'localhost'
16-Nov-2022 10:20:03.378 INFO [http-nio-8081-exec-310] org.apache.catalina.core.ApplicationContext.log Manager: restart: Reloading web application '/cuoiki1'
16-Nov-2022 10:20:15.307 INFO [http-nio-8081-exec-309] org.apache.catalina.core.ApplicationContext.log Manager: list: Listing contexts for virtual host 'localhost'
16-Nov-2022 10:20:15.313 INFO [http-nio-8081-exec-310] org.apache.catalina.core.ApplicationContext.log Manager: restart: Reloading web application '/cuoiki1'
16-Nov-2022 10:23:44.311 INFO [http-nio-8081-exec-299] org.apache.catalina.core.ApplicationContext.log Manager: list: Listing contexts for virtual host 'localhost'
16-Nov-2022 10:23:44.315 INFO [http-nio-8081-exec-290] org.apache.catalina.core.ApplicationContext.log Manager: restart: Reloading web application '/cuoiki1'
16-Nov-2022 10:29:19.703 INFO [http-nio-8081-exec-318] org.apache.catalina.core.ApplicationContext.log Manager: list: Listing contexts for virtual host 'localhost'
16-Nov-2022 10:29:19.710 INFO [http-nio-8081-exec-325] org.apache.catalina.core.ApplicationContext.log Manager: restart: Reloading web application '/cuoiki1'
16-Nov-2022 10:30:26.232 INFO [http-nio-8081-exec-330] org.apache.catalina.core.ApplicationContext.log Manager: list: Listing contexts for virtual host 'localhost'
16-Nov-2022 10:30:38.437 INFO [http-nio-8081-exec-328] org.apache.catalina.core.ApplicationContext.log Manager: list: Listing contexts for virtual host 'localhost'
16-Nov-2022 10:31:10.164 INFO [http-nio-8081-exec-335] org.apache.catalina.core.ApplicationContext.log Manager: list: Listing contexts for virtual host 'localhost'
16-Nov-2022 10:32:04.166 INFO [http-nio-8081-exec-330] org.apache.catalina.core.ApplicationContext.log Manager: list: Listing contexts for virtual host 'localhost'
16-Nov-2022 10:32:25.570 INFO [http-nio-8081-exec-332] org.apache.catalina.core.ApplicationContext.log Manager: list: Listing contexts for virtual host 'localhost'
16-Nov-2022 10:37:20.119 INFO [http-nio-8081-exec-336] org.apache.catalina.core.ApplicationContext.log Manager: list: Listing contexts for virtual host 'localhost'
16-Nov-2022 10:37:20.124 INFO [http-nio-8081-exec-329] org.apache.catalina.core.ApplicationContext.log Manager: restart: Reloading web application '/cuoiki1'
16-Nov-2022 10:37:37.568 INFO [http-nio-8081-exec-336] org.apache.catalina.core.ApplicationContext.log Manager: list: Listing contexts for virtual host 'localhost'
16-Nov-2022 10:37:37.584 INFO [http-nio-8081-exec-327] org.apache.catalina.core.ApplicationContext.log Manager: restart: Reloading web application '/cuoiki1'
16-Nov-2022 10:38:30.132 INFO [http-nio-8081-exec-341] org.apache.catalina.core.ApplicationContext.log Manager: list: Listing contexts for virtual host 'localhost'
16-Nov-2022 10:38:30.140 INFO [http-nio-8081-exec-344] org.apache.catalina.core.ApplicationContext.log Manager: restart: Reloading web application '/cuoiki1'
16-Nov-2022 10:38:34.650 INFO [http-nio-8081-exec-343] org.apache.catalina.core.ApplicationContext.log Manager: list: Listing contexts for virtual host 'localhost'
16-Nov-2022 10:38:34.661 INFO [http-nio-8081-exec-328] org.apache.catalina.core.ApplicationContext.log Manager: restart: Reloading web application '/cuoiki1'
16-Nov-2022 10:38:43.523 INFO [http-nio-8081-exec-334] org.apache.catalina.core.ApplicationContext.log Manager: list: Listing contexts for virtual host 'localhost'
16-Nov-2022 10:38:43.538 INFO [http-nio-8081-exec-340] org.apache.catalina.core.ApplicationContext.log Manager: restart: Reloading web application '/cuoiki1'
16-Nov-2022 10:39:06.784 INFO [http-nio-8081-exec-343] org.apache.catalina.core.ApplicationContext.log Manager: list: Listing contexts for virtual host 'localhost'
16-Nov-2022 10:39:06.790 INFO [http-nio-8081-exec-334] org.apache.catalina.core.ApplicationContext.log Manager: restart: Reloading web application '/cuoiki1'
16-Nov-2022 10:39:15.184 INFO [http-nio-8081-exec-344] org.apache.catalina.core.ApplicationContext.log Manager: list: Listing contexts for virtual host 'localhost'
16-Nov-2022 10:39:15.191 INFO [http-nio-8081-exec-339] org.apache.catalina.core.ApplicationContext.log Manager: restart: Reloading web application '/cuoiki1'
16-Nov-2022 10:39:50.603 INFO [http-nio-8081-exec-354] org.apache.catalina.core.ApplicationContext.log Manager: list: Listing contexts for virtual host 'localhost'
16-Nov-2022 10:39:50.603 INFO [http-nio-8081-exec-340] org.apache.catalina.core.ApplicationContext.log Manager: restart: Reloading web application '/cuoiki1'
16-Nov-2022 10:39:57.776 INFO [http-nio-8081-exec-340] org.apache.catalina.core.ApplicationContext.log Manager: list: Listing contexts for virtual host 'localhost'
16-Nov-2022 10:39:57.776 INFO [http-nio-8081-exec-354] org.apache.catalina.core.ApplicationContext.log Manager: list: Listing contexts for virtual host 'localhost'
16-Nov-2022 10:39:57.812 INFO [http-nio-8081-exec-352] org.apache.catalina.core.ApplicationContext.log Manager: restart: Reloading web application '/cuoiki1'
16-Nov-2022 11:21:45.960 INFO [http-nio-8081-exec-360] org.apache.catalina.core.ApplicationContext.log Manager: list: Listing contexts for virtual host 'localhost'
16-Nov-2022 11:21:45.977 INFO [http-nio-8081-exec-356] org.apache.catalina.core.ApplicationContext.log Manager: restart: Reloading web application '/cuoiki1'
16-Nov-2022 11:22:09.957 INFO [http-nio-8081-exec-359] org.apache.catalina.core.ApplicationContext.log Manager: list: Listing contexts for virtual host 'localhost'
16-Nov-2022 11:22:09.964 INFO [http-nio-8081-exec-366] org.apache.catalina.core.ApplicationContext.log Manager: restart: Reloading web application '/cuoiki1'
16-Nov-2022 11:22:17.973 INFO [http-nio-8081-exec-364] org.apache.catalina.core.ApplicationContext.log Manager: list: Listing contexts for virtual host 'localhost'
16-Nov-2022 11:22:17.975 INFO [http-nio-8081-exec-361] org.apache.catalina.core.ApplicationContext.log Manager: list: Listing contexts for virtual host 'localhost'
16-Nov-2022 11:22:18.005 INFO [http-nio-8081-exec-363] org.apache.catalina.core.ApplicationContext.log Manager: restart: Reloading web application '/cuoiki1'
16-Nov-2022 11:24:09.741 INFO [http-nio-8081-exec-374] org.apache.catalina.core.ApplicationContext.log Manager: list: Listing contexts for virtual host 'localhost'
16-Nov-2022 11:24:09.756 INFO [http-nio-8081-exec-375] org.apache.catalina.core.ApplicationContext.log Manager: restart: Reloading web application '/cuoiki1'
16-Nov-2022 13:29:35.645 INFO [http-nio-8081-exec-387] org.apache.catalina.core.ApplicationContext.log Manager: list: Listing contexts for virtual host 'localhost'
16-Nov-2022 13:29:35.651 INFO [http-nio-8081-exec-388] org.apache.catalina.core.ApplicationContext.log Manager: restart: Reloading web application '/cuoiki1'
16-Nov-2022 13:29:48.980 INFO [http-nio-8081-exec-392] org.apache.catalina.core.ApplicationContext.log Manager: list: Listing contexts for virtual host 'localhost'
16-Nov-2022 13:29:48.985 INFO [http-nio-8081-exec-391] org.apache.catalina.core.ApplicationContext.log Manager: list: Listing contexts for virtual host 'localhost'
16-Nov-2022 13:29:49.020 INFO [http-nio-8081-exec-382] org.apache.catalina.core.ApplicationContext.log Manager: restart: Reloading web application '/cuoiki1'
16-Nov-2022 19:34:08.500 INFO [http-nio-8081-exec-4] org.apache.catalina.core.ApplicationContext.log Manager: init: Associated with Deployer 'Catalina:type=Deployer,host=localhost'
16-Nov-2022 19:34:08.500 INFO [http-nio-8081-exec-4] org.apache.catalina.core.ApplicationContext.log Manager: init: Global resources are available
16-Nov-2022 19:34:08.710 INFO [http-nio-8081-exec-6] org.apache.catalina.core.ApplicationContext.log Manager: list: Listing contexts for virtual host 'localhost'
16-Nov-2022 19:34:08.729 INFO [http-nio-8081-exec-3] org.apache.catalina.core.ApplicationContext.log Manager: list: Listing contexts for virtual host 'localhost'
16-Nov-2022 19:36:30.458 INFO [http-nio-8081-exec-10] org.apache.catalina.core.ApplicationContext.log Manager: list: Listing contexts for virtual host 'localhost'
16-Nov-2022 19:36:30.458 INFO [http-nio-8081-exec-5] org.apache.catalina.core.ApplicationContext.log Manager: restart: Reloading web application '/cuoiki1'
16-Nov-2022 19:37:20.359 INFO [http-nio-8081-exec-12] org.apache.catalina.core.ApplicationContext.log Manager: list: Listing contexts for virtual host 'localhost'
16-Nov-2022 19:37:20.374 INFO [http-nio-8081-exec-8] org.apache.catalina.core.ApplicationContext.log Manager: restart: Reloading web application '/cuoiki1'
16-Nov-2022 19:38:52.731 INFO [http-nio-8081-exec-12] org.apache.catalina.core.ApplicationContext.log Manager: list: Listing contexts for virtual host 'localhost'
16-Nov-2022 19:38:52.747 INFO [http-nio-8081-exec-3] org.apache.catalina.core.ApplicationContext.log Manager: restart: Reloading web application '/cuoiki1'
16-Nov-2022 19:40:55.152 INFO [http-nio-8081-exec-15] org.apache.catalina.core.ApplicationContext.log Manager: list: Listing contexts for virtual host 'localhost'
16-Nov-2022 19:41:03.902 INFO [http-nio-8081-exec-14] org.apache.catalina.core.ApplicationContext.log Manager: list: Listing contexts for virtual host 'localhost'
16-Nov-2022 19:41:26.859 INFO [http-nio-8081-exec-18] org.apache.catalina.core.ApplicationContext.log Manager: list: Listing contexts for virtual host 'localhost'
16-Nov-2022 19:41:35.444 INFO [http-nio-8081-exec-15] org.apache.catalina.core.ApplicationContext.log Manager: list: Listing contexts for virtual host 'localhost'
16-Nov-2022 19:42:22.364 INFO [http-nio-8081-exec-26] org.apache.catalina.core.ApplicationContext.log Manager: list: Listing contexts for virtual host 'localhost'
16-Nov-2022 19:42:22.364 INFO [http-nio-8081-exec-22] org.apache.catalina.core.ApplicationContext.log Manager: restart: Reloading web application '/cuoiki1'
16-Nov-2022 19:43:07.883 INFO [http-nio-8081-exec-21] org.apache.catalina.core.ApplicationContext.log Manager: list: Listing contexts for virtual host 'localhost'
16-Nov-2022 19:44:12.419 INFO [http-nio-8081-exec-29] org.apache.catalina.core.ApplicationContext.log Manager: list: Listing contexts for virtual host 'localhost'
16-Nov-2022 19:44:25.689 INFO [http-nio-8081-exec-35] org.apache.catalina.core.ApplicationContext.log Manager: list: Listing contexts for virtual host 'localhost'
16-Nov-2022 19:44:47.281 INFO [http-nio-8081-exec-32] org.apache.catalina.core.ApplicationContext.log Manager: list: Listing contexts for virtual host 'localhost'
16-Nov-2022 19:45:21.336 INFO [http-nio-8081-exec-30] org.apache.catalina.core.ApplicationContext.log Manager: list: Listing contexts for virtual host 'localhost'
16-Nov-2022 19:45:21.336 INFO [http-nio-8081-exec-32] org.apache.catalina.core.ApplicationContext.log Manager: list: Listing contexts for virtual host 'localhost'
16-Nov-2022 19:45:21.368 INFO [http-nio-8081-exec-27] org.apache.catalina.core.ApplicationContext.log Manager: restart: Reloading web application '/cuoiki1'
16-Nov-2022 19:45:48.595 INFO [http-nio-8081-exec-28] org.apache.catalina.core.ApplicationContext.log Manager: list: Listing contexts for virtual host 'localhost'
16-Nov-2022 19:45:56.109 INFO [http-nio-8081-exec-40] org.apache.catalina.core.ApplicationContext.log Manager: list: Listing contexts for virtual host 'localhost'
16-Nov-2022 19:46:11.939 INFO [http-nio-8081-exec-43] org.apache.catalina.core.ApplicationContext.log Manager: list: Listing contexts for virtual host 'localhost'
16-Nov-2022 19:46:23.306 INFO [http-nio-8081-exec-40] org.apache.catalina.core.ApplicationContext.log Manager: list: Listing contexts for virtual host 'localhost'
16-Nov-2022 19:46:43.250 INFO [http-nio-8081-exec-42] org.apache.catalina.core.ApplicationContext.log Manager: list: Listing contexts for virtual host 'localhost'
16-Nov-2022 19:47:00.065 INFO [http-nio-8081-exec-40] org.apache.catalina.core.ApplicationContext.log Manager: list: Listing contexts for virtual host 'localhost'
16-Nov-2022 19:47:42.622 INFO [http-nio-8081-exec-43] org.apache.catalina.core.ApplicationContext.log Manager: list: Listing contexts for virtual host 'localhost'
16-Nov-2022 19:47:59.129 INFO [http-nio-8081-exec-41] org.apache.catalina.core.ApplicationContext.log Manager: list: Listing contexts for virtual host 'localhost'
16-Nov-2022 19:48:21.717 INFO [http-nio-8081-exec-41] org.apache.catalina.core.ApplicationContext.log Manager: list: Listing contexts for virtual host 'localhost'
16-Nov-2022 19:49:15.530 INFO [http-nio-8081-exec-44] org.apache.catalina.core.ApplicationContext.log Manager: list: Listing contexts for virtual host 'localhost'
16-Nov-2022 19:49:15.530 INFO [http-nio-8081-exec-46] org.apache.catalina.core.ApplicationContext.log Manager: restart: Reloading web application '/cuoiki1'
16-Nov-2022 19:49:48.300 INFO [http-nio-8081-exec-38] org.apache.catalina.core.ApplicationContext.log Manager: list: Listing contexts for virtual host 'localhost'
16-Nov-2022 19:49:48.300 INFO [http-nio-8081-exec-49] org.apache.catalina.core.ApplicationContext.log Manager: restart: Reloading web application '/cuoiki1'
16-Nov-2022 19:50:10.003 INFO [http-nio-8081-exec-57] org.apache.catalina.core.ApplicationContext.log Manager: list: Listing contexts for virtual host 'localhost'
16-Nov-2022 19:50:10.003 INFO [http-nio-8081-exec-48] org.apache.catalina.core.ApplicationContext.log Manager: restart: Reloading web application '/cuoiki1'
16-Nov-2022 19:50:28.995 INFO [http-nio-8081-exec-42] org.apache.catalina.core.ApplicationContext.log Manager: list: Listing contexts for virtual host 'localhost'
16-Nov-2022 19:50:29.012 INFO [http-nio-8081-exec-48] org.apache.catalina.core.ApplicationContext.log Manager: restart: Reloading web application '/cuoiki1'
16-Nov-2022 19:53:03.678 INFO [http-nio-8081-exec-70] org.apache.catalina.core.ApplicationContext.log Manager: list: Listing contexts for virtual host 'localhost'
16-Nov-2022 19:53:03.680 INFO [http-nio-8081-exec-68] org.apache.catalina.core.ApplicationContext.log Manager: restart: Reloading web application '/cuoiki1'
16-Nov-2022 19:53:15.770 INFO [http-nio-8081-exec-66] org.apache.catalina.core.ApplicationContext.log Manager: list: Listing contexts for virtual host 'localhost'
16-Nov-2022 19:53:15.786 INFO [http-nio-8081-exec-73] org.apache.catalina.core.ApplicationContext.log Manager: restart: Reloading web application '/cuoiki1'
16-Nov-2022 19:54:01.192 INFO [http-nio-8081-exec-78] org.apache.catalina.core.ApplicationContext.log Manager: list: Listing contexts for virtual host 'localhost'
16-Nov-2022 19:54:01.197 INFO [http-nio-8081-exec-69] org.apache.catalina.core.ApplicationContext.log Manager: restart: Reloading web application '/cuoiki1'
16-Nov-2022 19:54:21.667 INFO [http-nio-8081-exec-73] org.apache.catalina.core.ApplicationContext.log Manager: list: Listing contexts for virtual host 'localhost'
16-Nov-2022 19:54:21.667 INFO [http-nio-8081-exec-76] org.apache.catalina.core.ApplicationContext.log Manager: restart: Reloading web application '/cuoiki1'
16-Nov-2022 19:54:36.468 INFO [http-nio-8081-exec-78] org.apache.catalina.core.ApplicationContext.log Manager: list: Listing contexts for virtual host 'localhost'
16-Nov-2022 19:54:36.484 INFO [http-nio-8081-exec-69] org.apache.catalina.core.ApplicationContext.log Manager: restart: Reloading web application '/cuoiki1'
16-Nov-2022 19:54:46.436 INFO [http-nio-8081-exec-78] org.apache.catalina.core.ApplicationContext.log Manager: list: Listing contexts for virtual host 'localhost'
16-Nov-2022 19:55:11.895 INFO [http-nio-8081-exec-83] org.apache.catalina.core.ApplicationContext.log Manager: list: Listing contexts for virtual host 'localhost'
16-Nov-2022 19:55:11.895 INFO [http-nio-8081-exec-85] org.apache.catalina.core.ApplicationContext.log Manager: restart: Reloading web application '/cuoiki1'
16-Nov-2022 19:56:12.774 INFO [http-nio-8081-exec-89] org.apache.catalina.core.ApplicationContext.log Manager: list: Listing contexts for virtual host 'localhost'
16-Nov-2022 19:56:12.774 INFO [http-nio-8081-exec-64] org.apache.catalina.core.ApplicationContext.log Manager: restart: Reloading web application '/cuoiki1'
16-Nov-2022 19:56:21.955 INFO [http-nio-8081-exec-73] org.apache.catalina.core.ApplicationContext.log Manager: list: Listing contexts for virtual host 'localhost'
16-Nov-2022 19:56:21.970 INFO [http-nio-8081-exec-87] org.apache.catalina.core.ApplicationContext.log Manager: restart: Reloading web application '/cuoiki1'
16-Nov-2022 19:57:49.232 INFO [http-nio-8081-exec-73] org.apache.catalina.core.ApplicationContext.log Manager: list: Listing contexts for virtual host 'localhost'
16-Nov-2022 19:57:49.232 INFO [http-nio-8081-exec-96] org.apache.catalina.core.ApplicationContext.log Manager: list: Listing contexts for virtual host 'localhost'
16-Nov-2022 19:57:49.263 INFO [http-nio-8081-exec-87] org.apache.catalina.core.ApplicationContext.log Manager: restart: Reloading web application '/cuoiki1'
16-Nov-2022 19:57:57.121 INFO [http-nio-8081-exec-94] org.apache.catalina.core.ApplicationContext.log Manager: list: Listing contexts for virtual host 'localhost'
16-Nov-2022 19:57:57.121 INFO [http-nio-8081-exec-93] org.apache.catalina.core.ApplicationContext.log Manager: list: Listing contexts for virtual host 'localhost'
16-Nov-2022 19:59:18.242 INFO [http-nio-8081-exec-103] org.apache.catalina.core.ApplicationContext.log Manager: list: Listing contexts for virtual host 'localhost'
16-Nov-2022 19:59:18.242 INFO [http-nio-8081-exec-99] org.apache.catalina.core.ApplicationContext.log Manager: restart: Reloading web application '/cuoiki1'
16-Nov-2022 19:59:22.026 INFO [http-nio-8081-exec-106] org.apache.catalina.core.ApplicationContext.log Manager: list: Listing contexts for virtual host 'localhost'
16-Nov-2022 19:59:53.553 INFO [http-nio-8081-exec-111] org.apache.catalina.core.ApplicationContext.log Manager: list: Listing contexts for virtual host 'localhost'
16-Nov-2022 19:59:53.553 INFO [http-nio-8081-exec-112] org.apache.catalina.core.ApplicationContext.log Manager: list: Listing contexts for virtual host 'localhost'
16-Nov-2022 19:59:53.569 INFO [http-nio-8081-exec-108] org.apache.catalina.core.ApplicationContext.log Manager: restart: Reloading web application '/cuoiki1'
16-Nov-2022 20:01:09.360 INFO [http-nio-8081-exec-122] org.apache.catalina.core.ApplicationContext.log Manager: list: Listing contexts for virtual host 'localhost'
16-Nov-2022 20:01:09.375 INFO [http-nio-8081-exec-123] org.apache.catalina.core.ApplicationContext.log Manager: restart: Reloading web application '/cuoiki1'
16-Nov-2022 20:01:15.135 INFO [http-nio-8081-exec-122] org.apache.catalina.core.ApplicationContext.log Manager: list: Listing contexts for virtual host 'localhost'
16-Nov-2022 20:02:07.478 INFO [http-nio-8081-exec-120] org.apache.catalina.core.ApplicationContext.log Manager: list: Listing contexts for virtual host 'localhost'
16-Nov-2022 20:02:07.494 INFO [http-nio-8081-exec-116] org.apache.catalina.core.ApplicationContext.log Manager: restart: Reloading web application '/cuoiki1'
16-Nov-2022 20:03:03.235 INFO [http-nio-8081-exec-127] org.apache.catalina.core.ApplicationContext.log Manager: list: Listing contexts for virtual host 'localhost'
16-Nov-2022 20:03:03.235 INFO [http-nio-8081-exec-120] org.apache.catalina.core.ApplicationContext.log Manager: restart: Reloading web application '/cuoiki1'
16-Nov-2022 20:03:37.217 INFO [http-nio-8081-exec-121] org.apache.catalina.core.ApplicationContext.log Manager: list: Listing contexts for virtual host 'localhost'
16-Nov-2022 20:03:37.217 INFO [http-nio-8081-exec-125] org.apache.catalina.core.ApplicationContext.log Manager: restart: Reloading web application '/cuoiki1'
16-Nov-2022 20:04:24.420 INFO [http-nio-8081-exec-136] org.apache.catalina.core.ApplicationContext.log Manager: list: Listing contexts for virtual host 'localhost'
16-Nov-2022 20:04:24.420 INFO [http-nio-8081-exec-133] org.apache.catalina.core.ApplicationContext.log Manager: restart: Reloading web application '/cuoiki1'
16-Nov-2022 20:04:41.657 INFO [http-nio-8081-exec-121] org.apache.catalina.core.ApplicationContext.log Manager: list: Listing contexts for virtual host 'localhost'
16-Nov-2022 20:04:41.657 INFO [http-nio-8081-exec-139] org.apache.catalina.core.ApplicationContext.log Manager: restart: Reloading web application '/cuoiki1'
16-Nov-2022 20:04:46.167 INFO [http-nio-8081-exec-136] org.apache.catalina.core.ApplicationContext.log Manager: list: Listing contexts for virtual host 'localhost'
16-Nov-2022 20:06:10.093 INFO [http-nio-8081-exec-148] org.apache.catalina.core.ApplicationContext.log Manager: list: Listing contexts for virtual host 'localhost'
16-Nov-2022 20:06:10.093 INFO [http-nio-8081-exec-144] org.apache.catalina.core.ApplicationContext.log Manager: restart: Reloading web application '/cuoiki1'
16-Nov-2022 20:07:55.665 INFO [http-nio-8081-exec-157] org.apache.catalina.core.ApplicationContext.log Manager: list: Listing contexts for virtual host 'localhost'
16-Nov-2022 20:07:55.681 INFO [http-nio-8081-exec-155] org.apache.catalina.core.ApplicationContext.log Manager: restart: Reloading web application '/cuoiki1'
16-Nov-2022 20:08:06.908 INFO [http-nio-8081-exec-152] org.apache.catalina.core.ApplicationContext.log Manager: list: Listing contexts for virtual host 'localhost'
16-Nov-2022 20:08:06.908 INFO [http-nio-8081-exec-159] org.apache.catalina.core.ApplicationContext.log Manager: restart: Reloading web application '/cuoiki1'
16-Nov-2022 20:09:46.788 INFO [http-nio-8081-exec-166] org.apache.catalina.core.ApplicationContext.log Manager: list: Listing contexts for virtual host 'localhost'
16-Nov-2022 20:09:46.803 INFO [http-nio-8081-exec-168] org.apache.catalina.core.ApplicationContext.log Manager: restart: Reloading web application '/cuoiki1'
16-Nov-2022 20:10:31.251 INFO [http-nio-8081-exec-170] org.apache.catalina.core.ApplicationContext.log Manager: list: Listing contexts for virtual host 'localhost'
16-Nov-2022 20:10:31.267 INFO [http-nio-8081-exec-171] org.apache.catalina.core.ApplicationContext.log Manager: restart: Reloading web application '/cuoiki1'
16-Nov-2022 20:11:08.428 INFO [http-nio-8081-exec-170] org.apache.catalina.core.ApplicationContext.log Manager: list: Listing contexts for virtual host 'localhost'
16-Nov-2022 20:11:08.433 INFO [http-nio-8081-exec-169] org.apache.catalina.core.ApplicationContext.log Manager: restart: Reloading web application '/cuoiki1'
16-Nov-2022 20:11:50.320 INFO [http-nio-8081-exec-167] org.apache.catalina.core.ApplicationContext.log Manager: list: Listing contexts for virtual host 'localhost'
16-Nov-2022 20:11:50.320 INFO [http-nio-8081-exec-172] org.apache.catalina.core.ApplicationContext.log Manager: restart: Reloading web application '/cuoiki1'
16-Nov-2022 20:12:06.976 INFO [http-nio-8081-exec-180] org.apache.catalina.core.ApplicationContext.log Manager: list: Listing contexts for virtual host 'localhost'
16-Nov-2022 20:12:11.091 INFO [http-nio-8081-exec-172] org.apache.catalina.core.ApplicationContext.log Manager: list: Listing contexts for virtual host 'localhost'
16-Nov-2022 20:12:20.144 INFO [http-nio-8081-exec-181] org.apache.catalina.core.ApplicationContext.log Manager: list: Listing contexts for virtual host 'localhost'
16-Nov-2022 20:12:20.144 INFO [http-nio-8081-exec-175] org.apache.catalina.core.ApplicationContext.log Manager: list: Listing contexts for virtual host 'localhost'
16-Nov-2022 20:12:20.175 INFO [http-nio-8081-exec-187] org.apache.catalina.core.ApplicationContext.log Manager: restart: Reloading web application '/cuoiki1'
16-Nov-2022 22:51:13.338 INFO [http-nio-8081-exec-198] org.apache.catalina.core.ApplicationContext.log Manager: list: Listing contexts for virtual host 'localhost'
16-Nov-2022 22:51:13.338 INFO [http-nio-8081-exec-190] org.apache.catalina.core.ApplicationContext.log Manager: restart: Reloading web application '/cuoiki1'
16-Nov-2022 22:51:19.580 INFO [http-nio-8081-exec-195] org.apache.catalina.core.ApplicationContext.log Manager: list: Listing contexts for virtual host 'localhost'
16-Nov-2022 22:51:40.101 INFO [http-nio-8081-exec-189] org.apache.catalina.core.ApplicationContext.log Manager: list: Listing contexts for virtual host 'localhost'
16-Nov-2022 22:51:40.101 INFO [http-nio-8081-exec-200] org.apache.catalina.core.ApplicationContext.log Manager: restart: Reloading web application '/cuoiki1'
16-Nov-2022 22:52:06.071 INFO [http-nio-8081-exec-195] org.apache.catalina.core.ApplicationContext.log Manager: list: Listing contexts for virtual host 'localhost'
16-Nov-2022 22:52:06.071 INFO [http-nio-8081-exec-194] org.apache.catalina.core.ApplicationContext.log Manager: list: Listing contexts for virtual host 'localhost'
16-Nov-2022 22:52:06.119 INFO [http-nio-8081-exec-192] org.apache.catalina.core.ApplicationContext.log Manager: restart: Reloading web application '/cuoiki1'
16-Nov-2022 22:53:02.403 INFO [http-nio-8081-exec-207] org.apache.catalina.core.ApplicationContext.log Manager: list: Listing contexts for virtual host 'localhost'
16-Nov-2022 23:13:02.783 INFO [http-nio-8081-exec-206] org.apache.catalina.core.ApplicationContext.log Manager: list: Listing contexts for virtual host 'localhost'
16-Nov-2022 23:13:14.928 INFO [http-nio-8081-exec-204] org.apache.catalina.core.ApplicationContext.log Manager: list: Listing contexts for virtual host 'localhost'
16-Nov-2022 23:13:33.368 INFO [http-nio-8081-exec-203] org.apache.catalina.core.ApplicationContext.log Manager: list: Listing contexts for virtual host 'localhost'
16-Nov-2022 23:14:00.466 INFO [http-nio-8081-exec-203] org.apache.catalina.core.ApplicationContext.log Manager: list: Listing contexts for virtual host 'localhost'
16-Nov-2022 23:14:16.546 INFO [http-nio-8081-exec-210] org.apache.catalina.core.ApplicationContext.log Manager: list: Listing contexts for virtual host 'localhost'
16-Nov-2022 23:14:26.070 INFO [http-nio-8081-exec-210] org.apache.catalina.core.ApplicationContext.log Manager: list: Listing contexts for virtual host 'localhost'
16-Nov-2022 23:14:46.729 INFO [http-nio-8081-exec-209] org.apache.catalina.core.ApplicationContext.log Manager: list: Listing contexts for virtual host 'localhost'
16-Nov-2022 23:14:56.550 INFO [http-nio-8081-exec-209] org.apache.catalina.core.ApplicationContext.log Manager: list: Listing contexts for virtual host 'localhost'
