19-Nov-2022 14:39:19.948 INFO [http-nio-8081-exec-3] org.apache.catalina.core.ApplicationContext.log Manager: init: Associated with Deployer 'Catalina:type=Deployer,host=localhost'
19-Nov-2022 14:39:19.948 INFO [http-nio-8081-exec-3] org.apache.catalina.core.ApplicationContext.log Manager: init: Global resources are available
19-Nov-2022 14:39:41.268 INFO [http-nio-8081-exec-9] org.apache.catalina.core.ApplicationContext.log Manager: list: Listing contexts for virtual host 'localhost'
19-Nov-2022 14:39:41.274 INFO [http-nio-8081-exec-1] org.apache.catalina.core.ApplicationContext.log Manager: list: Listing contexts for virtual host 'localhost'
19-Nov-2022 14:46:40.698 INFO [http-nio-8081-exec-4] org.apache.catalina.core.ApplicationContext.log Manager: list: Listing contexts for virtual host 'localhost'
19-Nov-2022 14:46:40.717 INFO [http-nio-8081-exec-1] org.apache.catalina.core.ApplicationContext.log Manager: restart: Reloading web application '/cuoiki1'
19-Nov-2022 14:46:48.419 INFO [http-nio-8081-exec-5] org.apache.catalina.core.ApplicationContext.log Manager: list: Listing contexts for virtual host 'localhost'
19-Nov-2022 14:46:48.419 INFO [http-nio-8081-exec-3] org.apache.catalina.core.ApplicationContext.log Manager: restart: Reloading web application '/cuoiki1'
19-Nov-2022 15:00:57.839 INFO [http-nio-8081-exec-17] org.apache.catalina.core.ApplicationContext.log Manager: list: Listing contexts for virtual host 'localhost'
19-Nov-2022 15:00:57.855 INFO [http-nio-8081-exec-20] org.apache.catalina.core.ApplicationContext.log Manager: restart: Reloading web application '/cuoiki1'
19-Nov-2022 15:02:53.697 INFO [http-nio-8081-exec-21] org.apache.catalina.core.ApplicationContext.log Manager: list: Listing contexts for virtual host 'localhost'
19-Nov-2022 15:02:53.713 INFO [http-nio-8081-exec-15] org.apache.catalina.core.ApplicationContext.log Manager: restart: Reloading web application '/cuoiki1'
19-Nov-2022 15:03:00.177 INFO [http-nio-8081-exec-23] org.apache.catalina.core.ApplicationContext.log Manager: list: Listing contexts for virtual host 'localhost'
19-Nov-2022 15:03:00.194 INFO [http-nio-8081-exec-22] org.apache.catalina.core.ApplicationContext.log Manager: restart: Reloading web application '/cuoiki1'
19-Nov-2022 15:03:03.143 INFO [http-nio-8081-exec-17] org.apache.catalina.core.ApplicationContext.log Manager: list: Listing contexts for virtual host 'localhost'
19-Nov-2022 15:03:03.159 INFO [http-nio-8081-exec-15] org.apache.catalina.core.ApplicationContext.log Manager: restart: Reloading web application '/cuoiki1'
19-Nov-2022 15:03:05.799 INFO [http-nio-8081-exec-19] org.apache.catalina.core.ApplicationContext.log Manager: list: Listing contexts for virtual host 'localhost'
19-Nov-2022 15:03:05.814 INFO [http-nio-8081-exec-24] org.apache.catalina.core.ApplicationContext.log Manager: restart: Reloading web application '/cuoiki1'
19-Nov-2022 15:03:12.305 INFO [http-nio-8081-exec-24] org.apache.catalina.core.ApplicationContext.log Manager: list: Listing contexts for virtual host 'localhost'
19-Nov-2022 15:03:12.305 INFO [http-nio-8081-exec-23] org.apache.catalina.core.ApplicationContext.log Manager: list: Listing contexts for virtual host 'localhost'
19-Nov-2022 15:03:12.355 INFO [http-nio-8081-exec-19] org.apache.catalina.core.ApplicationContext.log Manager: restart: Reloading web application '/cuoiki1'
19-Nov-2022 15:46:20.025 INFO [http-nio-8081-exec-31] org.apache.catalina.core.ApplicationContext.log Manager: list: Listing contexts for virtual host 'localhost'
19-Nov-2022 15:49:44.339 INFO [http-nio-8081-exec-36] org.apache.catalina.core.ApplicationContext.log Manager: list: Listing contexts for virtual host 'localhost'
19-Nov-2022 15:49:44.346 INFO [http-nio-8081-exec-35] org.apache.catalina.core.ApplicationContext.log Manager: restart: Reloading web application '/cuoiki1'
19-Nov-2022 15:49:53.727 INFO [http-nio-8081-exec-37] org.apache.catalina.core.ApplicationContext.log Manager: list: Listing contexts for virtual host 'localhost'
19-Nov-2022 15:49:53.727 INFO [http-nio-8081-exec-34] org.apache.catalina.core.ApplicationContext.log Manager: restart: Reloading web application '/cuoiki1'
19-Nov-2022 15:49:57.171 INFO [http-nio-8081-exec-31] org.apache.catalina.core.ApplicationContext.log Manager: list: Listing contexts for virtual host 'localhost'
19-Nov-2022 15:49:57.171 INFO [http-nio-8081-exec-33] org.apache.catalina.core.ApplicationContext.log Manager: list: Listing contexts for virtual host 'localhost'
19-Nov-2022 15:49:57.218 INFO [http-nio-8081-exec-30] org.apache.catalina.core.ApplicationContext.log Manager: restart: Reloading web application '/cuoiki1'
19-Nov-2022 15:50:19.345 INFO [http-nio-8081-exec-37] org.apache.catalina.core.ApplicationContext.log Manager: list: Listing contexts for virtual host 'localhost'
19-Nov-2022 15:50:19.345 INFO [http-nio-8081-exec-30] org.apache.catalina.core.ApplicationContext.log Manager: restart: Reloading web application '/cuoiki1'
19-Nov-2022 15:50:23.550 INFO [http-nio-8081-exec-33] org.apache.catalina.core.ApplicationContext.log Manager: list: Listing contexts for virtual host 'localhost'
19-Nov-2022 16:05:01.518 INFO [http-nio-8081-exec-52] org.apache.catalina.core.ApplicationContext.log Manager: list: Listing contexts for virtual host 'localhost'
19-Nov-2022 16:05:45.656 INFO [http-nio-8081-exec-56] org.apache.catalina.core.ApplicationContext.log Manager: list: Listing contexts for virtual host 'localhost'
19-Nov-2022 16:06:19.217 INFO [http-nio-8081-exec-56] org.apache.catalina.core.ApplicationContext.log Manager: list: Listing contexts for virtual host 'localhost'
19-Nov-2022 16:06:41.641 INFO [http-nio-8081-exec-52] org.apache.catalina.core.ApplicationContext.log Manager: list: Listing contexts for virtual host 'localhost'
19-Nov-2022 16:09:54.416 INFO [http-nio-8081-exec-52] org.apache.catalina.core.ApplicationContext.log Manager: list: Listing contexts for virtual host 'localhost'
19-Nov-2022 16:10:12.320 INFO [http-nio-8081-exec-50] org.apache.catalina.core.ApplicationContext.log Manager: list: Listing contexts for virtual host 'localhost'
19-Nov-2022 16:11:04.400 INFO [http-nio-8081-exec-47] org.apache.catalina.core.ApplicationContext.log Manager: list: Listing contexts for virtual host 'localhost'
19-Nov-2022 16:11:17.844 INFO [http-nio-8081-exec-48] org.apache.catalina.core.ApplicationContext.log Manager: list: Listing contexts for virtual host 'localhost'
19-Nov-2022 16:11:27.460 INFO [http-nio-8081-exec-53] org.apache.catalina.core.ApplicationContext.log Manager: list: Listing contexts for virtual host 'localhost'
19-Nov-2022 16:11:42.687 INFO [http-nio-8081-exec-51] org.apache.catalina.core.ApplicationContext.log Manager: list: Listing contexts for virtual host 'localhost'
19-Nov-2022 16:12:36.120 INFO [http-nio-8081-exec-52] org.apache.catalina.core.ApplicationContext.log Manager: list: Listing contexts for virtual host 'localhost'
19-Nov-2022 16:12:45.666 INFO [http-nio-8081-exec-49] org.apache.catalina.core.ApplicationContext.log Manager: list: Listing contexts for virtual host 'localhost'
19-Nov-2022 16:12:58.882 INFO [http-nio-8081-exec-49] org.apache.catalina.core.ApplicationContext.log Manager: list: Listing contexts for virtual host 'localhost'
19-Nov-2022 16:13:21.237 INFO [http-nio-8081-exec-49] org.apache.catalina.core.ApplicationContext.log Manager: list: Listing contexts for virtual host 'localhost'
19-Nov-2022 16:13:31.851 INFO [http-nio-8081-exec-55] org.apache.catalina.core.ApplicationContext.log Manager: list: Listing contexts for virtual host 'localhost'
19-Nov-2022 16:13:51.605 INFO [http-nio-8081-exec-52] org.apache.catalina.core.ApplicationContext.log Manager: list: Listing contexts for virtual host 'localhost'
19-Nov-2022 16:15:07.451 INFO [http-nio-8081-exec-54] org.apache.catalina.core.ApplicationContext.log Manager: list: Listing contexts for virtual host 'localhost'
19-Nov-2022 16:15:20.985 INFO [http-nio-8081-exec-53] org.apache.catalina.core.ApplicationContext.log Manager: list: Listing contexts for virtual host 'localhost'
19-Nov-2022 16:15:24.967 INFO [http-nio-8081-exec-47] org.apache.catalina.core.ApplicationContext.log Manager: list: Listing contexts for virtual host 'localhost'
19-Nov-2022 16:17:15.744 INFO [http-nio-8081-exec-47] org.apache.catalina.core.ApplicationContext.log Manager: list: Listing contexts for virtual host 'localhost'
19-Nov-2022 16:17:37.575 INFO [http-nio-8081-exec-47] org.apache.catalina.core.ApplicationContext.log Manager: list: Listing contexts for virtual host 'localhost'
19-Nov-2022 16:17:50.070 INFO [http-nio-8081-exec-47] org.apache.catalina.core.ApplicationContext.log Manager: list: Listing contexts for virtual host 'localhost'
19-Nov-2022 16:18:03.887 INFO [http-nio-8081-exec-48] org.apache.catalina.core.ApplicationContext.log Manager: list: Listing contexts for virtual host 'localhost'
19-Nov-2022 16:19:07.033 INFO [http-nio-8081-exec-54] org.apache.catalina.core.ApplicationContext.log Manager: list: Listing contexts for virtual host 'localhost'
19-Nov-2022 16:19:07.038 INFO [http-nio-8081-exec-47] org.apache.catalina.core.ApplicationContext.log Manager: restart: Reloading web application '/cuoiki1'
19-Nov-2022 16:20:07.754 INFO [http-nio-8081-exec-59] org.apache.catalina.core.ApplicationContext.log Manager: list: Listing contexts for virtual host 'localhost'
19-Nov-2022 16:20:07.769 INFO [http-nio-8081-exec-60] org.apache.catalina.core.ApplicationContext.log Manager: stop: Stopping web application '/cuoiki1'
19-Nov-2022 16:20:07.776 INFO [http-nio-8081-exec-50] org.apache.catalina.core.ApplicationContext.log Manager: start: Starting web application '/cuoiki1'
19-Nov-2022 16:20:27.912 INFO [http-nio-8081-exec-58] org.apache.catalina.core.ApplicationContext.log Manager: list: Listing contexts for virtual host 'localhost'
19-Nov-2022 16:20:27.919 INFO [http-nio-8081-exec-60] org.apache.catalina.core.ApplicationContext.log Manager: restart: Reloading web application '/cuoiki1'
19-Nov-2022 16:20:41.136 INFO [http-nio-8081-exec-50] org.apache.catalina.core.ApplicationContext.log Manager: list: Listing contexts for virtual host 'localhost'
19-Nov-2022 16:21:41.790 INFO [http-nio-8081-exec-69] org.apache.catalina.core.ApplicationContext.log Manager: list: Listing contexts for virtual host 'localhost'
19-Nov-2022 16:21:41.790 INFO [http-nio-8081-exec-66] org.apache.catalina.core.ApplicationContext.log Manager: restart: Reloading web application '/cuoiki1'
19-Nov-2022 16:21:50.679 INFO [http-nio-8081-exec-72] org.apache.catalina.core.ApplicationContext.log Manager: list: Listing contexts for virtual host 'localhost'
19-Nov-2022 16:27:42.136 INFO [http-nio-8081-exec-77] org.apache.catalina.core.ApplicationContext.log Manager: list: Listing contexts for virtual host 'localhost'
19-Nov-2022 16:27:42.136 INFO [http-nio-8081-exec-73] org.apache.catalina.core.ApplicationContext.log Manager: list: Listing contexts for virtual host 'localhost'
19-Nov-2022 16:27:42.167 INFO [http-nio-8081-exec-81] org.apache.catalina.core.ApplicationContext.log Manager: stop: Stopping web application '/cuoiki1'
19-Nov-2022 16:27:42.178 INFO [http-nio-8081-exec-75] org.apache.catalina.core.ApplicationContext.log Manager: start: Starting web application '/cuoiki1'
19-Nov-2022 16:28:07.033 INFO [http-nio-8081-exec-86] org.apache.catalina.core.ApplicationContext.log Manager: list: Listing contexts for virtual host 'localhost'
19-Nov-2022 16:28:07.049 INFO [http-nio-8081-exec-82] org.apache.catalina.core.ApplicationContext.log Manager: list: Listing contexts for virtual host 'localhost'
19-Nov-2022 21:36:23.607 INFO [http-nio-8081-exec-88] org.apache.catalina.core.ApplicationContext.log Manager: list: Listing contexts for virtual host 'localhost'
19-Nov-2022 21:36:23.613 INFO [http-nio-8081-exec-83] org.apache.catalina.core.ApplicationContext.log Manager: list: Listing contexts for virtual host 'localhost'
19-Nov-2022 21:37:16.102 INFO [http-nio-8081-exec-88] org.apache.catalina.core.ApplicationContext.log Manager: list: Listing contexts for virtual host 'localhost'
19-Nov-2022 21:37:23.046 INFO [http-nio-8081-exec-89] org.apache.catalina.core.ApplicationContext.log Manager: list: Listing contexts for virtual host 'localhost'
19-Nov-2022 21:37:30.743 INFO [http-nio-8081-exec-86] org.apache.catalina.core.ApplicationContext.log Manager: list: Listing contexts for virtual host 'localhost'
19-Nov-2022 21:37:51.891 INFO [http-nio-8081-exec-91] org.apache.catalina.core.ApplicationContext.log Manager: list: Listing contexts for virtual host 'localhost'
19-Nov-2022 21:55:28.792 INFO [http-nio-8081-exec-4] org.apache.catalina.core.ApplicationContext.log Manager: init: Associated with Deployer 'Catalina:type=Deployer,host=localhost'
19-Nov-2022 21:55:28.792 INFO [http-nio-8081-exec-4] org.apache.catalina.core.ApplicationContext.log Manager: init: Global resources are available
19-Nov-2022 21:55:28.967 INFO [http-nio-8081-exec-7] org.apache.catalina.core.ApplicationContext.log Manager: list: Listing contexts for virtual host 'localhost'
19-Nov-2022 21:55:28.984 INFO [http-nio-8081-exec-8] org.apache.catalina.core.ApplicationContext.log Manager: list: Listing contexts for virtual host 'localhost'
19-Nov-2022 22:03:49.806 INFO [http-nio-8081-exec-3] org.apache.catalina.core.ApplicationContext.log Manager: list: Listing contexts for virtual host 'localhost'
19-Nov-2022 22:03:49.806 INFO [http-nio-8081-exec-4] org.apache.catalina.core.ApplicationContext.log Manager: restart: Reloading web application '/cuoiki1'
19-Nov-2022 22:03:55.288 INFO [http-nio-8081-exec-6] org.apache.catalina.core.ApplicationContext.log Manager: list: Listing contexts for virtual host 'localhost'
19-Nov-2022 22:03:55.288 INFO [http-nio-8081-exec-7] org.apache.catalina.core.ApplicationContext.log Manager: restart: Reloading web application '/cuoiki1'
19-Nov-2022 22:06:58.033 INFO [http-nio-8081-exec-1] org.apache.catalina.core.ApplicationContext.log Manager: list: Listing contexts for virtual host 'localhost'
19-Nov-2022 22:06:58.041 INFO [http-nio-8081-exec-13] org.apache.catalina.core.ApplicationContext.log Manager: restart: Reloading web application '/cuoiki1'
19-Nov-2022 22:16:44.771 INFO [http-nio-8081-exec-18] org.apache.catalina.core.ApplicationContext.log Manager: list: Listing contexts for virtual host 'localhost'
19-Nov-2022 22:17:03.135 INFO [http-nio-8081-exec-24] org.apache.catalina.core.ApplicationContext.log Manager: list: Listing contexts for virtual host 'localhost'
19-Nov-2022 22:17:03.139 INFO [http-nio-8081-exec-17] org.apache.catalina.core.ApplicationContext.log Manager: list: Listing contexts for virtual host 'localhost'
19-Nov-2022 22:17:03.157 INFO [http-nio-8081-exec-25] org.apache.catalina.core.ApplicationContext.log Manager: restart: Reloading web application '/cuoiki1'
19-Nov-2022 22:26:15.577 INFO [http-nio-8081-exec-30] org.apache.catalina.core.ApplicationContext.log Manager: list: Listing contexts for virtual host 'localhost'
19-Nov-2022 22:26:15.582 INFO [http-nio-8081-exec-31] org.apache.catalina.core.ApplicationContext.log Manager: stop: Stopping web application '/cuoiki1'
19-Nov-2022 22:26:15.592 INFO [http-nio-8081-exec-36] org.apache.catalina.core.ApplicationContext.log Manager: start: Starting web application '/cuoiki1'
19-Nov-2022 22:28:01.154 INFO [http-nio-8081-exec-28] org.apache.catalina.core.ApplicationContext.log Manager: list: Listing contexts for virtual host 'localhost'
19-Nov-2022 22:28:01.154 INFO [http-nio-8081-exec-38] org.apache.catalina.core.ApplicationContext.log Manager: list: Listing contexts for virtual host 'localhost'
19-Nov-2022 22:28:01.169 INFO [http-nio-8081-exec-36] org.apache.catalina.core.ApplicationContext.log Manager: stop: Stopping web application '/cuoiki1'
19-Nov-2022 22:28:01.182 INFO [http-nio-8081-exec-40] org.apache.catalina.core.ApplicationContext.log Manager: start: Starting web application '/cuoiki1'
19-Nov-2022 22:29:44.036 INFO [http-nio-8081-exec-43] org.apache.catalina.core.ApplicationContext.log Manager: list: Listing contexts for virtual host 'localhost'
19-Nov-2022 22:29:44.058 INFO [http-nio-8081-exec-37] org.apache.catalina.core.ApplicationContext.log Manager: restart: Reloading web application '/cuoiki1'
19-Nov-2022 22:29:44.274 INFO [http-nio-8081-exec-28] org.apache.catalina.core.ApplicationContext.log Manager: list: Listing contexts for virtual host 'localhost'
19-Nov-2022 22:29:44.281 INFO [http-nio-8081-exec-33] org.apache.catalina.core.ApplicationContext.log Manager: restart: Reloading web application '/cuoiki1'
19-Nov-2022 22:33:57.971 INFO [http-nio-8081-exec-48] org.apache.catalina.core.ApplicationContext.log Manager: list: Listing contexts for virtual host 'localhost'
19-Nov-2022 22:33:57.971 INFO [http-nio-8081-exec-49] org.apache.catalina.core.ApplicationContext.log Manager: restart: Reloading web application '/cuoiki1'
19-Nov-2022 22:36:48.821 INFO [http-nio-8081-exec-47] org.apache.catalina.core.ApplicationContext.log Manager: list: Listing contexts for virtual host 'localhost'
19-Nov-2022 22:36:48.827 INFO [http-nio-8081-exec-33] org.apache.catalina.core.ApplicationContext.log Manager: restart: Reloading web application '/cuoiki1'
19-Nov-2022 22:42:33.337 INFO [http-nio-8081-exec-33] org.apache.catalina.core.ApplicationContext.log Manager: list: Listing contexts for virtual host 'localhost'
19-Nov-2022 22:42:33.337 INFO [http-nio-8081-exec-47] org.apache.catalina.core.ApplicationContext.log Manager: stop: Stopping web application '/cuoiki1'
19-Nov-2022 22:42:33.353 INFO [http-nio-8081-exec-55] org.apache.catalina.core.ApplicationContext.log Manager: start: Starting web application '/cuoiki1'
19-Nov-2022 22:55:29.033 INFO [http-nio-8081-exec-69] org.apache.catalina.core.ApplicationContext.log Manager: list: Listing contexts for virtual host 'localhost'
19-Nov-2022 22:55:29.048 INFO [http-nio-8081-exec-64] org.apache.catalina.core.ApplicationContext.log Manager: restart: Reloading web application '/cuoiki1'
19-Nov-2022 22:57:04.166 INFO [http-nio-8081-exec-71] org.apache.catalina.core.ApplicationContext.log Manager: list: Listing contexts for virtual host 'localhost'
19-Nov-2022 22:57:04.183 INFO [http-nio-8081-exec-76] org.apache.catalina.core.ApplicationContext.log Manager: restart: Reloading web application '/cuoiki1'
19-Nov-2022 22:57:46.896 INFO [http-nio-8081-exec-66] org.apache.catalina.core.ApplicationContext.log Manager: list: Listing contexts for virtual host 'localhost'
19-Nov-2022 22:57:46.912 INFO [http-nio-8081-exec-65] org.apache.catalina.core.ApplicationContext.log Manager: restart: Reloading web application '/cuoiki1'
19-Nov-2022 22:58:59.425 INFO [http-nio-8081-exec-79] org.apache.catalina.core.ApplicationContext.log Manager: list: Listing contexts for virtual host 'localhost'
19-Nov-2022 22:58:59.441 INFO [http-nio-8081-exec-66] org.apache.catalina.core.ApplicationContext.log Manager: restart: Reloading web application '/cuoiki1'
19-Nov-2022 22:58:59.643 INFO [http-nio-8081-exec-75] org.apache.catalina.core.ApplicationContext.log Manager: list: Listing contexts for virtual host 'localhost'
19-Nov-2022 22:58:59.643 INFO [http-nio-8081-exec-76] org.apache.catalina.core.ApplicationContext.log Manager: restart: Reloading web application '/cuoiki1'
19-Nov-2022 22:59:21.635 INFO [http-nio-8081-exec-73] org.apache.catalina.core.ApplicationContext.log Manager: list: Listing contexts for virtual host 'localhost'
19-Nov-2022 22:59:21.635 INFO [http-nio-8081-exec-78] org.apache.catalina.core.ApplicationContext.log Manager: restart: Reloading web application '/cuoiki1'
19-Nov-2022 22:59:27.534 INFO [http-nio-8081-exec-80] org.apache.catalina.core.ApplicationContext.log Manager: list: Listing contexts for virtual host 'localhost'
19-Nov-2022 22:59:27.550 INFO [http-nio-8081-exec-65] org.apache.catalina.core.ApplicationContext.log Manager: restart: Reloading web application '/cuoiki1'
19-Nov-2022 22:59:46.655 INFO [http-nio-8081-exec-81] org.apache.catalina.core.ApplicationContext.log Manager: list: Listing contexts for virtual host 'localhost'
19-Nov-2022 22:59:46.655 INFO [http-nio-8081-exec-78] org.apache.catalina.core.ApplicationContext.log Manager: restart: Reloading web application '/cuoiki1'
19-Nov-2022 23:00:15.102 INFO [http-nio-8081-exec-69] org.apache.catalina.core.ApplicationContext.log Manager: list: Listing contexts for virtual host 'localhost'
19-Nov-2022 23:00:15.118 INFO [http-nio-8081-exec-73] org.apache.catalina.core.ApplicationContext.log Manager: restart: Reloading web application '/cuoiki1'
19-Nov-2022 23:02:21.607 INFO [http-nio-8081-exec-86] org.apache.catalina.core.ApplicationContext.log Manager: list: Listing contexts for virtual host 'localhost'
19-Nov-2022 23:02:21.607 INFO [http-nio-8081-exec-66] org.apache.catalina.core.ApplicationContext.log Manager: restart: Reloading web application '/cuoiki1'
19-Nov-2022 23:03:23.363 INFO [http-nio-8081-exec-75] org.apache.catalina.core.ApplicationContext.log Manager: list: Listing contexts for virtual host 'localhost'
19-Nov-2022 23:03:23.363 INFO [http-nio-8081-exec-77] org.apache.catalina.core.ApplicationContext.log Manager: restart: Reloading web application '/cuoiki1'
19-Nov-2022 23:04:36.000 INFO [http-nio-8081-exec-86] org.apache.catalina.core.ApplicationContext.log Manager: list: Listing contexts for virtual host 'localhost'
19-Nov-2022 23:04:36.000 INFO [http-nio-8081-exec-87] org.apache.catalina.core.ApplicationContext.log Manager: restart: Reloading web application '/cuoiki1'
19-Nov-2022 23:06:40.325 INFO [http-nio-8081-exec-66] org.apache.catalina.core.ApplicationContext.log Manager: list: Listing contexts for virtual host 'localhost'
19-Nov-2022 23:06:40.325 INFO [http-nio-8081-exec-93] org.apache.catalina.core.ApplicationContext.log Manager: restart: Reloading web application '/cuoiki1'
19-Nov-2022 23:08:43.923 INFO [http-nio-8081-exec-96] org.apache.catalina.core.ApplicationContext.log Manager: list: Listing contexts for virtual host 'localhost'
19-Nov-2022 23:08:43.923 INFO [http-nio-8081-exec-97] org.apache.catalina.core.ApplicationContext.log Manager: restart: Reloading web application '/cuoiki1'
19-Nov-2022 23:08:51.607 INFO [http-nio-8081-exec-99] org.apache.catalina.core.ApplicationContext.log Manager: list: Listing contexts for virtual host 'localhost'
19-Nov-2022 23:08:51.607 INFO [http-nio-8081-exec-102] org.apache.catalina.core.ApplicationContext.log Manager: restart: Reloading web application '/cuoiki1'
19-Nov-2022 23:09:15.149 INFO [http-nio-8081-exec-104] org.apache.catalina.core.ApplicationContext.log Manager: list: Listing contexts for virtual host 'localhost'
19-Nov-2022 23:09:15.149 INFO [http-nio-8081-exec-98] org.apache.catalina.core.ApplicationContext.log Manager: restart: Reloading web application '/cuoiki1'
19-Nov-2022 23:10:03.082 INFO [http-nio-8081-exec-106] org.apache.catalina.core.ApplicationContext.log Manager: list: Listing contexts for virtual host 'localhost'
19-Nov-2022 23:10:03.082 INFO [http-nio-8081-exec-105] org.apache.catalina.core.ApplicationContext.log Manager: list: Listing contexts for virtual host 'localhost'
19-Nov-2022 23:10:03.113 INFO [http-nio-8081-exec-107] org.apache.catalina.core.ApplicationContext.log Manager: stop: Stopping web application '/cuoiki1'
19-Nov-2022 23:10:03.126 INFO [http-nio-8081-exec-108] org.apache.catalina.core.ApplicationContext.log Manager: start: Starting web application '/cuoiki1'
19-Nov-2022 23:10:57.418 INFO [http-nio-8081-exec-109] org.apache.catalina.core.ApplicationContext.log Manager: list: Listing contexts for virtual host 'localhost'
19-Nov-2022 23:10:57.434 INFO [http-nio-8081-exec-110] org.apache.catalina.core.ApplicationContext.log Manager: restart: Reloading web application '/cuoiki1'
19-Nov-2022 23:17:12.148 INFO [http-nio-8081-exec-120] org.apache.catalina.core.ApplicationContext.log Manager: list: Listing contexts for virtual host 'localhost'
19-Nov-2022 23:17:12.148 INFO [http-nio-8081-exec-119] org.apache.catalina.core.ApplicationContext.log Manager: restart: Reloading web application '/cuoiki1'
19-Nov-2022 23:18:45.493 INFO [http-nio-8081-exec-123] org.apache.catalina.core.ApplicationContext.log Manager: list: Listing contexts for virtual host 'localhost'
19-Nov-2022 23:18:45.493 INFO [http-nio-8081-exec-124] org.apache.catalina.core.ApplicationContext.log Manager: restart: Reloading web application '/cuoiki1'
19-Nov-2022 23:19:15.978 INFO [http-nio-8081-exec-123] org.apache.catalina.core.ApplicationContext.log Manager: list: Listing contexts for virtual host 'localhost'
19-Nov-2022 23:19:15.978 INFO [http-nio-8081-exec-125] org.apache.catalina.core.ApplicationContext.log Manager: restart: Reloading web application '/cuoiki1'
19-Nov-2022 23:19:42.984 INFO [http-nio-8081-exec-123] org.apache.catalina.core.ApplicationContext.log Manager: list: Listing contexts for virtual host 'localhost'
19-Nov-2022 23:19:42.984 INFO [http-nio-8081-exec-120] org.apache.catalina.core.ApplicationContext.log Manager: restart: Reloading web application '/cuoiki1'
19-Nov-2022 23:20:18.139 INFO [http-nio-8081-exec-126] org.apache.catalina.core.ApplicationContext.log Manager: list: Listing contexts for virtual host 'localhost'
19-Nov-2022 23:20:18.139 INFO [http-nio-8081-exec-128] org.apache.catalina.core.ApplicationContext.log Manager: restart: Reloading web application '/cuoiki1'
19-Nov-2022 23:23:23.839 INFO [http-nio-8081-exec-133] org.apache.catalina.core.ApplicationContext.log Manager: list: Listing contexts for virtual host 'localhost'
19-Nov-2022 23:23:23.849 INFO [http-nio-8081-exec-134] org.apache.catalina.core.ApplicationContext.log Manager: restart: Reloading web application '/cuoiki1'
19-Nov-2022 23:26:30.357 INFO [http-nio-8081-exec-147] org.apache.catalina.core.ApplicationContext.log Manager: list: Listing contexts for virtual host 'localhost'
19-Nov-2022 23:26:30.362 INFO [http-nio-8081-exec-146] org.apache.catalina.core.ApplicationContext.log Manager: restart: Reloading web application '/cuoiki1'
19-Nov-2022 23:27:08.503 INFO [http-nio-8081-exec-146] org.apache.catalina.core.ApplicationContext.log Manager: list: Listing contexts for virtual host 'localhost'
19-Nov-2022 23:27:08.503 INFO [http-nio-8081-exec-151] org.apache.catalina.core.ApplicationContext.log Manager: restart: Reloading web application '/cuoiki1'
19-Nov-2022 23:28:17.510 INFO [http-nio-8081-exec-142] org.apache.catalina.core.ApplicationContext.log Manager: list: Listing contexts for virtual host 'localhost'
19-Nov-2022 23:28:17.510 INFO [http-nio-8081-exec-152] org.apache.catalina.core.ApplicationContext.log Manager: restart: Reloading web application '/cuoiki1'
19-Nov-2022 23:29:26.944 INFO [http-nio-8081-exec-154] org.apache.catalina.core.ApplicationContext.log Manager: list: Listing contexts for virtual host 'localhost'
19-Nov-2022 23:29:26.944 INFO [http-nio-8081-exec-153] org.apache.catalina.core.ApplicationContext.log Manager: restart: Reloading web application '/cuoiki1'
19-Nov-2022 23:30:12.189 INFO [http-nio-8081-exec-147] org.apache.catalina.core.ApplicationContext.log Manager: list: Listing contexts for virtual host 'localhost'
19-Nov-2022 23:30:12.189 INFO [http-nio-8081-exec-149] org.apache.catalina.core.ApplicationContext.log Manager: restart: Reloading web application '/cuoiki1'
19-Nov-2022 23:32:07.430 INFO [http-nio-8081-exec-162] org.apache.catalina.core.ApplicationContext.log Manager: list: Listing contexts for virtual host 'localhost'
19-Nov-2022 23:32:07.430 INFO [http-nio-8081-exec-164] org.apache.catalina.core.ApplicationContext.log Manager: restart: Reloading web application '/cuoiki1'
19-Nov-2022 23:33:01.240 INFO [http-nio-8081-exec-164] org.apache.catalina.core.ApplicationContext.log Manager: list: Listing contexts for virtual host 'localhost'
19-Nov-2022 23:33:01.255 INFO [http-nio-8081-exec-160] org.apache.catalina.core.ApplicationContext.log Manager: restart: Reloading web application '/cuoiki1'
19-Nov-2022 23:34:42.649 INFO [http-nio-8081-exec-170] org.apache.catalina.core.ApplicationContext.log Manager: list: Listing contexts for virtual host 'localhost'
19-Nov-2022 23:35:44.107 INFO [http-nio-8081-exec-171] org.apache.catalina.core.ApplicationContext.log Manager: list: Listing contexts for virtual host 'localhost'
19-Nov-2022 23:35:44.107 INFO [http-nio-8081-exec-174] org.apache.catalina.core.ApplicationContext.log Manager: restart: Reloading web application '/cuoiki1'
19-Nov-2022 23:36:03.284 INFO [http-nio-8081-exec-177] org.apache.catalina.core.ApplicationContext.log Manager: list: Listing contexts for virtual host 'localhost'
19-Nov-2022 23:36:06.911 INFO [http-nio-8081-exec-176] org.apache.catalina.core.ApplicationContext.log Manager: list: Listing contexts for virtual host 'localhost'
19-Nov-2022 23:36:06.926 INFO [http-nio-8081-exec-179] org.apache.catalina.core.ApplicationContext.log Manager: restart: Reloading web application '/cuoiki1'
19-Nov-2022 23:36:16.127 INFO [http-nio-8081-exec-179] org.apache.catalina.core.ApplicationContext.log Manager: list: Listing contexts for virtual host 'localhost'
19-Nov-2022 23:36:16.127 INFO [http-nio-8081-exec-175] org.apache.catalina.core.ApplicationContext.log Manager: restart: Reloading web application '/cuoiki1'
19-Nov-2022 23:37:13.750 INFO [http-nio-8081-exec-176] org.apache.catalina.core.ApplicationContext.log Manager: list: Listing contexts for virtual host 'localhost'
19-Nov-2022 23:37:13.763 INFO [http-nio-8081-exec-179] org.apache.catalina.core.ApplicationContext.log Manager: restart: Reloading web application '/cuoiki1'
19-Nov-2022 23:38:17.385 INFO [http-nio-8081-exec-189] org.apache.catalina.core.ApplicationContext.log Manager: list: Listing contexts for virtual host 'localhost'
19-Nov-2022 23:38:17.385 INFO [http-nio-8081-exec-187] org.apache.catalina.core.ApplicationContext.log Manager: restart: Reloading web application '/cuoiki1'
19-Nov-2022 23:38:48.527 INFO [http-nio-8081-exec-188] org.apache.catalina.core.ApplicationContext.log Manager: list: Listing contexts for virtual host 'localhost'
19-Nov-2022 23:39:14.614 INFO [http-nio-8081-exec-191] org.apache.catalina.core.ApplicationContext.log Manager: list: Listing contexts for virtual host 'localhost'
19-Nov-2022 23:39:14.630 INFO [http-nio-8081-exec-199] org.apache.catalina.core.ApplicationContext.log Manager: restart: Reloading web application '/cuoiki1'
19-Nov-2022 23:39:24.022 INFO [http-nio-8081-exec-198] org.apache.catalina.core.ApplicationContext.log Manager: list: Listing contexts for virtual host 'localhost'
19-Nov-2022 23:39:24.024 INFO [http-nio-8081-exec-200] org.apache.catalina.core.ApplicationContext.log Manager: list: Listing contexts for virtual host 'localhost'
19-Nov-2022 23:39:24.050 INFO [http-nio-8081-exec-201] org.apache.catalina.core.ApplicationContext.log Manager: restart: Reloading web application '/cuoiki1'
19-Nov-2022 23:39:39.232 INFO [http-nio-8081-exec-197] org.apache.catalina.core.ApplicationContext.log Manager: list: Listing contexts for virtual host 'localhost'
19-Nov-2022 23:39:54.022 INFO [http-nio-8081-exec-197] org.apache.catalina.core.ApplicationContext.log Manager: list: Listing contexts for virtual host 'localhost'
19-Nov-2022 23:39:54.022 INFO [http-nio-8081-exec-208] org.apache.catalina.core.ApplicationContext.log Manager: restart: Reloading web application '/cuoiki1'
19-Nov-2022 23:39:56.839 INFO [http-nio-8081-exec-194] org.apache.catalina.core.ApplicationContext.log Manager: list: Listing contexts for virtual host 'localhost'
19-Nov-2022 23:41:06.469 INFO [http-nio-8081-exec-212] org.apache.catalina.core.ApplicationContext.log Manager: list: Listing contexts for virtual host 'localhost'
19-Nov-2022 23:41:06.469 INFO [http-nio-8081-exec-211] org.apache.catalina.core.ApplicationContext.log Manager: restart: Reloading web application '/cuoiki1'
19-Nov-2022 23:41:23.572 INFO [http-nio-8081-exec-215] org.apache.catalina.core.ApplicationContext.log Manager: list: Listing contexts for virtual host 'localhost'
19-Nov-2022 23:41:23.577 INFO [http-nio-8081-exec-214] org.apache.catalina.core.ApplicationContext.log Manager: restart: Reloading web application '/cuoiki1'
19-Nov-2022 23:41:36.860 INFO [http-nio-8081-exec-219] org.apache.catalina.core.ApplicationContext.log Manager: list: Listing contexts for virtual host 'localhost'
19-Nov-2022 23:41:36.860 INFO [http-nio-8081-exec-214] org.apache.catalina.core.ApplicationContext.log Manager: restart: Reloading web application '/cuoiki1'
19-Nov-2022 23:41:46.059 INFO [http-nio-8081-exec-222] org.apache.catalina.core.ApplicationContext.log Manager: list: Listing contexts for virtual host 'localhost'
19-Nov-2022 23:44:13.990 INFO [http-nio-8081-exec-228] org.apache.catalina.core.ApplicationContext.log Manager: list: Listing contexts for virtual host 'localhost'
19-Nov-2022 23:44:13.990 INFO [http-nio-8081-exec-229] org.apache.catalina.core.ApplicationContext.log Manager: restart: Reloading web application '/cuoiki1'
19-Nov-2022 23:45:03.937 INFO [http-nio-8081-exec-230] org.apache.catalina.core.ApplicationContext.log Manager: list: Listing contexts for virtual host 'localhost'
19-Nov-2022 23:45:03.937 INFO [http-nio-8081-exec-227] org.apache.catalina.core.ApplicationContext.log Manager: restart: Reloading web application '/cuoiki1'
19-Nov-2022 23:46:38.033 INFO [http-nio-8081-exec-237] org.apache.catalina.core.ApplicationContext.log Manager: list: Listing contexts for virtual host 'localhost'
19-Nov-2022 23:46:38.049 INFO [http-nio-8081-exec-236] org.apache.catalina.core.ApplicationContext.log Manager: restart: Reloading web application '/cuoiki1'
19-Nov-2022 23:47:32.841 INFO [http-nio-8081-exec-239] org.apache.catalina.core.ApplicationContext.log Manager: list: Listing contexts for virtual host 'localhost'
19-Nov-2022 23:47:32.841 INFO [http-nio-8081-exec-240] org.apache.catalina.core.ApplicationContext.log Manager: restart: Reloading web application '/cuoiki1'
19-Nov-2022 23:47:56.077 INFO [http-nio-8081-exec-245] org.apache.catalina.core.ApplicationContext.log Manager: list: Listing contexts for virtual host 'localhost'
19-Nov-2022 23:47:56.077 INFO [http-nio-8081-exec-240] org.apache.catalina.core.ApplicationContext.log Manager: restart: Reloading web application '/cuoiki1'
19-Nov-2022 23:47:59.656 INFO [http-nio-8081-exec-242] org.apache.catalina.core.ApplicationContext.log Manager: list: Listing contexts for virtual host 'localhost'
19-Nov-2022 23:48:21.369 INFO [http-nio-8081-exec-245] org.apache.catalina.core.ApplicationContext.log Manager: list: Listing contexts for virtual host 'localhost'
19-Nov-2022 23:48:21.385 INFO [http-nio-8081-exec-250] org.apache.catalina.core.ApplicationContext.log Manager: restart: Reloading web application '/cuoiki1'
19-Nov-2022 23:49:03.976 INFO [http-nio-8081-exec-245] org.apache.catalina.core.ApplicationContext.log Manager: list: Listing contexts for virtual host 'localhost'
19-Nov-2022 23:49:03.983 INFO [http-nio-8081-exec-249] org.apache.catalina.core.ApplicationContext.log Manager: restart: Reloading web application '/cuoiki1'
19-Nov-2022 23:49:39.960 INFO [http-nio-8081-exec-252] org.apache.catalina.core.ApplicationContext.log Manager: list: Listing contexts for virtual host 'localhost'
19-Nov-2022 23:49:39.975 INFO [http-nio-8081-exec-240] org.apache.catalina.core.ApplicationContext.log Manager: restart: Reloading web application '/cuoiki1'
19-Nov-2022 23:49:59.823 INFO [http-nio-8081-exec-254] org.apache.catalina.core.ApplicationContext.log Manager: list: Listing contexts for virtual host 'localhost'
19-Nov-2022 23:49:59.823 INFO [http-nio-8081-exec-240] org.apache.catalina.core.ApplicationContext.log Manager: restart: Reloading web application '/cuoiki1'
19-Nov-2022 23:50:24.390 INFO [http-nio-8081-exec-254] org.apache.catalina.core.ApplicationContext.log Manager: list: Listing contexts for virtual host 'localhost'
19-Nov-2022 23:50:24.390 INFO [http-nio-8081-exec-253] org.apache.catalina.core.ApplicationContext.log Manager: restart: Reloading web application '/cuoiki1'
19-Nov-2022 23:51:07.849 INFO [http-nio-8081-exec-258] org.apache.catalina.core.ApplicationContext.log Manager: list: Listing contexts for virtual host 'localhost'
19-Nov-2022 23:51:07.849 INFO [http-nio-8081-exec-247] org.apache.catalina.core.ApplicationContext.log Manager: restart: Reloading web application '/cuoiki1'
