15-Nov-2022 09:27:00.007 INFO [http-nio-8081-exec-4] org.apache.catalina.core.ApplicationContext.log Manager: init: Associated with Deployer 'Catalina:type=Deployer,host=localhost'
15-Nov-2022 09:27:00.007 INFO [http-nio-8081-exec-4] org.apache.catalina.core.ApplicationContext.log Manager: init: Global resources are available
15-Nov-2022 09:27:00.458 INFO [http-nio-8081-exec-6] org.apache.catalina.core.ApplicationContext.log Manager: list: Listing contexts for virtual host 'localhost'
15-Nov-2022 09:27:00.458 INFO [http-nio-8081-exec-7] org.apache.catalina.core.ApplicationContext.log Manager: list: Listing contexts for virtual host 'localhost'
15-Nov-2022 09:27:00.490 INFO [http-nio-8081-exec-9] org.apache.catalina.core.ApplicationContext.log Manager: restart: Reloading web application '/cuoiki1'
15-Nov-2022 09:30:41.939 INFO [http-nio-8081-exec-13] org.apache.catalina.core.ApplicationContext.log Manager: list: Listing contexts for virtual host 'localhost'
15-Nov-2022 09:31:07.713 INFO [http-nio-8081-exec-18] org.apache.catalina.core.ApplicationContext.log Manager: list: Listing contexts for virtual host 'localhost'
15-Nov-2022 09:31:29.251 INFO [http-nio-8081-exec-16] org.apache.catalina.core.ApplicationContext.log Manager: list: Listing contexts for virtual host 'localhost'
15-Nov-2022 09:31:48.296 INFO [http-nio-8081-exec-17] org.apache.catalina.core.ApplicationContext.log Manager: list: Listing contexts for virtual host 'localhost'
15-Nov-2022 09:31:54.552 INFO [http-nio-8081-exec-13] org.apache.catalina.core.ApplicationContext.log Manager: list: Listing contexts for virtual host 'localhost'
15-Nov-2022 09:32:05.153 INFO [http-nio-8081-exec-13] org.apache.catalina.core.ApplicationContext.log Manager: list: Listing contexts for virtual host 'localhost'
15-Nov-2022 09:32:17.306 INFO [http-nio-8081-exec-20] org.apache.catalina.core.ApplicationContext.log Manager: list: Listing contexts for virtual host 'localhost'
15-Nov-2022 09:32:31.221 INFO [http-nio-8081-exec-20] org.apache.catalina.core.ApplicationContext.log Manager: list: Listing contexts for virtual host 'localhost'
15-Nov-2022 09:34:25.897 INFO [http-nio-8081-exec-20] org.apache.catalina.core.ApplicationContext.log Manager: list: Listing contexts for virtual host 'localhost'
15-Nov-2022 09:34:25.908 INFO [http-nio-8081-exec-11] org.apache.catalina.core.ApplicationContext.log Manager: restart: Reloading web application '/cuoiki1'
15-Nov-2022 09:34:26.247 INFO [http-nio-8081-exec-16] org.apache.catalina.core.ApplicationContext.log Manager: list: Listing contexts for virtual host 'localhost'
15-Nov-2022 09:34:26.247 INFO [http-nio-8081-exec-13] org.apache.catalina.core.ApplicationContext.log Manager: restart: Reloading web application '/cuoiki1'
15-Nov-2022 09:34:51.323 INFO [http-nio-8081-exec-12] org.apache.catalina.core.ApplicationContext.log Manager: list: Listing contexts for virtual host 'localhost'
15-Nov-2022 09:34:51.341 INFO [http-nio-8081-exec-15] org.apache.catalina.core.ApplicationContext.log Manager: restart: Reloading web application '/cuoiki1'
15-Nov-2022 09:35:23.166 INFO [http-nio-8081-exec-20] org.apache.catalina.core.ApplicationContext.log Manager: list: Listing contexts for virtual host 'localhost'
15-Nov-2022 09:35:37.002 INFO [http-nio-8081-exec-24] org.apache.catalina.core.ApplicationContext.log Manager: list: Listing contexts for virtual host 'localhost'
15-Nov-2022 09:35:37.022 INFO [http-nio-8081-exec-13] org.apache.catalina.core.ApplicationContext.log Manager: stop: Stopping web application '/cuoiki1'
15-Nov-2022 09:35:37.040 INFO [http-nio-8081-exec-16] org.apache.catalina.core.ApplicationContext.log Manager: start: Starting web application '/cuoiki1'
15-Nov-2022 09:36:07.180 INFO [http-nio-8081-exec-16] org.apache.catalina.core.ApplicationContext.log Manager: list: Listing contexts for virtual host 'localhost'
15-Nov-2022 09:36:07.196 INFO [http-nio-8081-exec-24] org.apache.catalina.core.ApplicationContext.log Manager: restart: Reloading web application '/cuoiki1'
15-Nov-2022 09:37:00.912 INFO [http-nio-8081-exec-22] org.apache.catalina.core.ApplicationContext.log Manager: list: Listing contexts for virtual host 'localhost'
15-Nov-2022 09:37:00.927 INFO [http-nio-8081-exec-20] org.apache.catalina.core.ApplicationContext.log Manager: restart: Reloading web application '/cuoiki1'
15-Nov-2022 09:37:57.510 INFO [http-nio-8081-exec-29] org.apache.catalina.core.ApplicationContext.log Manager: list: Listing contexts for virtual host 'localhost'
15-Nov-2022 09:38:15.789 INFO [http-nio-8081-exec-36] org.apache.catalina.core.ApplicationContext.log Manager: list: Listing contexts for virtual host 'localhost'
15-Nov-2022 09:38:15.805 INFO [http-nio-8081-exec-27] org.apache.catalina.core.ApplicationContext.log Manager: restart: Reloading web application '/cuoiki1'
15-Nov-2022 09:39:10.484 INFO [http-nio-8081-exec-45] org.apache.catalina.core.ApplicationContext.log Manager: list: Listing contexts for virtual host 'localhost'
15-Nov-2022 09:39:10.500 INFO [http-nio-8081-exec-28] org.apache.catalina.core.ApplicationContext.log Manager: restart: Reloading web application '/cuoiki1'
15-Nov-2022 09:44:31.927 INFO [http-nio-8081-exec-51] org.apache.catalina.core.ApplicationContext.log Manager: list: Listing contexts for virtual host 'localhost'
15-Nov-2022 09:44:31.927 INFO [http-nio-8081-exec-53] org.apache.catalina.core.ApplicationContext.log Manager: list: Listing contexts for virtual host 'localhost'
15-Nov-2022 09:44:31.973 INFO [http-nio-8081-exec-52] org.apache.catalina.core.ApplicationContext.log Manager: stop: Stopping web application '/cuoiki1'
15-Nov-2022 09:44:31.973 INFO [http-nio-8081-exec-53] org.apache.catalina.core.ApplicationContext.log Manager: start: Starting web application '/cuoiki1'
15-Nov-2022 09:44:56.151 INFO [http-nio-8081-exec-50] org.apache.catalina.core.ApplicationContext.log Manager: list: Listing contexts for virtual host 'localhost'
15-Nov-2022 09:44:56.151 INFO [http-nio-8081-exec-57] org.apache.catalina.core.ApplicationContext.log Manager: restart: Reloading web application '/cuoiki1'
15-Nov-2022 09:45:41.316 INFO [http-nio-8081-exec-55] org.apache.catalina.core.ApplicationContext.log Manager: list: Listing contexts for virtual host 'localhost'
15-Nov-2022 09:45:41.331 INFO [http-nio-8081-exec-61] org.apache.catalina.core.ApplicationContext.log Manager: restart: Reloading web application '/cuoiki1'
15-Nov-2022 09:46:38.576 INFO [http-nio-8081-exec-68] org.apache.catalina.core.ApplicationContext.log Manager: list: Listing contexts for virtual host 'localhost'
15-Nov-2022 09:46:54.600 INFO [http-nio-8081-exec-59] org.apache.catalina.core.ApplicationContext.log Manager: list: Listing contexts for virtual host 'localhost'
15-Nov-2022 09:46:54.616 INFO [http-nio-8081-exec-58] org.apache.catalina.core.ApplicationContext.log Manager: list: Listing contexts for virtual host 'localhost'
15-Nov-2022 09:46:54.632 INFO [http-nio-8081-exec-50] org.apache.catalina.core.ApplicationContext.log Manager: restart: Reloading web application '/cuoiki1'
15-Nov-2022 09:47:54.003 INFO [http-nio-8081-exec-71] org.apache.catalina.core.ApplicationContext.log Manager: list: Listing contexts for virtual host 'localhost'
15-Nov-2022 09:47:54.020 INFO [http-nio-8081-exec-72] org.apache.catalina.core.ApplicationContext.log Manager: restart: Reloading web application '/cuoiki1'
15-Nov-2022 09:48:36.273 INFO [http-nio-8081-exec-82] org.apache.catalina.core.ApplicationContext.log Manager: list: Listing contexts for virtual host 'localhost'
15-Nov-2022 09:51:03.391 INFO [http-nio-8081-exec-83] org.apache.catalina.core.ApplicationContext.log Manager: list: Listing contexts for virtual host 'localhost'
15-Nov-2022 09:51:03.407 INFO [http-nio-8081-exec-82] org.apache.catalina.core.ApplicationContext.log Manager: restart: Reloading web application '/cuoiki1'
15-Nov-2022 09:52:21.971 INFO [http-nio-8081-exec-93] org.apache.catalina.core.ApplicationContext.log Manager: list: Listing contexts for virtual host 'localhost'
15-Nov-2022 09:52:21.971 INFO [http-nio-8081-exec-90] org.apache.catalina.core.ApplicationContext.log Manager: restart: Reloading web application '/cuoiki1'
15-Nov-2022 09:53:41.426 INFO [http-nio-8081-exec-89] org.apache.catalina.core.ApplicationContext.log Manager: list: Listing contexts for virtual host 'localhost'
15-Nov-2022 09:53:41.439 INFO [http-nio-8081-exec-94] org.apache.catalina.core.ApplicationContext.log Manager: restart: Reloading web application '/cuoiki1'
15-Nov-2022 09:54:13.267 INFO [http-nio-8081-exec-96] org.apache.catalina.core.ApplicationContext.log Manager: list: Listing contexts for virtual host 'localhost'
15-Nov-2022 09:54:20.728 INFO [http-nio-8081-exec-97] org.apache.catalina.core.ApplicationContext.log Manager: list: Listing contexts for virtual host 'localhost'
15-Nov-2022 09:56:34.305 INFO [http-nio-8081-exec-99] org.apache.catalina.core.ApplicationContext.log Manager: list: Listing contexts for virtual host 'localhost'
15-Nov-2022 09:56:34.321 INFO [http-nio-8081-exec-97] org.apache.catalina.core.ApplicationContext.log Manager: restart: Reloading web application '/cuoiki1'
15-Nov-2022 09:58:02.712 INFO [http-nio-8081-exec-101] org.apache.catalina.core.ApplicationContext.log Manager: list: Listing contexts for virtual host 'localhost'
15-Nov-2022 09:58:02.727 INFO [http-nio-8081-exec-105] org.apache.catalina.core.ApplicationContext.log Manager: restart: Reloading web application '/cuoiki1'
15-Nov-2022 09:58:30.531 INFO [http-nio-8081-exec-102] org.apache.catalina.core.ApplicationContext.log Manager: list: Listing contexts for virtual host 'localhost'
15-Nov-2022 09:58:30.531 INFO [http-nio-8081-exec-107] org.apache.catalina.core.ApplicationContext.log Manager: restart: Reloading web application '/cuoiki1'
15-Nov-2022 09:58:37.649 INFO [http-nio-8081-exec-109] org.apache.catalina.core.ApplicationContext.log Manager: list: Listing contexts for virtual host 'localhost'
15-Nov-2022 09:58:37.649 INFO [http-nio-8081-exec-97] org.apache.catalina.core.ApplicationContext.log Manager: restart: Reloading web application '/cuoiki1'
15-Nov-2022 09:58:44.370 INFO [http-nio-8081-exec-102] org.apache.catalina.core.ApplicationContext.log Manager: list: Listing contexts for virtual host 'localhost'
15-Nov-2022 09:58:44.380 INFO [http-nio-8081-exec-104] org.apache.catalina.core.ApplicationContext.log Manager: restart: Reloading web application '/cuoiki1'
15-Nov-2022 09:59:16.662 INFO [http-nio-8081-exec-107] org.apache.catalina.core.ApplicationContext.log Manager: list: Listing contexts for virtual host 'localhost'
15-Nov-2022 09:59:16.670 INFO [http-nio-8081-exec-97] org.apache.catalina.core.ApplicationContext.log Manager: restart: Reloading web application '/cuoiki1'
15-Nov-2022 10:00:19.957 INFO [http-nio-8081-exec-115] org.apache.catalina.core.ApplicationContext.log Manager: list: Listing contexts for virtual host 'localhost'
15-Nov-2022 10:00:19.973 INFO [http-nio-8081-exec-114] org.apache.catalina.core.ApplicationContext.log Manager: restart: Reloading web application '/cuoiki1'
15-Nov-2022 10:02:22.272 INFO [http-nio-8081-exec-127] org.apache.catalina.core.ApplicationContext.log Manager: list: Listing contexts for virtual host 'localhost'
15-Nov-2022 10:02:22.272 INFO [http-nio-8081-exec-128] org.apache.catalina.core.ApplicationContext.log Manager: restart: Reloading web application '/cuoiki1'
15-Nov-2022 10:02:33.072 INFO [http-nio-8081-exec-125] org.apache.catalina.core.ApplicationContext.log Manager: list: Listing contexts for virtual host 'localhost'
15-Nov-2022 10:02:33.080 INFO [http-nio-8081-exec-121] org.apache.catalina.core.ApplicationContext.log Manager: restart: Reloading web application '/cuoiki1'
15-Nov-2022 10:06:00.253 INFO [http-nio-8081-exec-135] org.apache.catalina.core.ApplicationContext.log Manager: list: Listing contexts for virtual host 'localhost'
15-Nov-2022 10:06:00.269 INFO [http-nio-8081-exec-127] org.apache.catalina.core.ApplicationContext.log Manager: restart: Reloading web application '/cuoiki1'
15-Nov-2022 10:06:09.808 INFO [http-nio-8081-exec-135] org.apache.catalina.core.ApplicationContext.log Manager: list: Listing contexts for virtual host 'localhost'
15-Nov-2022 10:06:09.808 INFO [http-nio-8081-exec-138] org.apache.catalina.core.ApplicationContext.log Manager: restart: Reloading web application '/cuoiki1'
15-Nov-2022 10:21:37.653 INFO [http-nio-8081-exec-149] org.apache.catalina.core.ApplicationContext.log Manager: list: Listing contexts for virtual host 'localhost'
15-Nov-2022 10:22:02.552 INFO [http-nio-8081-exec-143] org.apache.catalina.core.ApplicationContext.log Manager: list: Listing contexts for virtual host 'localhost'
15-Nov-2022 10:22:17.330 INFO [http-nio-8081-exec-148] org.apache.catalina.core.ApplicationContext.log Manager: list: Listing contexts for virtual host 'localhost'
15-Nov-2022 10:22:58.681 INFO [http-nio-8081-exec-143] org.apache.catalina.core.ApplicationContext.log Manager: list: Listing contexts for virtual host 'localhost'
15-Nov-2022 10:23:27.807 INFO [http-nio-8081-exec-141] org.apache.catalina.core.ApplicationContext.log Manager: list: Listing contexts for virtual host 'localhost'
15-Nov-2022 10:23:43.308 INFO [http-nio-8081-exec-142] org.apache.catalina.core.ApplicationContext.log Manager: list: Listing contexts for virtual host 'localhost'
15-Nov-2022 10:23:43.324 INFO [http-nio-8081-exec-148] org.apache.catalina.core.ApplicationContext.log Manager: stop: Stopping web application '/cuoiki1'
15-Nov-2022 10:23:43.335 INFO [http-nio-8081-exec-146] org.apache.catalina.core.ApplicationContext.log Manager: start: Starting web application '/cuoiki1'
15-Nov-2022 10:23:43.603 INFO [http-nio-8081-exec-143] org.apache.catalina.core.ApplicationContext.log Manager: list: Listing contexts for virtual host 'localhost'
15-Nov-2022 10:23:43.622 INFO [http-nio-8081-exec-147] org.apache.catalina.core.ApplicationContext.log Manager: restart: Reloading web application '/cuoiki1'
15-Nov-2022 10:23:55.358 INFO [http-nio-8081-exec-144] org.apache.catalina.core.ApplicationContext.log Manager: list: Listing contexts for virtual host 'localhost'
15-Nov-2022 10:23:55.365 INFO [http-nio-8081-exec-147] org.apache.catalina.core.ApplicationContext.log Manager: restart: Reloading web application '/cuoiki1'
15-Nov-2022 10:24:20.124 INFO [http-nio-8081-exec-141] org.apache.catalina.core.ApplicationContext.log Manager: list: Listing contexts for virtual host 'localhost'
15-Nov-2022 10:24:20.143 INFO [http-nio-8081-exec-152] org.apache.catalina.core.ApplicationContext.log Manager: restart: Reloading web application '/cuoiki1'
15-Nov-2022 10:25:24.364 INFO [http-nio-8081-exec-141] org.apache.catalina.core.ApplicationContext.log Manager: list: Listing contexts for virtual host 'localhost'
15-Nov-2022 10:25:43.612 INFO [http-nio-8081-exec-145] org.apache.catalina.core.ApplicationContext.log Manager: list: Listing contexts for virtual host 'localhost'
15-Nov-2022 10:25:49.805 INFO [http-nio-8081-exec-150] org.apache.catalina.core.ApplicationContext.log Manager: list: Listing contexts for virtual host 'localhost'
15-Nov-2022 10:26:27.339 INFO [http-nio-8081-exec-141] org.apache.catalina.core.ApplicationContext.log Manager: list: Listing contexts for virtual host 'localhost'
15-Nov-2022 10:26:27.339 INFO [http-nio-8081-exec-158] org.apache.catalina.core.ApplicationContext.log Manager: restart: Reloading web application '/cuoiki1'
15-Nov-2022 10:26:55.870 INFO [http-nio-8081-exec-154] org.apache.catalina.core.ApplicationContext.log Manager: list: Listing contexts for virtual host 'localhost'
15-Nov-2022 10:26:55.876 INFO [http-nio-8081-exec-150] org.apache.catalina.core.ApplicationContext.log Manager: restart: Reloading web application '/cuoiki1'
15-Nov-2022 10:27:16.875 INFO [http-nio-8081-exec-159] org.apache.catalina.core.ApplicationContext.log Manager: list: Listing contexts for virtual host 'localhost'
15-Nov-2022 10:27:16.891 INFO [http-nio-8081-exec-143] org.apache.catalina.core.ApplicationContext.log Manager: restart: Reloading web application '/cuoiki1'
15-Nov-2022 10:27:25.688 INFO [http-nio-8081-exec-159] org.apache.catalina.core.ApplicationContext.log Manager: list: Listing contexts for virtual host 'localhost'
15-Nov-2022 10:27:25.688 INFO [http-nio-8081-exec-147] org.apache.catalina.core.ApplicationContext.log Manager: list: Listing contexts for virtual host 'localhost'
15-Nov-2022 10:27:25.704 INFO [http-nio-8081-exec-143] org.apache.catalina.core.ApplicationContext.log Manager: stop: Stopping web application '/cuoiki1'
15-Nov-2022 10:27:25.719 INFO [http-nio-8081-exec-159] org.apache.catalina.core.ApplicationContext.log Manager: start: Starting web application '/cuoiki1'
15-Nov-2022 10:28:45.455 INFO [http-nio-8081-exec-163] org.apache.catalina.core.ApplicationContext.log Manager: list: Listing contexts for virtual host 'localhost'
15-Nov-2022 10:28:45.455 INFO [http-nio-8081-exec-167] org.apache.catalina.core.ApplicationContext.log Manager: restart: Reloading web application '/cuoiki1'
15-Nov-2022 10:29:14.955 INFO [http-nio-8081-exec-164] org.apache.catalina.core.ApplicationContext.log Manager: list: Listing contexts for virtual host 'localhost'
15-Nov-2022 10:30:40.848 INFO [http-nio-8081-exec-169] org.apache.catalina.core.ApplicationContext.log Manager: list: Listing contexts for virtual host 'localhost'
15-Nov-2022 10:30:40.856 INFO [http-nio-8081-exec-162] org.apache.catalina.core.ApplicationContext.log Manager: restart: Reloading web application '/cuoiki1'
15-Nov-2022 10:31:02.779 INFO [http-nio-8081-exec-172] org.apache.catalina.core.ApplicationContext.log Manager: list: Listing contexts for virtual host 'localhost'
15-Nov-2022 10:31:02.787 INFO [http-nio-8081-exec-164] org.apache.catalina.core.ApplicationContext.log Manager: restart: Reloading web application '/cuoiki1'
15-Nov-2022 10:31:10.562 INFO [http-nio-8081-exec-173] org.apache.catalina.core.ApplicationContext.log Manager: list: Listing contexts for virtual host 'localhost'
15-Nov-2022 10:31:10.562 INFO [http-nio-8081-exec-169] org.apache.catalina.core.ApplicationContext.log Manager: list: Listing contexts for virtual host 'localhost'
15-Nov-2022 10:31:10.594 INFO [http-nio-8081-exec-172] org.apache.catalina.core.ApplicationContext.log Manager: restart: Reloading web application '/cuoiki1'
15-Nov-2022 10:31:50.361 INFO [http-nio-8081-exec-184] org.apache.catalina.core.ApplicationContext.log Manager: list: Listing contexts for virtual host 'localhost'
15-Nov-2022 10:32:26.576 INFO [http-nio-8081-exec-178] org.apache.catalina.core.ApplicationContext.log Manager: list: Listing contexts for virtual host 'localhost'
15-Nov-2022 10:32:26.576 INFO [http-nio-8081-exec-183] org.apache.catalina.core.ApplicationContext.log Manager: restart: Reloading web application '/cuoiki1'
15-Nov-2022 10:33:00.320 INFO [http-nio-8081-exec-179] org.apache.catalina.core.ApplicationContext.log Manager: list: Listing contexts for virtual host 'localhost'
15-Nov-2022 10:33:00.336 INFO [http-nio-8081-exec-187] org.apache.catalina.core.ApplicationContext.log Manager: list: Listing contexts for virtual host 'localhost'
15-Nov-2022 10:33:00.352 INFO [http-nio-8081-exec-186] org.apache.catalina.core.ApplicationContext.log Manager: restart: Reloading web application '/cuoiki1'
15-Nov-2022 10:33:22.074 INFO [http-nio-8081-exec-180] org.apache.catalina.core.ApplicationContext.log Manager: list: Listing contexts for virtual host 'localhost'
15-Nov-2022 10:33:22.090 INFO [http-nio-8081-exec-186] org.apache.catalina.core.ApplicationContext.log Manager: restart: Reloading web application '/cuoiki1'
15-Nov-2022 10:33:27.518 INFO [http-nio-8081-exec-195] org.apache.catalina.core.ApplicationContext.log Manager: list: Listing contexts for virtual host 'localhost'
15-Nov-2022 10:33:41.315 INFO [http-nio-8081-exec-196] org.apache.catalina.core.ApplicationContext.log Manager: list: Listing contexts for virtual host 'localhost'
15-Nov-2022 10:34:16.378 INFO [http-nio-8081-exec-202] org.apache.catalina.core.ApplicationContext.log Manager: list: Listing contexts for virtual host 'localhost'
15-Nov-2022 10:34:16.387 INFO [http-nio-8081-exec-179] org.apache.catalina.core.ApplicationContext.log Manager: restart: Reloading web application '/cuoiki1'
15-Nov-2022 10:34:33.143 INFO [http-nio-8081-exec-202] org.apache.catalina.core.ApplicationContext.log Manager: list: Listing contexts for virtual host 'localhost'
15-Nov-2022 10:35:16.811 INFO [http-nio-8081-exec-204] org.apache.catalina.core.ApplicationContext.log Manager: list: Listing contexts for virtual host 'localhost'
15-Nov-2022 10:36:13.000 INFO [http-nio-8081-exec-205] org.apache.catalina.core.ApplicationContext.log Manager: list: Listing contexts for virtual host 'localhost'
15-Nov-2022 10:36:13.000 INFO [http-nio-8081-exec-210] org.apache.catalina.core.ApplicationContext.log Manager: restart: Reloading web application '/cuoiki1'
15-Nov-2022 10:37:03.245 INFO [http-nio-8081-exec-212] org.apache.catalina.core.ApplicationContext.log Manager: list: Listing contexts for virtual host 'localhost'
15-Nov-2022 10:37:03.254 INFO [http-nio-8081-exec-208] org.apache.catalina.core.ApplicationContext.log Manager: restart: Reloading web application '/cuoiki1'
15-Nov-2022 10:37:06.139 INFO [http-nio-8081-exec-213] org.apache.catalina.core.ApplicationContext.log Manager: list: Listing contexts for virtual host 'localhost'
15-Nov-2022 10:37:06.139 INFO [http-nio-8081-exec-205] org.apache.catalina.core.ApplicationContext.log Manager: list: Listing contexts for virtual host 'localhost'
15-Nov-2022 10:37:06.155 INFO [http-nio-8081-exec-207] org.apache.catalina.core.ApplicationContext.log Manager: restart: Reloading web application '/cuoiki1'
15-Nov-2022 10:38:28.964 INFO [http-nio-8081-exec-215] org.apache.catalina.core.ApplicationContext.log Manager: list: Listing contexts for virtual host 'localhost'
15-Nov-2022 10:38:28.964 INFO [http-nio-8081-exec-221] org.apache.catalina.core.ApplicationContext.log Manager: restart: Reloading web application '/cuoiki1'
15-Nov-2022 10:41:53.495 INFO [http-nio-8081-exec-227] org.apache.catalina.core.ApplicationContext.log Manager: list: Listing contexts for virtual host 'localhost'
15-Nov-2022 10:41:53.495 INFO [http-nio-8081-exec-228] org.apache.catalina.core.ApplicationContext.log Manager: restart: Reloading web application '/cuoiki1'
15-Nov-2022 10:42:48.952 INFO [http-nio-8081-exec-215] org.apache.catalina.core.ApplicationContext.log Manager: list: Listing contexts for virtual host 'localhost'
15-Nov-2022 10:42:48.952 INFO [http-nio-8081-exec-228] org.apache.catalina.core.ApplicationContext.log Manager: restart: Reloading web application '/cuoiki1'
15-Nov-2022 10:44:20.481 INFO [http-nio-8081-exec-236] org.apache.catalina.core.ApplicationContext.log Manager: list: Listing contexts for virtual host 'localhost'
15-Nov-2022 12:32:39.465 INFO [http-nio-8081-exec-237] org.apache.catalina.core.ApplicationContext.log Manager: list: Listing contexts for virtual host 'localhost'
15-Nov-2022 12:32:39.465 INFO [http-nio-8081-exec-238] org.apache.catalina.core.ApplicationContext.log Manager: restart: Reloading web application '/cuoiki1'
15-Nov-2022 12:33:21.554 INFO [http-nio-8081-exec-234] org.apache.catalina.core.ApplicationContext.log Manager: list: Listing contexts for virtual host 'localhost'
15-Nov-2022 12:33:21.561 INFO [http-nio-8081-exec-239] org.apache.catalina.core.ApplicationContext.log Manager: restart: Reloading web application '/cuoiki1'
15-Nov-2022 12:34:13.039 INFO [http-nio-8081-exec-242] org.apache.catalina.core.ApplicationContext.log Manager: list: Listing contexts for virtual host 'localhost'
15-Nov-2022 12:34:13.059 INFO [http-nio-8081-exec-236] org.apache.catalina.core.ApplicationContext.log Manager: restart: Reloading web application '/cuoiki1'
15-Nov-2022 12:34:27.209 INFO [http-nio-8081-exec-240] org.apache.catalina.core.ApplicationContext.log Manager: list: Listing contexts for virtual host 'localhost'
15-Nov-2022 12:34:27.224 INFO [http-nio-8081-exec-242] org.apache.catalina.core.ApplicationContext.log Manager: restart: Reloading web application '/cuoiki1'
15-Nov-2022 12:34:36.884 INFO [http-nio-8081-exec-243] org.apache.catalina.core.ApplicationContext.log Manager: list: Listing contexts for virtual host 'localhost'
15-Nov-2022 12:34:36.884 INFO [http-nio-8081-exec-232] org.apache.catalina.core.ApplicationContext.log Manager: restart: Reloading web application '/cuoiki1'
15-Nov-2022 12:35:30.041 INFO [http-nio-8081-exec-241] org.apache.catalina.core.ApplicationContext.log Manager: list: Listing contexts for virtual host 'localhost'
15-Nov-2022 12:35:30.041 INFO [http-nio-8081-exec-245] org.apache.catalina.core.ApplicationContext.log Manager: restart: Reloading web application '/cuoiki1'
15-Nov-2022 12:35:37.965 INFO [http-nio-8081-exec-234] org.apache.catalina.core.ApplicationContext.log Manager: list: Listing contexts for virtual host 'localhost'
15-Nov-2022 12:35:37.980 INFO [http-nio-8081-exec-235] org.apache.catalina.core.ApplicationContext.log Manager: restart: Reloading web application '/cuoiki1'
15-Nov-2022 12:39:40.155 INFO [http-nio-8081-exec-250] org.apache.catalina.core.ApplicationContext.log Manager: list: Listing contexts for virtual host 'localhost'
15-Nov-2022 12:39:40.170 INFO [http-nio-8081-exec-252] org.apache.catalina.core.ApplicationContext.log Manager: restart: Reloading web application '/cuoiki1'
15-Nov-2022 12:39:45.704 INFO [http-nio-8081-exec-251] org.apache.catalina.core.ApplicationContext.log Manager: list: Listing contexts for virtual host 'localhost'
15-Nov-2022 12:39:45.704 INFO [http-nio-8081-exec-248] org.apache.catalina.core.ApplicationContext.log Manager: list: Listing contexts for virtual host 'localhost'
15-Nov-2022 12:39:45.735 INFO [http-nio-8081-exec-249] org.apache.catalina.core.ApplicationContext.log Manager: restart: Reloading web application '/cuoiki1'
15-Nov-2022 12:42:32.250 INFO [http-nio-8081-exec-259] org.apache.catalina.core.ApplicationContext.log Manager: list: Listing contexts for virtual host 'localhost'
15-Nov-2022 12:42:47.162 INFO [http-nio-8081-exec-260] org.apache.catalina.core.ApplicationContext.log Manager: list: Listing contexts for virtual host 'localhost'
15-Nov-2022 12:43:01.100 INFO [http-nio-8081-exec-256] org.apache.catalina.core.ApplicationContext.log Manager: list: Listing contexts for virtual host 'localhost'
15-Nov-2022 12:43:01.116 INFO [http-nio-8081-exec-255] org.apache.catalina.core.ApplicationContext.log Manager: restart: Reloading web application '/cuoiki1'
15-Nov-2022 12:43:16.115 INFO [http-nio-8081-exec-265] org.apache.catalina.core.ApplicationContext.log Manager: list: Listing contexts for virtual host 'localhost'
15-Nov-2022 12:43:16.117 INFO [http-nio-8081-exec-262] org.apache.catalina.core.ApplicationContext.log Manager: list: Listing contexts for virtual host 'localhost'
15-Nov-2022 12:43:16.142 INFO [http-nio-8081-exec-259] org.apache.catalina.core.ApplicationContext.log Manager: restart: Reloading web application '/cuoiki1'
15-Nov-2022 12:43:26.843 INFO [http-nio-8081-exec-256] org.apache.catalina.core.ApplicationContext.log Manager: list: Listing contexts for virtual host 'localhost'
15-Nov-2022 12:43:26.843 INFO [http-nio-8081-exec-257] org.apache.catalina.core.ApplicationContext.log Manager: list: Listing contexts for virtual host 'localhost'
15-Nov-2022 12:48:31.084 INFO [http-nio-8081-exec-271] org.apache.catalina.core.ApplicationContext.log Manager: list: Listing contexts for virtual host 'localhost'
15-Nov-2022 12:48:34.081 INFO [http-nio-8081-exec-271] org.apache.catalina.core.ApplicationContext.log Manager: list: Listing contexts for virtual host 'localhost'
15-Nov-2022 12:48:34.083 INFO [http-nio-8081-exec-272] org.apache.catalina.core.ApplicationContext.log Manager: list: Listing contexts for virtual host 'localhost'
15-Nov-2022 12:53:23.634 INFO [http-nio-8081-exec-269] org.apache.catalina.core.ApplicationContext.log Manager: list: Listing contexts for virtual host 'localhost'
15-Nov-2022 12:54:57.585 INFO [http-nio-8081-exec-270] org.apache.catalina.core.ApplicationContext.log Manager: list: Listing contexts for virtual host 'localhost'
15-Nov-2022 12:59:53.848 INFO [http-nio-8081-exec-272] org.apache.catalina.core.ApplicationContext.log Manager: list: Listing contexts for virtual host 'localhost'
15-Nov-2022 13:00:07.153 INFO [http-nio-8081-exec-271] org.apache.catalina.core.ApplicationContext.log Manager: list: Listing contexts for virtual host 'localhost'
15-Nov-2022 13:00:42.211 INFO [http-nio-8081-exec-276] org.apache.catalina.core.ApplicationContext.log Manager: list: Listing contexts for virtual host 'localhost'
15-Nov-2022 13:02:02.716 INFO [http-nio-8081-exec-270] org.apache.catalina.core.ApplicationContext.log Manager: list: Listing contexts for virtual host 'localhost'
15-Nov-2022 13:02:02.731 INFO [http-nio-8081-exec-272] org.apache.catalina.core.ApplicationContext.log Manager: restart: Reloading web application '/cuoiki1'
15-Nov-2022 13:02:08.254 INFO [http-nio-8081-exec-274] org.apache.catalina.core.ApplicationContext.log Manager: list: Listing contexts for virtual host 'localhost'
15-Nov-2022 13:02:08.254 INFO [http-nio-8081-exec-267] org.apache.catalina.core.ApplicationContext.log Manager: list: Listing contexts for virtual host 'localhost'
15-Nov-2022 13:02:08.285 INFO [http-nio-8081-exec-270] org.apache.catalina.core.ApplicationContext.log Manager: restart: Reloading web application '/cuoiki1'
15-Nov-2022 13:03:20.934 INFO [http-nio-8081-exec-282] org.apache.catalina.core.ApplicationContext.log Manager: list: Listing contexts for virtual host 'localhost'
15-Nov-2022 13:03:20.949 INFO [http-nio-8081-exec-283] org.apache.catalina.core.ApplicationContext.log Manager: restart: Reloading web application '/cuoiki1'
15-Nov-2022 13:03:59.804 INFO [http-nio-8081-exec-286] org.apache.catalina.core.ApplicationContext.log Manager: list: Listing contexts for virtual host 'localhost'
15-Nov-2022 13:05:56.271 INFO [http-nio-8081-exec-294] org.apache.catalina.core.ApplicationContext.log Manager: list: Listing contexts for virtual host 'localhost'
15-Nov-2022 13:05:56.287 INFO [http-nio-8081-exec-296] org.apache.catalina.core.ApplicationContext.log Manager: restart: Reloading web application '/cuoiki1'
15-Nov-2022 13:06:00.816 INFO [http-nio-8081-exec-293] org.apache.catalina.core.ApplicationContext.log Manager: list: Listing contexts for virtual host 'localhost'
15-Nov-2022 13:06:00.816 INFO [http-nio-8081-exec-290] org.apache.catalina.core.ApplicationContext.log Manager: list: Listing contexts for virtual host 'localhost'
15-Nov-2022 13:06:00.831 INFO [http-nio-8081-exec-297] org.apache.catalina.core.ApplicationContext.log Manager: restart: Reloading web application '/cuoiki1'
15-Nov-2022 13:08:18.995 INFO [http-nio-8081-exec-301] org.apache.catalina.core.ApplicationContext.log Manager: list: Listing contexts for virtual host 'localhost'
15-Nov-2022 13:10:48.824 INFO [http-nio-8081-exec-299] org.apache.catalina.core.ApplicationContext.log Manager: list: Listing contexts for virtual host 'localhost'
15-Nov-2022 13:10:48.824 INFO [http-nio-8081-exec-300] org.apache.catalina.core.ApplicationContext.log Manager: restart: Reloading web application '/cuoiki1'
15-Nov-2022 13:11:39.686 INFO [http-nio-8081-exec-309] org.apache.catalina.core.ApplicationContext.log Manager: list: Listing contexts for virtual host 'localhost'
15-Nov-2022 13:11:39.693 INFO [http-nio-8081-exec-314] org.apache.catalina.core.ApplicationContext.log Manager: restart: Reloading web application '/cuoiki1'
15-Nov-2022 13:12:44.251 INFO [http-nio-8081-exec-319] org.apache.catalina.core.ApplicationContext.log Manager: list: Listing contexts for virtual host 'localhost'
15-Nov-2022 13:12:44.266 INFO [http-nio-8081-exec-326] org.apache.catalina.core.ApplicationContext.log Manager: restart: Reloading web application '/cuoiki1'
15-Nov-2022 13:15:02.667 INFO [http-nio-8081-exec-329] org.apache.catalina.core.ApplicationContext.log Manager: list: Listing contexts for virtual host 'localhost'
15-Nov-2022 13:15:44.096 INFO [http-nio-8081-exec-331] org.apache.catalina.core.ApplicationContext.log Manager: list: Listing contexts for virtual host 'localhost'
15-Nov-2022 13:15:47.344 INFO [http-nio-8081-exec-328] org.apache.catalina.core.ApplicationContext.log Manager: list: Listing contexts for virtual host 'localhost'
15-Nov-2022 13:22:55.263 INFO [http-nio-8081-exec-333] org.apache.catalina.core.ApplicationContext.log Manager: list: Listing contexts for virtual host 'localhost'
15-Nov-2022 13:23:07.140 INFO [http-nio-8081-exec-331] org.apache.catalina.core.ApplicationContext.log Manager: list: Listing contexts for virtual host 'localhost'
15-Nov-2022 13:33:23.658 INFO [http-nio-8081-exec-333] org.apache.catalina.core.ApplicationContext.log Manager: list: Listing contexts for virtual host 'localhost'
15-Nov-2022 13:33:23.665 INFO [http-nio-8081-exec-332] org.apache.catalina.core.ApplicationContext.log Manager: restart: Reloading web application '/cuoiki1'
15-Nov-2022 13:34:45.182 INFO [http-nio-8081-exec-337] org.apache.catalina.core.ApplicationContext.log Manager: list: Listing contexts for virtual host 'localhost'
15-Nov-2022 13:34:45.188 INFO [http-nio-8081-exec-330] org.apache.catalina.core.ApplicationContext.log Manager: restart: Reloading web application '/cuoiki1'
15-Nov-2022 13:34:54.383 INFO [http-nio-8081-exec-330] org.apache.catalina.core.ApplicationContext.log Manager: list: Listing contexts for virtual host 'localhost'
15-Nov-2022 13:34:54.391 INFO [http-nio-8081-exec-334] org.apache.catalina.core.ApplicationContext.log Manager: restart: Reloading web application '/cuoiki1'
15-Nov-2022 13:35:16.083 INFO [http-nio-8081-exec-337] org.apache.catalina.core.ApplicationContext.log Manager: list: Listing contexts for virtual host 'localhost'
15-Nov-2022 13:35:16.083 INFO [http-nio-8081-exec-340] org.apache.catalina.core.ApplicationContext.log Manager: restart: Reloading web application '/cuoiki1'
15-Nov-2022 13:35:30.593 INFO [http-nio-8081-exec-338] org.apache.catalina.core.ApplicationContext.log Manager: list: Listing contexts for virtual host 'localhost'
15-Nov-2022 13:35:30.608 INFO [http-nio-8081-exec-342] org.apache.catalina.core.ApplicationContext.log Manager: restart: Reloading web application '/cuoiki1'
15-Nov-2022 13:35:33.592 INFO [http-nio-8081-exec-339] org.apache.catalina.core.ApplicationContext.log Manager: list: Listing contexts for virtual host 'localhost'
15-Nov-2022 13:35:33.615 INFO [http-nio-8081-exec-334] org.apache.catalina.core.ApplicationContext.log Manager: restart: Reloading web application '/cuoiki1'
15-Nov-2022 13:35:49.836 INFO [http-nio-8081-exec-337] org.apache.catalina.core.ApplicationContext.log Manager: list: Listing contexts for virtual host 'localhost'
15-Nov-2022 13:35:49.846 INFO [http-nio-8081-exec-342] org.apache.catalina.core.ApplicationContext.log Manager: restart: Reloading web application '/cuoiki1'
15-Nov-2022 13:45:11.691 INFO [http-nio-8081-exec-355] org.apache.catalina.core.ApplicationContext.log Manager: list: Listing contexts for virtual host 'localhost'
15-Nov-2022 13:45:40.081 INFO [http-nio-8081-exec-348] org.apache.catalina.core.ApplicationContext.log Manager: list: Listing contexts for virtual host 'localhost'
15-Nov-2022 13:46:21.462 INFO [http-nio-8081-exec-348] org.apache.catalina.core.ApplicationContext.log Manager: list: Listing contexts for virtual host 'localhost'
15-Nov-2022 13:46:21.468 INFO [http-nio-8081-exec-347] org.apache.catalina.core.ApplicationContext.log Manager: restart: Reloading web application '/cuoiki1'
15-Nov-2022 13:46:56.616 INFO [http-nio-8081-exec-357] org.apache.catalina.core.ApplicationContext.log Manager: list: Listing contexts for virtual host 'localhost'
15-Nov-2022 13:46:56.632 INFO [http-nio-8081-exec-353] org.apache.catalina.core.ApplicationContext.log Manager: restart: Reloading web application '/cuoiki1'
15-Nov-2022 13:47:11.622 INFO [http-nio-8081-exec-359] org.apache.catalina.core.ApplicationContext.log Manager: list: Listing contexts for virtual host 'localhost'
15-Nov-2022 13:47:11.637 INFO [http-nio-8081-exec-354] org.apache.catalina.core.ApplicationContext.log Manager: restart: Reloading web application '/cuoiki1'
15-Nov-2022 13:49:34.925 INFO [http-nio-8081-exec-369] org.apache.catalina.core.ApplicationContext.log Manager: list: Listing contexts for virtual host 'localhost'
15-Nov-2022 13:49:34.925 INFO [http-nio-8081-exec-372] org.apache.catalina.core.ApplicationContext.log Manager: restart: Reloading web application '/cuoiki1'
15-Nov-2022 13:49:52.822 INFO [http-nio-8081-exec-376] org.apache.catalina.core.ApplicationContext.log Manager: list: Listing contexts for virtual host 'localhost'
15-Nov-2022 13:49:52.837 INFO [http-nio-8081-exec-377] org.apache.catalina.core.ApplicationContext.log Manager: restart: Reloading web application '/cuoiki1'
15-Nov-2022 13:50:10.840 INFO [http-nio-8081-exec-367] org.apache.catalina.core.ApplicationContext.log Manager: list: Listing contexts for virtual host 'localhost'
15-Nov-2022 13:50:10.855 INFO [http-nio-8081-exec-383] org.apache.catalina.core.ApplicationContext.log Manager: restart: Reloading web application '/cuoiki1'
15-Nov-2022 13:51:20.070 INFO [http-nio-8081-exec-386] org.apache.catalina.core.ApplicationContext.log Manager: list: Listing contexts for virtual host 'localhost'
15-Nov-2022 13:51:59.506 INFO [http-nio-8081-exec-390] org.apache.catalina.core.ApplicationContext.log Manager: list: Listing contexts for virtual host 'localhost'
15-Nov-2022 13:51:59.521 INFO [http-nio-8081-exec-391] org.apache.catalina.core.ApplicationContext.log Manager: restart: Reloading web application '/cuoiki1'
15-Nov-2022 13:56:22.565 INFO [http-nio-8081-exec-405] org.apache.catalina.core.ApplicationContext.log Manager: list: Listing contexts for virtual host 'localhost'
15-Nov-2022 13:56:22.585 INFO [http-nio-8081-exec-397] org.apache.catalina.core.ApplicationContext.log Manager: restart: Reloading web application '/cuoiki1'
15-Nov-2022 14:01:25.316 INFO [http-nio-8081-exec-407] org.apache.catalina.core.ApplicationContext.log Manager: list: Listing contexts for virtual host 'localhost'
15-Nov-2022 14:01:25.334 INFO [http-nio-8081-exec-410] org.apache.catalina.core.ApplicationContext.log Manager: restart: Reloading web application '/cuoiki1'
15-Nov-2022 14:01:51.276 INFO [http-nio-8081-exec-412] org.apache.catalina.core.ApplicationContext.log Manager: list: Listing contexts for virtual host 'localhost'
15-Nov-2022 14:01:51.276 INFO [http-nio-8081-exec-411] org.apache.catalina.core.ApplicationContext.log Manager: restart: Reloading web application '/cuoiki1'
15-Nov-2022 19:57:53.466 INFO [http-nio-8081-exec-432] org.apache.catalina.core.ApplicationContext.log Manager: list: Listing contexts for virtual host 'localhost'
15-Nov-2022 19:58:25.409 INFO [http-nio-8081-exec-432] org.apache.catalina.core.ApplicationContext.log Manager: list: Listing contexts for virtual host 'localhost'
15-Nov-2022 19:58:30.596 INFO [http-nio-8081-exec-429] org.apache.catalina.core.ApplicationContext.log Manager: list: Listing contexts for virtual host 'localhost'
15-Nov-2022 20:30:37.644 INFO [http-nio-8081-exec-426] org.apache.catalina.core.ApplicationContext.log Manager: list: Listing contexts for virtual host 'localhost'
15-Nov-2022 20:30:43.509 INFO [http-nio-8081-exec-427] org.apache.catalina.core.ApplicationContext.log Manager: list: Listing contexts for virtual host 'localhost'
15-Nov-2022 20:38:15.062 INFO [http-nio-8081-exec-430] org.apache.catalina.core.ApplicationContext.log Manager: list: Listing contexts for virtual host 'localhost'
15-Nov-2022 20:38:15.070 INFO [http-nio-8081-exec-424] org.apache.catalina.core.ApplicationContext.log Manager: restart: Reloading web application '/cuoiki1'
15-Nov-2022 20:38:33.573 INFO [http-nio-8081-exec-425] org.apache.catalina.core.ApplicationContext.log Manager: list: Listing contexts for virtual host 'localhost'
15-Nov-2022 20:38:33.573 INFO [http-nio-8081-exec-430] org.apache.catalina.core.ApplicationContext.log Manager: restart: Reloading web application '/cuoiki1'
15-Nov-2022 20:38:39.702 INFO [http-nio-8081-exec-425] org.apache.catalina.core.ApplicationContext.log Manager: list: Listing contexts for virtual host 'localhost'
15-Nov-2022 20:38:39.708 INFO [http-nio-8081-exec-426] org.apache.catalina.core.ApplicationContext.log Manager: restart: Reloading web application '/cuoiki1'
15-Nov-2022 20:39:36.851 INFO [http-nio-8081-exec-434] org.apache.catalina.core.ApplicationContext.log Manager: list: Listing contexts for virtual host 'localhost'
15-Nov-2022 20:39:36.867 INFO [http-nio-8081-exec-435] org.apache.catalina.core.ApplicationContext.log Manager: restart: Reloading web application '/cuoiki1'
15-Nov-2022 20:39:58.692 INFO [http-nio-8081-exec-423] org.apache.catalina.core.ApplicationContext.log Manager: list: Listing contexts for virtual host 'localhost'
15-Nov-2022 20:39:58.692 INFO [http-nio-8081-exec-430] org.apache.catalina.core.ApplicationContext.log Manager: restart: Reloading web application '/cuoiki1'
15-Nov-2022 20:40:07.037 INFO [http-nio-8081-exec-423] org.apache.catalina.core.ApplicationContext.log Manager: list: Listing contexts for virtual host 'localhost'
15-Nov-2022 20:40:07.053 INFO [http-nio-8081-exec-434] org.apache.catalina.core.ApplicationContext.log Manager: restart: Reloading web application '/cuoiki1'
15-Nov-2022 20:43:19.391 INFO [http-nio-8081-exec-440] org.apache.catalina.core.ApplicationContext.log Manager: list: Listing contexts for virtual host 'localhost'
15-Nov-2022 20:43:19.423 INFO [http-nio-8081-exec-446] org.apache.catalina.core.ApplicationContext.log Manager: restart: Reloading web application '/cuoiki1'
15-Nov-2022 20:43:45.018 INFO [http-nio-8081-exec-453] org.apache.catalina.core.ApplicationContext.log Manager: list: Listing contexts for virtual host 'localhost'
15-Nov-2022 20:43:45.026 INFO [http-nio-8081-exec-447] org.apache.catalina.core.ApplicationContext.log Manager: restart: Reloading web application '/cuoiki1'
15-Nov-2022 20:55:30.017 INFO [http-nio-8081-exec-455] org.apache.catalina.core.ApplicationContext.log Manager: list: Listing contexts for virtual host 'localhost'
15-Nov-2022 20:55:30.017 INFO [http-nio-8081-exec-460] org.apache.catalina.core.ApplicationContext.log Manager: restart: Reloading web application '/cuoiki1'
15-Nov-2022 20:56:47.725 INFO [http-nio-8081-exec-461] org.apache.catalina.core.ApplicationContext.log Manager: list: Listing contexts for virtual host 'localhost'
15-Nov-2022 20:56:47.740 INFO [http-nio-8081-exec-458] org.apache.catalina.core.ApplicationContext.log Manager: restart: Reloading web application '/cuoiki1'
15-Nov-2022 20:57:30.368 INFO [http-nio-8081-exec-459] org.apache.catalina.core.ApplicationContext.log Manager: list: Listing contexts for virtual host 'localhost'
15-Nov-2022 20:57:30.374 INFO [http-nio-8081-exec-464] org.apache.catalina.core.ApplicationContext.log Manager: restart: Reloading web application '/cuoiki1'
15-Nov-2022 20:57:33.141 INFO [http-nio-8081-exec-463] org.apache.catalina.core.ApplicationContext.log Manager: list: Listing contexts for virtual host 'localhost'
15-Nov-2022 20:57:33.158 INFO [http-nio-8081-exec-462] org.apache.catalina.core.ApplicationContext.log Manager: restart: Reloading web application '/cuoiki1'
15-Nov-2022 20:58:40.231 INFO [http-nio-8081-exec-469] org.apache.catalina.core.ApplicationContext.log Manager: list: Listing contexts for virtual host 'localhost'
15-Nov-2022 20:58:40.246 INFO [http-nio-8081-exec-476] org.apache.catalina.core.ApplicationContext.log Manager: restart: Reloading web application '/cuoiki1'
15-Nov-2022 21:03:08.215 INFO [http-nio-8081-exec-484] org.apache.catalina.core.ApplicationContext.log Manager: list: Listing contexts for virtual host 'localhost'
15-Nov-2022 21:03:08.215 INFO [http-nio-8081-exec-481] org.apache.catalina.core.ApplicationContext.log Manager: restart: Reloading web application '/cuoiki1'
15-Nov-2022 21:04:10.530 INFO [http-nio-8081-exec-485] org.apache.catalina.core.ApplicationContext.log Manager: list: Listing contexts for virtual host 'localhost'
15-Nov-2022 21:04:10.545 INFO [http-nio-8081-exec-488] org.apache.catalina.core.ApplicationContext.log Manager: restart: Reloading web application '/cuoiki1'
15-Nov-2022 21:05:17.134 INFO [http-nio-8081-exec-490] org.apache.catalina.core.ApplicationContext.log Manager: list: Listing contexts for virtual host 'localhost'
15-Nov-2022 21:05:17.150 INFO [http-nio-8081-exec-484] org.apache.catalina.core.ApplicationContext.log Manager: restart: Reloading web application '/cuoiki1'
15-Nov-2022 21:06:15.926 INFO [http-nio-8081-exec-490] org.apache.catalina.core.ApplicationContext.log Manager: list: Listing contexts for virtual host 'localhost'
15-Nov-2022 21:06:15.942 INFO [http-nio-8081-exec-488] org.apache.catalina.core.ApplicationContext.log Manager: restart: Reloading web application '/cuoiki1'
15-Nov-2022 21:06:58.610 INFO [http-nio-8081-exec-486] org.apache.catalina.core.ApplicationContext.log Manager: list: Listing contexts for virtual host 'localhost'
15-Nov-2022 21:06:58.626 INFO [http-nio-8081-exec-484] org.apache.catalina.core.ApplicationContext.log Manager: restart: Reloading web application '/cuoiki1'
15-Nov-2022 21:07:46.956 INFO [http-nio-8081-exec-490] org.apache.catalina.core.ApplicationContext.log Manager: list: Listing contexts for virtual host 'localhost'
15-Nov-2022 21:07:46.956 INFO [http-nio-8081-exec-495] org.apache.catalina.core.ApplicationContext.log Manager: restart: Reloading web application '/cuoiki1'
15-Nov-2022 21:10:11.071 INFO [http-nio-8081-exec-503] org.apache.catalina.core.ApplicationContext.log Manager: list: Listing contexts for virtual host 'localhost'
15-Nov-2022 21:10:11.087 INFO [http-nio-8081-exec-502] org.apache.catalina.core.ApplicationContext.log Manager: restart: Reloading web application '/cuoiki1'
15-Nov-2022 21:10:31.250 INFO [http-nio-8081-exec-504] org.apache.catalina.core.ApplicationContext.log Manager: list: Listing contexts for virtual host 'localhost'
15-Nov-2022 21:10:31.250 INFO [http-nio-8081-exec-499] org.apache.catalina.core.ApplicationContext.log Manager: restart: Reloading web application '/cuoiki1'
15-Nov-2022 21:10:59.097 INFO [http-nio-8081-exec-499] org.apache.catalina.core.ApplicationContext.log Manager: list: Listing contexts for virtual host 'localhost'
15-Nov-2022 21:10:59.113 INFO [http-nio-8081-exec-503] org.apache.catalina.core.ApplicationContext.log Manager: restart: Reloading web application '/cuoiki1'
15-Nov-2022 21:11:05.182 INFO [http-nio-8081-exec-509] org.apache.catalina.core.ApplicationContext.log Manager: list: Listing contexts for virtual host 'localhost'
15-Nov-2022 21:11:05.197 INFO [http-nio-8081-exec-511] org.apache.catalina.core.ApplicationContext.log Manager: restart: Reloading web application '/cuoiki1'
15-Nov-2022 21:11:14.275 INFO [http-nio-8081-exec-513] org.apache.catalina.core.ApplicationContext.log Manager: list: Listing contexts for virtual host 'localhost'
15-Nov-2022 21:11:14.291 INFO [http-nio-8081-exec-512] org.apache.catalina.core.ApplicationContext.log Manager: restart: Reloading web application '/cuoiki1'
15-Nov-2022 21:11:42.047 INFO [http-nio-8081-exec-518] org.apache.catalina.core.ApplicationContext.log Manager: list: Listing contexts for virtual host 'localhost'
15-Nov-2022 21:11:42.063 INFO [http-nio-8081-exec-517] org.apache.catalina.core.ApplicationContext.log Manager: restart: Reloading web application '/cuoiki1'
15-Nov-2022 21:13:25.678 INFO [http-nio-8081-exec-527] org.apache.catalina.core.ApplicationContext.log Manager: list: Listing contexts for virtual host 'localhost'
15-Nov-2022 21:13:25.693 INFO [http-nio-8081-exec-519] org.apache.catalina.core.ApplicationContext.log Manager: restart: Reloading web application '/cuoiki1'
15-Nov-2022 21:13:28.378 INFO [http-nio-8081-exec-516] org.apache.catalina.core.ApplicationContext.log Manager: list: Listing contexts for virtual host 'localhost'
15-Nov-2022 21:13:28.380 INFO [http-nio-8081-exec-503] org.apache.catalina.core.ApplicationContext.log Manager: list: Listing contexts for virtual host 'localhost'
15-Nov-2022 21:13:28.411 INFO [http-nio-8081-exec-526] org.apache.catalina.core.ApplicationContext.log Manager: restart: Reloading web application '/cuoiki1'
15-Nov-2022 21:13:53.261 INFO [http-nio-8081-exec-532] org.apache.catalina.core.ApplicationContext.log Manager: list: Listing contexts for virtual host 'localhost'
15-Nov-2022 21:13:53.277 INFO [http-nio-8081-exec-537] org.apache.catalina.core.ApplicationContext.log Manager: restart: Reloading web application '/cuoiki1'
15-Nov-2022 21:42:33.694 INFO [http-nio-8081-exec-547] org.apache.catalina.core.ApplicationContext.log Manager: list: Listing contexts for virtual host 'localhost'
15-Nov-2022 21:42:59.724 INFO [http-nio-8081-exec-542] org.apache.catalina.core.ApplicationContext.log Manager: list: Listing contexts for virtual host 'localhost'
15-Nov-2022 21:46:00.337 INFO [http-nio-8081-exec-539] org.apache.catalina.core.ApplicationContext.log Manager: list: Listing contexts for virtual host 'localhost'
15-Nov-2022 21:46:00.346 INFO [http-nio-8081-exec-546] org.apache.catalina.core.ApplicationContext.log Manager: restart: Reloading web application '/cuoiki1'
15-Nov-2022 21:46:11.057 INFO [http-nio-8081-exec-539] org.apache.catalina.core.ApplicationContext.log Manager: list: Listing contexts for virtual host 'localhost'
15-Nov-2022 21:46:11.062 INFO [http-nio-8081-exec-545] org.apache.catalina.core.ApplicationContext.log Manager: restart: Reloading web application '/cuoiki1'
15-Nov-2022 21:46:20.718 INFO [http-nio-8081-exec-549] org.apache.catalina.core.ApplicationContext.log Manager: list: Listing contexts for virtual host 'localhost'
15-Nov-2022 21:46:20.724 INFO [http-nio-8081-exec-541] org.apache.catalina.core.ApplicationContext.log Manager: restart: Reloading web application '/cuoiki1'
15-Nov-2022 21:47:15.258 INFO [http-nio-8081-exec-548] org.apache.catalina.core.ApplicationContext.log Manager: list: Listing contexts for virtual host 'localhost'
15-Nov-2022 21:47:15.263 INFO [http-nio-8081-exec-550] org.apache.catalina.core.ApplicationContext.log Manager: restart: Reloading web application '/cuoiki1'
15-Nov-2022 21:47:48.465 INFO [http-nio-8081-exec-548] org.apache.catalina.core.ApplicationContext.log Manager: list: Listing contexts for virtual host 'localhost'
15-Nov-2022 21:47:48.471 INFO [http-nio-8081-exec-547] org.apache.catalina.core.ApplicationContext.log Manager: restart: Reloading web application '/cuoiki1'
15-Nov-2022 21:48:00.489 INFO [http-nio-8081-exec-553] org.apache.catalina.core.ApplicationContext.log Manager: list: Listing contexts for virtual host 'localhost'
15-Nov-2022 21:48:00.502 INFO [http-nio-8081-exec-542] org.apache.catalina.core.ApplicationContext.log Manager: list: Listing contexts for virtual host 'localhost'
15-Nov-2022 21:48:00.522 INFO [http-nio-8081-exec-543] org.apache.catalina.core.ApplicationContext.log Manager: restart: Reloading web application '/cuoiki1'
15-Nov-2022 21:48:42.687 INFO [http-nio-8081-exec-549] org.apache.catalina.core.ApplicationContext.log Manager: list: Listing contexts for virtual host 'localhost'
15-Nov-2022 21:48:42.687 INFO [http-nio-8081-exec-540] org.apache.catalina.core.ApplicationContext.log Manager: restart: Reloading web application '/cuoiki1'
15-Nov-2022 22:13:02.435 INFO [http-nio-8081-exec-569] org.apache.catalina.core.ApplicationContext.log Manager: list: Listing contexts for virtual host 'localhost'
15-Nov-2022 22:13:02.445 INFO [http-nio-8081-exec-570] org.apache.catalina.core.ApplicationContext.log Manager: restart: Reloading web application '/cuoiki1'
15-Nov-2022 22:20:00.476 INFO [http-nio-8081-exec-575] org.apache.catalina.core.ApplicationContext.log Manager: list: Listing contexts for virtual host 'localhost'
15-Nov-2022 22:20:00.486 INFO [http-nio-8081-exec-576] org.apache.catalina.core.ApplicationContext.log Manager: restart: Reloading web application '/cuoiki1'
15-Nov-2022 22:21:13.783 INFO [http-nio-8081-exec-577] org.apache.catalina.core.ApplicationContext.log Manager: list: Listing contexts for virtual host 'localhost'
15-Nov-2022 22:21:13.787 INFO [http-nio-8081-exec-573] org.apache.catalina.core.ApplicationContext.log Manager: restart: Reloading web application '/cuoiki1'
15-Nov-2022 22:22:05.440 INFO [http-nio-8081-exec-571] org.apache.catalina.core.ApplicationContext.log Manager: list: Listing contexts for virtual host 'localhost'
15-Nov-2022 22:22:05.440 INFO [http-nio-8081-exec-578] org.apache.catalina.core.ApplicationContext.log Manager: restart: Reloading web application '/cuoiki1'
15-Nov-2022 22:23:07.180 INFO [http-nio-8081-exec-573] org.apache.catalina.core.ApplicationContext.log Manager: list: Listing contexts for virtual host 'localhost'
15-Nov-2022 22:23:55.370 INFO [http-nio-8081-exec-581] org.apache.catalina.core.ApplicationContext.log Manager: list: Listing contexts for virtual host 'localhost'
15-Nov-2022 22:23:55.374 INFO [http-nio-8081-exec-580] org.apache.catalina.core.ApplicationContext.log Manager: restart: Reloading web application '/cuoiki1'
15-Nov-2022 22:24:20.610 INFO [http-nio-8081-exec-573] org.apache.catalina.core.ApplicationContext.log Manager: list: Listing contexts for virtual host 'localhost'
15-Nov-2022 22:24:20.621 INFO [http-nio-8081-exec-578] org.apache.catalina.core.ApplicationContext.log Manager: restart: Reloading web application '/cuoiki1'
15-Nov-2022 22:25:10.200 INFO [http-nio-8081-exec-597] org.apache.catalina.core.ApplicationContext.log Manager: list: Listing contexts for virtual host 'localhost'
15-Nov-2022 22:25:10.210 INFO [http-nio-8081-exec-588] org.apache.catalina.core.ApplicationContext.log Manager: restart: Reloading web application '/cuoiki1'
15-Nov-2022 22:25:56.080 INFO [http-nio-8081-exec-598] org.apache.catalina.core.ApplicationContext.log Manager: list: Listing contexts for virtual host 'localhost'
15-Nov-2022 22:25:56.085 INFO [http-nio-8081-exec-600] org.apache.catalina.core.ApplicationContext.log Manager: restart: Reloading web application '/cuoiki1'
15-Nov-2022 22:28:29.991 INFO [http-nio-8081-exec-608] org.apache.catalina.core.ApplicationContext.log Manager: list: Listing contexts for virtual host 'localhost'
15-Nov-2022 22:28:56.671 INFO [http-nio-8081-exec-611] org.apache.catalina.core.ApplicationContext.log Manager: list: Listing contexts for virtual host 'localhost'
15-Nov-2022 22:29:16.723 INFO [http-nio-8081-exec-613] org.apache.catalina.core.ApplicationContext.log Manager: list: Listing contexts for virtual host 'localhost'
15-Nov-2022 22:30:12.711 INFO [http-nio-8081-exec-617] org.apache.catalina.core.ApplicationContext.log Manager: list: Listing contexts for virtual host 'localhost'
15-Nov-2022 22:30:12.711 INFO [http-nio-8081-exec-611] org.apache.catalina.core.ApplicationContext.log Manager: restart: Reloading web application '/cuoiki1'
15-Nov-2022 22:30:15.901 INFO [http-nio-8081-exec-612] org.apache.catalina.core.ApplicationContext.log Manager: list: Listing contexts for virtual host 'localhost'
15-Nov-2022 22:30:15.910 INFO [http-nio-8081-exec-613] org.apache.catalina.core.ApplicationContext.log Manager: restart: Reloading web application '/cuoiki1'
15-Nov-2022 22:35:10.026 INFO [http-nio-8081-exec-620] org.apache.catalina.core.ApplicationContext.log Manager: list: Listing contexts for virtual host 'localhost'
15-Nov-2022 22:37:19.834 INFO [http-nio-8081-exec-625] org.apache.catalina.core.ApplicationContext.log Manager: list: Listing contexts for virtual host 'localhost'
15-Nov-2022 22:37:19.841 INFO [http-nio-8081-exec-627] org.apache.catalina.core.ApplicationContext.log Manager: restart: Reloading web application '/cuoiki1'
15-Nov-2022 22:41:53.219 INFO [http-nio-8081-exec-636] org.apache.catalina.core.ApplicationContext.log Manager: list: Listing contexts for virtual host 'localhost'
15-Nov-2022 22:41:53.220 INFO [http-nio-8081-exec-632] org.apache.catalina.core.ApplicationContext.log Manager: list: Listing contexts for virtual host 'localhost'
15-Nov-2022 22:41:53.241 INFO [http-nio-8081-exec-631] org.apache.catalina.core.ApplicationContext.log Manager: restart: Reloading web application '/cuoiki1'
15-Nov-2022 22:42:14.251 INFO [http-nio-8081-exec-636] org.apache.catalina.core.ApplicationContext.log Manager: list: Listing contexts for virtual host 'localhost'
15-Nov-2022 22:43:44.181 INFO [http-nio-8081-exec-640] org.apache.catalina.core.ApplicationContext.log Manager: list: Listing contexts for virtual host 'localhost'
15-Nov-2022 22:46:00.831 INFO [http-nio-8081-exec-640] org.apache.catalina.core.ApplicationContext.log Manager: list: Listing contexts for virtual host 'localhost'
15-Nov-2022 22:46:00.831 INFO [http-nio-8081-exec-648] org.apache.catalina.core.ApplicationContext.log Manager: restart: Reloading web application '/cuoiki1'
15-Nov-2022 22:46:15.171 INFO [http-nio-8081-exec-649] org.apache.catalina.core.ApplicationContext.log Manager: list: Listing contexts for virtual host 'localhost'
15-Nov-2022 22:46:15.171 INFO [http-nio-8081-exec-647] org.apache.catalina.core.ApplicationContext.log Manager: restart: Reloading web application '/cuoiki1'
15-Nov-2022 22:47:02.061 INFO [http-nio-8081-exec-649] org.apache.catalina.core.ApplicationContext.log Manager: list: Listing contexts for virtual host 'localhost'
15-Nov-2022 22:47:02.071 INFO [http-nio-8081-exec-655] org.apache.catalina.core.ApplicationContext.log Manager: restart: Reloading web application '/cuoiki1'
15-Nov-2022 22:47:06.311 INFO [http-nio-8081-exec-649] org.apache.catalina.core.ApplicationContext.log Manager: list: Listing contexts for virtual host 'localhost'
15-Nov-2022 22:47:06.321 INFO [http-nio-8081-exec-644] org.apache.catalina.core.ApplicationContext.log Manager: restart: Reloading web application '/cuoiki1'
15-Nov-2022 22:47:12.976 INFO [http-nio-8081-exec-649] org.apache.catalina.core.ApplicationContext.log Manager: list: Listing contexts for virtual host 'localhost'
15-Nov-2022 22:55:56.966 INFO [http-nio-8081-exec-667] org.apache.catalina.core.ApplicationContext.log Manager: list: Listing contexts for virtual host 'localhost'
15-Nov-2022 22:56:24.900 INFO [http-nio-8081-exec-662] org.apache.catalina.core.ApplicationContext.log Manager: list: Listing contexts for virtual host 'localhost'
15-Nov-2022 22:56:43.861 INFO [http-nio-8081-exec-669] org.apache.catalina.core.ApplicationContext.log Manager: list: Listing contexts for virtual host 'localhost'
15-Nov-2022 22:57:11.935 INFO [http-nio-8081-exec-669] org.apache.catalina.core.ApplicationContext.log Manager: list: Listing contexts for virtual host 'localhost'
15-Nov-2022 22:57:15.550 INFO [http-nio-8081-exec-668] org.apache.catalina.core.ApplicationContext.log Manager: list: Listing contexts for virtual host 'localhost'
15-Nov-2022 22:57:46.584 INFO [http-nio-8081-exec-668] org.apache.catalina.core.ApplicationContext.log Manager: list: Listing contexts for virtual host 'localhost'
15-Nov-2022 22:58:45.979 INFO [http-nio-8081-exec-669] org.apache.catalina.core.ApplicationContext.log Manager: list: Listing contexts for virtual host 'localhost'
15-Nov-2022 22:58:52.723 INFO [http-nio-8081-exec-668] org.apache.catalina.core.ApplicationContext.log Manager: list: Listing contexts for virtual host 'localhost'
15-Nov-2022 23:00:10.992 INFO [http-nio-8081-exec-668] org.apache.catalina.core.ApplicationContext.log Manager: list: Listing contexts for virtual host 'localhost'
15-Nov-2022 23:00:29.215 INFO [http-nio-8081-exec-668] org.apache.catalina.core.ApplicationContext.log Manager: list: Listing contexts for virtual host 'localhost'
15-Nov-2022 23:00:47.639 INFO [http-nio-8081-exec-668] org.apache.catalina.core.ApplicationContext.log Manager: list: Listing contexts for virtual host 'localhost'
15-Nov-2022 23:01:01.699 INFO [http-nio-8081-exec-668] org.apache.catalina.core.ApplicationContext.log Manager: list: Listing contexts for virtual host 'localhost'
15-Nov-2022 23:01:39.195 INFO [http-nio-8081-exec-668] org.apache.catalina.core.ApplicationContext.log Manager: list: Listing contexts for virtual host 'localhost'
15-Nov-2022 23:01:39.197 INFO [http-nio-8081-exec-666] org.apache.catalina.core.ApplicationContext.log Manager: restart: Reloading web application '/cuoiki1'
15-Nov-2022 23:02:22.263 INFO [http-nio-8081-exec-663] org.apache.catalina.core.ApplicationContext.log Manager: list: Listing contexts for virtual host 'localhost'
15-Nov-2022 23:03:43.799 INFO [http-nio-8081-exec-674] org.apache.catalina.core.ApplicationContext.log Manager: list: Listing contexts for virtual host 'localhost'
15-Nov-2022 23:03:43.816 INFO [http-nio-8081-exec-677] org.apache.catalina.core.ApplicationContext.log Manager: restart: Reloading web application '/cuoiki1'
15-Nov-2022 23:03:51.915 INFO [http-nio-8081-exec-671] org.apache.catalina.core.ApplicationContext.log Manager: list: Listing contexts for virtual host 'localhost'
15-Nov-2022 23:03:51.931 INFO [http-nio-8081-exec-675] org.apache.catalina.core.ApplicationContext.log Manager: list: Listing contexts for virtual host 'localhost'
15-Nov-2022 23:03:51.963 INFO [http-nio-8081-exec-676] org.apache.catalina.core.ApplicationContext.log Manager: restart: Reloading web application '/cuoiki1'
15-Nov-2022 23:05:21.673 INFO [http-nio-8081-exec-683] org.apache.catalina.core.ApplicationContext.log Manager: list: Listing contexts for virtual host 'localhost'
15-Nov-2022 23:05:21.689 INFO [http-nio-8081-exec-682] org.apache.catalina.core.ApplicationContext.log Manager: restart: Reloading web application '/cuoiki1'
15-Nov-2022 23:06:38.785 INFO [http-nio-8081-exec-689] org.apache.catalina.core.ApplicationContext.log Manager: list: Listing contexts for virtual host 'localhost'
15-Nov-2022 23:06:38.790 INFO [http-nio-8081-exec-691] org.apache.catalina.core.ApplicationContext.log Manager: restart: Reloading web application '/cuoiki1'
15-Nov-2022 23:07:28.634 INFO [http-nio-8081-exec-700] org.apache.catalina.core.ApplicationContext.log Manager: list: Listing contexts for virtual host 'localhost'
