13-Nov-2022 18:35:46.161 INFO [http-nio-8081-exec-5] org.apache.catalina.core.ApplicationContext.log Manager: init: Associated with Deployer 'Catalina:type=Deployer,host=localhost'
13-Nov-2022 18:35:46.161 INFO [http-nio-8081-exec-5] org.apache.catalina.core.ApplicationContext.log Manager: init: Global resources are available
13-Nov-2022 18:35:46.410 INFO [http-nio-8081-exec-6] org.apache.catalina.core.ApplicationContext.log Manager: list: Listing contexts for virtual host 'localhost'
13-Nov-2022 18:35:46.416 INFO [http-nio-8081-exec-7] org.apache.catalina.core.ApplicationContext.log Manager: list: Listing contexts for virtual host 'localhost'
13-Nov-2022 18:35:46.458 INFO [http-nio-8081-exec-8] org.apache.catalina.core.ApplicationContext.log Manager: stop: Stopping web application '/cuoiki1'
13-Nov-2022 18:35:46.492 INFO [http-nio-8081-exec-6] org.apache.catalina.core.ApplicationContext.log Manager: start: Starting web application '/cuoiki1'
13-Nov-2022 18:36:58.047 INFO [http-nio-8081-exec-13] org.apache.catalina.core.ApplicationContext.log Manager: list: Listing contexts for virtual host 'localhost'
13-Nov-2022 18:37:08.708 INFO [http-nio-8081-exec-18] org.apache.catalina.core.ApplicationContext.log Manager: list: Listing contexts for virtual host 'localhost'
13-Nov-2022 18:39:42.428 INFO [http-nio-8081-exec-14] org.apache.catalina.core.ApplicationContext.log Manager: list: Listing contexts for virtual host 'localhost'
13-Nov-2022 18:39:49.475 INFO [http-nio-8081-exec-12] org.apache.catalina.core.ApplicationContext.log Manager: list: Listing contexts for virtual host 'localhost'
13-Nov-2022 18:40:20.413 INFO [http-nio-8081-exec-14] org.apache.catalina.core.ApplicationContext.log Manager: list: Listing contexts for virtual host 'localhost'
13-Nov-2022 18:40:20.427 INFO [http-nio-8081-exec-17] org.apache.catalina.core.ApplicationContext.log Manager: stop: Stopping web application '/cuoiki1'
13-Nov-2022 18:40:20.451 INFO [http-nio-8081-exec-19] org.apache.catalina.core.ApplicationContext.log Manager: start: Starting web application '/cuoiki1'
13-Nov-2022 18:40:21.439 INFO [http-nio-8081-exec-15] org.apache.catalina.core.ApplicationContext.log Manager: list: Listing contexts for virtual host 'localhost'
13-Nov-2022 18:40:21.447 INFO [http-nio-8081-exec-11] org.apache.catalina.core.ApplicationContext.log Manager: restart: Reloading web application '/cuoiki1'
13-Nov-2022 18:40:29.897 INFO [http-nio-8081-exec-15] org.apache.catalina.core.ApplicationContext.log Manager: list: Listing contexts for virtual host 'localhost'
13-Nov-2022 18:40:46.047 INFO [http-nio-8081-exec-23] org.apache.catalina.core.ApplicationContext.log Manager: list: Listing contexts for virtual host 'localhost'
13-Nov-2022 18:40:46.057 INFO [http-nio-8081-exec-18] org.apache.catalina.core.ApplicationContext.log Manager: restart: Reloading web application '/cuoiki1'
13-Nov-2022 18:42:06.687 INFO [http-nio-8081-exec-25] org.apache.catalina.core.ApplicationContext.log Manager: list: Listing contexts for virtual host 'localhost'
13-Nov-2022 18:42:06.687 INFO [http-nio-8081-exec-26] org.apache.catalina.core.ApplicationContext.log Manager: restart: Reloading web application '/cuoiki1'
13-Nov-2022 18:42:31.467 INFO [http-nio-8081-exec-27] org.apache.catalina.core.ApplicationContext.log Manager: list: Listing contexts for virtual host 'localhost'
13-Nov-2022 18:42:31.474 INFO [http-nio-8081-exec-30] org.apache.catalina.core.ApplicationContext.log Manager: restart: Reloading web application '/cuoiki1'
13-Nov-2022 18:43:05.115 INFO [http-nio-8081-exec-25] org.apache.catalina.core.ApplicationContext.log Manager: list: Listing contexts for virtual host 'localhost'
13-Nov-2022 18:43:05.121 INFO [http-nio-8081-exec-32] org.apache.catalina.core.ApplicationContext.log Manager: restart: Reloading web application '/cuoiki1'
13-Nov-2022 18:43:11.049 INFO [http-nio-8081-exec-31] org.apache.catalina.core.ApplicationContext.log Manager: list: Listing contexts for virtual host 'localhost'
13-Nov-2022 18:43:11.055 INFO [http-nio-8081-exec-27] org.apache.catalina.core.ApplicationContext.log Manager: restart: Reloading web application '/cuoiki1'
13-Nov-2022 18:43:34.748 INFO [http-nio-8081-exec-35] org.apache.catalina.core.ApplicationContext.log Manager: list: Listing contexts for virtual host 'localhost'
13-Nov-2022 18:43:34.755 INFO [http-nio-8081-exec-31] org.apache.catalina.core.ApplicationContext.log Manager: restart: Reloading web application '/cuoiki1'
13-Nov-2022 18:43:44.195 INFO [http-nio-8081-exec-36] org.apache.catalina.core.ApplicationContext.log Manager: list: Listing contexts for virtual host 'localhost'
13-Nov-2022 18:43:44.201 INFO [http-nio-8081-exec-28] org.apache.catalina.core.ApplicationContext.log Manager: restart: Reloading web application '/cuoiki1'
13-Nov-2022 18:45:06.534 INFO [http-nio-8081-exec-37] org.apache.catalina.core.ApplicationContext.log Manager: list: Listing contexts for virtual host 'localhost'
13-Nov-2022 18:45:06.541 INFO [http-nio-8081-exec-27] org.apache.catalina.core.ApplicationContext.log Manager: restart: Reloading web application '/cuoiki1'
13-Nov-2022 18:45:48.539 INFO [http-nio-8081-exec-16] org.apache.catalina.core.ApplicationContext.log Manager: list: Listing contexts for virtual host 'localhost'
13-Nov-2022 18:45:48.549 INFO [http-nio-8081-exec-30] org.apache.catalina.core.ApplicationContext.log Manager: restart: Reloading web application '/cuoiki1'
13-Nov-2022 18:46:15.512 INFO [http-nio-8081-exec-27] org.apache.catalina.core.ApplicationContext.log Manager: list: Listing contexts for virtual host 'localhost'
13-Nov-2022 18:46:45.913 INFO [http-nio-8081-exec-38] org.apache.catalina.core.ApplicationContext.log Manager: list: Listing contexts for virtual host 'localhost'
13-Nov-2022 18:47:12.452 INFO [http-nio-8081-exec-30] org.apache.catalina.core.ApplicationContext.log Manager: list: Listing contexts for virtual host 'localhost'
13-Nov-2022 18:47:25.778 INFO [http-nio-8081-exec-32] org.apache.catalina.core.ApplicationContext.log Manager: list: Listing contexts for virtual host 'localhost'
13-Nov-2022 18:47:37.902 INFO [http-nio-8081-exec-42] org.apache.catalina.core.ApplicationContext.log Manager: list: Listing contexts for virtual host 'localhost'
13-Nov-2022 18:47:37.905 INFO [http-nio-8081-exec-30] org.apache.catalina.core.ApplicationContext.log Manager: list: Listing contexts for virtual host 'localhost'
13-Nov-2022 18:47:37.926 INFO [http-nio-8081-exec-45] org.apache.catalina.core.ApplicationContext.log Manager: stop: Stopping web application '/cuoiki1'
13-Nov-2022 18:47:37.935 INFO [http-nio-8081-exec-31] org.apache.catalina.core.ApplicationContext.log Manager: start: Starting web application '/cuoiki1'
13-Nov-2022 18:47:53.490 INFO [http-nio-8081-exec-31] org.apache.catalina.core.ApplicationContext.log Manager: list: Listing contexts for virtual host 'localhost'
13-Nov-2022 18:47:53.499 INFO [http-nio-8081-exec-41] org.apache.catalina.core.ApplicationContext.log Manager: restart: Reloading web application '/cuoiki1'
13-Nov-2022 18:47:57.436 INFO [http-nio-8081-exec-49] org.apache.catalina.core.ApplicationContext.log Manager: list: Listing contexts for virtual host 'localhost'
13-Nov-2022 18:48:04.699 INFO [http-nio-8081-exec-52] org.apache.catalina.core.ApplicationContext.log Manager: list: Listing contexts for virtual host 'localhost'
13-Nov-2022 18:48:45.903 INFO [http-nio-8081-exec-48] org.apache.catalina.core.ApplicationContext.log Manager: list: Listing contexts for virtual host 'localhost'
13-Nov-2022 18:48:45.910 INFO [http-nio-8081-exec-41] org.apache.catalina.core.ApplicationContext.log Manager: restart: Reloading web application '/cuoiki1'
13-Nov-2022 18:49:07.720 INFO [http-nio-8081-exec-52] org.apache.catalina.core.ApplicationContext.log Manager: list: Listing contexts for virtual host 'localhost'
13-Nov-2022 18:49:07.730 INFO [http-nio-8081-exec-49] org.apache.catalina.core.ApplicationContext.log Manager: restart: Reloading web application '/cuoiki1'
13-Nov-2022 18:50:29.292 INFO [http-nio-8081-exec-60] org.apache.catalina.core.ApplicationContext.log Manager: list: Listing contexts for virtual host 'localhost'
13-Nov-2022 18:50:29.302 INFO [http-nio-8081-exec-61] org.apache.catalina.core.ApplicationContext.log Manager: restart: Reloading web application '/cuoiki1'
13-Nov-2022 18:50:55.173 INFO [http-nio-8081-exec-62] org.apache.catalina.core.ApplicationContext.log Manager: list: Listing contexts for virtual host 'localhost'
13-Nov-2022 18:50:55.182 INFO [http-nio-8081-exec-63] org.apache.catalina.core.ApplicationContext.log Manager: restart: Reloading web application '/cuoiki1'
13-Nov-2022 18:51:24.745 INFO [http-nio-8081-exec-60] org.apache.catalina.core.ApplicationContext.log Manager: list: Listing contexts for virtual host 'localhost'
13-Nov-2022 18:51:24.748 INFO [http-nio-8081-exec-55] org.apache.catalina.core.ApplicationContext.log Manager: list: Listing contexts for virtual host 'localhost'
13-Nov-2022 18:51:24.775 INFO [http-nio-8081-exec-65] org.apache.catalina.core.ApplicationContext.log Manager: restart: Reloading web application '/cuoiki1'
13-Nov-2022 18:51:52.604 INFO [http-nio-8081-exec-64] org.apache.catalina.core.ApplicationContext.log Manager: list: Listing contexts for virtual host 'localhost'
13-Nov-2022 18:52:07.464 INFO [http-nio-8081-exec-65] org.apache.catalina.core.ApplicationContext.log Manager: list: Listing contexts for virtual host 'localhost'
13-Nov-2022 18:52:40.698 INFO [http-nio-8081-exec-61] org.apache.catalina.core.ApplicationContext.log Manager: list: Listing contexts for virtual host 'localhost'
13-Nov-2022 18:52:50.135 INFO [http-nio-8081-exec-74] org.apache.catalina.core.ApplicationContext.log Manager: list: Listing contexts for virtual host 'localhost'
13-Nov-2022 18:52:57.545 INFO [http-nio-8081-exec-69] org.apache.catalina.core.ApplicationContext.log Manager: list: Listing contexts for virtual host 'localhost'
13-Nov-2022 18:53:03.685 INFO [http-nio-8081-exec-69] org.apache.catalina.core.ApplicationContext.log Manager: list: Listing contexts for virtual host 'localhost'
13-Nov-2022 18:53:13.519 INFO [http-nio-8081-exec-69] org.apache.catalina.core.ApplicationContext.log Manager: list: Listing contexts for virtual host 'localhost'
13-Nov-2022 18:53:20.084 INFO [http-nio-8081-exec-69] org.apache.catalina.core.ApplicationContext.log Manager: list: Listing contexts for virtual host 'localhost'
13-Nov-2022 18:53:28.655 INFO [http-nio-8081-exec-75] org.apache.catalina.core.ApplicationContext.log Manager: list: Listing contexts for virtual host 'localhost'
13-Nov-2022 18:53:49.039 INFO [http-nio-8081-exec-76] org.apache.catalina.core.ApplicationContext.log Manager: list: Listing contexts for virtual host 'localhost'
13-Nov-2022 18:54:38.999 INFO [http-nio-8081-exec-74] org.apache.catalina.core.ApplicationContext.log Manager: list: Listing contexts for virtual host 'localhost'
13-Nov-2022 18:55:54.745 INFO [http-nio-8081-exec-74] org.apache.catalina.core.ApplicationContext.log Manager: list: Listing contexts for virtual host 'localhost'
13-Nov-2022 18:55:54.750 INFO [http-nio-8081-exec-75] org.apache.catalina.core.ApplicationContext.log Manager: restart: Reloading web application '/cuoiki1'
13-Nov-2022 18:56:07.729 INFO [http-nio-8081-exec-73] org.apache.catalina.core.ApplicationContext.log Manager: list: Listing contexts for virtual host 'localhost'
13-Nov-2022 18:56:30.689 INFO [http-nio-8081-exec-82] org.apache.catalina.core.ApplicationContext.log Manager: list: Listing contexts for virtual host 'localhost'
13-Nov-2022 18:56:42.020 INFO [http-nio-8081-exec-79] org.apache.catalina.core.ApplicationContext.log Manager: list: Listing contexts for virtual host 'localhost'
13-Nov-2022 18:57:28.451 INFO [http-nio-8081-exec-83] org.apache.catalina.core.ApplicationContext.log Manager: list: Listing contexts for virtual host 'localhost'
13-Nov-2022 20:41:06.755 INFO [http-nio-8081-exec-81] org.apache.catalina.core.ApplicationContext.log Manager: list: Listing contexts for virtual host 'localhost'
13-Nov-2022 20:41:32.268 INFO [http-nio-8081-exec-82] org.apache.catalina.core.ApplicationContext.log Manager: list: Listing contexts for virtual host 'localhost'
13-Nov-2022 20:46:37.736 INFO [http-nio-8081-exec-80] org.apache.catalina.core.ApplicationContext.log Manager: list: Listing contexts for virtual host 'localhost'
13-Nov-2022 20:46:53.558 INFO [http-nio-8081-exec-85] org.apache.catalina.core.ApplicationContext.log Manager: list: Listing contexts for virtual host 'localhost'
13-Nov-2022 20:48:56.734 INFO [http-nio-8081-exec-82] org.apache.catalina.core.ApplicationContext.log Manager: list: Listing contexts for virtual host 'localhost'
13-Nov-2022 23:14:23.760 INFO [http-nio-8081-exec-87] org.apache.catalina.core.ApplicationContext.log Manager: list: Listing contexts for virtual host 'localhost'
13-Nov-2022 23:15:32.964 INFO [http-nio-8081-exec-85] org.apache.catalina.core.ApplicationContext.log Manager: list: Listing contexts for virtual host 'localhost'
13-Nov-2022 23:17:42.279 INFO [http-nio-8081-exec-79] org.apache.catalina.core.ApplicationContext.log Manager: list: Listing contexts for virtual host 'localhost'
13-Nov-2022 23:17:42.299 INFO [http-nio-8081-exec-82] org.apache.catalina.core.ApplicationContext.log Manager: restart: Reloading web application '/cuoiki1'
13-Nov-2022 23:17:58.008 INFO [http-nio-8081-exec-79] org.apache.catalina.core.ApplicationContext.log Manager: list: Listing contexts for virtual host 'localhost'
13-Nov-2022 23:19:40.310 INFO [http-nio-8081-exec-89] org.apache.catalina.core.ApplicationContext.log Manager: list: Listing contexts for virtual host 'localhost'
13-Nov-2022 23:19:40.317 INFO [http-nio-8081-exec-88] org.apache.catalina.core.ApplicationContext.log Manager: restart: Reloading web application '/cuoiki1'
13-Nov-2022 23:20:35.142 INFO [http-nio-8081-exec-90] org.apache.catalina.core.ApplicationContext.log Manager: list: Listing contexts for virtual host 'localhost'
13-Nov-2022 23:20:35.146 INFO [http-nio-8081-exec-96] org.apache.catalina.core.ApplicationContext.log Manager: list: Listing contexts for virtual host 'localhost'
13-Nov-2022 23:20:35.183 INFO [http-nio-8081-exec-93] org.apache.catalina.core.ApplicationContext.log Manager: restart: Reloading web application '/cuoiki1'
13-Nov-2022 23:22:53.256 INFO [http-nio-8081-exec-108] org.apache.catalina.core.ApplicationContext.log Manager: list: Listing contexts for virtual host 'localhost'
13-Nov-2022 23:22:53.264 INFO [http-nio-8081-exec-105] org.apache.catalina.core.ApplicationContext.log Manager: restart: Reloading web application '/cuoiki1'
13-Nov-2022 23:23:47.680 INFO [http-nio-8081-exec-114] org.apache.catalina.core.ApplicationContext.log Manager: list: Listing contexts for virtual host 'localhost'
13-Nov-2022 23:29:37.854 INFO [http-nio-8081-exec-114] org.apache.catalina.core.ApplicationContext.log Manager: list: Listing contexts for virtual host 'localhost'
13-Nov-2022 23:29:37.858 INFO [http-nio-8081-exec-113] org.apache.catalina.core.ApplicationContext.log Manager: restart: Reloading web application '/cuoiki1'
13-Nov-2022 23:29:46.398 INFO [http-nio-8081-exec-116] org.apache.catalina.core.ApplicationContext.log Manager: list: Listing contexts for virtual host 'localhost'
13-Nov-2022 23:29:46.414 INFO [http-nio-8081-exec-122] org.apache.catalina.core.ApplicationContext.log Manager: restart: Reloading web application '/cuoiki1'
13-Nov-2022 23:34:57.325 INFO [http-nio-8081-exec-134] org.apache.catalina.core.ApplicationContext.log Manager: list: Listing contexts for virtual host 'localhost'
13-Nov-2022 23:34:57.337 INFO [http-nio-8081-exec-129] org.apache.catalina.core.ApplicationContext.log Manager: restart: Reloading web application '/cuoiki1'
13-Nov-2022 23:35:08.257 INFO [http-nio-8081-exec-131] org.apache.catalina.core.ApplicationContext.log Manager: list: Listing contexts for virtual host 'localhost'
13-Nov-2022 23:35:08.261 INFO [http-nio-8081-exec-135] org.apache.catalina.core.ApplicationContext.log Manager: restart: Reloading web application '/cuoiki1'
