17-Nov-2022 09:42:29.568 INFO [http-nio-8081-exec-4] org.apache.catalina.core.ApplicationContext.log Manager: init: Associated with Deployer 'Catalina:type=Deployer,host=localhost'
17-Nov-2022 09:42:29.568 INFO [http-nio-8081-exec-4] org.apache.catalina.core.ApplicationContext.log Manager: init: Global resources are available
17-Nov-2022 09:42:29.802 INFO [http-nio-8081-exec-7] org.apache.catalina.core.ApplicationContext.log Manager: list: Listing contexts for virtual host 'localhost'
17-Nov-2022 09:42:29.802 INFO [http-nio-8081-exec-8] org.apache.catalina.core.ApplicationContext.log Manager: list: Listing contexts for virtual host 'localhost'
17-Nov-2022 09:45:28.685 INFO [http-nio-8081-exec-4] org.apache.catalina.core.ApplicationContext.log Manager: list: Listing contexts for virtual host 'localhost'
17-Nov-2022 09:45:58.557 INFO [http-nio-8081-exec-4] org.apache.catalina.core.ApplicationContext.log Manager: list: Listing contexts for virtual host 'localhost'
17-Nov-2022 09:46:09.571 INFO [http-nio-8081-exec-8] org.apache.catalina.core.ApplicationContext.log Manager: list: Listing contexts for virtual host 'localhost'
17-Nov-2022 09:46:25.114 INFO [http-nio-8081-exec-9] org.apache.catalina.core.ApplicationContext.log Manager: list: Listing contexts for virtual host 'localhost'
17-Nov-2022 09:46:25.130 INFO [http-nio-8081-exec-1] org.apache.catalina.core.ApplicationContext.log Manager: stop: Stopping web application '/cuoiki1'
17-Nov-2022 09:46:25.137 INFO [http-nio-8081-exec-4] org.apache.catalina.core.ApplicationContext.log Manager: start: Starting web application '/cuoiki1'
17-Nov-2022 09:46:25.870 INFO [http-nio-8081-exec-3] org.apache.catalina.core.ApplicationContext.log Manager: list: Listing contexts for virtual host 'localhost'
17-Nov-2022 09:46:25.885 INFO [http-nio-8081-exec-7] org.apache.catalina.core.ApplicationContext.log Manager: restart: Reloading web application '/cuoiki1'
17-Nov-2022 09:46:52.056 INFO [http-nio-8081-exec-3] org.apache.catalina.core.ApplicationContext.log Manager: list: Listing contexts for virtual host 'localhost'
17-Nov-2022 09:46:52.056 INFO [http-nio-8081-exec-8] org.apache.catalina.core.ApplicationContext.log Manager: restart: Reloading web application '/cuoiki1'
17-Nov-2022 09:55:57.439 INFO [http-nio-8081-exec-19] org.apache.catalina.core.ApplicationContext.log Manager: list: Listing contexts for virtual host 'localhost'
17-Nov-2022 09:55:57.455 INFO [http-nio-8081-exec-20] org.apache.catalina.core.ApplicationContext.log Manager: restart: Reloading web application '/cuoiki1'
17-Nov-2022 09:57:09.923 INFO [http-nio-8081-exec-26] org.apache.catalina.core.ApplicationContext.log Manager: list: Listing contexts for virtual host 'localhost'
17-Nov-2022 09:57:24.077 INFO [http-nio-8081-exec-29] org.apache.catalina.core.ApplicationContext.log Manager: list: Listing contexts for virtual host 'localhost'
17-Nov-2022 09:57:55.584 INFO [http-nio-8081-exec-25] org.apache.catalina.core.ApplicationContext.log Manager: list: Listing contexts for virtual host 'localhost'
17-Nov-2022 09:57:55.584 INFO [http-nio-8081-exec-24] org.apache.catalina.core.ApplicationContext.log Manager: restart: Reloading web application '/cuoiki1'
17-Nov-2022 10:13:25.001 INFO [http-nio-8081-exec-38] org.apache.catalina.core.ApplicationContext.log Manager: list: Listing contexts for virtual host 'localhost'
17-Nov-2022 10:13:25.010 INFO [http-nio-8081-exec-33] org.apache.catalina.core.ApplicationContext.log Manager: restart: Reloading web application '/cuoiki1'
17-Nov-2022 10:16:31.391 INFO [http-nio-8081-exec-45] org.apache.catalina.core.ApplicationContext.log Manager: list: Listing contexts for virtual host 'localhost'
17-Nov-2022 10:16:31.396 INFO [http-nio-8081-exec-47] org.apache.catalina.core.ApplicationContext.log Manager: restart: Reloading web application '/cuoiki1'
17-Nov-2022 10:17:09.029 INFO [http-nio-8081-exec-38] org.apache.catalina.core.ApplicationContext.log Manager: list: Listing contexts for virtual host 'localhost'
17-Nov-2022 10:17:09.034 INFO [http-nio-8081-exec-42] org.apache.catalina.core.ApplicationContext.log Manager: restart: Reloading web application '/cuoiki1'
17-Nov-2022 10:21:35.831 INFO [http-nio-8081-exec-51] org.apache.catalina.core.ApplicationContext.log Manager: list: Listing contexts for virtual host 'localhost'
17-Nov-2022 10:21:35.838 INFO [http-nio-8081-exec-53] org.apache.catalina.core.ApplicationContext.log Manager: restart: Reloading web application '/cuoiki1'
17-Nov-2022 10:23:15.340 INFO [http-nio-8081-exec-37] org.apache.catalina.core.ApplicationContext.log Manager: list: Listing contexts for virtual host 'localhost'
17-Nov-2022 10:23:15.351 INFO [http-nio-8081-exec-49] org.apache.catalina.core.ApplicationContext.log Manager: restart: Reloading web application '/cuoiki1'
17-Nov-2022 10:23:33.100 INFO [http-nio-8081-exec-52] org.apache.catalina.core.ApplicationContext.log Manager: list: Listing contexts for virtual host 'localhost'
17-Nov-2022 10:23:33.110 INFO [http-nio-8081-exec-54] org.apache.catalina.core.ApplicationContext.log Manager: restart: Reloading web application '/cuoiki1'
17-Nov-2022 10:24:14.950 INFO [http-nio-8081-exec-53] org.apache.catalina.core.ApplicationContext.log Manager: list: Listing contexts for virtual host 'localhost'
17-Nov-2022 10:24:14.960 INFO [http-nio-8081-exec-37] org.apache.catalina.core.ApplicationContext.log Manager: restart: Reloading web application '/cuoiki1'
17-Nov-2022 10:24:17.180 INFO [http-nio-8081-exec-56] org.apache.catalina.core.ApplicationContext.log Manager: list: Listing contexts for virtual host 'localhost'
17-Nov-2022 10:24:36.550 INFO [http-nio-8081-exec-59] org.apache.catalina.core.ApplicationContext.log Manager: list: Listing contexts for virtual host 'localhost'
17-Nov-2022 10:24:36.550 INFO [http-nio-8081-exec-53] org.apache.catalina.core.ApplicationContext.log Manager: restart: Reloading web application '/cuoiki1'
17-Nov-2022 10:26:31.554 INFO [http-nio-8081-exec-37] org.apache.catalina.core.ApplicationContext.log Manager: list: Listing contexts for virtual host 'localhost'
17-Nov-2022 10:26:31.559 INFO [http-nio-8081-exec-43] org.apache.catalina.core.ApplicationContext.log Manager: restart: Reloading web application '/cuoiki1'
17-Nov-2022 10:26:48.839 INFO [http-nio-8081-exec-59] org.apache.catalina.core.ApplicationContext.log Manager: list: Listing contexts for virtual host 'localhost'
17-Nov-2022 10:26:48.849 INFO [http-nio-8081-exec-61] org.apache.catalina.core.ApplicationContext.log Manager: restart: Reloading web application '/cuoiki1'
17-Nov-2022 10:27:48.049 INFO [http-nio-8081-exec-62] org.apache.catalina.core.ApplicationContext.log Manager: list: Listing contexts for virtual host 'localhost'
17-Nov-2022 10:27:48.061 INFO [http-nio-8081-exec-60] org.apache.catalina.core.ApplicationContext.log Manager: restart: Reloading web application '/cuoiki1'
17-Nov-2022 10:29:19.933 INFO [http-nio-8081-exec-59] org.apache.catalina.core.ApplicationContext.log Manager: list: Listing contexts for virtual host 'localhost'
17-Nov-2022 10:29:19.939 INFO [http-nio-8081-exec-55] org.apache.catalina.core.ApplicationContext.log Manager: restart: Reloading web application '/cuoiki1'
17-Nov-2022 13:37:34.495 INFO [http-nio-8081-exec-70] org.apache.catalina.core.ApplicationContext.log Manager: list: Listing contexts for virtual host 'localhost'
17-Nov-2022 13:37:49.463 INFO [http-nio-8081-exec-68] org.apache.catalina.core.ApplicationContext.log Manager: list: Listing contexts for virtual host 'localhost'
17-Nov-2022 13:38:52.983 INFO [http-nio-8081-exec-67] org.apache.catalina.core.ApplicationContext.log Manager: list: Listing contexts for virtual host 'localhost'
17-Nov-2022 13:39:45.686 INFO [http-nio-8081-exec-67] org.apache.catalina.core.ApplicationContext.log Manager: list: Listing contexts for virtual host 'localhost'
17-Nov-2022 13:40:00.343 INFO [http-nio-8081-exec-73] org.apache.catalina.core.ApplicationContext.log Manager: list: Listing contexts for virtual host 'localhost'
17-Nov-2022 13:47:43.590 INFO [http-nio-8081-exec-73] org.apache.catalina.core.ApplicationContext.log Manager: list: Listing contexts for virtual host 'localhost'
17-Nov-2022 13:48:48.005 INFO [http-nio-8081-exec-73] org.apache.catalina.core.ApplicationContext.log Manager: list: Listing contexts for virtual host 'localhost'
17-Nov-2022 14:03:12.021 INFO [http-nio-8081-exec-71] org.apache.catalina.core.ApplicationContext.log Manager: list: Listing contexts for virtual host 'localhost'
17-Nov-2022 14:03:43.220 INFO [http-nio-8081-exec-66] org.apache.catalina.core.ApplicationContext.log Manager: list: Listing contexts for virtual host 'localhost'
17-Nov-2022 14:05:54.608 INFO [http-nio-8081-exec-67] org.apache.catalina.core.ApplicationContext.log Manager: list: Listing contexts for virtual host 'localhost'
17-Nov-2022 14:05:54.624 INFO [http-nio-8081-exec-72] org.apache.catalina.core.ApplicationContext.log Manager: restart: Reloading web application '/cuoiki1'
17-Nov-2022 14:05:57.633 INFO [http-nio-8081-exec-68] org.apache.catalina.core.ApplicationContext.log Manager: list: Listing contexts for virtual host 'localhost'
17-Nov-2022 14:05:57.649 INFO [http-nio-8081-exec-73] org.apache.catalina.core.ApplicationContext.log Manager: restart: Reloading web application '/cuoiki1'
17-Nov-2022 14:08:47.484 INFO [http-nio-8081-exec-68] org.apache.catalina.core.ApplicationContext.log Manager: list: Listing contexts for virtual host 'localhost'
17-Nov-2022 14:08:47.491 INFO [http-nio-8081-exec-80] org.apache.catalina.core.ApplicationContext.log Manager: restart: Reloading web application '/cuoiki1'
17-Nov-2022 14:09:23.284 INFO [http-nio-8081-exec-70] org.apache.catalina.core.ApplicationContext.log Manager: list: Listing contexts for virtual host 'localhost'
17-Nov-2022 14:09:23.297 INFO [http-nio-8081-exec-79] org.apache.catalina.core.ApplicationContext.log Manager: restart: Reloading web application '/cuoiki1'
17-Nov-2022 14:10:34.839 INFO [http-nio-8081-exec-73] org.apache.catalina.core.ApplicationContext.log Manager: list: Listing contexts for virtual host 'localhost'
17-Nov-2022 14:10:34.841 INFO [http-nio-8081-exec-80] org.apache.catalina.core.ApplicationContext.log Manager: restart: Reloading web application '/cuoiki1'
17-Nov-2022 14:10:42.179 INFO [http-nio-8081-exec-70] org.apache.catalina.core.ApplicationContext.log Manager: list: Listing contexts for virtual host 'localhost'
17-Nov-2022 14:10:42.194 INFO [http-nio-8081-exec-77] org.apache.catalina.core.ApplicationContext.log Manager: restart: Reloading web application '/cuoiki1'
17-Nov-2022 14:11:36.512 INFO [http-nio-8081-exec-68] org.apache.catalina.core.ApplicationContext.log Manager: list: Listing contexts for virtual host 'localhost'
17-Nov-2022 14:11:47.020 INFO [http-nio-8081-exec-83] org.apache.catalina.core.ApplicationContext.log Manager: list: Listing contexts for virtual host 'localhost'
17-Nov-2022 14:11:47.020 INFO [http-nio-8081-exec-70] org.apache.catalina.core.ApplicationContext.log Manager: list: Listing contexts for virtual host 'localhost'
17-Nov-2022 14:11:47.052 INFO [http-nio-8081-exec-77] org.apache.catalina.core.ApplicationContext.log Manager: stop: Stopping web application '/cuoiki1'
17-Nov-2022 14:11:47.052 INFO [http-nio-8081-exec-82] org.apache.catalina.core.ApplicationContext.log Manager: start: Starting web application '/cuoiki1'
17-Nov-2022 14:12:40.238 INFO [http-nio-8081-exec-82] org.apache.catalina.core.ApplicationContext.log Manager: list: Listing contexts for virtual host 'localhost'
17-Nov-2022 14:15:13.635 INFO [http-nio-8081-exec-89] org.apache.catalina.core.ApplicationContext.log Manager: list: Listing contexts for virtual host 'localhost'
17-Nov-2022 14:15:13.644 INFO [http-nio-8081-exec-88] org.apache.catalina.core.ApplicationContext.log Manager: restart: Reloading web application '/cuoiki1'
17-Nov-2022 14:15:31.445 INFO [http-nio-8081-exec-91] org.apache.catalina.core.ApplicationContext.log Manager: list: Listing contexts for virtual host 'localhost'
17-Nov-2022 14:15:31.445 INFO [http-nio-8081-exec-93] org.apache.catalina.core.ApplicationContext.log Manager: restart: Reloading web application '/cuoiki1'
17-Nov-2022 14:15:40.493 INFO [http-nio-8081-exec-94] org.apache.catalina.core.ApplicationContext.log Manager: list: Listing contexts for virtual host 'localhost'
17-Nov-2022 14:15:40.507 INFO [http-nio-8081-exec-89] org.apache.catalina.core.ApplicationContext.log Manager: restart: Reloading web application '/cuoiki1'
17-Nov-2022 14:16:36.987 INFO [http-nio-8081-exec-92] org.apache.catalina.core.ApplicationContext.log Manager: list: Listing contexts for virtual host 'localhost'
17-Nov-2022 14:16:37.007 INFO [http-nio-8081-exec-95] org.apache.catalina.core.ApplicationContext.log Manager: restart: Reloading web application '/cuoiki1'
17-Nov-2022 14:18:08.460 INFO [http-nio-8081-exec-92] org.apache.catalina.core.ApplicationContext.log Manager: list: Listing contexts for virtual host 'localhost'
17-Nov-2022 14:18:08.466 INFO [http-nio-8081-exec-89] org.apache.catalina.core.ApplicationContext.log Manager: restart: Reloading web application '/cuoiki1'
17-Nov-2022 14:18:20.851 INFO [http-nio-8081-exec-94] org.apache.catalina.core.ApplicationContext.log Manager: list: Listing contexts for virtual host 'localhost'
17-Nov-2022 14:18:20.868 INFO [http-nio-8081-exec-100] org.apache.catalina.core.ApplicationContext.log Manager: restart: Reloading web application '/cuoiki1'
17-Nov-2022 14:18:36.747 INFO [http-nio-8081-exec-94] org.apache.catalina.core.ApplicationContext.log Manager: list: Listing contexts for virtual host 'localhost'
17-Nov-2022 14:18:36.765 INFO [http-nio-8081-exec-92] org.apache.catalina.core.ApplicationContext.log Manager: restart: Reloading web application '/cuoiki1'
17-Nov-2022 14:18:55.901 INFO [http-nio-8081-exec-90] org.apache.catalina.core.ApplicationContext.log Manager: list: Listing contexts for virtual host 'localhost'
17-Nov-2022 14:18:55.919 INFO [http-nio-8081-exec-101] org.apache.catalina.core.ApplicationContext.log Manager: restart: Reloading web application '/cuoiki1'
17-Nov-2022 14:19:03.883 INFO [http-nio-8081-exec-92] org.apache.catalina.core.ApplicationContext.log Manager: list: Listing contexts for virtual host 'localhost'
17-Nov-2022 14:19:03.883 INFO [http-nio-8081-exec-89] org.apache.catalina.core.ApplicationContext.log Manager: restart: Reloading web application '/cuoiki1'
17-Nov-2022 14:21:23.524 INFO [http-nio-8081-exec-104] org.apache.catalina.core.ApplicationContext.log Manager: list: Listing contexts for virtual host 'localhost'
17-Nov-2022 14:21:23.531 INFO [http-nio-8081-exec-101] org.apache.catalina.core.ApplicationContext.log Manager: restart: Reloading web application '/cuoiki1'
17-Nov-2022 14:22:26.084 INFO [http-nio-8081-exec-106] org.apache.catalina.core.ApplicationContext.log Manager: list: Listing contexts for virtual host 'localhost'
17-Nov-2022 14:22:26.099 INFO [http-nio-8081-exec-105] org.apache.catalina.core.ApplicationContext.log Manager: restart: Reloading web application '/cuoiki1'
17-Nov-2022 14:24:31.611 INFO [http-nio-8081-exec-104] org.apache.catalina.core.ApplicationContext.log Manager: list: Listing contexts for virtual host 'localhost'
17-Nov-2022 14:24:31.628 INFO [http-nio-8081-exec-113] org.apache.catalina.core.ApplicationContext.log Manager: restart: Reloading web application '/cuoiki1'
17-Nov-2022 14:25:11.424 INFO [http-nio-8081-exec-106] org.apache.catalina.core.ApplicationContext.log Manager: list: Listing contexts for virtual host 'localhost'
17-Nov-2022 14:25:11.424 INFO [http-nio-8081-exec-105] org.apache.catalina.core.ApplicationContext.log Manager: restart: Reloading web application '/cuoiki1'
17-Nov-2022 14:25:17.114 INFO [http-nio-8081-exec-106] org.apache.catalina.core.ApplicationContext.log Manager: list: Listing contexts for virtual host 'localhost'
17-Nov-2022 14:25:17.125 INFO [http-nio-8081-exec-104] org.apache.catalina.core.ApplicationContext.log Manager: restart: Reloading web application '/cuoiki1'
17-Nov-2022 14:25:28.630 INFO [http-nio-8081-exec-106] org.apache.catalina.core.ApplicationContext.log Manager: list: Listing contexts for virtual host 'localhost'
17-Nov-2022 14:25:28.644 INFO [http-nio-8081-exec-89] org.apache.catalina.core.ApplicationContext.log Manager: restart: Reloading web application '/cuoiki1'
17-Nov-2022 14:25:38.708 INFO [http-nio-8081-exec-112] org.apache.catalina.core.ApplicationContext.log Manager: list: Listing contexts for virtual host 'localhost'
17-Nov-2022 14:25:38.722 INFO [http-nio-8081-exec-116] org.apache.catalina.core.ApplicationContext.log Manager: restart: Reloading web application '/cuoiki1'
17-Nov-2022 14:25:50.751 INFO [http-nio-8081-exec-112] org.apache.catalina.core.ApplicationContext.log Manager: list: Listing contexts for virtual host 'localhost'
17-Nov-2022 14:25:50.751 INFO [http-nio-8081-exec-89] org.apache.catalina.core.ApplicationContext.log Manager: restart: Reloading web application '/cuoiki1'
17-Nov-2022 14:26:04.227 INFO [http-nio-8081-exec-111] org.apache.catalina.core.ApplicationContext.log Manager: list: Listing contexts for virtual host 'localhost'
17-Nov-2022 14:26:04.240 INFO [http-nio-8081-exec-115] org.apache.catalina.core.ApplicationContext.log Manager: restart: Reloading web application '/cuoiki1'
17-Nov-2022 14:26:30.602 INFO [http-nio-8081-exec-89] org.apache.catalina.core.ApplicationContext.log Manager: list: Listing contexts for virtual host 'localhost'
17-Nov-2022 14:26:30.602 INFO [http-nio-8081-exec-112] org.apache.catalina.core.ApplicationContext.log Manager: restart: Reloading web application '/cuoiki1'
17-Nov-2022 14:26:51.003 INFO [http-nio-8081-exec-111] org.apache.catalina.core.ApplicationContext.log Manager: list: Listing contexts for virtual host 'localhost'
17-Nov-2022 14:26:51.021 INFO [http-nio-8081-exec-118] org.apache.catalina.core.ApplicationContext.log Manager: restart: Reloading web application '/cuoiki1'
17-Nov-2022 14:27:30.514 INFO [http-nio-8081-exec-120] org.apache.catalina.core.ApplicationContext.log Manager: list: Listing contexts for virtual host 'localhost'
17-Nov-2022 14:27:30.521 INFO [http-nio-8081-exec-112] org.apache.catalina.core.ApplicationContext.log Manager: restart: Reloading web application '/cuoiki1'
17-Nov-2022 14:27:46.608 INFO [http-nio-8081-exec-115] org.apache.catalina.core.ApplicationContext.log Manager: list: Listing contexts for virtual host 'localhost'
17-Nov-2022 14:27:46.617 INFO [http-nio-8081-exec-89] org.apache.catalina.core.ApplicationContext.log Manager: restart: Reloading web application '/cuoiki1'
17-Nov-2022 14:28:48.281 INFO [http-nio-8081-exec-123] org.apache.catalina.core.ApplicationContext.log Manager: list: Listing contexts for virtual host 'localhost'
17-Nov-2022 14:28:48.291 INFO [http-nio-8081-exec-115] org.apache.catalina.core.ApplicationContext.log Manager: restart: Reloading web application '/cuoiki1'
17-Nov-2022 14:29:02.685 INFO [http-nio-8081-exec-125] org.apache.catalina.core.ApplicationContext.log Manager: list: Listing contexts for virtual host 'localhost'
17-Nov-2022 14:29:02.685 INFO [http-nio-8081-exec-123] org.apache.catalina.core.ApplicationContext.log Manager: restart: Reloading web application '/cuoiki1'
17-Nov-2022 14:30:50.524 INFO [http-nio-8081-exec-125] org.apache.catalina.core.ApplicationContext.log Manager: list: Listing contexts for virtual host 'localhost'
17-Nov-2022 14:30:50.524 INFO [http-nio-8081-exec-124] org.apache.catalina.core.ApplicationContext.log Manager: restart: Reloading web application '/cuoiki1'
17-Nov-2022 14:31:03.970 INFO [http-nio-8081-exec-124] org.apache.catalina.core.ApplicationContext.log Manager: list: Listing contexts for virtual host 'localhost'
17-Nov-2022 14:31:19.620 INFO [http-nio-8081-exec-133] org.apache.catalina.core.ApplicationContext.log Manager: list: Listing contexts for virtual host 'localhost'
17-Nov-2022 14:32:02.643 INFO [http-nio-8081-exec-133] org.apache.catalina.core.ApplicationContext.log Manager: list: Listing contexts for virtual host 'localhost'
17-Nov-2022 14:32:18.038 INFO [http-nio-8081-exec-133] org.apache.catalina.core.ApplicationContext.log Manager: list: Listing contexts for virtual host 'localhost'
17-Nov-2022 14:32:27.625 INFO [http-nio-8081-exec-130] org.apache.catalina.core.ApplicationContext.log Manager: list: Listing contexts for virtual host 'localhost'
17-Nov-2022 14:33:00.146 INFO [http-nio-8081-exec-132] org.apache.catalina.core.ApplicationContext.log Manager: list: Listing contexts for virtual host 'localhost'
17-Nov-2022 14:35:03.881 INFO [http-nio-8081-exec-138] org.apache.catalina.core.ApplicationContext.log Manager: list: Listing contexts for virtual host 'localhost'
17-Nov-2022 14:36:32.565 INFO [http-nio-8081-exec-138] org.apache.catalina.core.ApplicationContext.log Manager: list: Listing contexts for virtual host 'localhost'
17-Nov-2022 14:36:58.551 INFO [http-nio-8081-exec-134] org.apache.catalina.core.ApplicationContext.log Manager: list: Listing contexts for virtual host 'localhost'
17-Nov-2022 14:37:11.211 INFO [http-nio-8081-exec-137] org.apache.catalina.core.ApplicationContext.log Manager: list: Listing contexts for virtual host 'localhost'
17-Nov-2022 14:37:20.066 INFO [http-nio-8081-exec-130] org.apache.catalina.core.ApplicationContext.log Manager: list: Listing contexts for virtual host 'localhost'
17-Nov-2022 14:37:26.257 INFO [http-nio-8081-exec-132] org.apache.catalina.core.ApplicationContext.log Manager: list: Listing contexts for virtual host 'localhost'
17-Nov-2022 14:37:37.205 INFO [http-nio-8081-exec-129] org.apache.catalina.core.ApplicationContext.log Manager: list: Listing contexts for virtual host 'localhost'
17-Nov-2022 14:37:51.361 INFO [http-nio-8081-exec-129] org.apache.catalina.core.ApplicationContext.log Manager: list: Listing contexts for virtual host 'localhost'
17-Nov-2022 14:38:15.209 INFO [http-nio-8081-exec-129] org.apache.catalina.core.ApplicationContext.log Manager: list: Listing contexts for virtual host 'localhost'
17-Nov-2022 14:38:26.496 INFO [http-nio-8081-exec-134] org.apache.catalina.core.ApplicationContext.log Manager: list: Listing contexts for virtual host 'localhost'
17-Nov-2022 14:38:32.979 INFO [http-nio-8081-exec-138] org.apache.catalina.core.ApplicationContext.log Manager: list: Listing contexts for virtual host 'localhost'
17-Nov-2022 14:38:44.728 INFO [http-nio-8081-exec-131] org.apache.catalina.core.ApplicationContext.log Manager: list: Listing contexts for virtual host 'localhost'
17-Nov-2022 14:39:44.115 INFO [http-nio-8081-exec-131] org.apache.catalina.core.ApplicationContext.log Manager: list: Listing contexts for virtual host 'localhost'
17-Nov-2022 14:40:03.727 INFO [http-nio-8081-exec-136] org.apache.catalina.core.ApplicationContext.log Manager: list: Listing contexts for virtual host 'localhost'
17-Nov-2022 14:42:17.029 INFO [http-nio-8081-exec-136] org.apache.catalina.core.ApplicationContext.log Manager: list: Listing contexts for virtual host 'localhost'
17-Nov-2022 14:42:17.036 INFO [http-nio-8081-exec-129] org.apache.catalina.core.ApplicationContext.log Manager: restart: Reloading web application '/cuoiki1'
17-Nov-2022 14:42:52.024 INFO [http-nio-8081-exec-135] org.apache.catalina.core.ApplicationContext.log Manager: list: Listing contexts for virtual host 'localhost'
17-Nov-2022 14:42:52.039 INFO [http-nio-8081-exec-136] org.apache.catalina.core.ApplicationContext.log Manager: restart: Reloading web application '/cuoiki1'
17-Nov-2022 14:43:43.955 INFO [http-nio-8081-exec-136] org.apache.catalina.core.ApplicationContext.log Manager: list: Listing contexts for virtual host 'localhost'
17-Nov-2022 14:44:11.750 INFO [http-nio-8081-exec-136] org.apache.catalina.core.ApplicationContext.log Manager: list: Listing contexts for virtual host 'localhost'
17-Nov-2022 14:45:24.683 INFO [http-nio-8081-exec-141] org.apache.catalina.core.ApplicationContext.log Manager: list: Listing contexts for virtual host 'localhost'
17-Nov-2022 14:47:05.301 INFO [http-nio-8081-exec-144] org.apache.catalina.core.ApplicationContext.log Manager: list: Listing contexts for virtual host 'localhost'
17-Nov-2022 14:47:20.436 INFO [http-nio-8081-exec-141] org.apache.catalina.core.ApplicationContext.log Manager: list: Listing contexts for virtual host 'localhost'
17-Nov-2022 14:47:52.105 INFO [http-nio-8081-exec-145] org.apache.catalina.core.ApplicationContext.log Manager: list: Listing contexts for virtual host 'localhost'
17-Nov-2022 14:48:12.510 INFO [http-nio-8081-exec-144] org.apache.catalina.core.ApplicationContext.log Manager: list: Listing contexts for virtual host 'localhost'
17-Nov-2022 14:48:41.664 INFO [http-nio-8081-exec-142] org.apache.catalina.core.ApplicationContext.log Manager: list: Listing contexts for virtual host 'localhost'
17-Nov-2022 14:48:50.670 INFO [http-nio-8081-exec-145] org.apache.catalina.core.ApplicationContext.log Manager: list: Listing contexts for virtual host 'localhost'
17-Nov-2022 14:49:09.754 INFO [http-nio-8081-exec-143] org.apache.catalina.core.ApplicationContext.log Manager: list: Listing contexts for virtual host 'localhost'
17-Nov-2022 14:49:19.092 INFO [http-nio-8081-exec-150] org.apache.catalina.core.ApplicationContext.log Manager: list: Listing contexts for virtual host 'localhost'
17-Nov-2022 14:51:04.741 INFO [http-nio-8081-exec-146] org.apache.catalina.core.ApplicationContext.log Manager: list: Listing contexts for virtual host 'localhost'
17-Nov-2022 14:51:08.149 INFO [http-nio-8081-exec-144] org.apache.catalina.core.ApplicationContext.log Manager: list: Listing contexts for virtual host 'localhost'
17-Nov-2022 14:51:49.388 INFO [http-nio-8081-exec-144] org.apache.catalina.core.ApplicationContext.log Manager: list: Listing contexts for virtual host 'localhost'
17-Nov-2022 14:52:25.655 INFO [http-nio-8081-exec-144] org.apache.catalina.core.ApplicationContext.log Manager: list: Listing contexts for virtual host 'localhost'
17-Nov-2022 14:52:52.327 INFO [http-nio-8081-exec-144] org.apache.catalina.core.ApplicationContext.log Manager: list: Listing contexts for virtual host 'localhost'
17-Nov-2022 14:55:04.975 INFO [http-nio-8081-exec-144] org.apache.catalina.core.ApplicationContext.log Manager: list: Listing contexts for virtual host 'localhost'
17-Nov-2022 14:55:17.519 INFO [http-nio-8081-exec-147] org.apache.catalina.core.ApplicationContext.log Manager: list: Listing contexts for virtual host 'localhost'
17-Nov-2022 14:55:37.097 INFO [http-nio-8081-exec-147] org.apache.catalina.core.ApplicationContext.log Manager: list: Listing contexts for virtual host 'localhost'
17-Nov-2022 14:57:45.728 INFO [http-nio-8081-exec-144] org.apache.catalina.core.ApplicationContext.log Manager: list: Listing contexts for virtual host 'localhost'
17-Nov-2022 14:57:56.743 INFO [http-nio-8081-exec-145] org.apache.catalina.core.ApplicationContext.log Manager: list: Listing contexts for virtual host 'localhost'
17-Nov-2022 14:58:42.083 INFO [http-nio-8081-exec-142] org.apache.catalina.core.ApplicationContext.log Manager: list: Listing contexts for virtual host 'localhost'
17-Nov-2022 14:58:42.087 INFO [http-nio-8081-exec-150] org.apache.catalina.core.ApplicationContext.log Manager: restart: Reloading web application '/cuoiki1'
17-Nov-2022 14:59:04.489 INFO [http-nio-8081-exec-146] org.apache.catalina.core.ApplicationContext.log Manager: list: Listing contexts for virtual host 'localhost'
17-Nov-2022 14:59:04.489 INFO [http-nio-8081-exec-142] org.apache.catalina.core.ApplicationContext.log Manager: restart: Reloading web application '/cuoiki1'
17-Nov-2022 15:00:31.233 INFO [http-nio-8081-exec-145] org.apache.catalina.core.ApplicationContext.log Manager: list: Listing contexts for virtual host 'localhost'
17-Nov-2022 15:00:31.233 INFO [http-nio-8081-exec-144] org.apache.catalina.core.ApplicationContext.log Manager: restart: Reloading web application '/cuoiki1'
17-Nov-2022 15:00:45.573 INFO [http-nio-8081-exec-145] org.apache.catalina.core.ApplicationContext.log Manager: list: Listing contexts for virtual host 'localhost'
17-Nov-2022 15:00:45.584 INFO [http-nio-8081-exec-146] org.apache.catalina.core.ApplicationContext.log Manager: restart: Reloading web application '/cuoiki1'
17-Nov-2022 15:01:54.572 INFO [http-nio-8081-exec-155] org.apache.catalina.core.ApplicationContext.log Manager: list: Listing contexts for virtual host 'localhost'
17-Nov-2022 15:01:54.572 INFO [http-nio-8081-exec-151] org.apache.catalina.core.ApplicationContext.log Manager: restart: Reloading web application '/cuoiki1'
17-Nov-2022 15:01:58.926 INFO [http-nio-8081-exec-151] org.apache.catalina.core.ApplicationContext.log Manager: list: Listing contexts for virtual host 'localhost'
17-Nov-2022 15:01:58.926 INFO [http-nio-8081-exec-156] org.apache.catalina.core.ApplicationContext.log Manager: list: Listing contexts for virtual host 'localhost'
17-Nov-2022 15:01:58.976 INFO [http-nio-8081-exec-147] org.apache.catalina.core.ApplicationContext.log Manager: restart: Reloading web application '/cuoiki1'
17-Nov-2022 15:02:55.658 INFO [http-nio-8081-exec-155] org.apache.catalina.core.ApplicationContext.log Manager: list: Listing contexts for virtual host 'localhost'
17-Nov-2022 15:03:08.340 INFO [http-nio-8081-exec-163] org.apache.catalina.core.ApplicationContext.log Manager: list: Listing contexts for virtual host 'localhost'
17-Nov-2022 15:03:55.304 INFO [http-nio-8081-exec-155] org.apache.catalina.core.ApplicationContext.log Manager: list: Listing contexts for virtual host 'localhost'
17-Nov-2022 15:04:32.074 INFO [http-nio-8081-exec-159] org.apache.catalina.core.ApplicationContext.log Manager: list: Listing contexts for virtual host 'localhost'
17-Nov-2022 15:05:13.868 INFO [http-nio-8081-exec-168] org.apache.catalina.core.ApplicationContext.log Manager: list: Listing contexts for virtual host 'localhost'
17-Nov-2022 15:05:32.919 INFO [http-nio-8081-exec-164] org.apache.catalina.core.ApplicationContext.log Manager: list: Listing contexts for virtual host 'localhost'
17-Nov-2022 15:05:46.747 INFO [http-nio-8081-exec-166] org.apache.catalina.core.ApplicationContext.log Manager: list: Listing contexts for virtual host 'localhost'
17-Nov-2022 15:05:53.996 INFO [http-nio-8081-exec-167] org.apache.catalina.core.ApplicationContext.log Manager: list: Listing contexts for virtual host 'localhost'
17-Nov-2022 15:06:25.543 INFO [http-nio-8081-exec-167] org.apache.catalina.core.ApplicationContext.log Manager: list: Listing contexts for virtual host 'localhost'
17-Nov-2022 15:09:17.236 INFO [http-nio-8081-exec-166] org.apache.catalina.core.ApplicationContext.log Manager: list: Listing contexts for virtual host 'localhost'
17-Nov-2022 15:09:17.252 INFO [http-nio-8081-exec-161] org.apache.catalina.core.ApplicationContext.log Manager: restart: Reloading web application '/cuoiki1'
17-Nov-2022 15:09:40.215 INFO [http-nio-8081-exec-166] org.apache.catalina.core.ApplicationContext.log Manager: list: Listing contexts for virtual host 'localhost'
17-Nov-2022 15:13:13.186 INFO [http-nio-8081-exec-172] org.apache.catalina.core.ApplicationContext.log Manager: list: Listing contexts for virtual host 'localhost'
17-Nov-2022 15:13:22.198 INFO [http-nio-8081-exec-171] org.apache.catalina.core.ApplicationContext.log Manager: list: Listing contexts for virtual host 'localhost'
17-Nov-2022 15:13:33.424 INFO [http-nio-8081-exec-175] org.apache.catalina.core.ApplicationContext.log Manager: list: Listing contexts for virtual host 'localhost'
17-Nov-2022 15:13:50.946 INFO [http-nio-8081-exec-178] org.apache.catalina.core.ApplicationContext.log Manager: list: Listing contexts for virtual host 'localhost'
17-Nov-2022 15:14:18.036 INFO [http-nio-8081-exec-175] org.apache.catalina.core.ApplicationContext.log Manager: list: Listing contexts for virtual host 'localhost'
17-Nov-2022 15:15:29.805 INFO [http-nio-8081-exec-174] org.apache.catalina.core.ApplicationContext.log Manager: list: Listing contexts for virtual host 'localhost'
17-Nov-2022 15:15:57.455 INFO [http-nio-8081-exec-175] org.apache.catalina.core.ApplicationContext.log Manager: list: Listing contexts for virtual host 'localhost'
17-Nov-2022 15:16:09.928 INFO [http-nio-8081-exec-170] org.apache.catalina.core.ApplicationContext.log Manager: list: Listing contexts for virtual host 'localhost'
17-Nov-2022 15:17:28.432 INFO [http-nio-8081-exec-170] org.apache.catalina.core.ApplicationContext.log Manager: list: Listing contexts for virtual host 'localhost'
17-Nov-2022 15:18:14.305 INFO [http-nio-8081-exec-170] org.apache.catalina.core.ApplicationContext.log Manager: list: Listing contexts for virtual host 'localhost'
17-Nov-2022 15:18:14.311 INFO [http-nio-8081-exec-175] org.apache.catalina.core.ApplicationContext.log Manager: restart: Reloading web application '/cuoiki1'
17-Nov-2022 15:18:32.881 INFO [http-nio-8081-exec-174] org.apache.catalina.core.ApplicationContext.log Manager: list: Listing contexts for virtual host 'localhost'
17-Nov-2022 15:18:32.881 INFO [http-nio-8081-exec-179] org.apache.catalina.core.ApplicationContext.log Manager: restart: Reloading web application '/cuoiki1'
17-Nov-2022 15:19:21.181 INFO [http-nio-8081-exec-171] org.apache.catalina.core.ApplicationContext.log Manager: list: Listing contexts for virtual host 'localhost'
17-Nov-2022 15:19:21.181 INFO [http-nio-8081-exec-182] org.apache.catalina.core.ApplicationContext.log Manager: restart: Reloading web application '/cuoiki1'
17-Nov-2022 15:19:46.098 INFO [http-nio-8081-exec-181] org.apache.catalina.core.ApplicationContext.log Manager: list: Listing contexts for virtual host 'localhost'
17-Nov-2022 15:19:46.104 INFO [http-nio-8081-exec-169] org.apache.catalina.core.ApplicationContext.log Manager: restart: Reloading web application '/cuoiki1'
17-Nov-2022 15:20:17.479 INFO [http-nio-8081-exec-184] org.apache.catalina.core.ApplicationContext.log Manager: list: Listing contexts for virtual host 'localhost'
17-Nov-2022 15:20:17.496 INFO [http-nio-8081-exec-183] org.apache.catalina.core.ApplicationContext.log Manager: restart: Reloading web application '/cuoiki1'
17-Nov-2022 15:20:58.164 INFO [http-nio-8081-exec-182] org.apache.catalina.core.ApplicationContext.log Manager: list: Listing contexts for virtual host 'localhost'
17-Nov-2022 15:20:58.176 INFO [http-nio-8081-exec-180] org.apache.catalina.core.ApplicationContext.log Manager: restart: Reloading web application '/cuoiki1'
17-Nov-2022 15:21:23.162 INFO [http-nio-8081-exec-188] org.apache.catalina.core.ApplicationContext.log Manager: list: Listing contexts for virtual host 'localhost'
17-Nov-2022 15:22:40.749 INFO [http-nio-8081-exec-179] org.apache.catalina.core.ApplicationContext.log Manager: list: Listing contexts for virtual host 'localhost'
17-Nov-2022 15:22:40.757 INFO [http-nio-8081-exec-191] org.apache.catalina.core.ApplicationContext.log Manager: restart: Reloading web application '/cuoiki1'
17-Nov-2022 15:22:43.870 INFO [http-nio-8081-exec-179] org.apache.catalina.core.ApplicationContext.log Manager: list: Listing contexts for virtual host 'localhost'
17-Nov-2022 15:22:43.870 INFO [http-nio-8081-exec-183] org.apache.catalina.core.ApplicationContext.log Manager: list: Listing contexts for virtual host 'localhost'
17-Nov-2022 15:22:43.895 INFO [http-nio-8081-exec-171] org.apache.catalina.core.ApplicationContext.log Manager: restart: Reloading web application '/cuoiki1'
17-Nov-2022 15:22:58.170 INFO [http-nio-8081-exec-189] org.apache.catalina.core.ApplicationContext.log Manager: list: Listing contexts for virtual host 'localhost'
17-Nov-2022 15:22:58.186 INFO [http-nio-8081-exec-186] org.apache.catalina.core.ApplicationContext.log Manager: restart: Reloading web application '/cuoiki1'
17-Nov-2022 15:23:00.221 INFO [http-nio-8081-exec-195] org.apache.catalina.core.ApplicationContext.log Manager: list: Listing contexts for virtual host 'localhost'
17-Nov-2022 15:23:00.239 INFO [http-nio-8081-exec-184] org.apache.catalina.core.ApplicationContext.log Manager: restart: Reloading web application '/cuoiki1'
17-Nov-2022 15:23:32.110 INFO [http-nio-8081-exec-193] org.apache.catalina.core.ApplicationContext.log Manager: list: Listing contexts for virtual host 'localhost'
17-Nov-2022 15:23:32.110 INFO [http-nio-8081-exec-184] org.apache.catalina.core.ApplicationContext.log Manager: restart: Reloading web application '/cuoiki1'
17-Nov-2022 15:24:01.229 INFO [http-nio-8081-exec-198] org.apache.catalina.core.ApplicationContext.log Manager: list: Listing contexts for virtual host 'localhost'
17-Nov-2022 15:24:01.237 INFO [http-nio-8081-exec-197] org.apache.catalina.core.ApplicationContext.log Manager: restart: Reloading web application '/cuoiki1'
17-Nov-2022 15:25:19.396 INFO [http-nio-8081-exec-204] org.apache.catalina.core.ApplicationContext.log Manager: list: Listing contexts for virtual host 'localhost'
17-Nov-2022 15:25:19.396 INFO [http-nio-8081-exec-209] org.apache.catalina.core.ApplicationContext.log Manager: restart: Reloading web application '/cuoiki1'
17-Nov-2022 15:25:39.284 INFO [http-nio-8081-exec-203] org.apache.catalina.core.ApplicationContext.log Manager: list: Listing contexts for virtual host 'localhost'
17-Nov-2022 15:25:39.292 INFO [http-nio-8081-exec-206] org.apache.catalina.core.ApplicationContext.log Manager: restart: Reloading web application '/cuoiki1'
17-Nov-2022 15:25:51.236 INFO [http-nio-8081-exec-209] org.apache.catalina.core.ApplicationContext.log Manager: list: Listing contexts for virtual host 'localhost'
17-Nov-2022 15:25:56.142 INFO [http-nio-8081-exec-211] org.apache.catalina.core.ApplicationContext.log Manager: list: Listing contexts for virtual host 'localhost'
17-Nov-2022 15:26:02.607 INFO [http-nio-8081-exec-212] org.apache.catalina.core.ApplicationContext.log Manager: list: Listing contexts for virtual host 'localhost'
17-Nov-2022 15:26:41.091 INFO [http-nio-8081-exec-211] org.apache.catalina.core.ApplicationContext.log Manager: list: Listing contexts for virtual host 'localhost'
17-Nov-2022 15:26:41.103 INFO [http-nio-8081-exec-203] org.apache.catalina.core.ApplicationContext.log Manager: restart: Reloading web application '/cuoiki1'
17-Nov-2022 15:27:33.521 INFO [http-nio-8081-exec-211] org.apache.catalina.core.ApplicationContext.log Manager: list: Listing contexts for virtual host 'localhost'
17-Nov-2022 15:28:17.830 INFO [http-nio-8081-exec-223] org.apache.catalina.core.ApplicationContext.log Manager: list: Listing contexts for virtual host 'localhost'
17-Nov-2022 15:28:17.830 INFO [http-nio-8081-exec-222] org.apache.catalina.core.ApplicationContext.log Manager: restart: Reloading web application '/cuoiki1'
17-Nov-2022 15:28:44.503 INFO [http-nio-8081-exec-219] org.apache.catalina.core.ApplicationContext.log Manager: list: Listing contexts for virtual host 'localhost'
17-Nov-2022 15:30:05.435 INFO [http-nio-8081-exec-230] org.apache.catalina.core.ApplicationContext.log Manager: list: Listing contexts for virtual host 'localhost'
17-Nov-2022 15:30:05.446 INFO [http-nio-8081-exec-225] org.apache.catalina.core.ApplicationContext.log Manager: restart: Reloading web application '/cuoiki1'
17-Nov-2022 15:30:13.361 INFO [http-nio-8081-exec-226] org.apache.catalina.core.ApplicationContext.log Manager: list: Listing contexts for virtual host 'localhost'
17-Nov-2022 15:30:13.361 INFO [http-nio-8081-exec-232] org.apache.catalina.core.ApplicationContext.log Manager: restart: Reloading web application '/cuoiki1'
17-Nov-2022 15:30:35.389 INFO [http-nio-8081-exec-227] org.apache.catalina.core.ApplicationContext.log Manager: list: Listing contexts for virtual host 'localhost'
17-Nov-2022 15:30:35.404 INFO [http-nio-8081-exec-232] org.apache.catalina.core.ApplicationContext.log Manager: restart: Reloading web application '/cuoiki1'
17-Nov-2022 15:31:20.935 INFO [http-nio-8081-exec-239] org.apache.catalina.core.ApplicationContext.log Manager: list: Listing contexts for virtual host 'localhost'
17-Nov-2022 15:31:20.941 INFO [http-nio-8081-exec-238] org.apache.catalina.core.ApplicationContext.log Manager: restart: Reloading web application '/cuoiki1'
17-Nov-2022 15:31:28.462 INFO [http-nio-8081-exec-234] org.apache.catalina.core.ApplicationContext.log Manager: list: Listing contexts for virtual host 'localhost'
17-Nov-2022 15:31:28.467 INFO [http-nio-8081-exec-237] org.apache.catalina.core.ApplicationContext.log Manager: restart: Reloading web application '/cuoiki1'
17-Nov-2022 15:31:32.080 INFO [http-nio-8081-exec-246] org.apache.catalina.core.ApplicationContext.log Manager: list: Listing contexts for virtual host 'localhost'
17-Nov-2022 15:32:41.604 INFO [http-nio-8081-exec-252] org.apache.catalina.core.ApplicationContext.log Manager: list: Listing contexts for virtual host 'localhost'
17-Nov-2022 15:32:41.604 INFO [http-nio-8081-exec-251] org.apache.catalina.core.ApplicationContext.log Manager: restart: Reloading web application '/cuoiki1'
17-Nov-2022 15:32:45.636 INFO [http-nio-8081-exec-234] org.apache.catalina.core.ApplicationContext.log Manager: list: Listing contexts for virtual host 'localhost'
17-Nov-2022 15:34:08.330 INFO [http-nio-8081-exec-258] org.apache.catalina.core.ApplicationContext.log Manager: list: Listing contexts for virtual host 'localhost'
17-Nov-2022 15:34:08.330 INFO [http-nio-8081-exec-255] org.apache.catalina.core.ApplicationContext.log Manager: restart: Reloading web application '/cuoiki1'
17-Nov-2022 15:34:29.101 INFO [http-nio-8081-exec-263] org.apache.catalina.core.ApplicationContext.log Manager: list: Listing contexts for virtual host 'localhost'
17-Nov-2022 15:34:29.112 INFO [http-nio-8081-exec-269] org.apache.catalina.core.ApplicationContext.log Manager: restart: Reloading web application '/cuoiki1'
17-Nov-2022 15:36:04.652 INFO [http-nio-8081-exec-274] org.apache.catalina.core.ApplicationContext.log Manager: list: Listing contexts for virtual host 'localhost'
17-Nov-2022 15:36:04.659 INFO [http-nio-8081-exec-264] org.apache.catalina.core.ApplicationContext.log Manager: restart: Reloading web application '/cuoiki1'
17-Nov-2022 15:38:51.424 INFO [http-nio-8081-exec-277] org.apache.catalina.core.ApplicationContext.log Manager: list: Listing contexts for virtual host 'localhost'
17-Nov-2022 15:38:51.424 INFO [http-nio-8081-exec-278] org.apache.catalina.core.ApplicationContext.log Manager: restart: Reloading web application '/cuoiki1'
17-Nov-2022 15:44:03.211 INFO [http-nio-8081-exec-290] org.apache.catalina.core.ApplicationContext.log Manager: list: Listing contexts for virtual host 'localhost'
17-Nov-2022 15:44:30.596 INFO [http-nio-8081-exec-290] org.apache.catalina.core.ApplicationContext.log Manager: list: Listing contexts for virtual host 'localhost'
17-Nov-2022 15:44:43.709 INFO [http-nio-8081-exec-292] org.apache.catalina.core.ApplicationContext.log Manager: list: Listing contexts for virtual host 'localhost'
17-Nov-2022 15:44:55.963 INFO [http-nio-8081-exec-288] org.apache.catalina.core.ApplicationContext.log Manager: list: Listing contexts for virtual host 'localhost'
17-Nov-2022 15:45:06.707 INFO [http-nio-8081-exec-289] org.apache.catalina.core.ApplicationContext.log Manager: list: Listing contexts for virtual host 'localhost'
17-Nov-2022 15:45:23.451 INFO [http-nio-8081-exec-289] org.apache.catalina.core.ApplicationContext.log Manager: list: Listing contexts for virtual host 'localhost'
17-Nov-2022 15:45:38.835 INFO [http-nio-8081-exec-283] org.apache.catalina.core.ApplicationContext.log Manager: list: Listing contexts for virtual host 'localhost'
17-Nov-2022 15:45:51.827 INFO [http-nio-8081-exec-291] org.apache.catalina.core.ApplicationContext.log Manager: list: Listing contexts for virtual host 'localhost'
17-Nov-2022 15:45:51.827 INFO [http-nio-8081-exec-283] org.apache.catalina.core.ApplicationContext.log Manager: restart: Reloading web application '/cuoiki1'
17-Nov-2022 15:46:19.103 INFO [http-nio-8081-exec-287] org.apache.catalina.core.ApplicationContext.log Manager: list: Listing contexts for virtual host 'localhost'
17-Nov-2022 15:46:19.106 INFO [http-nio-8081-exec-288] org.apache.catalina.core.ApplicationContext.log Manager: restart: Reloading web application '/cuoiki1'
17-Nov-2022 15:46:37.235 INFO [http-nio-8081-exec-295] org.apache.catalina.core.ApplicationContext.log Manager: list: Listing contexts for virtual host 'localhost'
17-Nov-2022 15:46:37.235 INFO [http-nio-8081-exec-293] org.apache.catalina.core.ApplicationContext.log Manager: restart: Reloading web application '/cuoiki1'
17-Nov-2022 15:47:12.562 INFO [http-nio-8081-exec-284] org.apache.catalina.core.ApplicationContext.log Manager: list: Listing contexts for virtual host 'localhost'
17-Nov-2022 15:47:12.579 INFO [http-nio-8081-exec-288] org.apache.catalina.core.ApplicationContext.log Manager: restart: Reloading web application '/cuoiki1'
17-Nov-2022 15:47:32.299 INFO [http-nio-8081-exec-284] org.apache.catalina.core.ApplicationContext.log Manager: list: Listing contexts for virtual host 'localhost'
17-Nov-2022 15:47:52.614 INFO [http-nio-8081-exec-293] org.apache.catalina.core.ApplicationContext.log Manager: list: Listing contexts for virtual host 'localhost'
17-Nov-2022 15:48:02.596 INFO [http-nio-8081-exec-288] org.apache.catalina.core.ApplicationContext.log Manager: list: Listing contexts for virtual host 'localhost'
17-Nov-2022 15:48:02.628 INFO [http-nio-8081-exec-302] org.apache.catalina.core.ApplicationContext.log Manager: restart: Reloading web application '/cuoiki1'
17-Nov-2022 15:48:27.172 INFO [http-nio-8081-exec-308] org.apache.catalina.core.ApplicationContext.log Manager: list: Listing contexts for virtual host 'localhost'
17-Nov-2022 15:49:34.906 INFO [http-nio-8081-exec-308] org.apache.catalina.core.ApplicationContext.log Manager: list: Listing contexts for virtual host 'localhost'
17-Nov-2022 15:49:34.914 INFO [http-nio-8081-exec-305] org.apache.catalina.core.ApplicationContext.log Manager: restart: Reloading web application '/cuoiki1'
17-Nov-2022 15:56:15.334 INFO [http-nio-8081-exec-317] org.apache.catalina.core.ApplicationContext.log Manager: list: Listing contexts for virtual host 'localhost'
17-Nov-2022 15:56:15.351 INFO [http-nio-8081-exec-318] org.apache.catalina.core.ApplicationContext.log Manager: restart: Reloading web application '/cuoiki1'
17-Nov-2022 15:56:24.234 INFO [http-nio-8081-exec-316] org.apache.catalina.core.ApplicationContext.log Manager: list: Listing contexts for virtual host 'localhost'
17-Nov-2022 15:56:24.234 INFO [http-nio-8081-exec-313] org.apache.catalina.core.ApplicationContext.log Manager: restart: Reloading web application '/cuoiki1'
17-Nov-2022 16:21:17.242 INFO [http-nio-8081-exec-332] org.apache.catalina.core.ApplicationContext.log Manager: list: Listing contexts for virtual host 'localhost'
17-Nov-2022 16:21:17.257 INFO [http-nio-8081-exec-325] org.apache.catalina.core.ApplicationContext.log Manager: restart: Reloading web application '/cuoiki1'
17-Nov-2022 16:21:39.307 INFO [http-nio-8081-exec-327] org.apache.catalina.core.ApplicationContext.log Manager: list: Listing contexts for virtual host 'localhost'
17-Nov-2022 16:22:27.899 INFO [http-nio-8081-exec-334] org.apache.catalina.core.ApplicationContext.log Manager: list: Listing contexts for virtual host 'localhost'
17-Nov-2022 16:22:27.899 INFO [http-nio-8081-exec-339] org.apache.catalina.core.ApplicationContext.log Manager: list: Listing contexts for virtual host 'localhost'
17-Nov-2022 16:22:27.932 INFO [http-nio-8081-exec-337] org.apache.catalina.core.ApplicationContext.log Manager: restart: Reloading web application '/cuoiki1'
17-Nov-2022 16:22:55.084 INFO [http-nio-8081-exec-345] org.apache.catalina.core.ApplicationContext.log Manager: list: Listing contexts for virtual host 'localhost'
17-Nov-2022 16:38:22.327 INFO [http-nio-8081-exec-350] org.apache.catalina.core.ApplicationContext.log Manager: list: Listing contexts for virtual host 'localhost'
17-Nov-2022 16:38:22.327 INFO [http-nio-8081-exec-351] org.apache.catalina.core.ApplicationContext.log Manager: list: Listing contexts for virtual host 'localhost'
17-Nov-2022 16:49:06.052 INFO [http-nio-8081-exec-344] org.apache.catalina.core.ApplicationContext.log Manager: list: Listing contexts for virtual host 'localhost'
17-Nov-2022 16:49:06.052 INFO [http-nio-8081-exec-347] org.apache.catalina.core.ApplicationContext.log Manager: restart: Reloading web application '/cuoiki1'
17-Nov-2022 16:49:27.246 INFO [http-nio-8081-exec-353] org.apache.catalina.core.ApplicationContext.log Manager: list: Listing contexts for virtual host 'localhost'
17-Nov-2022 16:49:27.246 INFO [http-nio-8081-exec-345] org.apache.catalina.core.ApplicationContext.log Manager: list: Listing contexts for virtual host 'localhost'
17-Nov-2022 16:49:27.278 INFO [http-nio-8081-exec-354] org.apache.catalina.core.ApplicationContext.log Manager: restart: Reloading web application '/cuoiki1'
17-Nov-2022 16:51:51.817 INFO [http-nio-8081-exec-365] org.apache.catalina.core.ApplicationContext.log Manager: list: Listing contexts for virtual host 'localhost'
17-Nov-2022 16:51:51.817 INFO [http-nio-8081-exec-367] org.apache.catalina.core.ApplicationContext.log Manager: restart: Reloading web application '/cuoiki1'
17-Nov-2022 16:51:58.736 INFO [http-nio-8081-exec-364] org.apache.catalina.core.ApplicationContext.log Manager: list: Listing contexts for virtual host 'localhost'
17-Nov-2022 16:51:58.736 INFO [http-nio-8081-exec-358] org.apache.catalina.core.ApplicationContext.log Manager: list: Listing contexts for virtual host 'localhost'
17-Nov-2022 16:51:58.767 INFO [http-nio-8081-exec-366] org.apache.catalina.core.ApplicationContext.log Manager: restart: Reloading web application '/cuoiki1'
17-Nov-2022 16:52:18.761 INFO [http-nio-8081-exec-372] org.apache.catalina.core.ApplicationContext.log Manager: list: Listing contexts for virtual host 'localhost'
17-Nov-2022 16:52:18.761 INFO [http-nio-8081-exec-358] org.apache.catalina.core.ApplicationContext.log Manager: restart: Reloading web application '/cuoiki1'
17-Nov-2022 16:52:33.435 INFO [http-nio-8081-exec-374] org.apache.catalina.core.ApplicationContext.log Manager: list: Listing contexts for virtual host 'localhost'
17-Nov-2022 16:52:33.451 INFO [http-nio-8081-exec-366] org.apache.catalina.core.ApplicationContext.log Manager: restart: Reloading web application '/cuoiki1'
17-Nov-2022 16:52:40.103 INFO [http-nio-8081-exec-372] org.apache.catalina.core.ApplicationContext.log Manager: list: Listing contexts for virtual host 'localhost'
17-Nov-2022 16:52:40.119 INFO [http-nio-8081-exec-368] org.apache.catalina.core.ApplicationContext.log Manager: list: Listing contexts for virtual host 'localhost'
17-Nov-2022 16:52:40.135 INFO [http-nio-8081-exec-373] org.apache.catalina.core.ApplicationContext.log Manager: restart: Reloading web application '/cuoiki1'
17-Nov-2022 16:52:59.897 INFO [http-nio-8081-exec-358] org.apache.catalina.core.ApplicationContext.log Manager: list: Listing contexts for virtual host 'localhost'
17-Nov-2022 16:52:59.897 INFO [http-nio-8081-exec-366] org.apache.catalina.core.ApplicationContext.log Manager: restart: Reloading web application '/cuoiki1'
17-Nov-2022 16:53:46.856 INFO [http-nio-8081-exec-380] org.apache.catalina.core.ApplicationContext.log Manager: list: Listing contexts for virtual host 'localhost'
17-Nov-2022 16:53:46.871 INFO [http-nio-8081-exec-382] org.apache.catalina.core.ApplicationContext.log Manager: restart: Reloading web application '/cuoiki1'
17-Nov-2022 17:05:54.994 INFO [http-nio-8081-exec-4] org.apache.catalina.core.ApplicationContext.log Manager: init: Associated with Deployer 'Catalina:type=Deployer,host=localhost'
17-Nov-2022 17:05:55.010 INFO [http-nio-8081-exec-4] org.apache.catalina.core.ApplicationContext.log Manager: init: Global resources are available
17-Nov-2022 17:05:55.197 INFO [http-nio-8081-exec-8] org.apache.catalina.core.ApplicationContext.log Manager: list: Listing contexts for virtual host 'localhost'
17-Nov-2022 17:05:55.197 INFO [http-nio-8081-exec-7] org.apache.catalina.core.ApplicationContext.log Manager: list: Listing contexts for virtual host 'localhost'
17-Nov-2022 17:05:55.229 INFO [http-nio-8081-exec-9] org.apache.catalina.core.ApplicationContext.log Manager: restart: Reloading web application '/cuoiki1'
