12-Nov-2022 19:04:23.120 INFO [http-nio-8081-exec-3] org.apache.catalina.core.ApplicationContext.log Manager: init: Associated with Deployer 'Catalina:type=Deployer,host=localhost'
12-Nov-2022 19:04:23.120 INFO [http-nio-8081-exec-3] org.apache.catalina.core.ApplicationContext.log Manager: init: Global resources are available
12-Nov-2022 19:04:23.389 INFO [http-nio-8081-exec-8] org.apache.catalina.core.ApplicationContext.log Manager: list: Listing contexts for virtual host 'localhost'
12-Nov-2022 19:04:23.394 INFO [http-nio-8081-exec-7] org.apache.catalina.core.ApplicationContext.log Manager: list: Listing contexts for virtual host 'localhost'
12-Nov-2022 19:04:23.433 INFO [http-nio-8081-exec-9] org.apache.catalina.core.ApplicationContext.log Manager: restart: Reloading web application '/cuoiki1'
12-Nov-2022 19:08:29.240 INFO [http-nio-8081-exec-15] org.apache.catalina.core.ApplicationContext.log Manager: list: Listing contexts for virtual host 'localhost'
12-Nov-2022 19:37:06.594 INFO [http-nio-8081-exec-15] org.apache.catalina.core.ApplicationContext.log Manager: list: Listing contexts for virtual host 'localhost'
12-Nov-2022 19:37:06.610 INFO [http-nio-8081-exec-13] org.apache.catalina.core.ApplicationContext.log Manager: restart: Reloading web application '/cuoiki1'
12-Nov-2022 19:37:07.199 INFO [http-nio-8081-exec-15] org.apache.catalina.core.ApplicationContext.log Manager: list: Listing contexts for virtual host 'localhost'
12-Nov-2022 19:37:07.215 INFO [http-nio-8081-exec-20] org.apache.catalina.core.ApplicationContext.log Manager: restart: Reloading web application '/cuoiki1'
12-Nov-2022 19:37:46.349 INFO [http-nio-8081-exec-17] org.apache.catalina.core.ApplicationContext.log Manager: list: Listing contexts for virtual host 'localhost'
12-Nov-2022 19:37:46.363 INFO [http-nio-8081-exec-12] org.apache.catalina.core.ApplicationContext.log Manager: restart: Reloading web application '/cuoiki1'
12-Nov-2022 19:40:28.187 INFO [http-nio-8081-exec-15] org.apache.catalina.core.ApplicationContext.log Manager: list: Listing contexts for virtual host 'localhost'
12-Nov-2022 19:40:28.204 INFO [http-nio-8081-exec-11] org.apache.catalina.core.ApplicationContext.log Manager: restart: Reloading web application '/cuoiki1'
12-Nov-2022 19:40:31.078 INFO [http-nio-8081-exec-12] org.apache.catalina.core.ApplicationContext.log Manager: list: Listing contexts for virtual host 'localhost'
12-Nov-2022 19:40:31.087 INFO [http-nio-8081-exec-25] org.apache.catalina.core.ApplicationContext.log Manager: restart: Reloading web application '/cuoiki1'
12-Nov-2022 19:40:43.567 INFO [http-nio-8081-exec-11] org.apache.catalina.core.ApplicationContext.log Manager: list: Listing contexts for virtual host 'localhost'
12-Nov-2022 19:40:43.577 INFO [http-nio-8081-exec-15] org.apache.catalina.core.ApplicationContext.log Manager: restart: Reloading web application '/cuoiki1'
12-Nov-2022 19:42:11.194 INFO [http-nio-8081-exec-27] org.apache.catalina.core.ApplicationContext.log Manager: list: Listing contexts for virtual host 'localhost'
12-Nov-2022 19:42:11.204 INFO [http-nio-8081-exec-20] org.apache.catalina.core.ApplicationContext.log Manager: restart: Reloading web application '/cuoiki1'
12-Nov-2022 19:51:34.742 INFO [http-nio-8081-exec-36] org.apache.catalina.core.ApplicationContext.log Manager: list: Listing contexts for virtual host 'localhost'
12-Nov-2022 19:51:34.760 INFO [http-nio-8081-exec-38] org.apache.catalina.core.ApplicationContext.log Manager: restart: Reloading web application '/cuoiki1'
12-Nov-2022 19:54:44.527 INFO [http-nio-8081-exec-41] org.apache.catalina.core.ApplicationContext.log Manager: list: Listing contexts for virtual host 'localhost'
12-Nov-2022 19:54:44.537 INFO [http-nio-8081-exec-42] org.apache.catalina.core.ApplicationContext.log Manager: restart: Reloading web application '/cuoiki1'
12-Nov-2022 19:55:08.617 INFO [http-nio-8081-exec-41] org.apache.catalina.core.ApplicationContext.log Manager: list: Listing contexts for virtual host 'localhost'
12-Nov-2022 19:55:08.617 INFO [http-nio-8081-exec-46] org.apache.catalina.core.ApplicationContext.log Manager: restart: Reloading web application '/cuoiki1'
12-Nov-2022 19:55:17.972 INFO [http-nio-8081-exec-45] org.apache.catalina.core.ApplicationContext.log Manager: list: Listing contexts for virtual host 'localhost'
12-Nov-2022 19:55:17.988 INFO [http-nio-8081-exec-49] org.apache.catalina.core.ApplicationContext.log Manager: restart: Reloading web application '/cuoiki1'
12-Nov-2022 19:57:25.927 INFO [http-nio-8081-exec-48] org.apache.catalina.core.ApplicationContext.log Manager: list: Listing contexts for virtual host 'localhost'
12-Nov-2022 19:57:25.927 INFO [http-nio-8081-exec-45] org.apache.catalina.core.ApplicationContext.log Manager: restart: Reloading web application '/cuoiki1'
12-Nov-2022 19:57:39.944 INFO [http-nio-8081-exec-48] org.apache.catalina.core.ApplicationContext.log Manager: list: Listing contexts for virtual host 'localhost'
12-Nov-2022 19:57:39.956 INFO [http-nio-8081-exec-51] org.apache.catalina.core.ApplicationContext.log Manager: restart: Reloading web application '/cuoiki1'
12-Nov-2022 19:58:36.107 INFO [http-nio-8081-exec-48] org.apache.catalina.core.ApplicationContext.log Manager: list: Listing contexts for virtual host 'localhost'
12-Nov-2022 19:58:36.116 INFO [http-nio-8081-exec-45] org.apache.catalina.core.ApplicationContext.log Manager: restart: Reloading web application '/cuoiki1'
12-Nov-2022 19:58:48.240 INFO [http-nio-8081-exec-56] org.apache.catalina.core.ApplicationContext.log Manager: list: Listing contexts for virtual host 'localhost'
12-Nov-2022 19:58:48.256 INFO [http-nio-8081-exec-51] org.apache.catalina.core.ApplicationContext.log Manager: restart: Reloading web application '/cuoiki1'
12-Nov-2022 19:59:09.426 INFO [http-nio-8081-exec-55] org.apache.catalina.core.ApplicationContext.log Manager: list: Listing contexts for virtual host 'localhost'
12-Nov-2022 19:59:24.540 INFO [http-nio-8081-exec-66] org.apache.catalina.core.ApplicationContext.log Manager: list: Listing contexts for virtual host 'localhost'
12-Nov-2022 20:00:07.523 INFO [http-nio-8081-exec-63] org.apache.catalina.core.ApplicationContext.log Manager: list: Listing contexts for virtual host 'localhost'
12-Nov-2022 20:00:07.523 INFO [http-nio-8081-exec-66] org.apache.catalina.core.ApplicationContext.log Manager: restart: Reloading web application '/cuoiki1'
12-Nov-2022 20:00:29.500 INFO [http-nio-8081-exec-64] org.apache.catalina.core.ApplicationContext.log Manager: list: Listing contexts for virtual host 'localhost'
12-Nov-2022 20:00:53.488 INFO [http-nio-8081-exec-62] org.apache.catalina.core.ApplicationContext.log Manager: list: Listing contexts for virtual host 'localhost'
12-Nov-2022 20:00:53.499 INFO [http-nio-8081-exec-69] org.apache.catalina.core.ApplicationContext.log Manager: restart: Reloading web application '/cuoiki1'
12-Nov-2022 20:01:00.997 INFO [http-nio-8081-exec-60] org.apache.catalina.core.ApplicationContext.log Manager: list: Listing contexts for virtual host 'localhost'
12-Nov-2022 20:01:01.006 INFO [http-nio-8081-exec-64] org.apache.catalina.core.ApplicationContext.log Manager: restart: Reloading web application '/cuoiki1'
12-Nov-2022 20:02:00.117 INFO [http-nio-8081-exec-65] org.apache.catalina.core.ApplicationContext.log Manager: list: Listing contexts for virtual host 'localhost'
12-Nov-2022 20:02:00.128 INFO [http-nio-8081-exec-77] org.apache.catalina.core.ApplicationContext.log Manager: restart: Reloading web application '/cuoiki1'
12-Nov-2022 20:02:25.911 INFO [http-nio-8081-exec-85] org.apache.catalina.core.ApplicationContext.log Manager: list: Listing contexts for virtual host 'localhost'
12-Nov-2022 20:02:25.916 INFO [http-nio-8081-exec-86] org.apache.catalina.core.ApplicationContext.log Manager: restart: Reloading web application '/cuoiki1'
12-Nov-2022 20:19:51.374 INFO [http-nio-8081-exec-97] org.apache.catalina.core.ApplicationContext.log Manager: list: Listing contexts for virtual host 'localhost'
12-Nov-2022 20:19:51.390 INFO [http-nio-8081-exec-98] org.apache.catalina.core.ApplicationContext.log Manager: restart: Reloading web application '/cuoiki1'
12-Nov-2022 20:20:22.875 INFO [http-nio-8081-exec-91] org.apache.catalina.core.ApplicationContext.log Manager: list: Listing contexts for virtual host 'localhost'
12-Nov-2022 20:20:22.901 INFO [http-nio-8081-exec-97] org.apache.catalina.core.ApplicationContext.log Manager: restart: Reloading web application '/cuoiki1'
12-Nov-2022 20:20:38.871 INFO [http-nio-8081-exec-102] org.apache.catalina.core.ApplicationContext.log Manager: list: Listing contexts for virtual host 'localhost'
12-Nov-2022 20:20:38.886 INFO [http-nio-8081-exec-99] org.apache.catalina.core.ApplicationContext.log Manager: restart: Reloading web application '/cuoiki1'
12-Nov-2022 20:21:12.833 INFO [http-nio-8081-exec-94] org.apache.catalina.core.ApplicationContext.log Manager: list: Listing contexts for virtual host 'localhost'
12-Nov-2022 20:21:12.849 INFO [http-nio-8081-exec-101] org.apache.catalina.core.ApplicationContext.log Manager: restart: Reloading web application '/cuoiki1'
12-Nov-2022 20:21:49.449 INFO [http-nio-8081-exec-100] org.apache.catalina.core.ApplicationContext.log Manager: list: Listing contexts for virtual host 'localhost'
12-Nov-2022 20:21:49.464 INFO [http-nio-8081-exec-102] org.apache.catalina.core.ApplicationContext.log Manager: restart: Reloading web application '/cuoiki1'
12-Nov-2022 20:22:01.973 INFO [http-nio-8081-exec-101] org.apache.catalina.core.ApplicationContext.log Manager: list: Listing contexts for virtual host 'localhost'
12-Nov-2022 20:22:01.973 INFO [http-nio-8081-exec-94] org.apache.catalina.core.ApplicationContext.log Manager: restart: Reloading web application '/cuoiki1'
12-Nov-2022 20:23:01.562 INFO [http-nio-8081-exec-92] org.apache.catalina.core.ApplicationContext.log Manager: list: Listing contexts for virtual host 'localhost'
12-Nov-2022 20:23:01.577 INFO [http-nio-8081-exec-102] org.apache.catalina.core.ApplicationContext.log Manager: restart: Reloading web application '/cuoiki1'
12-Nov-2022 20:23:42.646 INFO [http-nio-8081-exec-106] org.apache.catalina.core.ApplicationContext.log Manager: list: Listing contexts for virtual host 'localhost'
12-Nov-2022 20:23:42.646 INFO [http-nio-8081-exec-107] org.apache.catalina.core.ApplicationContext.log Manager: restart: Reloading web application '/cuoiki1'
12-Nov-2022 20:30:37.687 INFO [http-nio-8081-exec-110] org.apache.catalina.core.ApplicationContext.log Manager: list: Listing contexts for virtual host 'localhost'
12-Nov-2022 20:30:37.703 INFO [http-nio-8081-exec-111] org.apache.catalina.core.ApplicationContext.log Manager: restart: Reloading web application '/cuoiki1'
12-Nov-2022 21:37:50.335 INFO [http-nio-8081-exec-119] org.apache.catalina.core.ApplicationContext.log Manager: list: Listing contexts for virtual host 'localhost'
12-Nov-2022 21:38:09.811 INFO [http-nio-8081-exec-121] org.apache.catalina.core.ApplicationContext.log Manager: list: Listing contexts for virtual host 'localhost'
12-Nov-2022 21:39:34.644 INFO [http-nio-8081-exec-125] org.apache.catalina.core.ApplicationContext.log Manager: list: Listing contexts for virtual host 'localhost'
12-Nov-2022 21:39:34.667 INFO [http-nio-8081-exec-124] org.apache.catalina.core.ApplicationContext.log Manager: restart: Reloading web application '/cuoiki1'
12-Nov-2022 21:40:51.978 INFO [http-nio-8081-exec-138] org.apache.catalina.core.ApplicationContext.log Manager: list: Listing contexts for virtual host 'localhost'
12-Nov-2022 21:40:51.993 INFO [http-nio-8081-exec-135] org.apache.catalina.core.ApplicationContext.log Manager: restart: Reloading web application '/cuoiki1'
12-Nov-2022 21:41:14.278 INFO [http-nio-8081-exec-136] org.apache.catalina.core.ApplicationContext.log Manager: list: Listing contexts for virtual host 'localhost'
12-Nov-2022 21:41:14.278 INFO [http-nio-8081-exec-138] org.apache.catalina.core.ApplicationContext.log Manager: restart: Reloading web application '/cuoiki1'
12-Nov-2022 21:42:13.299 INFO [http-nio-8081-exec-141] org.apache.catalina.core.ApplicationContext.log Manager: list: Listing contexts for virtual host 'localhost'
12-Nov-2022 21:42:13.330 INFO [http-nio-8081-exec-130] org.apache.catalina.core.ApplicationContext.log Manager: restart: Reloading web application '/cuoiki1'
12-Nov-2022 21:42:36.805 INFO [http-nio-8081-exec-133] org.apache.catalina.core.ApplicationContext.log Manager: list: Listing contexts for virtual host 'localhost'
12-Nov-2022 21:42:36.819 INFO [http-nio-8081-exec-147] org.apache.catalina.core.ApplicationContext.log Manager: restart: Reloading web application '/cuoiki1'
12-Nov-2022 21:45:30.908 INFO [http-nio-8081-exec-156] org.apache.catalina.core.ApplicationContext.log Manager: list: Listing contexts for virtual host 'localhost'
12-Nov-2022 21:45:47.887 INFO [http-nio-8081-exec-157] org.apache.catalina.core.ApplicationContext.log Manager: list: Listing contexts for virtual host 'localhost'
12-Nov-2022 21:48:21.198 INFO [http-nio-8081-exec-152] org.apache.catalina.core.ApplicationContext.log Manager: list: Listing contexts for virtual host 'localhost'
12-Nov-2022 21:49:13.123 INFO [http-nio-8081-exec-155] org.apache.catalina.core.ApplicationContext.log Manager: list: Listing contexts for virtual host 'localhost'
12-Nov-2022 21:50:16.604 INFO [http-nio-8081-exec-159] org.apache.catalina.core.ApplicationContext.log Manager: list: Listing contexts for virtual host 'localhost'
12-Nov-2022 21:50:16.604 INFO [http-nio-8081-exec-154] org.apache.catalina.core.ApplicationContext.log Manager: restart: Reloading web application '/cuoiki1'
12-Nov-2022 22:02:05.535 INFO [http-nio-8081-exec-164] org.apache.catalina.core.ApplicationContext.log Manager: list: Listing contexts for virtual host 'localhost'
12-Nov-2022 22:03:38.362 INFO [http-nio-8081-exec-169] org.apache.catalina.core.ApplicationContext.log Manager: list: Listing contexts for virtual host 'localhost'
12-Nov-2022 22:04:03.280 INFO [http-nio-8081-exec-162] org.apache.catalina.core.ApplicationContext.log Manager: list: Listing contexts for virtual host 'localhost'
12-Nov-2022 22:04:17.776 INFO [http-nio-8081-exec-162] org.apache.catalina.core.ApplicationContext.log Manager: list: Listing contexts for virtual host 'localhost'
12-Nov-2022 22:05:20.077 INFO [http-nio-8081-exec-167] org.apache.catalina.core.ApplicationContext.log Manager: list: Listing contexts for virtual host 'localhost'
12-Nov-2022 22:07:04.724 INFO [http-nio-8081-exec-163] org.apache.catalina.core.ApplicationContext.log Manager: list: Listing contexts for virtual host 'localhost'
12-Nov-2022 22:07:33.926 INFO [http-nio-8081-exec-167] org.apache.catalina.core.ApplicationContext.log Manager: list: Listing contexts for virtual host 'localhost'
12-Nov-2022 22:13:15.359 INFO [http-nio-8081-exec-166] org.apache.catalina.core.ApplicationContext.log Manager: list: Listing contexts for virtual host 'localhost'
12-Nov-2022 22:13:31.247 INFO [http-nio-8081-exec-164] org.apache.catalina.core.ApplicationContext.log Manager: list: Listing contexts for virtual host 'localhost'
12-Nov-2022 22:14:14.397 INFO [http-nio-8081-exec-170] org.apache.catalina.core.ApplicationContext.log Manager: list: Listing contexts for virtual host 'localhost'
12-Nov-2022 22:14:23.841 INFO [http-nio-8081-exec-165] org.apache.catalina.core.ApplicationContext.log Manager: list: Listing contexts for virtual host 'localhost'
12-Nov-2022 22:14:38.919 INFO [http-nio-8081-exec-162] org.apache.catalina.core.ApplicationContext.log Manager: list: Listing contexts for virtual host 'localhost'
12-Nov-2022 22:14:44.048 INFO [http-nio-8081-exec-161] org.apache.catalina.core.ApplicationContext.log Manager: list: Listing contexts for virtual host 'localhost'
12-Nov-2022 22:14:44.048 INFO [http-nio-8081-exec-168] org.apache.catalina.core.ApplicationContext.log Manager: list: Listing contexts for virtual host 'localhost'
12-Nov-2022 22:14:44.095 INFO [http-nio-8081-exec-164] org.apache.catalina.core.ApplicationContext.log Manager: restart: Reloading web application '/cuoiki1'
12-Nov-2022 22:15:13.147 INFO [http-nio-8081-exec-162] org.apache.catalina.core.ApplicationContext.log Manager: list: Listing contexts for virtual host 'localhost'
12-Nov-2022 22:15:20.622 INFO [http-nio-8081-exec-166] org.apache.catalina.core.ApplicationContext.log Manager: list: Listing contexts for virtual host 'localhost'
12-Nov-2022 22:15:20.622 INFO [http-nio-8081-exec-169] org.apache.catalina.core.ApplicationContext.log Manager: list: Listing contexts for virtual host 'localhost'
12-Nov-2022 22:15:58.373 INFO [http-nio-8081-exec-162] org.apache.catalina.core.ApplicationContext.log Manager: list: Listing contexts for virtual host 'localhost'
12-Nov-2022 22:16:22.230 INFO [http-nio-8081-exec-173] org.apache.catalina.core.ApplicationContext.log Manager: list: Listing contexts for virtual host 'localhost'
12-Nov-2022 22:19:11.893 INFO [http-nio-8081-exec-173] org.apache.catalina.core.ApplicationContext.log Manager: list: Listing contexts for virtual host 'localhost'
12-Nov-2022 22:19:18.663 INFO [http-nio-8081-exec-177] org.apache.catalina.core.ApplicationContext.log Manager: list: Listing contexts for virtual host 'localhost'
12-Nov-2022 22:19:46.966 INFO [http-nio-8081-exec-177] org.apache.catalina.core.ApplicationContext.log Manager: list: Listing contexts for virtual host 'localhost'
12-Nov-2022 22:19:59.374 INFO [http-nio-8081-exec-178] org.apache.catalina.core.ApplicationContext.log Manager: list: Listing contexts for virtual host 'localhost'
12-Nov-2022 22:20:37.892 INFO [http-nio-8081-exec-178] org.apache.catalina.core.ApplicationContext.log Manager: list: Listing contexts for virtual host 'localhost'
12-Nov-2022 22:20:58.784 INFO [http-nio-8081-exec-173] org.apache.catalina.core.ApplicationContext.log Manager: list: Listing contexts for virtual host 'localhost'
12-Nov-2022 22:21:30.322 INFO [http-nio-8081-exec-171] org.apache.catalina.core.ApplicationContext.log Manager: list: Listing contexts for virtual host 'localhost'
12-Nov-2022 22:21:33.994 INFO [http-nio-8081-exec-177] org.apache.catalina.core.ApplicationContext.log Manager: list: Listing contexts for virtual host 'localhost'
12-Nov-2022 22:21:46.468 INFO [http-nio-8081-exec-177] org.apache.catalina.core.ApplicationContext.log Manager: list: Listing contexts for virtual host 'localhost'
12-Nov-2022 22:22:36.845 INFO [http-nio-8081-exec-179] org.apache.catalina.core.ApplicationContext.log Manager: list: Listing contexts for virtual host 'localhost'
12-Nov-2022 22:23:30.994 INFO [http-nio-8081-exec-171] org.apache.catalina.core.ApplicationContext.log Manager: list: Listing contexts for virtual host 'localhost'
12-Nov-2022 22:23:43.754 INFO [http-nio-8081-exec-177] org.apache.catalina.core.ApplicationContext.log Manager: list: Listing contexts for virtual host 'localhost'
12-Nov-2022 22:23:56.464 INFO [http-nio-8081-exec-177] org.apache.catalina.core.ApplicationContext.log Manager: list: Listing contexts for virtual host 'localhost'
12-Nov-2022 22:24:14.921 INFO [http-nio-8081-exec-177] org.apache.catalina.core.ApplicationContext.log Manager: list: Listing contexts for virtual host 'localhost'
12-Nov-2022 22:24:22.394 INFO [http-nio-8081-exec-179] org.apache.catalina.core.ApplicationContext.log Manager: list: Listing contexts for virtual host 'localhost'
12-Nov-2022 22:25:06.680 INFO [http-nio-8081-exec-180] org.apache.catalina.core.ApplicationContext.log Manager: list: Listing contexts for virtual host 'localhost'
12-Nov-2022 22:25:43.229 INFO [http-nio-8081-exec-180] org.apache.catalina.core.ApplicationContext.log Manager: list: Listing contexts for virtual host 'localhost'
12-Nov-2022 22:25:51.256 INFO [http-nio-8081-exec-175] org.apache.catalina.core.ApplicationContext.log Manager: list: Listing contexts for virtual host 'localhost'
12-Nov-2022 22:26:51.188 INFO [http-nio-8081-exec-177] org.apache.catalina.core.ApplicationContext.log Manager: list: Listing contexts for virtual host 'localhost'
12-Nov-2022 22:30:00.022 INFO [http-nio-8081-exec-174] org.apache.catalina.core.ApplicationContext.log Manager: list: Listing contexts for virtual host 'localhost'
12-Nov-2022 22:30:22.231 INFO [http-nio-8081-exec-175] org.apache.catalina.core.ApplicationContext.log Manager: list: Listing contexts for virtual host 'localhost'
12-Nov-2022 22:30:27.169 INFO [http-nio-8081-exec-174] org.apache.catalina.core.ApplicationContext.log Manager: list: Listing contexts for virtual host 'localhost'
12-Nov-2022 22:30:34.431 INFO [http-nio-8081-exec-174] org.apache.catalina.core.ApplicationContext.log Manager: list: Listing contexts for virtual host 'localhost'
12-Nov-2022 22:32:26.448 INFO [http-nio-8081-exec-180] org.apache.catalina.core.ApplicationContext.log Manager: list: Listing contexts for virtual host 'localhost'
12-Nov-2022 22:33:16.236 INFO [http-nio-8081-exec-171] org.apache.catalina.core.ApplicationContext.log Manager: list: Listing contexts for virtual host 'localhost'
12-Nov-2022 22:33:34.858 INFO [http-nio-8081-exec-180] org.apache.catalina.core.ApplicationContext.log Manager: list: Listing contexts for virtual host 'localhost'
12-Nov-2022 22:35:11.223 INFO [http-nio-8081-exec-177] org.apache.catalina.core.ApplicationContext.log Manager: list: Listing contexts for virtual host 'localhost'
12-Nov-2022 22:35:18.291 INFO [http-nio-8081-exec-172] org.apache.catalina.core.ApplicationContext.log Manager: list: Listing contexts for virtual host 'localhost'
12-Nov-2022 22:36:11.733 INFO [http-nio-8081-exec-172] org.apache.catalina.core.ApplicationContext.log Manager: list: Listing contexts for virtual host 'localhost'
12-Nov-2022 22:36:53.634 INFO [http-nio-8081-exec-178] org.apache.catalina.core.ApplicationContext.log Manager: list: Listing contexts for virtual host 'localhost'
12-Nov-2022 22:37:00.597 INFO [http-nio-8081-exec-171] org.apache.catalina.core.ApplicationContext.log Manager: list: Listing contexts for virtual host 'localhost'
12-Nov-2022 22:37:29.820 INFO [http-nio-8081-exec-171] org.apache.catalina.core.ApplicationContext.log Manager: list: Listing contexts for virtual host 'localhost'
12-Nov-2022 22:41:37.139 INFO [http-nio-8081-exec-173] org.apache.catalina.core.ApplicationContext.log Manager: list: Listing contexts for virtual host 'localhost'
12-Nov-2022 23:05:35.330 INFO [http-nio-8081-exec-176] org.apache.catalina.core.ApplicationContext.log Manager: list: Listing contexts for virtual host 'localhost'
12-Nov-2022 23:05:43.164 INFO [http-nio-8081-exec-174] org.apache.catalina.core.ApplicationContext.log Manager: list: Listing contexts for virtual host 'localhost'
12-Nov-2022 23:06:02.147 INFO [http-nio-8081-exec-171] org.apache.catalina.core.ApplicationContext.log Manager: list: Listing contexts for virtual host 'localhost'
12-Nov-2022 23:09:20.589 INFO [http-nio-8081-exec-180] org.apache.catalina.core.ApplicationContext.log Manager: list: Listing contexts for virtual host 'localhost'
12-Nov-2022 23:10:17.028 INFO [http-nio-8081-exec-172] org.apache.catalina.core.ApplicationContext.log Manager: list: Listing contexts for virtual host 'localhost'
12-Nov-2022 23:10:17.028 INFO [http-nio-8081-exec-174] org.apache.catalina.core.ApplicationContext.log Manager: list: Listing contexts for virtual host 'localhost'
12-Nov-2022 23:11:35.296 INFO [http-nio-8081-exec-180] org.apache.catalina.core.ApplicationContext.log Manager: list: Listing contexts for virtual host 'localhost'
12-Nov-2022 23:11:50.408 INFO [http-nio-8081-exec-178] org.apache.catalina.core.ApplicationContext.log Manager: list: Listing contexts for virtual host 'localhost'
12-Nov-2022 23:12:27.271 INFO [http-nio-8081-exec-174] org.apache.catalina.core.ApplicationContext.log Manager: list: Listing contexts for virtual host 'localhost'
12-Nov-2022 23:12:46.831 INFO [http-nio-8081-exec-172] org.apache.catalina.core.ApplicationContext.log Manager: list: Listing contexts for virtual host 'localhost'
12-Nov-2022 23:13:38.160 INFO [http-nio-8081-exec-173] org.apache.catalina.core.ApplicationContext.log Manager: list: Listing contexts for virtual host 'localhost'
12-Nov-2022 23:14:14.000 INFO [http-nio-8081-exec-177] org.apache.catalina.core.ApplicationContext.log Manager: list: Listing contexts for virtual host 'localhost'
12-Nov-2022 23:14:33.925 INFO [http-nio-8081-exec-173] org.apache.catalina.core.ApplicationContext.log Manager: list: Listing contexts for virtual host 'localhost'
12-Nov-2022 23:15:58.512 INFO [http-nio-8081-exec-171] org.apache.catalina.core.ApplicationContext.log Manager: list: Listing contexts for virtual host 'localhost'
12-Nov-2022 23:16:27.397 INFO [http-nio-8081-exec-178] org.apache.catalina.core.ApplicationContext.log Manager: list: Listing contexts for virtual host 'localhost'
12-Nov-2022 23:16:36.376 INFO [http-nio-8081-exec-176] org.apache.catalina.core.ApplicationContext.log Manager: list: Listing contexts for virtual host 'localhost'
12-Nov-2022 23:17:00.412 INFO [http-nio-8081-exec-176] org.apache.catalina.core.ApplicationContext.log Manager: list: Listing contexts for virtual host 'localhost'
12-Nov-2022 23:17:09.919 INFO [http-nio-8081-exec-175] org.apache.catalina.core.ApplicationContext.log Manager: list: Listing contexts for virtual host 'localhost'
12-Nov-2022 23:17:23.223 INFO [http-nio-8081-exec-177] org.apache.catalina.core.ApplicationContext.log Manager: list: Listing contexts for virtual host 'localhost'
12-Nov-2022 23:17:55.578 INFO [http-nio-8081-exec-177] org.apache.catalina.core.ApplicationContext.log Manager: list: Listing contexts for virtual host 'localhost'
12-Nov-2022 23:18:08.750 INFO [http-nio-8081-exec-174] org.apache.catalina.core.ApplicationContext.log Manager: list: Listing contexts for virtual host 'localhost'
12-Nov-2022 23:18:39.218 INFO [http-nio-8081-exec-177] org.apache.catalina.core.ApplicationContext.log Manager: list: Listing contexts for virtual host 'localhost'
12-Nov-2022 23:19:03.069 INFO [http-nio-8081-exec-178] org.apache.catalina.core.ApplicationContext.log Manager: list: Listing contexts for virtual host 'localhost'
12-Nov-2022 23:20:05.067 INFO [http-nio-8081-exec-180] org.apache.catalina.core.ApplicationContext.log Manager: list: Listing contexts for virtual host 'localhost'
12-Nov-2022 23:21:18.405 INFO [http-nio-8081-exec-178] org.apache.catalina.core.ApplicationContext.log Manager: list: Listing contexts for virtual host 'localhost'
12-Nov-2022 23:22:08.973 INFO [http-nio-8081-exec-180] org.apache.catalina.core.ApplicationContext.log Manager: list: Listing contexts for virtual host 'localhost'
12-Nov-2022 23:22:26.062 INFO [http-nio-8081-exec-180] org.apache.catalina.core.ApplicationContext.log Manager: list: Listing contexts for virtual host 'localhost'
12-Nov-2022 23:22:41.313 INFO [http-nio-8081-exec-180] org.apache.catalina.core.ApplicationContext.log Manager: list: Listing contexts for virtual host 'localhost'
12-Nov-2022 23:23:08.679 INFO [http-nio-8081-exec-180] org.apache.catalina.core.ApplicationContext.log Manager: list: Listing contexts for virtual host 'localhost'
12-Nov-2022 23:23:34.281 INFO [http-nio-8081-exec-172] org.apache.catalina.core.ApplicationContext.log Manager: list: Listing contexts for virtual host 'localhost'
12-Nov-2022 23:23:52.598 INFO [http-nio-8081-exec-179] org.apache.catalina.core.ApplicationContext.log Manager: list: Listing contexts for virtual host 'localhost'
12-Nov-2022 23:24:48.134 INFO [http-nio-8081-exec-178] org.apache.catalina.core.ApplicationContext.log Manager: list: Listing contexts for virtual host 'localhost'
12-Nov-2022 23:25:26.275 INFO [http-nio-8081-exec-175] org.apache.catalina.core.ApplicationContext.log Manager: list: Listing contexts for virtual host 'localhost'
12-Nov-2022 23:26:02.063 INFO [http-nio-8081-exec-178] org.apache.catalina.core.ApplicationContext.log Manager: list: Listing contexts for virtual host 'localhost'
12-Nov-2022 23:26:48.304 INFO [http-nio-8081-exec-172] org.apache.catalina.core.ApplicationContext.log Manager: list: Listing contexts for virtual host 'localhost'
12-Nov-2022 23:27:25.657 INFO [http-nio-8081-exec-175] org.apache.catalina.core.ApplicationContext.log Manager: list: Listing contexts for virtual host 'localhost'
12-Nov-2022 23:27:36.544 INFO [http-nio-8081-exec-175] org.apache.catalina.core.ApplicationContext.log Manager: list: Listing contexts for virtual host 'localhost'
12-Nov-2022 23:28:20.622 INFO [http-nio-8081-exec-178] org.apache.catalina.core.ApplicationContext.log Manager: list: Listing contexts for virtual host 'localhost'
12-Nov-2022 23:28:41.319 INFO [http-nio-8081-exec-172] org.apache.catalina.core.ApplicationContext.log Manager: list: Listing contexts for virtual host 'localhost'
12-Nov-2022 23:29:13.253 INFO [http-nio-8081-exec-172] org.apache.catalina.core.ApplicationContext.log Manager: list: Listing contexts for virtual host 'localhost'
12-Nov-2022 23:30:02.401 INFO [http-nio-8081-exec-173] org.apache.catalina.core.ApplicationContext.log Manager: list: Listing contexts for virtual host 'localhost'
12-Nov-2022 23:30:02.432 INFO [http-nio-8081-exec-175] org.apache.catalina.core.ApplicationContext.log Manager: stop: Stopping web application '/cuoiki1'
12-Nov-2022 23:30:02.448 INFO [http-nio-8081-exec-176] org.apache.catalina.core.ApplicationContext.log Manager: start: Starting web application '/cuoiki1'
12-Nov-2022 23:30:02.739 INFO [http-nio-8081-exec-177] org.apache.catalina.core.ApplicationContext.log Manager: list: Listing contexts for virtual host 'localhost'
12-Nov-2022 23:30:02.755 INFO [http-nio-8081-exec-179] org.apache.catalina.core.ApplicationContext.log Manager: restart: Reloading web application '/cuoiki1'
12-Nov-2022 23:30:13.731 INFO [http-nio-8081-exec-176] org.apache.catalina.core.ApplicationContext.log Manager: list: Listing contexts for virtual host 'localhost'
12-Nov-2022 23:38:06.013 INFO [http-nio-8081-exec-183] org.apache.catalina.core.ApplicationContext.log Manager: list: Listing contexts for virtual host 'localhost'
12-Nov-2022 23:38:59.368 INFO [http-nio-8081-exec-190] org.apache.catalina.core.ApplicationContext.log Manager: list: Listing contexts for virtual host 'localhost'
12-Nov-2022 23:38:59.384 INFO [http-nio-8081-exec-191] org.apache.catalina.core.ApplicationContext.log Manager: restart: Reloading web application '/cuoiki1'
12-Nov-2022 23:39:44.460 INFO [http-nio-8081-exec-192] org.apache.catalina.core.ApplicationContext.log Manager: list: Listing contexts for virtual host 'localhost'
12-Nov-2022 23:39:44.460 INFO [http-nio-8081-exec-187] org.apache.catalina.core.ApplicationContext.log Manager: restart: Reloading web application '/cuoiki1'
12-Nov-2022 23:40:02.076 INFO [http-nio-8081-exec-193] org.apache.catalina.core.ApplicationContext.log Manager: list: Listing contexts for virtual host 'localhost'
12-Nov-2022 23:40:02.092 INFO [http-nio-8081-exec-192] org.apache.catalina.core.ApplicationContext.log Manager: restart: Reloading web application '/cuoiki1'
12-Nov-2022 23:40:25.742 INFO [http-nio-8081-exec-198] org.apache.catalina.core.ApplicationContext.log Manager: list: Listing contexts for virtual host 'localhost'
12-Nov-2022 23:40:58.645 INFO [http-nio-8081-exec-200] org.apache.catalina.core.ApplicationContext.log Manager: list: Listing contexts for virtual host 'localhost'
12-Nov-2022 23:41:08.197 INFO [http-nio-8081-exec-206] org.apache.catalina.core.ApplicationContext.log Manager: list: Listing contexts for virtual host 'localhost'
12-Nov-2022 23:41:39.150 INFO [http-nio-8081-exec-201] org.apache.catalina.core.ApplicationContext.log Manager: list: Listing contexts for virtual host 'localhost'
12-Nov-2022 23:41:48.459 INFO [http-nio-8081-exec-202] org.apache.catalina.core.ApplicationContext.log Manager: list: Listing contexts for virtual host 'localhost'
12-Nov-2022 23:41:56.963 INFO [http-nio-8081-exec-209] org.apache.catalina.core.ApplicationContext.log Manager: list: Listing contexts for virtual host 'localhost'
12-Nov-2022 23:42:05.605 INFO [http-nio-8081-exec-203] org.apache.catalina.core.ApplicationContext.log Manager: list: Listing contexts for virtual host 'localhost'
12-Nov-2022 23:43:27.753 INFO [http-nio-8081-exec-202] org.apache.catalina.core.ApplicationContext.log Manager: list: Listing contexts for virtual host 'localhost'
12-Nov-2022 23:43:59.550 INFO [http-nio-8081-exec-205] org.apache.catalina.core.ApplicationContext.log Manager: list: Listing contexts for virtual host 'localhost'
12-Nov-2022 23:44:17.170 INFO [http-nio-8081-exec-208] org.apache.catalina.core.ApplicationContext.log Manager: list: Listing contexts for virtual host 'localhost'
12-Nov-2022 23:44:40.894 INFO [http-nio-8081-exec-209] org.apache.catalina.core.ApplicationContext.log Manager: list: Listing contexts for virtual host 'localhost'
12-Nov-2022 23:47:52.048 INFO [http-nio-8081-exec-207] org.apache.catalina.core.ApplicationContext.log Manager: list: Listing contexts for virtual host 'localhost'
12-Nov-2022 23:48:08.861 INFO [http-nio-8081-exec-202] org.apache.catalina.core.ApplicationContext.log Manager: list: Listing contexts for virtual host 'localhost'
12-Nov-2022 23:48:41.125 INFO [http-nio-8081-exec-201] org.apache.catalina.core.ApplicationContext.log Manager: list: Listing contexts for virtual host 'localhost'
12-Nov-2022 23:48:41.140 INFO [http-nio-8081-exec-206] org.apache.catalina.core.ApplicationContext.log Manager: restart: Reloading web application '/cuoiki1'
12-Nov-2022 23:49:00.432 INFO [http-nio-8081-exec-203] org.apache.catalina.core.ApplicationContext.log Manager: list: Listing contexts for virtual host 'localhost'
12-Nov-2022 23:49:00.448 INFO [http-nio-8081-exec-205] org.apache.catalina.core.ApplicationContext.log Manager: restart: Reloading web application '/cuoiki1'
12-Nov-2022 23:50:52.537 INFO [http-nio-8081-exec-215] org.apache.catalina.core.ApplicationContext.log Manager: list: Listing contexts for virtual host 'localhost'
12-Nov-2022 23:50:52.548 INFO [http-nio-8081-exec-214] org.apache.catalina.core.ApplicationContext.log Manager: restart: Reloading web application '/cuoiki1'
12-Nov-2022 23:50:59.994 INFO [http-nio-8081-exec-213] org.apache.catalina.core.ApplicationContext.log Manager: list: Listing contexts for virtual host 'localhost'
12-Nov-2022 23:51:00.013 INFO [http-nio-8081-exec-217] org.apache.catalina.core.ApplicationContext.log Manager: restart: Reloading web application '/cuoiki1'
12-Nov-2022 23:51:22.098 INFO [http-nio-8081-exec-215] org.apache.catalina.core.ApplicationContext.log Manager: list: Listing contexts for virtual host 'localhost'
12-Nov-2022 23:51:22.118 INFO [http-nio-8081-exec-218] org.apache.catalina.core.ApplicationContext.log Manager: restart: Reloading web application '/cuoiki1'
12-Nov-2022 23:52:17.037 INFO [http-nio-8081-exec-221] org.apache.catalina.core.ApplicationContext.log Manager: list: Listing contexts for virtual host 'localhost'
12-Nov-2022 23:52:17.048 INFO [http-nio-8081-exec-214] org.apache.catalina.core.ApplicationContext.log Manager: restart: Reloading web application '/cuoiki1'
