14-Nov-2022 09:21:37.607 INFO [http-nio-8081-exec-4] org.apache.catalina.core.ApplicationContext.log Manager: init: Associated with Deployer 'Catalina:type=Deployer,host=localhost'
14-Nov-2022 09:21:37.607 INFO [http-nio-8081-exec-4] org.apache.catalina.core.ApplicationContext.log Manager: init: Global resources are available
14-Nov-2022 09:21:37.851 INFO [http-nio-8081-exec-8] org.apache.catalina.core.ApplicationContext.log Manager: list: Listing contexts for virtual host 'localhost'
14-Nov-2022 09:21:37.851 INFO [http-nio-8081-exec-9] org.apache.catalina.core.ApplicationContext.log Manager: list: Listing contexts for virtual host 'localhost'
14-Nov-2022 09:21:37.898 INFO [http-nio-8081-exec-7] org.apache.catalina.core.ApplicationContext.log Manager: restart: Reloading web application '/cuoiki1'
14-Nov-2022 09:21:55.150 INFO [http-nio-8081-exec-3] org.apache.catalina.core.ApplicationContext.log Manager: list: Listing contexts for virtual host 'localhost'
14-Nov-2022 09:21:55.165 INFO [http-nio-8081-exec-4] org.apache.catalina.core.ApplicationContext.log Manager: list: Listing contexts for virtual host 'localhost'
14-Nov-2022 09:22:55.440 INFO [http-nio-8081-exec-17] org.apache.catalina.core.ApplicationContext.log Manager: list: Listing contexts for virtual host 'localhost'
14-Nov-2022 09:23:26.353 INFO [http-nio-8081-exec-14] org.apache.catalina.core.ApplicationContext.log Manager: list: Listing contexts for virtual host 'localhost'
14-Nov-2022 09:23:41.114 INFO [http-nio-8081-exec-11] org.apache.catalina.core.ApplicationContext.log Manager: list: Listing contexts for virtual host 'localhost'
14-Nov-2022 09:25:18.431 INFO [http-nio-8081-exec-20] org.apache.catalina.core.ApplicationContext.log Manager: list: Listing contexts for virtual host 'localhost'
14-Nov-2022 09:25:18.436 INFO [http-nio-8081-exec-14] org.apache.catalina.core.ApplicationContext.log Manager: restart: Reloading web application '/cuoiki1'
14-Nov-2022 09:26:14.442 INFO [http-nio-8081-exec-20] org.apache.catalina.core.ApplicationContext.log Manager: list: Listing contexts for virtual host 'localhost'
14-Nov-2022 09:26:14.458 INFO [http-nio-8081-exec-19] org.apache.catalina.core.ApplicationContext.log Manager: restart: Reloading web application '/cuoiki1'
14-Nov-2022 09:27:15.343 INFO [http-nio-8081-exec-23] org.apache.catalina.core.ApplicationContext.log Manager: list: Listing contexts for virtual host 'localhost'
14-Nov-2022 09:27:15.358 INFO [http-nio-8081-exec-24] org.apache.catalina.core.ApplicationContext.log Manager: stop: Stopping web application '/cuoiki1'
14-Nov-2022 09:27:15.373 INFO [http-nio-8081-exec-19] org.apache.catalina.core.ApplicationContext.log Manager: start: Starting web application '/cuoiki1'
14-Nov-2022 09:28:00.700 INFO [http-nio-8081-exec-23] org.apache.catalina.core.ApplicationContext.log Manager: list: Listing contexts for virtual host 'localhost'
14-Nov-2022 09:28:34.455 INFO [http-nio-8081-exec-24] org.apache.catalina.core.ApplicationContext.log Manager: list: Listing contexts for virtual host 'localhost'
14-Nov-2022 09:28:34.470 INFO [http-nio-8081-exec-11] org.apache.catalina.core.ApplicationContext.log Manager: restart: Reloading web application '/cuoiki1'
14-Nov-2022 09:30:18.735 INFO [http-nio-8081-exec-18] org.apache.catalina.core.ApplicationContext.log Manager: list: Listing contexts for virtual host 'localhost'
14-Nov-2022 09:30:18.751 INFO [http-nio-8081-exec-16] org.apache.catalina.core.ApplicationContext.log Manager: restart: Reloading web application '/cuoiki1'
14-Nov-2022 09:30:52.208 INFO [http-nio-8081-exec-11] org.apache.catalina.core.ApplicationContext.log Manager: list: Listing contexts for virtual host 'localhost'
14-Nov-2022 09:30:52.224 INFO [http-nio-8081-exec-17] org.apache.catalina.core.ApplicationContext.log Manager: restart: Reloading web application '/cuoiki1'
14-Nov-2022 09:30:59.306 INFO [http-nio-8081-exec-25] org.apache.catalina.core.ApplicationContext.log Manager: list: Listing contexts for virtual host 'localhost'
14-Nov-2022 09:30:59.308 INFO [http-nio-8081-exec-31] org.apache.catalina.core.ApplicationContext.log Manager: list: Listing contexts for virtual host 'localhost'
14-Nov-2022 09:30:59.345 INFO [http-nio-8081-exec-23] org.apache.catalina.core.ApplicationContext.log Manager: stop: Stopping web application '/cuoiki1'
14-Nov-2022 09:30:59.349 INFO [http-nio-8081-exec-25] org.apache.catalina.core.ApplicationContext.log Manager: start: Starting web application '/cuoiki1'
14-Nov-2022 09:32:54.176 INFO [http-nio-8081-exec-35] org.apache.catalina.core.ApplicationContext.log Manager: list: Listing contexts for virtual host 'localhost'
14-Nov-2022 09:32:54.176 INFO [http-nio-8081-exec-36] org.apache.catalina.core.ApplicationContext.log Manager: restart: Reloading web application '/cuoiki1'
14-Nov-2022 09:34:28.502 INFO [http-nio-8081-exec-43] org.apache.catalina.core.ApplicationContext.log Manager: list: Listing contexts for virtual host 'localhost'
14-Nov-2022 09:34:28.513 INFO [http-nio-8081-exec-45] org.apache.catalina.core.ApplicationContext.log Manager: restart: Reloading web application '/cuoiki1'
14-Nov-2022 09:34:35.103 INFO [http-nio-8081-exec-41] org.apache.catalina.core.ApplicationContext.log Manager: list: Listing contexts for virtual host 'localhost'
14-Nov-2022 09:34:35.103 INFO [http-nio-8081-exec-43] org.apache.catalina.core.ApplicationContext.log Manager: list: Listing contexts for virtual host 'localhost'
14-Nov-2022 09:34:35.135 INFO [http-nio-8081-exec-16] org.apache.catalina.core.ApplicationContext.log Manager: restart: Reloading web application '/cuoiki1'
14-Nov-2022 09:34:56.557 INFO [http-nio-8081-exec-43] org.apache.catalina.core.ApplicationContext.log Manager: list: Listing contexts for virtual host 'localhost'
14-Nov-2022 09:34:56.573 INFO [http-nio-8081-exec-45] org.apache.catalina.core.ApplicationContext.log Manager: restart: Reloading web application '/cuoiki1'
14-Nov-2022 09:35:28.615 INFO [http-nio-8081-exec-44] org.apache.catalina.core.ApplicationContext.log Manager: list: Listing contexts for virtual host 'localhost'
14-Nov-2022 09:35:28.631 INFO [http-nio-8081-exec-36] org.apache.catalina.core.ApplicationContext.log Manager: restart: Reloading web application '/cuoiki1'
14-Nov-2022 09:35:58.493 INFO [http-nio-8081-exec-49] org.apache.catalina.core.ApplicationContext.log Manager: list: Listing contexts for virtual host 'localhost'
14-Nov-2022 09:35:58.509 INFO [http-nio-8081-exec-46] org.apache.catalina.core.ApplicationContext.log Manager: restart: Reloading web application '/cuoiki1'
14-Nov-2022 09:36:03.196 INFO [http-nio-8081-exec-51] org.apache.catalina.core.ApplicationContext.log Manager: list: Listing contexts for virtual host 'localhost'
14-Nov-2022 09:36:03.197 INFO [http-nio-8081-exec-46] org.apache.catalina.core.ApplicationContext.log Manager: list: Listing contexts for virtual host 'localhost'
14-Nov-2022 09:36:03.229 INFO [http-nio-8081-exec-36] org.apache.catalina.core.ApplicationContext.log Manager: restart: Reloading web application '/cuoiki1'
14-Nov-2022 09:37:13.564 INFO [http-nio-8081-exec-54] org.apache.catalina.core.ApplicationContext.log Manager: list: Listing contexts for virtual host 'localhost'
14-Nov-2022 09:37:13.580 INFO [http-nio-8081-exec-49] org.apache.catalina.core.ApplicationContext.log Manager: restart: Reloading web application '/cuoiki1'
14-Nov-2022 09:37:19.333 INFO [http-nio-8081-exec-54] org.apache.catalina.core.ApplicationContext.log Manager: list: Listing contexts for virtual host 'localhost'
14-Nov-2022 09:37:19.348 INFO [http-nio-8081-exec-57] org.apache.catalina.core.ApplicationContext.log Manager: restart: Reloading web application '/cuoiki1'
14-Nov-2022 09:37:21.768 INFO [http-nio-8081-exec-45] org.apache.catalina.core.ApplicationContext.log Manager: list: Listing contexts for virtual host 'localhost'
14-Nov-2022 09:37:21.771 INFO [http-nio-8081-exec-46] org.apache.catalina.core.ApplicationContext.log Manager: list: Listing contexts for virtual host 'localhost'
14-Nov-2022 09:37:21.793 INFO [http-nio-8081-exec-36] org.apache.catalina.core.ApplicationContext.log Manager: restart: Reloading web application '/cuoiki1'
14-Nov-2022 09:37:32.559 INFO [http-nio-8081-exec-45] org.apache.catalina.core.ApplicationContext.log Manager: list: Listing contexts for virtual host 'localhost'
14-Nov-2022 09:37:32.574 INFO [http-nio-8081-exec-36] org.apache.catalina.core.ApplicationContext.log Manager: list: Listing contexts for virtual host 'localhost'
14-Nov-2022 09:38:57.291 INFO [http-nio-8081-exec-63] org.apache.catalina.core.ApplicationContext.log Manager: list: Listing contexts for virtual host 'localhost'
14-Nov-2022 09:38:57.308 INFO [http-nio-8081-exec-61] org.apache.catalina.core.ApplicationContext.log Manager: restart: Reloading web application '/cuoiki1'
14-Nov-2022 09:40:01.328 INFO [http-nio-8081-exec-70] org.apache.catalina.core.ApplicationContext.log Manager: list: Listing contexts for virtual host 'localhost'
14-Nov-2022 09:40:01.343 INFO [http-nio-8081-exec-75] org.apache.catalina.core.ApplicationContext.log Manager: restart: Reloading web application '/cuoiki1'
14-Nov-2022 09:40:04.455 INFO [http-nio-8081-exec-70] org.apache.catalina.core.ApplicationContext.log Manager: list: Listing contexts for virtual host 'localhost'
14-Nov-2022 09:40:04.455 INFO [http-nio-8081-exec-64] org.apache.catalina.core.ApplicationContext.log Manager: restart: Reloading web application '/cuoiki1'
14-Nov-2022 09:40:17.248 INFO [http-nio-8081-exec-70] org.apache.catalina.core.ApplicationContext.log Manager: list: Listing contexts for virtual host 'localhost'
14-Nov-2022 09:40:17.263 INFO [http-nio-8081-exec-76] org.apache.catalina.core.ApplicationContext.log Manager: restart: Reloading web application '/cuoiki1'
14-Nov-2022 09:40:39.274 INFO [http-nio-8081-exec-74] org.apache.catalina.core.ApplicationContext.log Manager: list: Listing contexts for virtual host 'localhost'
14-Nov-2022 09:40:39.289 INFO [http-nio-8081-exec-77] org.apache.catalina.core.ApplicationContext.log Manager: restart: Reloading web application '/cuoiki1'
14-Nov-2022 13:33:34.378 INFO [http-nio-8081-exec-85] org.apache.catalina.core.ApplicationContext.log Manager: list: Listing contexts for virtual host 'localhost'
14-Nov-2022 13:33:38.054 INFO [http-nio-8081-exec-83] org.apache.catalina.core.ApplicationContext.log Manager: list: Listing contexts for virtual host 'localhost'
14-Nov-2022 13:33:54.244 INFO [http-nio-8081-exec-80] org.apache.catalina.core.ApplicationContext.log Manager: list: Listing contexts for virtual host 'localhost'
14-Nov-2022 13:35:15.014 INFO [http-nio-8081-exec-80] org.apache.catalina.core.ApplicationContext.log Manager: list: Listing contexts for virtual host 'localhost'
14-Nov-2022 13:35:15.028 INFO [http-nio-8081-exec-83] org.apache.catalina.core.ApplicationContext.log Manager: restart: Reloading web application '/cuoiki1'
14-Nov-2022 13:35:55.785 INFO [http-nio-8081-exec-85] org.apache.catalina.core.ApplicationContext.log Manager: list: Listing contexts for virtual host 'localhost'
14-Nov-2022 13:35:55.801 INFO [http-nio-8081-exec-79] org.apache.catalina.core.ApplicationContext.log Manager: restart: Reloading web application '/cuoiki1'
14-Nov-2022 13:36:03.574 INFO [http-nio-8081-exec-88] org.apache.catalina.core.ApplicationContext.log Manager: list: Listing contexts for virtual host 'localhost'
14-Nov-2022 13:36:03.590 INFO [http-nio-8081-exec-89] org.apache.catalina.core.ApplicationContext.log Manager: restart: Reloading web application '/cuoiki1'
14-Nov-2022 13:39:46.569 INFO [http-nio-8081-exec-91] org.apache.catalina.core.ApplicationContext.log Manager: list: Listing contexts for virtual host 'localhost'
14-Nov-2022 13:39:46.585 INFO [http-nio-8081-exec-98] org.apache.catalina.core.ApplicationContext.log Manager: restart: Reloading web application '/cuoiki1'
14-Nov-2022 14:43:27.164 INFO [http-nio-8081-exec-107] org.apache.catalina.core.ApplicationContext.log Manager: list: Listing contexts for virtual host 'localhost'
14-Nov-2022 14:49:09.513 INFO [http-nio-8081-exec-105] org.apache.catalina.core.ApplicationContext.log Manager: list: Listing contexts for virtual host 'localhost'
14-Nov-2022 14:50:34.469 INFO [http-nio-8081-exec-106] org.apache.catalina.core.ApplicationContext.log Manager: list: Listing contexts for virtual host 'localhost'
14-Nov-2022 14:50:58.071 INFO [http-nio-8081-exec-104] org.apache.catalina.core.ApplicationContext.log Manager: list: Listing contexts for virtual host 'localhost'
14-Nov-2022 14:51:29.780 INFO [http-nio-8081-exec-105] org.apache.catalina.core.ApplicationContext.log Manager: list: Listing contexts for virtual host 'localhost'
14-Nov-2022 14:52:29.349 INFO [http-nio-8081-exec-100] org.apache.catalina.core.ApplicationContext.log Manager: list: Listing contexts for virtual host 'localhost'
14-Nov-2022 14:52:53.945 INFO [http-nio-8081-exec-100] org.apache.catalina.core.ApplicationContext.log Manager: list: Listing contexts for virtual host 'localhost'
14-Nov-2022 14:53:34.723 INFO [http-nio-8081-exec-101] org.apache.catalina.core.ApplicationContext.log Manager: list: Listing contexts for virtual host 'localhost'
14-Nov-2022 14:53:41.868 INFO [http-nio-8081-exec-106] org.apache.catalina.core.ApplicationContext.log Manager: list: Listing contexts for virtual host 'localhost'
14-Nov-2022 14:54:04.447 INFO [http-nio-8081-exec-104] org.apache.catalina.core.ApplicationContext.log Manager: list: Listing contexts for virtual host 'localhost'
14-Nov-2022 14:54:11.854 INFO [http-nio-8081-exec-102] org.apache.catalina.core.ApplicationContext.log Manager: list: Listing contexts for virtual host 'localhost'
14-Nov-2022 14:54:28.964 INFO [http-nio-8081-exec-100] org.apache.catalina.core.ApplicationContext.log Manager: list: Listing contexts for virtual host 'localhost'
14-Nov-2022 14:54:53.234 INFO [http-nio-8081-exec-106] org.apache.catalina.core.ApplicationContext.log Manager: list: Listing contexts for virtual host 'localhost'
14-Nov-2022 14:56:48.005 INFO [http-nio-8081-exec-102] org.apache.catalina.core.ApplicationContext.log Manager: list: Listing contexts for virtual host 'localhost'
14-Nov-2022 14:58:14.357 INFO [http-nio-8081-exec-108] org.apache.catalina.core.ApplicationContext.log Manager: list: Listing contexts for virtual host 'localhost'
14-Nov-2022 14:58:52.193 INFO [http-nio-8081-exec-102] org.apache.catalina.core.ApplicationContext.log Manager: list: Listing contexts for virtual host 'localhost'
14-Nov-2022 14:58:52.195 INFO [http-nio-8081-exec-99] org.apache.catalina.core.ApplicationContext.log Manager: list: Listing contexts for virtual host 'localhost'
14-Nov-2022 14:58:52.227 INFO [http-nio-8081-exec-103] org.apache.catalina.core.ApplicationContext.log Manager: restart: Reloading web application '/cuoiki1'
14-Nov-2022 15:01:21.310 INFO [http-nio-8081-exec-112] org.apache.catalina.core.ApplicationContext.log Manager: list: Listing contexts for virtual host 'localhost'
14-Nov-2022 15:12:24.769 INFO [http-nio-8081-exec-110] org.apache.catalina.core.ApplicationContext.log Manager: list: Listing contexts for virtual host 'localhost'
14-Nov-2022 15:12:43.489 INFO [http-nio-8081-exec-111] org.apache.catalina.core.ApplicationContext.log Manager: list: Listing contexts for virtual host 'localhost'
14-Nov-2022 15:13:59.572 INFO [http-nio-8081-exec-115] org.apache.catalina.core.ApplicationContext.log Manager: list: Listing contexts for virtual host 'localhost'
14-Nov-2022 15:15:09.037 INFO [http-nio-8081-exec-115] org.apache.catalina.core.ApplicationContext.log Manager: list: Listing contexts for virtual host 'localhost'
14-Nov-2022 15:15:30.155 INFO [http-nio-8081-exec-118] org.apache.catalina.core.ApplicationContext.log Manager: list: Listing contexts for virtual host 'localhost'
14-Nov-2022 15:16:35.867 INFO [http-nio-8081-exec-117] org.apache.catalina.core.ApplicationContext.log Manager: list: Listing contexts for virtual host 'localhost'
14-Nov-2022 15:16:52.920 INFO [http-nio-8081-exec-116] org.apache.catalina.core.ApplicationContext.log Manager: list: Listing contexts for virtual host 'localhost'
14-Nov-2022 15:17:16.017 INFO [http-nio-8081-exec-118] org.apache.catalina.core.ApplicationContext.log Manager: list: Listing contexts for virtual host 'localhost'
14-Nov-2022 15:18:20.982 INFO [http-nio-8081-exec-112] org.apache.catalina.core.ApplicationContext.log Manager: list: Listing contexts for virtual host 'localhost'
14-Nov-2022 15:18:20.982 INFO [http-nio-8081-exec-111] org.apache.catalina.core.ApplicationContext.log Manager: restart: Reloading web application '/cuoiki1'
14-Nov-2022 15:20:18.544 INFO [http-nio-8081-exec-119] org.apache.catalina.core.ApplicationContext.log Manager: list: Listing contexts for virtual host 'localhost'
14-Nov-2022 15:20:18.554 INFO [http-nio-8081-exec-126] org.apache.catalina.core.ApplicationContext.log Manager: restart: Reloading web application '/cuoiki1'
14-Nov-2022 15:21:26.095 INFO [http-nio-8081-exec-128] org.apache.catalina.core.ApplicationContext.log Manager: list: Listing contexts for virtual host 'localhost'
14-Nov-2022 15:21:32.276 INFO [http-nio-8081-exec-133] org.apache.catalina.core.ApplicationContext.log Manager: list: Listing contexts for virtual host 'localhost'
14-Nov-2022 15:21:57.811 INFO [http-nio-8081-exec-134] org.apache.catalina.core.ApplicationContext.log Manager: list: Listing contexts for virtual host 'localhost'
14-Nov-2022 15:21:57.811 INFO [http-nio-8081-exec-128] org.apache.catalina.core.ApplicationContext.log Manager: list: Listing contexts for virtual host 'localhost'
14-Nov-2022 15:21:57.844 INFO [http-nio-8081-exec-127] org.apache.catalina.core.ApplicationContext.log Manager: restart: Reloading web application '/cuoiki1'
14-Nov-2022 15:25:29.287 INFO [http-nio-8081-exec-141] org.apache.catalina.core.ApplicationContext.log Manager: list: Listing contexts for virtual host 'localhost'
14-Nov-2022 15:25:33.702 INFO [http-nio-8081-exec-146] org.apache.catalina.core.ApplicationContext.log Manager: list: Listing contexts for virtual host 'localhost'
14-Nov-2022 15:28:25.609 INFO [http-nio-8081-exec-144] org.apache.catalina.core.ApplicationContext.log Manager: list: Listing contexts for virtual host 'localhost'
14-Nov-2022 15:28:25.619 INFO [http-nio-8081-exec-138] org.apache.catalina.core.ApplicationContext.log Manager: restart: Reloading web application '/cuoiki1'
14-Nov-2022 15:29:43.102 INFO [http-nio-8081-exec-149] org.apache.catalina.core.ApplicationContext.log Manager: list: Listing contexts for virtual host 'localhost'
14-Nov-2022 15:29:43.115 INFO [http-nio-8081-exec-150] org.apache.catalina.core.ApplicationContext.log Manager: restart: Reloading web application '/cuoiki1'
14-Nov-2022 15:29:52.931 INFO [http-nio-8081-exec-153] org.apache.catalina.core.ApplicationContext.log Manager: list: Listing contexts for virtual host 'localhost'
14-Nov-2022 15:29:52.931 INFO [http-nio-8081-exec-149] org.apache.catalina.core.ApplicationContext.log Manager: list: Listing contexts for virtual host 'localhost'
14-Nov-2022 15:29:52.955 INFO [http-nio-8081-exec-155] org.apache.catalina.core.ApplicationContext.log Manager: restart: Reloading web application '/cuoiki1'
14-Nov-2022 15:30:29.629 INFO [http-nio-8081-exec-156] org.apache.catalina.core.ApplicationContext.log Manager: list: Listing contexts for virtual host 'localhost'
14-Nov-2022 15:30:29.645 INFO [http-nio-8081-exec-147] org.apache.catalina.core.ApplicationContext.log Manager: restart: Reloading web application '/cuoiki1'
14-Nov-2022 15:31:14.979 INFO [http-nio-8081-exec-150] org.apache.catalina.core.ApplicationContext.log Manager: list: Listing contexts for virtual host 'localhost'
14-Nov-2022 15:31:14.995 INFO [http-nio-8081-exec-158] org.apache.catalina.core.ApplicationContext.log Manager: restart: Reloading web application '/cuoiki1'
14-Nov-2022 15:31:22.958 INFO [http-nio-8081-exec-151] org.apache.catalina.core.ApplicationContext.log Manager: list: Listing contexts for virtual host 'localhost'
14-Nov-2022 15:31:22.974 INFO [http-nio-8081-exec-157] org.apache.catalina.core.ApplicationContext.log Manager: restart: Reloading web application '/cuoiki1'
14-Nov-2022 15:31:26.561 INFO [http-nio-8081-exec-147] org.apache.catalina.core.ApplicationContext.log Manager: list: Listing contexts for virtual host 'localhost'
14-Nov-2022 15:31:26.561 INFO [http-nio-8081-exec-162] org.apache.catalina.core.ApplicationContext.log Manager: restart: Reloading web application '/cuoiki1'
14-Nov-2022 15:34:12.285 INFO [http-nio-8081-exec-147] org.apache.catalina.core.ApplicationContext.log Manager: list: Listing contexts for virtual host 'localhost'
14-Nov-2022 15:34:12.294 INFO [http-nio-8081-exec-149] org.apache.catalina.core.ApplicationContext.log Manager: restart: Reloading web application '/cuoiki1'
14-Nov-2022 15:39:52.982 INFO [http-nio-8081-exec-169] org.apache.catalina.core.ApplicationContext.log Manager: list: Listing contexts for virtual host 'localhost'
14-Nov-2022 15:39:52.990 INFO [http-nio-8081-exec-170] org.apache.catalina.core.ApplicationContext.log Manager: restart: Reloading web application '/cuoiki1'
14-Nov-2022 15:40:20.424 INFO [http-nio-8081-exec-164] org.apache.catalina.core.ApplicationContext.log Manager: list: Listing contexts for virtual host 'localhost'
14-Nov-2022 15:40:20.434 INFO [http-nio-8081-exec-149] org.apache.catalina.core.ApplicationContext.log Manager: restart: Reloading web application '/cuoiki1'
14-Nov-2022 15:41:10.640 INFO [http-nio-8081-exec-170] org.apache.catalina.core.ApplicationContext.log Manager: list: Listing contexts for virtual host 'localhost'
14-Nov-2022 15:41:10.652 INFO [http-nio-8081-exec-169] org.apache.catalina.core.ApplicationContext.log Manager: restart: Reloading web application '/cuoiki1'
14-Nov-2022 15:41:33.517 INFO [http-nio-8081-exec-169] org.apache.catalina.core.ApplicationContext.log Manager: list: Listing contexts for virtual host 'localhost'
14-Nov-2022 15:41:33.517 INFO [http-nio-8081-exec-166] org.apache.catalina.core.ApplicationContext.log Manager: list: Listing contexts for virtual host 'localhost'
14-Nov-2022 15:41:33.550 INFO [http-nio-8081-exec-168] org.apache.catalina.core.ApplicationContext.log Manager: restart: Reloading web application '/cuoiki1'
14-Nov-2022 15:41:38.808 INFO [http-nio-8081-exec-177] org.apache.catalina.core.ApplicationContext.log Manager: list: Listing contexts for virtual host 'localhost'
14-Nov-2022 15:41:38.816 INFO [http-nio-8081-exec-175] org.apache.catalina.core.ApplicationContext.log Manager: restart: Reloading web application '/cuoiki1'
14-Nov-2022 15:45:35.795 INFO [http-nio-8081-exec-181] org.apache.catalina.core.ApplicationContext.log Manager: list: Listing contexts for virtual host 'localhost'
14-Nov-2022 15:45:35.795 INFO [http-nio-8081-exec-184] org.apache.catalina.core.ApplicationContext.log Manager: restart: Reloading web application '/cuoiki1'
14-Nov-2022 15:47:27.290 INFO [http-nio-8081-exec-181] org.apache.catalina.core.ApplicationContext.log Manager: list: Listing contexts for virtual host 'localhost'
14-Nov-2022 15:47:27.299 INFO [http-nio-8081-exec-183] org.apache.catalina.core.ApplicationContext.log Manager: restart: Reloading web application '/cuoiki1'
14-Nov-2022 15:47:49.550 INFO [http-nio-8081-exec-178] org.apache.catalina.core.ApplicationContext.log Manager: list: Listing contexts for virtual host 'localhost'
14-Nov-2022 15:47:49.550 INFO [http-nio-8081-exec-180] org.apache.catalina.core.ApplicationContext.log Manager: restart: Reloading web application '/cuoiki1'
14-Nov-2022 15:48:03.841 INFO [http-nio-8081-exec-188] org.apache.catalina.core.ApplicationContext.log Manager: list: Listing contexts for virtual host 'localhost'
14-Nov-2022 15:48:09.910 INFO [http-nio-8081-exec-190] org.apache.catalina.core.ApplicationContext.log Manager: list: Listing contexts for virtual host 'localhost'
14-Nov-2022 15:48:09.910 INFO [http-nio-8081-exec-182] org.apache.catalina.core.ApplicationContext.log Manager: list: Listing contexts for virtual host 'localhost'
14-Nov-2022 15:48:09.941 INFO [http-nio-8081-exec-180] org.apache.catalina.core.ApplicationContext.log Manager: restart: Reloading web application '/cuoiki1'
14-Nov-2022 15:49:17.739 INFO [http-nio-8081-exec-193] org.apache.catalina.core.ApplicationContext.log Manager: list: Listing contexts for virtual host 'localhost'
14-Nov-2022 15:49:17.739 INFO [http-nio-8081-exec-188] org.apache.catalina.core.ApplicationContext.log Manager: restart: Reloading web application '/cuoiki1'
14-Nov-2022 15:49:29.872 INFO [http-nio-8081-exec-199] org.apache.catalina.core.ApplicationContext.log Manager: list: Listing contexts for virtual host 'localhost'
14-Nov-2022 15:49:29.887 INFO [http-nio-8081-exec-200] org.apache.catalina.core.ApplicationContext.log Manager: restart: Reloading web application '/cuoiki1'
14-Nov-2022 15:49:48.375 INFO [http-nio-8081-exec-199] org.apache.catalina.core.ApplicationContext.log Manager: list: Listing contexts for virtual host 'localhost'
14-Nov-2022 15:49:48.394 INFO [http-nio-8081-exec-195] org.apache.catalina.core.ApplicationContext.log Manager: restart: Reloading web application '/cuoiki1'
14-Nov-2022 15:49:50.601 INFO [http-nio-8081-exec-202] org.apache.catalina.core.ApplicationContext.log Manager: list: Listing contexts for virtual host 'localhost'
14-Nov-2022 15:49:50.601 INFO [http-nio-8081-exec-195] org.apache.catalina.core.ApplicationContext.log Manager: list: Listing contexts for virtual host 'localhost'
14-Nov-2022 15:49:50.633 INFO [http-nio-8081-exec-205] org.apache.catalina.core.ApplicationContext.log Manager: restart: Reloading web application '/cuoiki1'
14-Nov-2022 15:50:12.739 INFO [http-nio-8081-exec-205] org.apache.catalina.core.ApplicationContext.log Manager: list: Listing contexts for virtual host 'localhost'
14-Nov-2022 15:50:12.739 INFO [http-nio-8081-exec-201] org.apache.catalina.core.ApplicationContext.log Manager: restart: Reloading web application '/cuoiki1'
14-Nov-2022 15:50:48.460 INFO [http-nio-8081-exec-213] org.apache.catalina.core.ApplicationContext.log Manager: list: Listing contexts for virtual host 'localhost'
14-Nov-2022 15:50:54.786 INFO [http-nio-8081-exec-216] org.apache.catalina.core.ApplicationContext.log Manager: list: Listing contexts for virtual host 'localhost'
14-Nov-2022 15:51:19.405 INFO [http-nio-8081-exec-212] org.apache.catalina.core.ApplicationContext.log Manager: list: Listing contexts for virtual host 'localhost'
14-Nov-2022 15:51:19.405 INFO [http-nio-8081-exec-216] org.apache.catalina.core.ApplicationContext.log Manager: restart: Reloading web application '/cuoiki1'
14-Nov-2022 15:51:47.840 INFO [http-nio-8081-exec-222] org.apache.catalina.core.ApplicationContext.log Manager: list: Listing contexts for virtual host 'localhost'
14-Nov-2022 15:51:47.840 INFO [http-nio-8081-exec-226] org.apache.catalina.core.ApplicationContext.log Manager: restart: Reloading web application '/cuoiki1'
14-Nov-2022 15:52:07.882 INFO [http-nio-8081-exec-227] org.apache.catalina.core.ApplicationContext.log Manager: list: Listing contexts for virtual host 'localhost'
14-Nov-2022 15:52:07.898 INFO [http-nio-8081-exec-206] org.apache.catalina.core.ApplicationContext.log Manager: restart: Reloading web application '/cuoiki1'
14-Nov-2022 15:52:13.711 INFO [http-nio-8081-exec-228] org.apache.catalina.core.ApplicationContext.log Manager: list: Listing contexts for virtual host 'localhost'
14-Nov-2022 15:52:13.720 INFO [http-nio-8081-exec-224] org.apache.catalina.core.ApplicationContext.log Manager: restart: Reloading web application '/cuoiki1'
14-Nov-2022 15:52:38.522 INFO [http-nio-8081-exec-235] org.apache.catalina.core.ApplicationContext.log Manager: list: Listing contexts for virtual host 'localhost'
14-Nov-2022 15:52:38.554 INFO [http-nio-8081-exec-236] org.apache.catalina.core.ApplicationContext.log Manager: restart: Reloading web application '/cuoiki1'
14-Nov-2022 15:52:46.158 INFO [http-nio-8081-exec-233] org.apache.catalina.core.ApplicationContext.log Manager: list: Listing contexts for virtual host 'localhost'
14-Nov-2022 15:52:46.168 INFO [http-nio-8081-exec-237] org.apache.catalina.core.ApplicationContext.log Manager: restart: Reloading web application '/cuoiki1'
14-Nov-2022 16:00:11.163 INFO [http-nio-8081-exec-242] org.apache.catalina.core.ApplicationContext.log Manager: list: Listing contexts for virtual host 'localhost'
14-Nov-2022 16:00:11.178 INFO [http-nio-8081-exec-243] org.apache.catalina.core.ApplicationContext.log Manager: restart: Reloading web application '/cuoiki1'
14-Nov-2022 16:00:33.772 INFO [http-nio-8081-exec-245] org.apache.catalina.core.ApplicationContext.log Manager: list: Listing contexts for virtual host 'localhost'
14-Nov-2022 16:00:33.787 INFO [http-nio-8081-exec-246] org.apache.catalina.core.ApplicationContext.log Manager: restart: Reloading web application '/cuoiki1'
14-Nov-2022 16:00:43.743 INFO [http-nio-8081-exec-245] org.apache.catalina.core.ApplicationContext.log Manager: list: Listing contexts for virtual host 'localhost'
14-Nov-2022 16:00:43.759 INFO [http-nio-8081-exec-244] org.apache.catalina.core.ApplicationContext.log Manager: restart: Reloading web application '/cuoiki1'
14-Nov-2022 16:01:13.918 INFO [http-nio-8081-exec-257] org.apache.catalina.core.ApplicationContext.log Manager: list: Listing contexts for virtual host 'localhost'
14-Nov-2022 16:01:13.918 INFO [http-nio-8081-exec-249] org.apache.catalina.core.ApplicationContext.log Manager: restart: Reloading web application '/cuoiki1'
14-Nov-2022 16:04:24.631 INFO [http-nio-8081-exec-262] org.apache.catalina.core.ApplicationContext.log Manager: list: Listing contexts for virtual host 'localhost'
14-Nov-2022 16:04:49.290 INFO [http-nio-8081-exec-262] org.apache.catalina.core.ApplicationContext.log Manager: list: Listing contexts for virtual host 'localhost'
14-Nov-2022 16:05:20.766 INFO [http-nio-8081-exec-268] org.apache.catalina.core.ApplicationContext.log Manager: list: Listing contexts for virtual host 'localhost'
14-Nov-2022 16:05:20.776 INFO [http-nio-8081-exec-260] org.apache.catalina.core.ApplicationContext.log Manager: restart: Reloading web application '/cuoiki1'
14-Nov-2022 16:05:49.575 INFO [http-nio-8081-exec-263] org.apache.catalina.core.ApplicationContext.log Manager: list: Listing contexts for virtual host 'localhost'
14-Nov-2022 16:06:38.295 INFO [http-nio-8081-exec-271] org.apache.catalina.core.ApplicationContext.log Manager: list: Listing contexts for virtual host 'localhost'
14-Nov-2022 16:06:38.304 INFO [http-nio-8081-exec-269] org.apache.catalina.core.ApplicationContext.log Manager: restart: Reloading web application '/cuoiki1'
14-Nov-2022 16:06:42.580 INFO [http-nio-8081-exec-276] org.apache.catalina.core.ApplicationContext.log Manager: list: Listing contexts for virtual host 'localhost'
14-Nov-2022 16:21:21.110 INFO [http-nio-8081-exec-280] org.apache.catalina.core.ApplicationContext.log Manager: list: Listing contexts for virtual host 'localhost'
14-Nov-2022 16:21:51.847 INFO [http-nio-8081-exec-282] org.apache.catalina.core.ApplicationContext.log Manager: list: Listing contexts for virtual host 'localhost'
14-Nov-2022 16:24:49.197 INFO [http-nio-8081-exec-287] org.apache.catalina.core.ApplicationContext.log Manager: list: Listing contexts for virtual host 'localhost'
14-Nov-2022 16:25:07.487 INFO [http-nio-8081-exec-284] org.apache.catalina.core.ApplicationContext.log Manager: list: Listing contexts for virtual host 'localhost'
14-Nov-2022 20:06:04.465 INFO [http-nio-8081-exec-283] org.apache.catalina.core.ApplicationContext.log Manager: list: Listing contexts for virtual host 'localhost'
14-Nov-2022 20:06:22.983 INFO [http-nio-8081-exec-285] org.apache.catalina.core.ApplicationContext.log Manager: list: Listing contexts for virtual host 'localhost'
14-Nov-2022 20:12:51.580 INFO [http-nio-8081-exec-279] org.apache.catalina.core.ApplicationContext.log Manager: list: Listing contexts for virtual host 'localhost'
14-Nov-2022 20:20:18.052 INFO [http-nio-8081-exec-287] org.apache.catalina.core.ApplicationContext.log Manager: list: Listing contexts for virtual host 'localhost'
14-Nov-2022 20:20:18.067 INFO [http-nio-8081-exec-284] org.apache.catalina.core.ApplicationContext.log Manager: stop: Stopping web application '/cuoiki1'
14-Nov-2022 20:20:18.133 INFO [http-nio-8081-exec-286] org.apache.catalina.core.ApplicationContext.log Manager: start: Starting web application '/cuoiki1'
14-Nov-2022 20:20:18.463 INFO [http-nio-8081-exec-283] org.apache.catalina.core.ApplicationContext.log Manager: list: Listing contexts for virtual host 'localhost'
14-Nov-2022 20:20:18.463 INFO [http-nio-8081-exec-285] org.apache.catalina.core.ApplicationContext.log Manager: restart: Reloading web application '/cuoiki1'
14-Nov-2022 20:20:39.093 INFO [http-nio-8081-exec-287] org.apache.catalina.core.ApplicationContext.log Manager: list: Listing contexts for virtual host 'localhost'
14-Nov-2022 20:20:39.103 INFO [http-nio-8081-exec-282] org.apache.catalina.core.ApplicationContext.log Manager: restart: Reloading web application '/cuoiki1'
14-Nov-2022 20:20:49.674 INFO [http-nio-8081-exec-281] org.apache.catalina.core.ApplicationContext.log Manager: list: Listing contexts for virtual host 'localhost'
14-Nov-2022 20:20:49.674 INFO [http-nio-8081-exec-289] org.apache.catalina.core.ApplicationContext.log Manager: restart: Reloading web application '/cuoiki1'
14-Nov-2022 20:21:01.683 INFO [http-nio-8081-exec-278] org.apache.catalina.core.ApplicationContext.log Manager: list: Listing contexts for virtual host 'localhost'
14-Nov-2022 20:21:01.703 INFO [http-nio-8081-exec-280] org.apache.catalina.core.ApplicationContext.log Manager: restart: Reloading web application '/cuoiki1'
14-Nov-2022 20:21:35.909 INFO [http-nio-8081-exec-282] org.apache.catalina.core.ApplicationContext.log Manager: list: Listing contexts for virtual host 'localhost'
14-Nov-2022 20:21:35.915 INFO [http-nio-8081-exec-288] org.apache.catalina.core.ApplicationContext.log Manager: restart: Reloading web application '/cuoiki1'
14-Nov-2022 20:21:41.605 INFO [http-nio-8081-exec-280] org.apache.catalina.core.ApplicationContext.log Manager: list: Listing contexts for virtual host 'localhost'
14-Nov-2022 20:21:41.615 INFO [http-nio-8081-exec-292] org.apache.catalina.core.ApplicationContext.log Manager: restart: Reloading web application '/cuoiki1'
14-Nov-2022 20:42:54.742 INFO [http-nio-8081-exec-296] org.apache.catalina.core.ApplicationContext.log Manager: list: Listing contexts for virtual host 'localhost'
14-Nov-2022 20:45:34.256 INFO [http-nio-8081-exec-299] org.apache.catalina.core.ApplicationContext.log Manager: list: Listing contexts for virtual host 'localhost'
14-Nov-2022 20:45:34.263 INFO [http-nio-8081-exec-302] org.apache.catalina.core.ApplicationContext.log Manager: restart: Reloading web application '/cuoiki1'
14-Nov-2022 20:48:27.469 INFO [http-nio-8081-exec-297] org.apache.catalina.core.ApplicationContext.log Manager: list: Listing contexts for virtual host 'localhost'
14-Nov-2022 20:48:27.469 INFO [http-nio-8081-exec-307] org.apache.catalina.core.ApplicationContext.log Manager: restart: Reloading web application '/cuoiki1'
14-Nov-2022 20:48:48.133 INFO [http-nio-8081-exec-304] org.apache.catalina.core.ApplicationContext.log Manager: list: Listing contexts for virtual host 'localhost'
14-Nov-2022 20:55:22.729 INFO [http-nio-8081-exec-312] org.apache.catalina.core.ApplicationContext.log Manager: list: Listing contexts for virtual host 'localhost'
14-Nov-2022 20:55:22.729 INFO [http-nio-8081-exec-311] org.apache.catalina.core.ApplicationContext.log Manager: restart: Reloading web application '/cuoiki1'
14-Nov-2022 20:56:33.406 INFO [http-nio-8081-exec-322] org.apache.catalina.core.ApplicationContext.log Manager: list: Listing contexts for virtual host 'localhost'
14-Nov-2022 20:56:33.406 INFO [http-nio-8081-exec-318] org.apache.catalina.core.ApplicationContext.log Manager: restart: Reloading web application '/cuoiki1'
14-Nov-2022 20:58:13.177 INFO [http-nio-8081-exec-330] org.apache.catalina.core.ApplicationContext.log Manager: list: Listing contexts for virtual host 'localhost'
14-Nov-2022 20:58:13.177 INFO [http-nio-8081-exec-329] org.apache.catalina.core.ApplicationContext.log Manager: restart: Reloading web application '/cuoiki1'
14-Nov-2022 21:00:00.805 INFO [http-nio-8081-exec-335] org.apache.catalina.core.ApplicationContext.log Manager: list: Listing contexts for virtual host 'localhost'
14-Nov-2022 21:00:00.822 INFO [http-nio-8081-exec-337] org.apache.catalina.core.ApplicationContext.log Manager: restart: Reloading web application '/cuoiki1'
14-Nov-2022 21:00:40.752 INFO [http-nio-8081-exec-337] org.apache.catalina.core.ApplicationContext.log Manager: list: Listing contexts for virtual host 'localhost'
14-Nov-2022 21:00:40.752 INFO [http-nio-8081-exec-327] org.apache.catalina.core.ApplicationContext.log Manager: restart: Reloading web application '/cuoiki1'
14-Nov-2022 21:01:27.593 INFO [http-nio-8081-exec-342] org.apache.catalina.core.ApplicationContext.log Manager: list: Listing contexts for virtual host 'localhost'
14-Nov-2022 21:01:27.593 INFO [http-nio-8081-exec-347] org.apache.catalina.core.ApplicationContext.log Manager: restart: Reloading web application '/cuoiki1'
14-Nov-2022 21:02:24.007 INFO [http-nio-8081-exec-355] org.apache.catalina.core.ApplicationContext.log Manager: list: Listing contexts for virtual host 'localhost'
14-Nov-2022 21:02:24.007 INFO [http-nio-8081-exec-347] org.apache.catalina.core.ApplicationContext.log Manager: restart: Reloading web application '/cuoiki1'
14-Nov-2022 21:03:07.247 INFO [http-nio-8081-exec-357] org.apache.catalina.core.ApplicationContext.log Manager: list: Listing contexts for virtual host 'localhost'
14-Nov-2022 21:03:22.276 INFO [http-nio-8081-exec-364] org.apache.catalina.core.ApplicationContext.log Manager: list: Listing contexts for virtual host 'localhost'
14-Nov-2022 21:11:50.467 INFO [http-nio-8081-exec-359] org.apache.catalina.core.ApplicationContext.log Manager: list: Listing contexts for virtual host 'localhost'
14-Nov-2022 21:12:13.238 INFO [http-nio-8081-exec-367] org.apache.catalina.core.ApplicationContext.log Manager: list: Listing contexts for virtual host 'localhost'
14-Nov-2022 21:14:30.005 INFO [http-nio-8081-exec-363] org.apache.catalina.core.ApplicationContext.log Manager: list: Listing contexts for virtual host 'localhost'
14-Nov-2022 21:15:10.768 INFO [http-nio-8081-exec-365] org.apache.catalina.core.ApplicationContext.log Manager: list: Listing contexts for virtual host 'localhost'
14-Nov-2022 21:16:20.996 INFO [http-nio-8081-exec-366] org.apache.catalina.core.ApplicationContext.log Manager: list: Listing contexts for virtual host 'localhost'
14-Nov-2022 21:16:33.440 INFO [http-nio-8081-exec-367] org.apache.catalina.core.ApplicationContext.log Manager: list: Listing contexts for virtual host 'localhost'
14-Nov-2022 21:16:33.440 INFO [http-nio-8081-exec-366] org.apache.catalina.core.ApplicationContext.log Manager: restart: Reloading web application '/cuoiki1'
14-Nov-2022 21:17:06.647 INFO [http-nio-8081-exec-359] org.apache.catalina.core.ApplicationContext.log Manager: list: Listing contexts for virtual host 'localhost'
14-Nov-2022 21:17:06.647 INFO [http-nio-8081-exec-373] org.apache.catalina.core.ApplicationContext.log Manager: restart: Reloading web application '/cuoiki1'
14-Nov-2022 21:18:59.441 INFO [http-nio-8081-exec-377] org.apache.catalina.core.ApplicationContext.log Manager: list: Listing contexts for virtual host 'localhost'
14-Nov-2022 21:19:35.819 INFO [http-nio-8081-exec-376] org.apache.catalina.core.ApplicationContext.log Manager: list: Listing contexts for virtual host 'localhost'
14-Nov-2022 21:19:35.823 INFO [http-nio-8081-exec-378] org.apache.catalina.core.ApplicationContext.log Manager: restart: Reloading web application '/cuoiki1'
14-Nov-2022 21:19:56.926 INFO [http-nio-8081-exec-377] org.apache.catalina.core.ApplicationContext.log Manager: list: Listing contexts for virtual host 'localhost'
14-Nov-2022 21:19:56.942 INFO [http-nio-8081-exec-383] org.apache.catalina.core.ApplicationContext.log Manager: restart: Reloading web application '/cuoiki1'
14-Nov-2022 21:21:15.179 INFO [http-nio-8081-exec-387] org.apache.catalina.core.ApplicationContext.log Manager: list: Listing contexts for virtual host 'localhost'
14-Nov-2022 21:21:15.179 INFO [http-nio-8081-exec-389] org.apache.catalina.core.ApplicationContext.log Manager: restart: Reloading web application '/cuoiki1'
14-Nov-2022 21:22:00.069 INFO [http-nio-8081-exec-387] org.apache.catalina.core.ApplicationContext.log Manager: list: Listing contexts for virtual host 'localhost'
14-Nov-2022 21:23:44.569 INFO [http-nio-8081-exec-395] org.apache.catalina.core.ApplicationContext.log Manager: list: Listing contexts for virtual host 'localhost'
14-Nov-2022 21:23:44.585 INFO [http-nio-8081-exec-390] org.apache.catalina.core.ApplicationContext.log Manager: restart: Reloading web application '/cuoiki1'
14-Nov-2022 21:26:13.701 INFO [http-nio-8081-exec-400] org.apache.catalina.core.ApplicationContext.log Manager: list: Listing contexts for virtual host 'localhost'
14-Nov-2022 21:26:13.701 INFO [http-nio-8081-exec-409] org.apache.catalina.core.ApplicationContext.log Manager: restart: Reloading web application '/cuoiki1'
14-Nov-2022 21:31:02.578 INFO [http-nio-8081-exec-411] org.apache.catalina.core.ApplicationContext.log Manager: list: Listing contexts for virtual host 'localhost'
14-Nov-2022 21:31:02.578 INFO [http-nio-8081-exec-414] org.apache.catalina.core.ApplicationContext.log Manager: restart: Reloading web application '/cuoiki1'
14-Nov-2022 21:31:22.461 INFO [http-nio-8081-exec-415] org.apache.catalina.core.ApplicationContext.log Manager: list: Listing contexts for virtual host 'localhost'
14-Nov-2022 21:31:22.466 INFO [http-nio-8081-exec-410] org.apache.catalina.core.ApplicationContext.log Manager: restart: Reloading web application '/cuoiki1'
14-Nov-2022 21:35:48.785 INFO [http-nio-8081-exec-424] org.apache.catalina.core.ApplicationContext.log Manager: list: Listing contexts for virtual host 'localhost'
14-Nov-2022 21:35:48.801 INFO [http-nio-8081-exec-426] org.apache.catalina.core.ApplicationContext.log Manager: restart: Reloading web application '/cuoiki1'
14-Nov-2022 21:37:36.285 INFO [http-nio-8081-exec-425] org.apache.catalina.core.ApplicationContext.log Manager: list: Listing contexts for virtual host 'localhost'
14-Nov-2022 21:37:36.290 INFO [http-nio-8081-exec-424] org.apache.catalina.core.ApplicationContext.log Manager: restart: Reloading web application '/cuoiki1'
14-Nov-2022 21:44:13.814 INFO [http-nio-8081-exec-432] org.apache.catalina.core.ApplicationContext.log Manager: list: Listing contexts for virtual host 'localhost'
14-Nov-2022 21:44:13.814 INFO [http-nio-8081-exec-433] org.apache.catalina.core.ApplicationContext.log Manager: restart: Reloading web application '/cuoiki1'
14-Nov-2022 21:44:37.438 INFO [http-nio-8081-exec-435] org.apache.catalina.core.ApplicationContext.log Manager: list: Listing contexts for virtual host 'localhost'
14-Nov-2022 21:44:37.443 INFO [http-nio-8081-exec-436] org.apache.catalina.core.ApplicationContext.log Manager: restart: Reloading web application '/cuoiki1'
14-Nov-2022 21:45:25.932 INFO [http-nio-8081-exec-432] org.apache.catalina.core.ApplicationContext.log Manager: list: Listing contexts for virtual host 'localhost'
14-Nov-2022 21:45:25.932 INFO [http-nio-8081-exec-440] org.apache.catalina.core.ApplicationContext.log Manager: restart: Reloading web application '/cuoiki1'
14-Nov-2022 21:46:48.377 INFO [http-nio-8081-exec-445] org.apache.catalina.core.ApplicationContext.log Manager: list: Listing contexts for virtual host 'localhost'
14-Nov-2022 21:52:11.172 INFO [http-nio-8081-exec-448] org.apache.catalina.core.ApplicationContext.log Manager: list: Listing contexts for virtual host 'localhost'
14-Nov-2022 21:52:11.172 INFO [http-nio-8081-exec-443] org.apache.catalina.core.ApplicationContext.log Manager: restart: Reloading web application '/cuoiki1'
14-Nov-2022 21:53:09.763 INFO [http-nio-8081-exec-445] org.apache.catalina.core.ApplicationContext.log Manager: list: Listing contexts for virtual host 'localhost'
14-Nov-2022 21:53:32.749 INFO [http-nio-8081-exec-453] org.apache.catalina.core.ApplicationContext.log Manager: list: Listing contexts for virtual host 'localhost'
14-Nov-2022 21:53:32.749 INFO [http-nio-8081-exec-455] org.apache.catalina.core.ApplicationContext.log Manager: restart: Reloading web application '/cuoiki1'
14-Nov-2022 21:53:56.580 INFO [http-nio-8081-exec-460] org.apache.catalina.core.ApplicationContext.log Manager: list: Listing contexts for virtual host 'localhost'
14-Nov-2022 21:53:56.580 INFO [http-nio-8081-exec-445] org.apache.catalina.core.ApplicationContext.log Manager: restart: Reloading web application '/cuoiki1'
14-Nov-2022 21:54:02.478 INFO [http-nio-8081-exec-453] org.apache.catalina.core.ApplicationContext.log Manager: list: Listing contexts for virtual host 'localhost'
14-Nov-2022 21:57:19.593 INFO [http-nio-8081-exec-461] org.apache.catalina.core.ApplicationContext.log Manager: list: Listing contexts for virtual host 'localhost'
14-Nov-2022 21:57:19.593 INFO [http-nio-8081-exec-465] org.apache.catalina.core.ApplicationContext.log Manager: restart: Reloading web application '/cuoiki1'
14-Nov-2022 21:57:33.160 INFO [http-nio-8081-exec-461] org.apache.catalina.core.ApplicationContext.log Manager: list: Listing contexts for virtual host 'localhost'
14-Nov-2022 21:57:33.166 INFO [http-nio-8081-exec-470] org.apache.catalina.core.ApplicationContext.log Manager: restart: Reloading web application '/cuoiki1'
14-Nov-2022 21:58:03.031 INFO [http-nio-8081-exec-470] org.apache.catalina.core.ApplicationContext.log Manager: list: Listing contexts for virtual host 'localhost'
14-Nov-2022 21:58:03.047 INFO [http-nio-8081-exec-464] org.apache.catalina.core.ApplicationContext.log Manager: restart: Reloading web application '/cuoiki1'
14-Nov-2022 22:00:05.380 INFO [http-nio-8081-exec-477] org.apache.catalina.core.ApplicationContext.log Manager: list: Listing contexts for virtual host 'localhost'
14-Nov-2022 22:00:46.360 INFO [http-nio-8081-exec-482] org.apache.catalina.core.ApplicationContext.log Manager: list: Listing contexts for virtual host 'localhost'
14-Nov-2022 22:00:46.364 INFO [http-nio-8081-exec-484] org.apache.catalina.core.ApplicationContext.log Manager: restart: Reloading web application '/cuoiki1'
14-Nov-2022 22:01:56.981 INFO [http-nio-8081-exec-476] org.apache.catalina.core.ApplicationContext.log Manager: list: Listing contexts for virtual host 'localhost'
14-Nov-2022 22:01:56.981 INFO [http-nio-8081-exec-488] org.apache.catalina.core.ApplicationContext.log Manager: restart: Reloading web application '/cuoiki1'
14-Nov-2022 22:21:37.451 INFO [http-nio-8081-exec-4] org.apache.catalina.core.ApplicationContext.log Manager: init: Associated with Deployer 'Catalina:type=Deployer,host=localhost'
14-Nov-2022 22:21:37.467 INFO [http-nio-8081-exec-4] org.apache.catalina.core.ApplicationContext.log Manager: init: Global resources are available
14-Nov-2022 22:21:37.732 INFO [http-nio-8081-exec-7] org.apache.catalina.core.ApplicationContext.log Manager: list: Listing contexts for virtual host 'localhost'
14-Nov-2022 22:21:37.732 INFO [http-nio-8081-exec-8] org.apache.catalina.core.ApplicationContext.log Manager: list: Listing contexts for virtual host 'localhost'
14-Nov-2022 22:21:37.764 INFO [http-nio-8081-exec-9] org.apache.catalina.core.ApplicationContext.log Manager: stop: Stopping web application '/cuoiki1'
14-Nov-2022 22:21:37.795 INFO [http-nio-8081-exec-3] org.apache.catalina.core.ApplicationContext.log Manager: start: Starting web application '/cuoiki1'
14-Nov-2022 22:23:19.892 INFO [http-nio-8081-exec-13] org.apache.catalina.core.ApplicationContext.log Manager: list: Listing contexts for virtual host 'localhost'
14-Nov-2022 22:23:19.899 INFO [http-nio-8081-exec-14] org.apache.catalina.core.ApplicationContext.log Manager: restart: Reloading web application '/cuoiki1'
14-Nov-2022 22:23:59.653 INFO [http-nio-8081-exec-12] org.apache.catalina.core.ApplicationContext.log Manager: list: Listing contexts for virtual host 'localhost'
14-Nov-2022 22:24:35.918 INFO [http-nio-8081-exec-29] org.apache.catalina.core.ApplicationContext.log Manager: list: Listing contexts for virtual host 'localhost'
14-Nov-2022 22:24:47.468 INFO [http-nio-8081-exec-21] org.apache.catalina.core.ApplicationContext.log Manager: list: Listing contexts for virtual host 'localhost'
14-Nov-2022 22:24:47.483 INFO [http-nio-8081-exec-24] org.apache.catalina.core.ApplicationContext.log Manager: restart: Reloading web application '/cuoiki1'
14-Nov-2022 22:25:07.574 INFO [http-nio-8081-exec-27] org.apache.catalina.core.ApplicationContext.log Manager: list: Listing contexts for virtual host 'localhost'
14-Nov-2022 22:25:07.589 INFO [http-nio-8081-exec-21] org.apache.catalina.core.ApplicationContext.log Manager: restart: Reloading web application '/cuoiki1'
14-Nov-2022 22:26:26.673 INFO [http-nio-8081-exec-31] org.apache.catalina.core.ApplicationContext.log Manager: list: Listing contexts for virtual host 'localhost'
14-Nov-2022 22:26:26.688 INFO [http-nio-8081-exec-26] org.apache.catalina.core.ApplicationContext.log Manager: restart: Reloading web application '/cuoiki1'
14-Nov-2022 22:26:33.629 INFO [http-nio-8081-exec-27] org.apache.catalina.core.ApplicationContext.log Manager: list: Listing contexts for virtual host 'localhost'
14-Nov-2022 22:26:33.638 INFO [http-nio-8081-exec-24] org.apache.catalina.core.ApplicationContext.log Manager: restart: Reloading web application '/cuoiki1'
14-Nov-2022 22:27:09.210 INFO [http-nio-8081-exec-31] org.apache.catalina.core.ApplicationContext.log Manager: list: Listing contexts for virtual host 'localhost'
14-Nov-2022 22:27:09.219 INFO [http-nio-8081-exec-27] org.apache.catalina.core.ApplicationContext.log Manager: restart: Reloading web application '/cuoiki1'
14-Nov-2022 22:27:19.389 INFO [http-nio-8081-exec-29] org.apache.catalina.core.ApplicationContext.log Manager: list: Listing contexts for virtual host 'localhost'
14-Nov-2022 22:28:38.346 INFO [http-nio-8081-exec-37] org.apache.catalina.core.ApplicationContext.log Manager: list: Listing contexts for virtual host 'localhost'
14-Nov-2022 22:28:38.346 INFO [http-nio-8081-exec-31] org.apache.catalina.core.ApplicationContext.log Manager: restart: Reloading web application '/cuoiki1'
14-Nov-2022 22:28:53.051 INFO [http-nio-8081-exec-28] org.apache.catalina.core.ApplicationContext.log Manager: list: Listing contexts for virtual host 'localhost'
14-Nov-2022 22:28:53.075 INFO [http-nio-8081-exec-36] org.apache.catalina.core.ApplicationContext.log Manager: restart: Reloading web application '/cuoiki1'
14-Nov-2022 22:30:28.948 INFO [http-nio-8081-exec-47] org.apache.catalina.core.ApplicationContext.log Manager: list: Listing contexts for virtual host 'localhost'
14-Nov-2022 22:35:26.818 INFO [http-nio-8081-exec-47] org.apache.catalina.core.ApplicationContext.log Manager: list: Listing contexts for virtual host 'localhost'
14-Nov-2022 22:36:26.197 INFO [http-nio-8081-exec-45] org.apache.catalina.core.ApplicationContext.log Manager: list: Listing contexts for virtual host 'localhost'
14-Nov-2022 22:36:48.154 INFO [http-nio-8081-exec-43] org.apache.catalina.core.ApplicationContext.log Manager: list: Listing contexts for virtual host 'localhost'
14-Nov-2022 22:36:58.914 INFO [http-nio-8081-exec-46] org.apache.catalina.core.ApplicationContext.log Manager: list: Listing contexts for virtual host 'localhost'
14-Nov-2022 22:37:24.367 INFO [http-nio-8081-exec-41] org.apache.catalina.core.ApplicationContext.log Manager: list: Listing contexts for virtual host 'localhost'
14-Nov-2022 22:37:47.431 INFO [http-nio-8081-exec-46] org.apache.catalina.core.ApplicationContext.log Manager: list: Listing contexts for virtual host 'localhost'
14-Nov-2022 22:37:55.107 INFO [http-nio-8081-exec-45] org.apache.catalina.core.ApplicationContext.log Manager: list: Listing contexts for virtual host 'localhost'
14-Nov-2022 22:38:08.869 INFO [http-nio-8081-exec-44] org.apache.catalina.core.ApplicationContext.log Manager: list: Listing contexts for virtual host 'localhost'
14-Nov-2022 22:38:30.504 INFO [http-nio-8081-exec-49] org.apache.catalina.core.ApplicationContext.log Manager: list: Listing contexts for virtual host 'localhost'
14-Nov-2022 22:38:56.461 INFO [http-nio-8081-exec-47] org.apache.catalina.core.ApplicationContext.log Manager: list: Listing contexts for virtual host 'localhost'
14-Nov-2022 22:39:04.330 INFO [http-nio-8081-exec-42] org.apache.catalina.core.ApplicationContext.log Manager: list: Listing contexts for virtual host 'localhost'
14-Nov-2022 22:39:49.187 INFO [http-nio-8081-exec-48] org.apache.catalina.core.ApplicationContext.log Manager: list: Listing contexts for virtual host 'localhost'
14-Nov-2022 22:40:03.922 INFO [http-nio-8081-exec-44] org.apache.catalina.core.ApplicationContext.log Manager: list: Listing contexts for virtual host 'localhost'
14-Nov-2022 22:40:30.053 INFO [http-nio-8081-exec-49] org.apache.catalina.core.ApplicationContext.log Manager: list: Listing contexts for virtual host 'localhost'
14-Nov-2022 22:42:41.180 INFO [http-nio-8081-exec-48] org.apache.catalina.core.ApplicationContext.log Manager: list: Listing contexts for virtual host 'localhost'
14-Nov-2022 22:42:41.180 INFO [http-nio-8081-exec-43] org.apache.catalina.core.ApplicationContext.log Manager: restart: Reloading web application '/cuoiki1'
14-Nov-2022 22:43:36.730 INFO [http-nio-8081-exec-50] org.apache.catalina.core.ApplicationContext.log Manager: list: Listing contexts for virtual host 'localhost'
14-Nov-2022 22:43:36.737 INFO [http-nio-8081-exec-53] org.apache.catalina.core.ApplicationContext.log Manager: restart: Reloading web application '/cuoiki1'
14-Nov-2022 22:44:48.002 INFO [http-nio-8081-exec-56] org.apache.catalina.core.ApplicationContext.log Manager: list: Listing contexts for virtual host 'localhost'
14-Nov-2022 22:44:48.008 INFO [http-nio-8081-exec-57] org.apache.catalina.core.ApplicationContext.log Manager: restart: Reloading web application '/cuoiki1'
